iter	A(1)	B(1)	C(1)	LnPrior	LnData	LnPosterior
0	0.0347401	0.0113384	0.00790641	7.366569e+00	-8.729465e+01	-7.992808e+01
1	0.0347401	0.0113384	0.0207121	7.366569e+00	-8.724905e+01	-7.988248e+01
2	0.085851	0.0119744	0.0365894	7.354047e+00	-5.976258e+01	-5.240854e+01
3	0.085851	0.0128016	0.0316909	7.330568e+00	-5.976695e+01	-5.243638e+01
4	0.106382	0.00560488	0.0319858	7.262413e+00	-5.829534e+01	-5.103293e+01
5	0.103179	0.00560488	0.0783248	7.262413e+00	-5.831951e+01	-5.105709e+01
6	0.103179	0.00560488	0.0657668	7.262413e+00	-5.832332e+01	-5.106091e+01
7	0.082538	0.00560488	0.0870303	7.262413e+00	-6.031738e+01	-5.305497e+01
8	0.103738	0.0126719	0.071436	7.334786e+00	-5.827225e+01	-5.093746e+01
9	0.103738	0.000595389	0.0650072	6.851573e+00	-5.833738e+01	-5.148580e+01
10	0.103738	0.0100104	0.0678442	7.377215e+00	-5.828836e+01	-5.091114e+01
11	0.103738	0.0124097	0.0676475	7.342706e+00	-5.827617e+01	-5.093346e+01
12	0.103738	0.0179047	0.073693	7.005872e+00	-5.824259e+01	-5.123672e+01
13	0.103738	0.0166994	0.0495346	7.110483e+00	-5.827319e+01	-5.116271e+01
14	0.103738	0.0166994	0.0432233	7.110483e+00	-5.828071e+01	-5.117023e+01
15	0.0919615	0.0213926	0.0734454	6.605862e+00	-5.886697e+01	-5.226111e+01
16	0.0919615	0.0207304	0.0535415	6.692925e+00	-5.891215e+01	-5.221923e+01
17	0.0919615	0.0207304	0.0493359	6.692925e+00	-5.892148e+01	-5.222856e+01
18	0.0919615	0.000975391	0.04332	6.893193e+00	-5.904106e+01	-5.214787e+01
19	0.0919615	0.00902861	0.0554564	7.371607e+00	-5.898577e+01	-5.161416e+01
20	0.0919615	0.00999384	0.0998363	7.377215e+00	-5.894288e+01	-5.156567e+01
21	0.114105	0.00999384	0.058767	7.377215e+00	-5.842696e+01	-5.104975e+01
22	0.114105	0.00999384	0.0392002	7.377215e+00	-5.843370e+01	-5.105649e+01
23	0.103992	0.00999384	0.0654706	7.377215e+00	-5.828545e+01	-5.090824e+01
24	0.103992	0.00846182	0.0793181	7.363154e+00	-5.828711e+01	-5.092395e+01
25	0.0876279	0.000362863	0.0872436	6.825259e+00	-5.956346e+01	-5.273821e+01
26	0.106249	0.00441679	0.0820058	7.191958e+00	-5.828641e+01	-5.109445e+01
27	0.106249	0.00364945	0.0654385	7.137536e+00	-5.829300e+01	-5.115547e+01
28	0.106249	0.00364945	0.0698452	7.137536e+00	-5.829222e+01	-5.115469e+01
29	0.106249	0.00364945	0.0718616	7.137536e+00	-5.829189e+01	-5.115435e+01
30	0.106249	0.00364945	0.068244	7.137536e+00	-5.829250e+01	-5.115496e+01
31	0.106249	0.0377067	0.0844885	2.814980e+00	-5.811888e+01	-5.530390e+01
32	0.0919738	0.0377067	0.070478	2.814980e+00	-5.874174e+01	-5.592676e+01
33	0.1025	0.0377067	0.0584375	2.814980e+00	-5.818965e+01	-5.537467e+01
34	0.1025	0.0389831	0.0436985	2.384932e+00	-5.822387e+01	-5.583894e+01
35	0.1025	0.0389831	0.0749336	2.384932e+00	-5.814729e+01	-5.576235e+01
36	0.1025	0.0389831	0.0972523	2.384932e+00	-5.811522e+01	-5.573029e+01
37	0.1025	0.0389831	0.0873902	2.384932e+00	-5.812675e+01	-5.574181e+01
38	0.1025	0.0389831	0.0490592	2.384932e+00	-5.820853e+01	-5.582360e+01
39	0.1025	0.0389831	0.0428669	2.384932e+00	-5.822632e+01	-5.584139e+01
40	0.103208	0.0184253	0.0647401	6.955343e+00	-5.825792e+01	-5.130258e+01
41	0.11909	0.00539805	0.0705057	7.251354e+00	-5.870743e+01	-5.145608e+01
42	0.11909	0.00539805	0.0572055	7.251354e+00	-5.870803e+01	-5.145668e+01
43	0.11909	0.00267996	0.0500928	7.058770e+00	-5.871224e+01	-5.165347e+01
44	0.11909	0.00763391	0.0548579	7.343944e+00	-5.870510e+01	-5.136115e+01
45	0.11909	0.0103283	0.0460137	7.376575e+00	-5.870289e+01	-5.132631e+01
46	0.11909	0.0103283	0.0461741	7.376575e+00	-5.870286e+01	-5.132628e+01
47	0.11909	0.0103283	0.0476337	7.376575e+00	-5.870258e+01	-5.132601e+01
48	0.11909	0.0212187	0.0425348	6.629232e+00	-5.869121e+01	-5.206198e+01
49	0.11909	0.0212187	0.0556821	6.629232e+00	-5.868686e+01	-5.205763e+01
50	0.11909	0.0212187	0.0388192	6.629232e+00	-5.869281e+01	-5.206358e+01
51	0.11909	0.0212187	0.0269841	6.629232e+00	-5.869880e+01	-5.206957e+01
52	0.11909	0.0212187	0.0257694	6.629232e+00	-5.869948e+01	-5.207025e+01
53	0.11909	0.0212187	0.0558546	6.629232e+00	-5.868682e+01	-5.205759e+01
54	0.11909	0.0212187	0.0611938	6.629232e+00	-5.868572e+01	-5.205649e+01
55	0.118668	0.0212187	0.0533521	6.629232e+00	-5.865851e+01	-5.202928e+01
56	0.118668	0.0212187	0.0357807	6.629232e+00	-5.866582e+01	-5.203659e+01
57	0.118668	0.00547275	0.066452	7.255407e+00	-5.867966e+01	-5.142425e+01
58	0.118668	0.00547275	0.0728604	7.255407e+00	-5.867946e+01	-5.142405e+01
59	0.0955511	0.00547275	0.0775673	7.255407e+00	-5.868355e+01	-5.142814e+01
60	0.0955511	0.00547275	0.0805263	7.255407e+00	-5.868239e+01	-5.142699e+01
61	0.0955511	0.00547275	0.0556873	7.255407e+00	-5.869354e+01	-5.143813e+01
62	0.10092	0.00547275	0.046105	7.255407e+00	-5.839913e+01	-5.114373e+01
63	0.10092	0.00547275	0.0183741	7.255407e+00	-5.841274e+01	-5.115733e+01
64	0.10092	0.00547275	0.00500168	7.255407e+00	-5.841981e+01	-5.116440e+01
65	0.10092	0.00547275	0.0339933	7.255407e+00	-5.840483e+01	-5.114942e+01
66	0.10092	0.00547275	0.0437416	7.255407e+00	-5.840021e+01	-5.114480e+01
67	0.0999009	0.00547275	0.0463074	7.255407e+00	-5.844064e+01	-5.118523e+01
68	0.0999009	0.00547275	0.0554196	7.255407e+00	-5.843653e+01	-5.118112e+01
69	0.114126	0.00547275	0.0633313	7.255407e+00	-5.843835e+01	-5.118294e+01
70	0.0929887	0.00547275	0.0395122	7.255407e+00	-5.891858e+01	-5.166317e+01
71	0.117162	0.0136595	0.0215028	7.297627e+00	-5.858760e+01	-5.128997e+01
72	0.117162	0.00700075	0.0236463	7.323755e+00	-5.859245e+01	-5.126869e+01
73	0.117162	0.00700075	0.00663637	7.323755e+00	-5.859689e+01	-5.127314e+01
74	0.117162	0.00700075	0.0355794	7.323755e+00	-5.858966e+01	-5.126591e+01
75	0.117162	0.00700075	0.0642258	7.323755e+00	-5.858496e+01	-5.126121e+01
76	0.104811	0.0119899	0.0706271	7.353683e+00	-5.826156e+01	-5.090787e+01
77	0.104811	0.0119899	0.0437854	7.353683e+00	-5.828095e+01	-5.092727e+01
78	0.104811	0.0119899	0.0315591	7.353683e+00	-5.829168e+01	-5.093800e+01
79	0.104811	0.0119899	0.0278133	7.353683e+00	-5.829514e+01	-5.094146e+01
80	0.0783763	0.0119899	0.00675589	7.353683e+00	-6.122407e+01	-5.387039e+01
81	0.0783763	0.0289475	0.0210467	5.243621e+00	-6.113222e+01	-5.588860e+01
82	0.0892334	0.0289475	0.0632734	5.243621e+00	-5.912448e+01	-5.388086e+01
83	0.10181	0.0287531	0.0613139	5.287174e+00	-5.824284e+01	-5.295566e+01
84	0.10181	0.0287531	0.0660373	5.287174e+00	-5.823426e+01	-5.294709e+01
85	0.1158	0.0287531	0.0497525	5.287174e+00	-5.847387e+01	-5.318669e+01
86	0.1158	0.0287531	0.0372875	5.287174e+00	-5.848449e+01	-5.319732e+01
87	0.1158	0.0287531	0.0218321	5.287174e+00	-5.850073e+01	-5.321356e+01
88	0.1158	0.0287531	0.0210267	5.287174e+00	-5.850166e+01	-5.321448e+01
89	0.1158	0.0287531	0.062372	5.287174e+00	-5.846601e+01	-5.317883e+01
90	0.101977	0.0287531	0.0609542	5.287174e+00	-5.823920e+01	-5.295203e+01
91	0.116709	0.0287531	0.0690257	5.287174e+00	-5.851629e+01	-5.322911e+01
92	0.116709	0.0287531	0.0672028	5.287174e+00	-5.851679e+01	-5.322962e+01
93	0.124955	0.0131693	0.0990454	7.317522e+00	-5.919394e+01	-5.187642e+01
94	0.11687	0.0120443	0.0621625	7.352378e+00	-5.855887e+01	-5.120649e+01
95	0.118355	0.0120443	0.0782195	7.352378e+00	-5.864828e+01	-5.129590e+01
96	0.118355	0.0120443	0.0811025	7.352378e+00	-5.864836e+01	-5.129599e+01
97	0.118355	0.0120443	0.0687243	7.352378e+00	-5.864858e+01	-5.129620e+01
98	0.118355	0.0120443	0.0340367	7.352378e+00	-5.865593e+01	-5.130355e+01
99	0.118355	0.0120443	0.0145749	7.352378e+00	-5.866304e+01	-5.131066e+01
100	0.118355	0.00943714	0.0248093	7.375332e+00	-5.866124e+01	-5.128591e+01
101	0.121652	0.00751991	0.0530504	7.340660e+00	-5.889331e+01	-5.155265e+01
102	0.0861918	0.00720243	0.0493529	7.330703e+00	-5.972425e+01	-5.239354e+01
103	0.0861918	0.00994594	0.0865703	7.377198e+00	-5.966406e+01	-5.228686e+01
104	0.126011	0.000314698	0.0848599	6.819728e+00	-5.928498e+01	-5.246525e+01
105	0.126011	0.000314698	0.0904544	6.819728e+00	-5.928503e+01	-5.246531e+01
106	0.126011	0.00767766	0.084428	7.345163e+00	-5.928911e+01	-5.194395e+01
107	0.126011	0.00767766	0.0972073	7.345163e+00	-5.929257e+01	-5.194740e+01
108	0.126011	0.0122226	0.0997692	7.347856e+00	-5.929916e+01	-5.195130e+01
109	0.126011	0.0122226	0.0947994	7.347856e+00	-5.929664e+01	-5.194878e+01
110	0.126011	0.0101983	0.0874372	7.376982e+00	-5.929174e+01	-5.191476e+01
111	0.126011	0.00517083	0.0994647	7.238618e+00	-5.929036e+01	-5.205174e+01
112	0.126011	0.0152659	0.0935641	7.212417e+00	-5.929938e+01	-5.208696e+01
113	0.129673	0.0229213	0.0665172	6.384970e+00	-5.970043e+01	-5.331546e+01
114	0.129673	0.0138124	0.0601848	7.290839e+00	-5.968681e+01	-5.239597e+01
115	0.123734	0.0148263	0.052102	7.238783e+00	-5.906597e+01	-5.182719e+01
116	0.123734	0.0280445	0.076628	5.442134e+00	-5.906934e+01	-5.362721e+01
117	0.123734	0.0280445	0.0756191	5.442134e+00	-5.906877e+01	-5.362664e+01
118	0.123734	0.033581	0.0528312	4.072505e+00	-5.905986e+01	-5.498736e+01
119	0.123734	0.035456	0.0524787	3.526068e+00	-5.905934e+01	-5.553327e+01
120	0.123734	0.0105294	0.0662842	7.375550e+00	-5.906858e+01	-5.169303e+01
121	0.123734	0.0105294	0.0553724	7.375550e+00	-5.906785e+01	-5.169230e+01
122	0.123734	0.0107325	0.03813	7.374026e+00	-5.906806e+01	-5.169404e+01
123	0.110711	0.0107325	0.0492143	7.374026e+00	-5.831755e+01	-5.094353e+01
124	0.110711	0.0139478	0.0562378	7.284593e+00	-5.830442e+01	-5.101982e+01
125	0.0962621	0.0139478	0.0418613	7.284593e+00	-5.861092e+01	-5.132632e+01
126	0.0910361	0.0167397	0.0351567	7.107258e+00	-5.906903e+01	-5.196177e+01
127	0.0910361	0.0167397	0.0422006	7.107258e+00	-5.905493e+01	-5.194767e+01
128	0.0910361	0.0167397	0.0683403	7.107258e+00	-5.900814e+01	-5.190088e+01
129	0.0910361	0.0167397	0.0482377	7.107258e+00	-5.904329e+01	-5.193603e+01
130	0.0910361	0.0167397	0.0583928	7.107258e+00	-5.902477e+01	-5.191751e+01
131	0.0910361	0.0167397	0.0503728	7.107258e+00	-5.903928e+01	-5.193202e+01
132	0.0910361	0.025581	0.0347878	5.934434e+00	-5.903043e+01	-5.309600e+01
133	0.0910361	0.0247361	0.0347878	6.086666e+00	-5.903418e+01	-5.294752e+01
134	0.128255	0.0301191	0.0367367	4.971604e+00	-5.952345e+01	-5.455184e+01
135	0.128255	0.0260417	0.0405109	5.847863e+00	-5.952355e+01	-5.367569e+01
136	0.128255	0.0214715	0.0453135	6.595141e+00	-5.952355e+01	-5.292841e+01
137	0.128255	0.00221523	0.0381188	7.017051e+00	-5.951703e+01	-5.249998e+01
138	0.128255	0.0134356	0.054264	7.307069e+00	-5.952261e+01	-5.221554e+01
139	0.12002	0.00559456	0.0477624	7.261873e+00	-5.877261e+01	-5.151073e+01
140	0.12002	0.0119103	0.076596	7.355529e+00	-5.876387e+01	-5.140835e+01
141	0.12002	0.00883639	0.0571438	7.369168e+00	-5.876800e+01	-5.139883e+01
142	0.12002	0.0182198	0.0727497	6.975673e+00	-5.875639e+01	-5.178071e+01
143	0.12002	0.0182198	0.0992622	6.975673e+00	-5.876338e+01	-5.178771e+01
144	0.130494	0.0182198	0.0946788	6.975673e+00	-5.981635e+01	-5.284067e+01
145	0.130494	0.0182198	0.0789499	6.975673e+00	-5.980239e+01	-5.282671e+01
146	0.130494	0.0182198	0.0983603	6.975673e+00	-5.982011e+01	-5.284443e+01
147	0.130494	0.0174541	0.0806772	7.046995e+00	-5.980222e+01	-5.275522e+01
148	0.112918	0.0198516	0.0646335	6.800421e+00	-5.835114e+01	-5.155072e+01
149	0.112918	0.0198516	0.0514039	6.800421e+00	-5.835939e+01	-5.155897e+01
150	0.112918	0.0198516	0.0652616	6.800421e+00	-5.835081e+01	-5.155039e+01
151	0.112918	0.014538	0.0427409	7.254825e+00	-5.837719e+01	-5.112237e+01
152	0.103802	0.00747087	0.055572	7.339201e+00	-5.830588e+01	-5.096668e+01
153	0.103802	0.00747087	0.0467731	7.339201e+00	-5.831041e+01	-5.097121e+01
154	0.103802	0.00747087	0.0165742	7.339201e+00	-5.832837e+01	-5.098917e+01
155	0.103802	0.0115836	0.0388543	7.362312e+00	-5.830150e+01	-5.093919e+01
156	0.103802	0.0115836	0.0527482	7.362312e+00	-5.828992e+01	-5.092760e+01
157	0.103802	0.0115836	0.0512146	7.362312e+00	-5.829112e+01	-5.092881e+01
158	0.103802	0.011337	0.0785718	7.366592e+00	-5.827431e+01	-5.090772e+01
159	0.103802	0.00427813	0.0848858	7.182642e+00	-5.831331e+01	-5.113066e+01
160	0.103802	0.0126671	0.0852247	7.334941e+00	-5.826332e+01	-5.092838e+01
161	0.103802	0.0254182	0.092852	5.964430e+00	-5.818329e+01	-5.221886e+01
162	0.103802	0.0254182	0.084973	5.964430e+00	-5.818971e+01	-5.222528e+01
163	0.103802	0.0254182	0.0844463	5.964430e+00	-5.819020e+01	-5.222577e+01
164	0.12958	0.0254182	0.0356106	5.964430e+00	-5.967366e+01	-5.370923e+01
165	0.118098	0.0254182	0.0447723	5.964430e+00	-5.861882e+01	-5.265439e+01
166	0.104637	0.0254182	0.0489641	5.964430e+00	-5.822811e+01	-5.226368e+01
167	0.142061	0.0254182	0.0623162	5.964430e+00	-6.150547e+01	-5.554104e+01
168	0.142061	0.0391892	0.075917	2.313707e+00	-6.160619e+01	-5.929248e+01
169	0.142061	0.0391892	0.0533815	2.313707e+00	-6.153654e+01	-5.922283e+01
170	0.142061	0.0187119	0.0501432	6.926160e+00	-6.146232e+01	-5.453616e+01
171	0.142061	0.0187119	0.0535412	6.926160e+00	-6.146668e+01	-5.454052e+01
172	0.135994	0.0187119	0.022776	6.926160e+00	-6.049564e+01	-5.356948e+01
173	0.130741	0.0187119	0.0229319	6.926160e+00	-5.980485e+01	-5.287869e+01
174	0.1415	0.0154484	0.0484122	7.200798e+00	-6.135743e+01	-5.415664e+01
175	0.1415	0.00474171	0.0802548	7.212893e+00	-6.133806e+01	-5.412517e+01
176	0.11636	0.00474171	0.0863489	7.212893e+00	-5.854433e+01	-5.133144e+01
177	0.121213	0.0237552	0.0688362	6.252762e+00	-5.884444e+01	-5.259168e+01
178	0.094047	0.0247037	0.0784093	6.092331e+00	-5.864550e+01	-5.255317e+01
179	0.094047	0.0247037	0.0756705	6.092331e+00	-5.865059e+01	-5.255826e+01
180	0.094047	0.0247037	0.0643497	6.092331e+00	-5.867373e+01	-5.258140e+01
181	0.094047	0.0247037	0.0682308	6.092331e+00	-5.866544e+01	-5.257311e+01
182	0.0963317	0.0247037	0.0782392	6.092331e+00	-5.848182e+01	-5.238949e+01
183	0.10375	0.0135746	0.0992401	7.301275e+00	-5.825301e+01	-5.095174e+01
184	0.10375	0.0243812	0.0741565	6.148079e+00	-5.820743e+01	-5.205935e+01
185	0.114674	0.0243812	0.0791623	6.148079e+00	-5.841083e+01	-5.226275e+01
186	0.095552	0.00806119	0.0795092	7.354875e+00	-5.866208e+01	-5.130720e+01
187	0.103616	0.00806119	0.0879861	7.354875e+00	-5.829309e+01	-5.093821e+01
188	0.10007	0.0169638	0.0827318	7.089014e+00	-5.834026e+01	-5.125124e+01
189	0.10007	0.019824	0.0444623	6.803642e+00	-5.837354e+01	-5.156989e+01
190	0.10007	0.019824	0.0704278	6.803642e+00	-5.833493e+01	-5.153129e+01
191	0.113503	0.019824	0.0828969	6.803642e+00	-5.836832e+01	-5.156467e+01
192	0.113503	0.019824	0.0814457	6.803642e+00	-5.836859e+01	-5.156495e+01
193	0.132474	0.019824	0.0712293	6.803642e+00	-6.005145e+01	-5.324781e+01
194	0.132474	0.00137612	0.0576965	6.935224e+00	-6.001364e+01	-5.307842e+01
195	0.123799	0.00137612	0.082857	6.935224e+00	-5.907828e+01	-5.214305e+01
196	0.123799	0.000923091	0.0789777	6.887567e+00	-5.907830e+01	-5.219073e+01
197	0.099095	0.00860366	0.0638774	7.365628e+00	-5.845188e+01	-5.108625e+01
198	0.099095	0.00860366	0.0634869	7.365628e+00	-5.845213e+01	-5.108650e+01
199	0.122124	0.00860366	0.0452596	7.365628e+00	-5.893096e+01	-5.156534e+01
200	0.139482	0.0126198	0.0787741	7.336426e+00	-6.105032e+01	-5.371389e+01
201	0.114901	0.0126198	0.0523104	7.336426e+00	-5.845835e+01	-5.112193e+01
202	0.110738	0.0126198	0.060795	7.336426e+00	-5.830684e+01	-5.097041e+01
203	0.104264	0.0126198	0.0800317	7.336426e+00	-5.825944e+01	-5.092302e+01
204	0.119655	0.0126198	0.0904713	7.336426e+00	-5.873828e+01	-5.140185e+01
205	0.119655	0.00600752	0.0926047	7.282484e+00	-5.874618e+01	-5.146369e+01
206	0.119655	0.00600752	0.0927415	7.282484e+00	-5.874619e+01	-5.146371e+01
207	0.119655	0.00600752	0.0939021	7.282484e+00	-5.874631e+01	-5.146383e+01
208	0.114535	0.00661624	0.0900631	7.309168e+00	-5.845050e+01	-5.114133e+01
209	0.110307	0.0195135	0.0950502	6.839332e+00	-5.825861e+01	-5.141928e+01
210	0.112629	0.0152314	0.0705433	7.214572e+00	-5.835128e+01	-5.113671e+01
211	0.112623	0.0118288	0.080613	7.357338e+00	-5.835913e+01	-5.100179e+01
212	0.10088	0.0118288	0.0812132	7.357338e+00	-5.834551e+01	-5.098817e+01
213	0.0986172	0.0118288	0.0802552	7.357338e+00	-5.844326e+01	-5.108592e+01
214	0.0986172	0.0118288	0.0532697	7.357338e+00	-5.846643e+01	-5.110909e+01
215	0.110738	0.0118288	0.00897854	7.357338e+00	-5.834158e+01	-5.098424e+01
216	0.115605	0.0118288	0.0265229	7.357338e+00	-5.850440e+01	-5.114706e+01
217	0.106443	0.0118288	0.0453246	7.357338e+00	-5.826963e+01	-5.091229e+01
218	0.125476	0.0265683	0.0387245	5.745794e+00	-5.922865e+01	-5.348285e+01
219	0.125476	0.0112403	0.0257366	7.368072e+00	-5.923095e+01	-5.186287e+01
220	0.144001	0.0112403	0.0418734	7.368072e+00	-6.176180e+01	-5.439373e+01
221	0.110815	0.0220904	0.0539084	6.508478e+00	-5.828467e+01	-5.177620e+01
222	0.0983536	0.0220904	0.0792739	6.508478e+00	-5.838491e+01	-5.187643e+01
223	0.0983536	0.00683263	0.0814503	7.317593e+00	-5.849250e+01	-5.117490e+01
224	0.0983536	0.00683263	0.0912699	7.317593e+00	-5.848885e+01	-5.117126e+01
225	0.0926697	0.00683263	0.0669356	7.317593e+00	-5.892287e+01	-5.160527e+01
226	0.0926697	0.00683263	0.071242	7.317593e+00	-5.892021e+01	-5.160262e+01
227	0.133207	0.00683263	0.0652688	7.317593e+00	-6.011792e+01	-5.280033e+01
228	0.133207	0.00683263	0.0870493	7.317593e+00	-6.012507e+01	-5.280748e+01
229	0.0973342	0.00683263	0.0789658	7.317593e+00	-5.855206e+01	-5.123447e+01
230	0.0973342	0.00683263	0.0840035	7.317593e+00	-5.854990e+01	-5.123231e+01
231	0.11253	0.0209908	0.0519518	6.659305e+00	-5.834214e+01	-5.168283e+01
232	0.11253	0.0209908	0.0110878	6.659305e+00	-5.838281e+01	-5.172350e+01
233	0.105088	0.00075272	0.00224316	6.869013e+00	-5.831881e+01	-5.144980e+01
234	0.111861	0.00075272	0.0137386	6.869013e+00	-5.837528e+01	-5.150627e+01
235	0.111861	0.00075272	0.0206464	6.869013e+00	-5.837499e+01	-5.150598e+01
236	0.102688	0.00075272	0.00191524	6.869013e+00	-5.836488e+01	-5.149587e+01
237	0.114211	0.00075272	0.00864868	6.869013e+00	-5.845592e+01	-5.158691e+01
238	0.114211	0.00075272	0.0175899	6.869013e+00	-5.845559e+01	-5.158658e+01
239	0.115239	0.00075272	0.0240044	6.869013e+00	-5.849992e+01	-5.163091e+01
240	0.103222	0.00075272	0.0503794	6.869013e+00	-5.834844e+01	-5.147943e+01
241	0.103222	0.00075272	0.0327232	6.869013e+00	-5.834947e+01	-5.148046e+01
242	0.103222	0.00075272	0.00477515	6.869013e+00	-5.835130e+01	-5.148228e+01
243	0.125419	0.0192799	0.00174656	6.865423e+00	-5.922715e+01	-5.236173e+01
244	0.090794	0.0127343	0.0175812	7.332782e+00	-5.914205e+01	-5.180926e+01
245	0.0945965	0.0127343	0.0222022	7.332782e+00	-5.876870e+01	-5.143592e+01
246	0.136106	0.0127343	0.0292201	7.332782e+00	-6.050989e+01	-5.317711e+01
247	0.113512	0.0127343	0.037791	7.332782e+00	-5.840569e+01	-5.107291e+01
248	0.113512	0.0127343	0.0410285	7.332782e+00	-5.840397e+01	-5.107119e+01
249	0.113512	0.0127343	0.0258405	7.332782e+00	-5.841257e+01	-5.107978e+01
250	0.113512	0.0127343	0.0402669	7.332782e+00	-5.840437e+01	-5.107159e+01
251	0.113512	0.00120555	0.0574409	6.917567e+00	-5.842608e+01	-5.150852e+01
252	0.113512	0.00120555	0.0478245	6.917567e+00	-5.842650e+01	-5.150893e+01
253	0.113512	0.0104016	0.0419407	7.376257e+00	-5.840816e+01	-5.103191e+01
254	0.118492	0.00219317	0.0256595	7.015008e+00	-5.867569e+01	-5.166068e+01
255	0.0992346	0.00219317	0.0265441	7.015008e+00	-5.849060e+01	-5.147559e+01
256	0.0992346	0.00219317	0.0425685	7.015008e+00	-5.848726e+01	-5.147226e+01
257	0.0933463	0.00219317	0.0314472	7.015008e+00	-5.890303e+01	-5.188802e+01
258	0.119289	0.00219317	0.0543074	7.015008e+00	-5.872600e+01	-5.171099e+01
259	0.119289	0.00578281	0.0727741	7.271520e+00	-5.872027e+01	-5.144875e+01
260	0.119289	0.00578281	0.0566738	7.271520e+00	-5.872092e+01	-5.144940e+01
261	0.116691	0.0258072	0.0885011	5.892249e+00	-5.852006e+01	-5.262781e+01
262	0.121423	0.0258072	0.0639149	5.892249e+00	-5.885971e+01	-5.296746e+01
263	0.0944936	0.0258072	0.0681269	5.892249e+00	-5.862227e+01	-5.273002e+01
264	0.106214	0.0258072	0.0588935	5.892249e+00	-5.820402e+01	-5.231178e+01
265	0.106214	0.0258072	0.0878192	5.892249e+00	-5.817419e+01	-5.228194e+01
266	0.106214	0.0258072	0.069244	5.892249e+00	-5.819106e+01	-5.229881e+01
267	0.106214	0.0258072	0.069244	5.892249e+00	-5.819106e+01	-5.229881e+01
268	0.106214	0.0258072	0.0878079	5.892249e+00	-5.817420e+01	-5.228195e+01
269	0.106214	0.0258072	0.0830669	5.892249e+00	-5.817766e+01	-5.228541e+01
270	0.106214	0.0142894	0.0906788	7.267871e+00	-5.823222e+01	-5.096435e+01
271	0.131361	0.0142894	0.0951331	7.267871e+00	-5.991408e+01	-5.264621e+01
272	0.131361	0.0142894	0.0768965	7.267871e+00	-5.990102e+01	-5.263315e+01
273	0.131361	0.0142894	0.0858098	7.267871e+00	-5.990698e+01	-5.263911e+01
274	0.131361	0.0142894	0.0857905	7.267871e+00	-5.990696e+01	-5.263909e+01
275	0.131361	0.0147426	0.0852123	7.243541e+00	-5.990766e+01	-5.266412e+01
276	0.131361	0.00614105	0.0637526	7.288715e+00	-5.988202e+01	-5.259331e+01
277	0.131361	0.0142183	0.0839411	7.271464e+00	-5.990549e+01	-5.263403e+01
278	0.118437	0.0142183	0.0724447	7.271464e+00	-5.865025e+01	-5.137879e+01
279	0.118437	0.0142183	0.0887777	7.271464e+00	-5.865117e+01	-5.137970e+01
280	0.118437	0.0140583	0.0870957	7.279336e+00	-5.865116e+01	-5.137182e+01
281	0.092808	0.0140583	0.0788434	7.279336e+00	-5.884049e+01	-5.156116e+01
282	0.112403	0.0140583	0.0941925	7.279336e+00	-5.834239e+01	-5.106306e+01
283	0.12057	0.0140583	0.0987129	7.279336e+00	-5.880805e+01	-5.152871e+01
284	0.12057	0.0140583	0.0906667	7.279336e+00	-5.880545e+01	-5.152612e+01
285	0.12057	0.0140583	0.0702017	7.279336e+00	-5.880238e+01	-5.152304e+01
286	0.12057	0.0140583	0.0508097	7.279336e+00	-5.880351e+01	-5.152418e+01
287	0.109696	0.00580293	0.0693756	7.272526e+00	-5.830639e+01	-5.103386e+01
288	0.109696	0.00580293	0.0972407	7.272526e+00	-5.830273e+01	-5.103020e+01
289	0.109696	0.00580293	0.0838474	7.272526e+00	-5.830395e+01	-5.103142e+01
290	0.109696	0.00580293	0.0774533	7.272526e+00	-5.830489e+01	-5.103236e+01
291	0.108277	0.00580293	0.0912888	7.272526e+00	-5.828418e+01	-5.101165e+01
292	0.108277	0.00975374	0.0981806	7.376855e+00	-5.826429e+01	-5.088743e+01
293	0.108277	0.00975374	0.0903444	7.376855e+00	-5.826547e+01	-5.088861e+01
294	0.108277	0.00975374	0.0889275	7.376855e+00	-5.826575e+01	-5.088889e+01
295	0.106931	0.00975374	0.0815187	7.376855e+00	-5.825917e+01	-5.088231e+01
296	0.109245	0.00975374	0.0764384	7.376855e+00	-5.828149e+01	-5.090463e+01
297	0.0830229	0.00975374	0.0718525	7.376855e+00	-6.019593e+01	-5.281908e+01
298	0.12184	0.00975374	0.063274	7.376855e+00	-5.890633e+01	-5.152947e+01
299	0.12184	0.00975374	0.0524978	7.376855e+00	-5.890656e+01	-5.152970e+01
300	0.12184	0.00898465	0.0488329	7.371088e+00	-5.890740e+01	-5.153631e+01
301	0.12184	0.0203164	0.0528897	6.744710e+00	-5.889843e+01	-5.215372e+01
302	0.12184	0.0203164	0.0374618	6.744710e+00	-5.890097e+01	-5.215626e+01
303	0.12184	0.00211955	0.0505173	7.008144e+00	-5.891296e+01	-5.190482e+01
304	0.12184	0.00211955	0.063553	7.008144e+00	-5.891285e+01	-5.190471e+01
305	0.12184	0.00211955	0.0533146	7.008144e+00	-5.891292e+01	-5.190478e+01
306	0.106441	0.00211955	0.0411289	7.008144e+00	-5.830225e+01	-5.129411e+01
307	0.120812	0.00211955	0.0271803	7.008144e+00	-5.883474e+01	-5.182659e+01
308	0.120812	0.00211955	0.0327206	7.008144e+00	-5.883450e+01	-5.182635e+01
309	0.0902206	0.00211955	0.0404312	7.008144e+00	-5.922601e+01	-5.221787e+01
310	0.0871865	0.00211955	0.0350514	7.008144e+00	-5.961868e+01	-5.261054e+01
311	0.0871865	0.00211955	0.0211682	7.008144e+00	-5.962278e+01	-5.261463e+01
312	0.0871865	0.00211955	0.0305359	7.008144e+00	-5.961999e+01	-5.261185e+01
313	0.0871865	0.00211955	0.00706999	7.008144e+00	-5.962708e+01	-5.261894e+01
314	0.11855	0.00735012	0.0163013	7.335484e+00	-5.867721e+01	-5.134172e+01
315	0.116538	0.00735012	0.0270193	7.335484e+00	-5.855695e+01	-5.122147e+01
316	0.116538	0.00735012	0.0185482	7.335484e+00	-5.855931e+01	-5.122382e+01
317	0.116538	0.00735012	0.0538753	7.335484e+00	-5.855090e+01	-5.121541e+01
318	0.116538	0.00735012	0.0589095	7.335484e+00	-5.855009e+01	-5.121460e+01
319	0.116538	0.00735012	0.0281138	7.335484e+00	-5.855666e+01	-5.122118e+01
320	0.116538	0.00735012	0.0417725	7.335484e+00	-5.855330e+01	-5.121782e+01
321	0.116538	0.020851	0.0280516	6.677463e+00	-5.854198e+01	-5.186452e+01
322	0.0954089	0.020851	0.0388049	6.677463e+00	-5.864635e+01	-5.196888e+01
323	0.0954089	0.020851	0.0590312	6.677463e+00	-5.860532e+01	-5.192786e+01
324	0.0954089	0.020851	0.0755891	6.677463e+00	-5.857719e+01	-5.189973e+01
325	0.10635	0.020851	0.0814326	6.677463e+00	-5.820354e+01	-5.152608e+01
326	0.10635	0.020851	0.0894987	6.677463e+00	-5.819872e+01	-5.152125e+01
327	0.117196	0.020851	0.0853927	6.677463e+00	-5.855971e+01	-5.188224e+01
328	0.117196	0.020851	0.0768576	6.677463e+00	-5.855944e+01	-5.188198e+01
329	0.117196	0.020851	0.044916	6.677463e+00	-5.856894e+01	-5.189148e+01
330	0.117196	0.0145288	0.0296045	7.255323e+00	-5.858482e+01	-5.132950e+01
331	0.110374	0.002482	0.036144	7.041313e+00	-5.833525e+01	-5.129393e+01
332	0.0984998	0.002482	0.0465668	7.041313e+00	-5.852318e+01	-5.148187e+01
333	0.0984998	0.002482	0.0513836	7.041313e+00	-5.852212e+01	-5.148081e+01
334	0.100117	0.002482	0.0828439	7.041313e+00	-5.843800e+01	-5.139669e+01
335	0.100117	0.002482	0.075232	7.041313e+00	-5.843909e+01	-5.139778e+01
336	0.100117	0.002482	0.0648078	7.041313e+00	-5.844080e+01	-5.139949e+01
337	0.109931	0.002482	0.0589358	7.041313e+00	-5.832416e+01	-5.128285e+01
338	0.101285	0.002482	0.0630968	7.041313e+00	-5.839532e+01	-5.135400e+01
339	0.101285	0.002482	0.0688619	7.041313e+00	-5.839437e+01	-5.135305e+01
340	0.101285	0.00657634	0.076209	7.307554e+00	-5.836756e+01	-5.106001e+01
341	0.101285	0.00657634	0.0609293	7.307554e+00	-5.837392e+01	-5.106636e+01
342	0.101285	0.00657634	0.062616	7.307554e+00	-5.837315e+01	-5.106559e+01
343	0.101285	0.00657634	0.0236332	7.307554e+00	-5.839418e+01	-5.108663e+01
344	0.132912	0.00657634	0.046393	7.307554e+00	-6.007465e+01	-5.276709e+01
345	0.0908246	0.00657634	0.0416606	7.307554e+00	-5.913306e+01	-5.182551e+01
346	0.12285	0.00657634	0.0455924	7.307554e+00	-5.899281e+01	-5.168526e+01
347	0.12285	0.00657634	0.0507005	7.307554e+00	-5.899265e+01	-5.168510e+01
348	0.12285	0.00657634	0.0399815	7.307554e+00	-5.899308e+01	-5.168553e+01
349	0.109196	0.00657634	0.0222556	7.307554e+00	-5.831192e+01	-5.100436e+01
350	0.0810894	0.00657634	0.0164569	7.307554e+00	-6.064510e+01	-5.333754e+01
351	0.0810894	0.00657634	0.00708449	7.307554e+00	-6.065529e+01	-5.334773e+01
352	0.121721	0.00657634	0.00875043	7.307554e+00	-5.890417e+01	-5.159661e+01
353	0.121721	0.00990545	0.0214291	7.377162e+00	-5.890096e+01	-5.152379e+01
354	0.106043	0.00990545	0.0217042	7.377162e+00	-5.829376e+01	-5.091660e+01
355	0.128231	0.00990545	0.0202536	7.377162e+00	-5.951467e+01	-5.213750e+01
356	0.118943	0.00990545	0.000804815	7.377162e+00	-5.870602e+01	-5.132886e+01
357	0.118943	0.00990545	0.014165	7.377162e+00	-5.870180e+01	-5.132464e+01
358	0.114836	0.00990545	0.0333207	7.377162e+00	-5.846778e+01	-5.109062e+01
359	0.0988077	0.00990545	0.0280859	7.377162e+00	-5.848967e+01	-5.111250e+01
360	0.0988077	0.00990545	0.0469584	7.377162e+00	-5.847207e+01	-5.109491e+01
361	0.0988077	0.00990545	0.030037	7.377162e+00	-5.848776e+01	-5.111060e+01
362	0.113787	0.00990545	0.0424439	7.377162e+00	-5.841970e+01	-5.104253e+01
363	0.12432	0.00990545	0.01887	7.377162e+00	-5.912293e+01	-5.174576e+01
364	0.12432	0.00990545	0.0312365	7.377162e+00	-5.912190e+01	-5.174473e+01
365	0.0974029	0.00990545	0.0255344	7.377162e+00	-5.857160e+01	-5.119444e+01
366	0.0974029	0.00990545	0.0239567	7.377162e+00	-5.857325e+01	-5.119609e+01
367	0.0938006	0.00990545	0.025128	7.377162e+00	-5.884026e+01	-5.146310e+01
368	0.0938006	0.00990545	0.0329321	7.377162e+00	-5.883131e+01	-5.145415e+01
369	0.0938006	0.00990545	0.0172932	7.377162e+00	-5.884950e+01	-5.147234e+01
370	0.0938006	0.00990545	0.0420993	7.377162e+00	-5.882119e+01	-5.144403e+01
371	0.0938006	0.00990545	0.072447	7.377162e+00	-5.879210e+01	-5.141494e+01
372	0.0938006	0.0302912	0.079964	4.930280e+00	-5.861670e+01	-5.368642e+01
373	0.0938006	0.0302912	0.0733704	4.930280e+00	-5.863183e+01	-5.370155e+01
374	0.0938006	0.0257593	0.0915702	5.901237e+00	-5.863424e+01	-5.273301e+01
375	0.0938006	0.0257593	0.0663063	5.901237e+00	-5.868214e+01	-5.278090e+01
376	0.0946134	0.0257593	0.075239	5.901237e+00	-5.859890e+01	-5.269766e+01
377	0.0946134	0.0257593	0.0235636	5.901237e+00	-5.872919e+01	-5.282795e+01
378	0.0946134	0.0257593	0.0139319	5.901237e+00	-5.875805e+01	-5.285682e+01
379	0.0946134	0.0329272	0.0271222	4.253225e+00	-5.869609e+01	-5.444286e+01
380	0.115734	0.0329272	0.0195135	4.253225e+00	-5.849663e+01	-5.424341e+01
381	0.117367	0.0179292	0.019591	7.003560e+00	-5.859721e+01	-5.159365e+01
382	0.117367	0.0179292	0.0180432	7.003560e+00	-5.859819e+01	-5.159463e+01
383	0.117367	0.028321	0.0343164	5.382389e+00	-5.857648e+01	-5.319409e+01
384	0.117183	0.00638622	0.0360482	7.299603e+00	-5.859156e+01	-5.129196e+01
385	0.117183	0.00638622	0.0334118	7.299603e+00	-5.859209e+01	-5.129248e+01
386	0.117183	0.00638622	0.0324585	7.299603e+00	-5.859228e+01	-5.129268e+01
387	0.104673	0.00638622	0.0517126	7.299603e+00	-5.829856e+01	-5.099896e+01
388	0.104673	0.0158141	0.0215592	7.176317e+00	-5.829603e+01	-5.111972e+01
389	0.104673	0.0158141	0.0410016	7.176317e+00	-5.827253e+01	-5.109621e+01
390	0.0810043	0.0158141	0.0595597	7.176317e+00	-6.053283e+01	-5.335651e+01
391	0.0810043	0.0158141	0.0746268	7.176317e+00	-6.050238e+01	-5.332607e+01
392	0.0810043	0.0058091	0.0718125	7.272834e+00	-6.061647e+01	-5.334363e+01
393	0.0784229	0.0058091	0.0603031	7.272834e+00	-6.117000e+01	-5.389716e+01
394	0.0784229	0.0058091	0.0683606	7.272834e+00	-6.116345e+01	-5.389062e+01
395	0.0784229	0.0058091	0.0878584	7.272834e+00	-6.114945e+01	-5.387662e+01
396	0.0913954	0.0058091	0.0613911	7.272834e+00	-5.906252e+01	-5.178969e+01
397	0.080918	0.0058091	0.0829836	7.272834e+00	-6.062598e+01	-5.335315e+01
398	0.129453	0.00946708	0.0869111	7.375527e+00	-5.966584e+01	-5.229031e+01
399	0.122796	0.00946708	0.0887778	7.375527e+00	-5.898962e+01	-5.161410e+01
400	0.0817889	0.00946708	0.047537	7.375527e+00	-6.045581e+01	-5.308028e+01
401	0.108593	0.00946708	0.0547426	7.375527e+00	-5.828227e+01	-5.090675e+01
402	0.108593	0.0184942	0.0400603	6.948414e+00	-5.826618e+01	-5.131777e+01
403	0.108593	0.0184942	0.0410632	6.948414e+00	-5.826511e+01	-5.131669e+01
404	0.0967568	0.0106773	0.0410898	7.374489e+00	-5.859343e+01	-5.121894e+01
405	0.0967568	0.0106773	0.0506018	7.374489e+00	-5.858367e+01	-5.120918e+01
406	0.0967568	0.0106773	0.00815233	7.374489e+00	-5.863100e+01	-5.125651e+01
407	0.0967568	0.0106773	0.00679349	7.374489e+00	-5.863262e+01	-5.125813e+01
408	0.103302	0.0106773	0.0296367	7.374489e+00	-5.832224e+01	-5.094775e+01
409	0.120871	0.0106773	0.0463731	7.374489e+00	-5.883021e+01	-5.145572e+01
410	0.120871	0.0106773	0.0478501	7.374489e+00	-5.883002e+01	-5.145554e+01
411	0.120871	0.0106773	0.0173456	7.374489e+00	-5.883592e+01	-5.146143e+01
412	0.120871	0.0106773	0.0280865	7.374489e+00	-5.883342e+01	-5.145893e+01
413	0.120871	0.017022	0.0135839	7.084177e+00	-5.883475e+01	-5.175058e+01
414	0.120871	0.0227128	0.0317714	6.416731e+00	-5.882423e+01	-5.240750e+01
415	0.120871	0.0227128	0.0351059	6.416731e+00	-5.882294e+01	-5.240621e+01
416	0.120871	0.0227128	0.0177936	6.416731e+00	-5.883067e+01	-5.241394e+01
417	0.120871	0.00671716	0.00213656	7.313167e+00	-5.884011e+01	-5.152694e+01
418	0.120871	0.00671716	0.022196	7.313167e+00	-5.883685e+01	-5.152369e+01
419	0.120871	0.0219321	0.00977328	6.531074e+00	-5.883513e+01	-5.230405e+01
420	0.120871	0.0219321	0.00222536	6.531074e+00	-5.883923e+01	-5.230816e+01
421	0.120871	0.0219321	0.0213311	6.531074e+00	-5.882929e+01	-5.229822e+01
422	0.120871	0.0219321	0.0164687	6.531074e+00	-5.883166e+01	-5.230059e+01
423	0.121651	0.0219321	0.0189395	6.531074e+00	-5.889114e+01	-5.236006e+01
424	0.121651	0.0201121	0.0189392	6.769516e+00	-5.889185e+01	-5.212233e+01
425	0.128492	0.0201121	0.0242241	6.769516e+00	-5.954486e+01	-5.277534e+01
426	0.128492	0.0141352	0.0104509	7.275589e+00	-5.954301e+01	-5.226742e+01
427	0.128492	0.0141352	0.0287796	7.275589e+00	-5.954458e+01	-5.226899e+01
428	0.128492	0.0141352	0.0127934	7.275589e+00	-5.954315e+01	-5.226756e+01
429	0.108475	0.0141352	0.00938206	7.275589e+00	-5.830467e+01	-5.102908e+01
430	0.120428	0.0141352	0.0112415	7.275589e+00	-5.880384e+01	-5.152825e+01
431	0.120428	0.0141352	0.0334339	7.275589e+00	-5.879659e+01	-5.152100e+01
432	0.120428	0.0141352	0.0288242	7.275589e+00	-5.879792e+01	-5.152233e+01
433	0.120428	0.0141352	0.0244174	7.275589e+00	-5.879929e+01	-5.152370e+01
434	0.120428	0.0141352	0.0271422	7.275589e+00	-5.879843e+01	-5.152284e+01
435	0.120428	0.0141352	0.0203814	7.275589e+00	-5.880062e+01	-5.152503e+01
436	0.120428	0.0329937	0.0178994	4.235073e+00	-5.879294e+01	-5.455787e+01
437	0.0995545	0.00111724	0.0239258	6.908289e+00	-5.847831e+01	-5.157002e+01
438	0.0995545	0.00111724	0.0186704	6.908289e+00	-5.847889e+01	-5.157060e+01
439	0.0995545	0.00111724	0.034192	6.908289e+00	-5.847720e+01	-5.156891e+01
440	0.0995545	0.00111724	0.0318577	6.908289e+00	-5.847745e+01	-5.156916e+01
441	0.0995545	0.00111724	0.0345478	6.908289e+00	-5.847716e+01	-5.156887e+01
442	0.0992394	0.0148268	0.0556104	7.238757e+00	-5.841755e+01	-5.117879e+01
443	0.105462	0.0148268	0.0652406	7.238757e+00	-5.824626e+01	-5.100751e+01
444	0.105462	0.0148268	0.0735298	7.238757e+00	-5.824037e+01	-5.100162e+01
445	0.122119	0.00405944	0.0858204	7.167484e+00	-5.893446e+01	-5.176698e+01
446	0.122119	0.0139961	0.0694997	7.282311e+00	-5.892651e+01	-5.164420e+01
447	0.127008	0.0139961	0.0854902	7.282311e+00	-5.939849e+01	-5.211618e+01
448	0.127008	0.0139961	0.0954927	7.282311e+00	-5.940401e+01	-5.212170e+01
449	0.0843509	0.0139961	0.0989853	7.282311e+00	-5.988962e+01	-5.260731e+01
450	0.11622	0.0139961	0.0956147	7.282311e+00	-5.851672e+01	-5.123441e+01
451	0.11622	0.0139961	0.0933956	7.282311e+00	-5.851643e+01	-5.123412e+01
452	0.11622	0.0139961	0.096359	7.282311e+00	-5.851684e+01	-5.123452e+01
453	0.0947239	0.0139961	0.0937827	7.282311e+00	-5.866436e+01	-5.138205e+01
454	0.0947239	0.0139961	0.0810753	7.282311e+00	-5.867554e+01	-5.139323e+01
455	0.0947239	0.0139961	0.0968403	7.282311e+00	-5.866208e+01	-5.137977e+01
456	0.0947239	0.040176	0.0719932	1.965531e+00	-5.849086e+01	-5.652533e+01
457	0.0947239	0.040176	0.0816021	1.965531e+00	-5.846331e+01	-5.649778e+01
458	0.0947239	0.040176	0.0988993	1.965531e+00	-5.842468e+01	-5.645915e+01
459	0.0947239	0.040176	0.0988993	1.965531e+00	-5.842468e+01	-5.645915e+01
460	0.0947239	0.040176	0.0983205	1.965531e+00	-5.842573e+01	-5.646020e+01
461	0.0947239	0.040176	0.0935411	1.965531e+00	-5.843505e+01	-5.646952e+01
462	0.0962122	0.00436808	0.0732584	7.188711e+00	-5.864595e+01	-5.145724e+01
463	0.0898194	0.0191095	0.0522814	6.884045e+00	-5.915616e+01	-5.227212e+01
464	0.0898194	0.0191095	0.0901629	6.884045e+00	-5.908749e+01	-5.220345e+01
465	0.117629	0.0191095	0.0625796	6.884045e+00	-5.859154e+01	-5.170749e+01
466	0.117629	0.0191095	0.0804373	6.884045e+00	-5.858972e+01	-5.170567e+01
467	0.117629	0.0191095	0.0783884	6.884045e+00	-5.858967e+01	-5.170563e+01
468	0.117629	0.0191095	0.0762577	6.884045e+00	-5.858970e+01	-5.170566e+01
469	0.117629	0.0191095	0.0631293	6.884045e+00	-5.859141e+01	-5.170736e+01
470	0.125932	0.0191095	0.0737709	6.884045e+00	-5.928366e+01	-5.239961e+01
471	0.0875002	0.0191095	0.0617696	6.884045e+00	-5.942751e+01	-5.254346e+01
472	0.117322	0.0053825	0.0982906	7.250502e+00	-5.859724e+01	-5.134674e+01
473	0.117322	0.0053825	0.0960812	7.250502e+00	-5.859708e+01	-5.134658e+01
474	0.0983144	0.0053825	0.0843504	7.250502e+00	-5.850437e+01	-5.125387e+01
475	0.0983144	0.0137501	0.0877277	7.293638e+00	-5.843932e+01	-5.114568e+01
476	0.0983144	0.0137501	0.0940915	7.293638e+00	-5.843511e+01	-5.114147e+01
477	0.0983144	0.00597599	0.0924099	7.280982e+00	-5.849738e+01	-5.121640e+01
478	0.117314	0.00597599	0.0699969	7.280982e+00	-5.859528e+01	-5.131429e+01
479	0.117314	0.00865312	0.0624493	7.366434e+00	-5.859086e+01	-5.122442e+01
480	0.0961933	0.00865312	0.0649504	7.366434e+00	-5.862139e+01	-5.125495e+01
481	0.0961933	0.00865312	0.0326063	7.366434e+00	-5.864813e+01	-5.128170e+01
482	0.118459	0.0129402	0.0338901	7.325839e+00	-5.866162e+01	-5.133578e+01
483	0.118459	0.0129402	0.0431565	7.325839e+00	-5.865869e+01	-5.133286e+01
484	0.118459	0.0121658	0.0570228	7.349337e+00	-5.865657e+01	-5.130723e+01
485	0.13372	0.0121218	0.0543541	7.350459e+00	-6.019100e+01	-5.284055e+01
486	0.13372	0.0121218	0.0884401	7.350459e+00	-6.021085e+01	-5.286039e+01
487	0.13372	0.0121749	0.098798	7.349104e+00	-6.021893e+01	-5.286983e+01
488	0.118854	0.0121749	0.0865415	7.349104e+00	-5.868191e+01	-5.133281e+01
489	0.118854	0.0238671	0.0909334	6.234383e+00	-5.866809e+01	-5.243371e+01
490	0.108914	0.0238671	0.083731	6.234383e+00	-5.821408e+01	-5.197970e+01
491	0.0985674	0.0238671	0.0616504	6.234383e+00	-5.839064e+01	-5.215626e+01
492	0.0985674	0.0238671	0.0413399	6.234383e+00	-5.843156e+01	-5.219717e+01
493	0.0985674	0.0238671	0.0229415	6.234383e+00	-5.847407e+01	-5.223969e+01
494	0.0985674	0.0213427	0.0328987	6.612601e+00	-5.845901e+01	-5.184641e+01
495	0.11325	0.0213427	0.0234789	6.612601e+00	-5.839389e+01	-5.178129e+01
496	0.11325	0.0203587	0.0331826	6.739510e+00	-5.838579e+01	-5.164628e+01
497	0.11325	0.0203587	0.0126889	6.739510e+00	-5.840615e+01	-5.166663e+01
498	0.11325	0.0203587	0.00676322	6.739510e+00	-5.841246e+01	-5.167295e+01
499	0.11325	0.0224833	0.0408483	6.451088e+00	-5.837492e+01	-5.192383e+01
500	0.11325	0.0224833	0.0250045	6.451088e+00	-5.839086e+01	-5.193978e+01
