Results of Simulation 1

Time	Q_inh	Q_brain	Q_muscle	Q_lung	Q_heart	Q_liver	Q_kidney	Q_pancreas	Q_art	Q_ven	Q_stom_lumen	Q_urine	Q_spleen	Q_gut_lumen	Q_urt	Q_gonads
0	0	0	0	0	0	0	0	0	0	0	0	0	0	0	0	0
1	2.25	0.0647945	0.0927068	0.0128266	0.028795	0.0411662	0.0864925	0.00543393	0.036962	0.016326	0.124645	1.58271e-07	0.0147381	0.00205135	0.000159845	0.000294869
2	2.25	0.0700286	0.102023	0.00711098	0.0300775	0.0519902	0.0694104	0.00588449	0.00555227	0.0238205	0.0878255	4.14004e-07	0.0135655	0.00391394	8.55642e-05	0.000323573
3	2.25	0.0714274	0.105964	0.00664115	0.0296497	0.0607444	0.0528458	0.00601393	0.0051437	0.0214546	0.0632549	6.09864e-07	0.0117979	0.00488533	8.00688e-05	0.000335108
4	2.25	0.0724858	0.109452	0.00569637	0.0291087	0.0690014	0.0407571	0.00611483	0.00444552	0.0183437	0.0464645	7.59986e-07	0.0102769	0.00530012	6.8687e-05	0.000345169
5	2.25	0.0731485	0.112399	0.00491922	0.0284335	0.0764992	0.0317449	0.00618248	0.00382591	0.0159041	0.0347504	8.76313e-07	0.00894468	0.0053666	5.92802e-05	0.000353478
6	2.25	0.0735006	0.114913	0.00435366	0.0276658	0.0831594	0.0250035	0.00622397	0.00336785	0.0141458	0.0265329	9.67386e-07	0.00778491	0.00522137	5.24808e-05	0.000360392
7	2.25	0.073631	0.117115	0.00395304	0.0268474	0.0889785	0.0199717	0.00624668	0.00304204	0.0129034	0.0207619	1.03957e-06	0.00678521	0.00495485	4.76341e-05	0.000366292
8	2.25	0.0736073	0.119095	0.0036715	0.0260092	0.0939882	0.0162263	0.00625627	0.00281275	0.0120312	0.016706	1.0977e-06	0.00593106	0.00462693	4.42323e-05	0.00037147
9	2.25	0.0734779	0.120917	0.00347461	0.0251722	0.0982402	0.0134487	0.00625674	0.00265228	0.0114217	0.013859	1.14535e-06	0.00520651	0.00427573	4.18533e-05	0.000376133
10	2.25	0.0732783	0.12263	0.00333625	0.0243512	0.101797	0.0113851	0.00625108	0.00253947	0.0109934	0.011847	1.18536e-06	0.00459484	0.00392646	4.01814e-05	0.000380437
11	2.25	0.0730308	0.124263	0.00323967	0.0235544	0.104721	0.0098634	0.00624115	0.00246076	0.0106943	0.0104362	1.2196e-06	0.00408137	0.00359233	3.90145e-05	0.000384479
12	2.25	0.0727524	0.125839	0.00317177	0.0227874	0.107077	0.00874277	0.00622836	0.00240552	0.0104836	0.00944572	1.24962e-06	0.00365185	0.00328161	3.81941e-05	0.00038833
13	2.25	0.072454	0.127374	0.00312364	0.0220532	0.108922	0.00792304	0.00621363	0.00236652	0.0103337	0.00875458	1.27649e-06	0.0032942	0.00299815	3.76128e-05	0.000392041
14	2.25	0.072144	0.128879	0.00308816	0.0213533	0.110319	0.00731962	0.00619768	0.00233798	0.0102223	0.00826656	1.3011e-06	0.00299639	0.00274328	3.71844e-05	0.000395647
15	2.25	0.0718269	0.130359	0.00306107	0.0206878	0.111316	0.00687913	0.00618087	0.00231644	0.0101363	0.00792454	1.324e-06	0.00274946	0.00251646	3.68575e-05	0.000399168
16	2.25	0.0715062	0.13182	0.00303892	0.0200561	0.111962	0.00655599	0.0061635	0.00229908	0.010065	0.00768177	1.34567e-06	0.00254481	0.00231627	3.65904e-05	0.00040262
17	2.25	0.0711837	0.133265	0.00301927	0.0194569	0.112306	0.00631544	0.00614575	0.00228391	0.0100009	0.00750483	1.36644e-06	0.00237467	0.00214038	3.63536e-05	0.000406012
18	2.25	0.0708603	0.134694	0.00300073	0.0188887	0.112383	0.0061356	0.00612767	0.0022698	0.00993976	0.00737371	1.38654e-06	0.00223336	0.00198657	3.61303e-05	0.000409348
19	2.25	0.0705363	0.136108	0.00298231	0.0183501	0.112226	0.00599968	0.0061093	0.00225591	0.00987848	0.00727366	1.40612e-06	0.00211604	0.00185258	3.59086e-05	0.000412629
20	2.25	0.0702118	0.137508	0.00296329	0.0178392	0.11187	0.0058935	0.00609066	0.00224166	0.0098149	0.00719278	1.42531e-06	0.00201804	0.00173593	3.56797e-05	0.000415856
21	2.25	0.0698865	0.138892	0.00294331	0.0173544	0.111341	0.00580818	0.00607172	0.00222673	0.00974795	0.00712407	1.4442e-06	0.00193595	0.00163454	3.54393e-05	0.000419028
22	2.25	0.0695599	0.14026	0.00292215	0.0168938	0.110665	0.00573666	0.00605245	0.00221093	0.00967702	0.00706219	1.46283e-06	0.00186669	0.00154634	3.51846e-05	0.000422142
23	2.25	0.0692316	0.141612	0.00289974	0.0164559	0.109862	0.00567423	0.00603281	0.00219419	0.00960194	0.00700384	1.48125e-06	0.00180786	0.00146956	3.4915e-05	0.000425198
24	2.25	0.0689011	0.142946	0.00287609	0.016039	0.108953	0.00561744	0.00601277	0.00217652	0.00952279	0.00694674	1.49947e-06	0.00175744	0.00140258	3.46305e-05	0.000428193
25	2.25	0.068568	0.144263	0.00285128	0.0156419	0.107953	0.00556397	0.0059923	0.00215795	0.0094398	0.0068895	1.51752e-06	0.00171381	0.00134403	3.43318e-05	0.000431125
26	2.25	0.0682317	0.145561	0.00282539	0.0152631	0.106877	0.0055122	0.00597137	0.00213855	0.00935333	0.00683125	1.5354e-06	0.00167564	0.00129268	3.40203e-05	0.000433993
27	2.25	0.0678921	0.14684	0.00279855	0.0149013	0.105738	0.00546106	0.00594993	0.00211841	0.00926376	0.00677152	1.55311e-06	0.00164185	0.00124748	3.36972e-05	0.000436794
28	2.25	0.0675487	0.148099	0.00277087	0.0145555	0.104548	0.00540983	0.00592799	0.00209762	0.0091715	0.0067101	1.57066e-06	0.00161156	0.00120751	3.3364e-05	0.000439528
29	2.25	0.0672013	0.149339	0.00274249	0.0142245	0.103316	0.00535811	0.00590551	0.00207628	0.00907698	0.00664693	1.58804e-06	0.00158407	0.00117198	3.30224e-05	0.000442193
30	2.25	0.0668497	0.150558	0.00271352	0.0139074	0.10205	0.00530567	0.00588249	0.00205449	0.0089806	0.00658211	1.60525e-06	0.00155882	0.00114023	3.26737e-05	0.000444789
31	2.25	0.0664938	0.151756	0.00268409	0.0136032	0.100759	0.0052524	0.00585891	0.00203232	0.00888274	0.00651577	1.62229e-06	0.00153534	0.00111168	3.23194e-05	0.000447314
32	2.25	0.0661335	0.152933	0.00265429	0.0133111	0.0994495	0.00519832	0.00583477	0.00200986	0.00878376	0.00644811	1.63916e-06	0.00151327	0.00108582	3.19607e-05	0.000449769
33	2.25	0.0657687	0.15409	0.00262425	0.0130304	0.0981267	0.00514349	0.00581008	0.0019872	0.00868399	0.00637934	1.65586e-06	0.00149232	0.00106224	3.1599e-05	0.000452153
34	2.25	0.0653996	0.155226	0.00259404	0.0127603	0.0967956	0.00508801	0.00578483	0.0019644	0.00858372	0.00630969	1.67237e-06	0.00147227	0.00104061	3.12353e-05	0.000454466
35	2.25	0.065026	0.15634	0.00256373	0.0125002	0.0954601	0.00503197	0.00575904	0.00194151	0.00848318	0.00623931	1.68871e-06	0.00145297	0.00102066	3.08704e-05	0.000456708
36	2.25	0.0646481	0.157433	0.00253341	0.0122497	0.0941243	0.00497551	0.0057327	0.0019186	0.00838264	0.00616845	1.70486e-06	0.00143426	0.00100211	3.05053e-05	0.000458881
37	2.25	0.0642659	0.158506	0.00250313	0.012008	0.0927913	0.00491875	0.00570584	0.00189572	0.00828228	0.00609726	1.72083e-06	0.00141605	0.000984771	3.01408e-05	0.000460983
38	2.25	0.0638797	0.159557	0.00247296	0.0117747	0.091464	0.00486182	0.00567846	0.0018729	0.0081823	0.00602593	1.73662e-06	0.00139824	0.00096845	2.97775e-05	0.000463016
39	2.25	0.0634895	0.160588	0.00244294	0.0115493	0.0901448	0.00480484	0.00565057	0.0018502	0.00808287	0.00595462	1.75222e-06	0.00138077	0.000952997	2.94161e-05	0.00046498
40	2.25	0.0630954	0.161598	0.00241312	0.0113314	0.0888358	0.00474791	0.0056222	0.00182764	0.00798412	0.00588347	1.76764e-06	0.0013636	0.000938296	2.9057e-05	0.000466875
41	2.25	0.0626978	0.162588	0.00238354	0.0111207	0.0875387	0.00469115	0.00559337	0.00180525	0.00788617	0.00581261	1.78288e-06	0.00134669	0.000924235	2.87008e-05	0.000468704
42	2.25	0.0622966	0.163557	0.00235422	0.0109166	0.086255	0.00463464	0.00556408	0.00178306	0.00778913	0.00574213	1.79793e-06	0.00133002	0.000910738	2.83478e-05	0.000470466
43	2.25	0.0618922	0.164507	0.0023252	0.010719	0.0849858	0.00457846	0.00553436	0.00176109	0.00769309	0.00567214	1.8128e-06	0.00131357	0.000897729	2.79984e-05	0.000472163
44	2.25	0.0614848	0.165436	0.0022965	0.0105274	0.0837323	0.00452268	0.00550423	0.00173936	0.00759811	0.00560272	1.82749e-06	0.00129733	0.000885147	2.76528e-05	0.000473795
45	2.25	0.0610744	0.166347	0.00226814	0.0103417	0.0824952	0.00446737	0.0054737	0.00171788	0.00750426	0.00553395	1.842e-06	0.0012813	0.000872948	2.73113e-05	0.000475363
46	2.25	0.0606614	0.167237	0.00224013	0.0101614	0.0812752	0.00441258	0.0054428	0.00169666	0.00741159	0.00546587	1.85634e-06	0.00126547	0.000861088	2.6974e-05	0.000476869
47	2.25	0.060246	0.168109	0.00221248	0.00998641	0.0800729	0.00435836	0.00541155	0.00167572	0.00732015	0.00539856	1.8705e-06	0.00124984	0.000849533	2.66411e-05	0.000478313
48	2.25	0.0598283	0.168962	0.00218521	0.00981647	0.0788887	0.00430474	0.00537996	0.00165506	0.00722995	0.00533203	1.88448e-06	0.0012344	0.000838258	2.63128e-05	0.000479697
49	2.25	0.0594085	0.169797	0.00215833	0.00965133	0.0777228	0.00425176	0.00534806	0.00163469	0.00714104	0.00526635	1.89829e-06	0.00121916	0.000827238	2.5989e-05	0.000481021
50	2.25	0.0589869	0.170613	0.00213184	0.00949079	0.0765756	0.00419945	0.00531586	0.00161462	0.00705342	0.00520152	1.91193e-06	0.00120412	0.000816453	2.567e-05	0.000482287
51	2.25	0.0585637	0.171412	0.00210574	0.00933467	0.0754472	0.00414783	0.00528339	0.00159484	0.00696711	0.00513759	1.92541e-06	0.00118928	0.000805889	2.53557e-05	0.000483496
52	2.25	0.0581391	0.172193	0.00208003	0.00918276	0.0743375	0.00409692	0.00525067	0.00157536	0.00688212	0.00507455	1.93871e-06	0.00117464	0.000795532	2.50462e-05	0.000484648
53	2.25	0.0577132	0.172956	0.00205473	0.00903491	0.0732468	0.00404673	0.00521771	0.00155618	0.00679845	0.00501244	1.95186e-06	0.0011602	0.00078537	2.47415e-05	0.000485746
54	2.25	0.0572863	0.173703	0.00202982	0.00889095	0.0721748	0.00399727	0.00518453	0.0015373	0.00671611	0.00495125	1.96484e-06	0.00114597	0.000775395	2.44416e-05	0.000486789
55	2.25	0.0568585	0.174432	0.00200532	0.00875074	0.0711216	0.00394854	0.00515115	0.00151873	0.00663508	0.004891	1.97767e-06	0.00113195	0.000765599	2.41465e-05	0.00048778
56	2.25	0.0564301	0.175146	0.00198121	0.00861412	0.070087	0.00390056	0.00511759	0.00150045	0.00655536	0.00483167	1.99034e-06	0.00111813	0.000755977	2.38562e-05	0.000488718
57	2.25	0.0560012	0.175843	0.00195749	0.00848096	0.0690707	0.00385333	0.00508387	0.00148247	0.00647695	0.00477329	2.00285e-06	0.00110451	0.000746521	2.35705e-05	0.000489606
58	2.25	0.055572	0.176524	0.00193416	0.00835115	0.0680728	0.00380684	0.00505	0.00146479	0.00639982	0.00471583	2.01522e-06	0.00109111	0.000737228	2.32896e-05	0.000490444
59	2.25	0.0551426	0.177189	0.00191122	0.00822455	0.0670929	0.00376109	0.005016	0.0014474	0.00632398	0.00465931	2.02743e-06	0.00107791	0.000728094	2.30134e-05	0.000491233
60	2.25	0.0547133	0.177839	0.00188866	0.00810106	0.0661309	0.00371608	0.00498189	0.00143029	0.0062494	0.0046037	2.0395e-06	0.00106492	0.000719114	2.27417e-05	0.000491975
61	2.25	0.0542841	0.178474	0.00186647	0.00798055	0.0651864	0.0036718	0.00494767	0.00141348	0.00617607	0.00454901	2.05143e-06	0.00105213	0.000710286	2.24746e-05	0.000492669
62	2.25	0.0538552	0.179094	0.00184467	0.00786294	0.0642592	0.00362825	0.00491337	0.00139694	0.00610398	0.00449522	2.06321e-06	0.00103955	0.000701606	2.2212e-05	0.000493318
63	2.25	0.0534268	0.1797	0.00182322	0.00774812	0.0633492	0.00358542	0.004879	0.00138069	0.0060331	0.00444234	2.07486e-06	0.00102716	0.000693072	2.19538e-05	0.000493922
64	2.25	0.052999	0.180291	0.00180215	0.007636	0.0624559	0.0035433	0.00484458	0.00136471	0.00596342	0.00439033	2.08636e-06	0.00101498	0.000684682	2.17e-05	0.000494482
65	2.25	0.052572	0.180868	0.00178142	0.00752647	0.0615791	0.00350189	0.00481011	0.001349	0.00589492	0.0043392	2.09773e-06	0.001003	0.000676432	2.14504e-05	0.000494999
66	2.25	0.0521459	0.181431	0.00176105	0.00741948	0.0607185	0.00346118	0.00477562	0.00133356	0.00582758	0.00428893	2.10897e-06	0.000991218	0.00066832	2.12051e-05	0.000495475
67	2.25	0.0517208	0.181981	0.00174103	0.00731492	0.0598739	0.00342114	0.00474111	0.00131838	0.00576139	0.00423951	2.12008e-06	0.000979629	0.000660345	2.0964e-05	0.000495909
68	2.25	0.0512968	0.182517	0.00172134	0.00721272	0.0590449	0.00338179	0.0047066	0.00130345	0.00569631	0.00419092	2.13106e-06	0.000968232	0.000652503	2.07269e-05	0.000496303
69	2.25	0.0508741	0.183041	0.00170199	0.00711282	0.0582313	0.00334309	0.0046721	0.00128878	0.00563234	0.00414316	2.14192e-06	0.000957025	0.000644794	2.04939e-05	0.000496657
70	2.25	0.0504527	0.183551	0.00168297	0.00701512	0.0574327	0.00330506	0.00463762	0.00127436	0.00556946	0.0040962	2.15265e-06	0.000946005	0.000637214	2.02648e-05	0.000496973
71	2.25	0.0500328	0.184049	0.00166427	0.00691958	0.0566489	0.00326766	0.00460317	0.00126018	0.00550764	0.00405004	2.16326e-06	0.000935169	0.000629762	2.00396e-05	0.000497252
72	2.25	0.0496144	0.184534	0.00164588	0.00682613	0.0558796	0.0032309	0.00456876	0.00124624	0.00544686	0.00400466	2.17375e-06	0.000924516	0.000622435	1.98183e-05	0.000497493
73	2.25	0.0491977	0.185007	0.00162781	0.0067347	0.0551246	0.00319476	0.0045344	0.00123254	0.00538712	0.00396006	2.18412e-06	0.000914041	0.000615233	1.96006e-05	0.000497699
74	2.25	0.0487828	0.185468	0.00161004	0.00664523	0.0543834	0.00315924	0.0045001	0.00121907	0.00532838	0.0039162	2.19438e-06	0.000903743	0.000608151	1.93867e-05	0.000497869
75	2.25	0.0483697	0.185917	0.00159257	0.00655766	0.0536559	0.00312431	0.00446588	0.00120583	0.00527063	0.00387309	2.20452e-06	0.000893618	0.00060119	1.91763e-05	0.000498005
76	2.25	0.0479585	0.186355	0.0015754	0.00647195	0.0529418	0.00308998	0.00443173	0.00119281	0.00521386	0.0038307	2.21455e-06	0.000883664	0.000594346	1.89695e-05	0.000498108
77	2.25	0.0475493	0.186782	0.00155851	0.00638804	0.0522408	0.00305622	0.00439767	0.00118001	0.00515803	0.00378903	2.22447e-06	0.000873877	0.000587617	1.87661e-05	0.000498177
78	2.25	0.0471422	0.187197	0.00154191	0.00630588	0.0515526	0.00302303	0.00436371	0.00116742	0.00510314	0.00374807	2.23428e-06	0.000864255	0.000581002	1.85662e-05	0.000498214
79	2.25	0.0467372	0.187601	0.00152558	0.0062254	0.050877	0.0029904	0.00432986	0.00115504	0.00504917	0.00370778	2.24399e-06	0.000854794	0.000574499	1.83696e-05	0.00049822
80	2.25	0.0463345	0.187995	0.00150953	0.00614658	0.0502137	0.00295832	0.00429611	0.00114287	0.0049961	0.00366818	2.25359e-06	0.000845492	0.000568105	1.81763e-05	0.000498195
81	2.25	0.045934	0.188378	0.00149374	0.00606936	0.0495625	0.00292677	0.00426249	0.0011309	0.0049439	0.00362923	2.26309e-06	0.000836346	0.000561819	1.79862e-05	0.00049814
82	2.25	0.0455359	0.18875	0.00147821	0.00599371	0.0489231	0.00289575	0.00422899	0.00111913	0.00489258	0.00359094	2.27249e-06	0.000827353	0.000555638	1.77992e-05	0.000498056
83	2.25	0.0451401	0.189113	0.00146294	0.00591957	0.0482952	0.00286525	0.00419562	0.00110756	0.0048421	0.00355328	2.28179e-06	0.000818511	0.000549562	1.76153e-05	0.000497942
84	2.25	0.0447469	0.189465	0.00144793	0.00584691	0.0476788	0.00283525	0.0041624	0.00109618	0.00479246	0.00351625	2.29099e-06	0.000809816	0.000543587	1.74345e-05	0.000497801
85	2.25	0.0443561	0.189808	0.00143316	0.00577569	0.0470734	0.00280576	0.00412931	0.00108498	0.00474363	0.00347983	2.3001e-06	0.000801266	0.000537712	1.72567e-05	0.000497632
86	2.25	0.0439678	0.190141	0.00141863	0.00570588	0.0464789	0.00277675	0.00409638	0.00107397	0.0046956	0.00344401	2.30911e-06	0.000792858	0.000531936	1.70817e-05	0.000497437
87	2.25	0.0435821	0.190464	0.00140434	0.00563742	0.0458951	0.00274822	0.00406361	0.00106314	0.00464836	0.00340879	2.31803e-06	0.000784589	0.000526256	1.69097e-05	0.000497215
88	2.25	0.0431991	0.190778	0.00139029	0.0055703	0.0453217	0.00272016	0.00403099	0.00105248	0.00460189	0.00337414	2.32685e-06	0.000776458	0.000520671	1.67404e-05	0.000496968
89	2.25	0.0428187	0.191083	0.00137646	0.00550447	0.0447585	0.00269256	0.00399854	0.001042	0.00455618	0.00334006	2.33559e-06	0.00076846	0.000515179	1.65739e-05	0.000496695
90	2.25	0.0424411	0.191379	0.00136286	0.00543991	0.0442053	0.00266541	0.00396626	0.00103169	0.0045112	0.00330654	2.34424e-06	0.000760594	0.000509778	1.64101e-05	0.000496399
91	2.25	0.0420661	0.191666	0.00134947	0.00537657	0.0436619	0.00263871	0.00393416	0.00102155	0.00446696	0.00327356	2.3528e-06	0.000752857	0.000504466	1.6249e-05	0.000496078
92	2.25	0.041694	0.191944	0.00133631	0.00531444	0.0431282	0.00261244	0.00390223	0.00101157	0.00442343	0.00324112	2.36128e-06	0.000745247	0.000499243	1.60904e-05	0.000495734
93	2.25	0.0413246	0.192214	0.00132335	0.00525348	0.0426039	0.0025866	0.00387049	0.00100175	0.0043806	0.0032092	2.36967e-06	0.000737762	0.000494105	1.59344e-05	0.000495367
94	2.25	0.0409581	0.192475	0.00131061	0.00519366	0.0420887	0.00256117	0.00383894	0.000992086	0.00433845	0.00317781	2.37798e-06	0.000730398	0.000489052	1.57809e-05	0.000494978
95	2.25	0.0405944	0.192728	0.00129806	0.00513495	0.0415827	0.00253616	0.00380757	0.000982579	0.00429698	0.00314691	2.38621e-06	0.000723154	0.000484082	1.56299e-05	0.000494567
96	2.25	0.0402335	0.192973	0.00128572	0.00507733	0.0410854	0.00251155	0.0037764	0.000973223	0.00425618	0.00311652	2.39435e-06	0.000716028	0.000479193	1.54813e-05	0.000494135
97	2.25	0.0398756	0.19321	0.00127357	0.00502077	0.0405968	0.00248733	0.00374542	0.000964017	0.00421601	0.0030866	2.40242e-06	0.000709016	0.000474383	1.5335e-05	0.000493683
98	2.25	0.0395205	0.19344	0.00126162	0.00496524	0.0401167	0.0024635	0.00371465	0.000954956	0.00417649	0.00305717	2.41041e-06	0.000702117	0.000469652	1.51911e-05	0.00049321
99	2.25	0.0391684	0.193661	0.00124985	0.00491072	0.039645	0.00244005	0.00368407	0.000946039	0.00413759	0.00302821	2.41833e-06	0.000695329	0.000464998	1.50494e-05	0.000492718
100	2.25	0.0388191	0.193875	0.00123828	0.0048572	0.0391814	0.00241698	0.0036537	0.000937263	0.00409931	0.0029997	2.42617e-06	0.000688651	0.000460419	1.491e-05	0.000492206
101	2.25	0.0384729	0.194081	0.00122688	0.00480464	0.0387258	0.00239427	0.00362354	0.000928626	0.00406163	0.00297165	2.43394e-06	0.000682079	0.000455915	1.47727e-05	0.000491675
102	2.25	0.0381296	0.194281	0.00121566	0.00475303	0.0382781	0.00237192	0.00359359	0.000920124	0.00402454	0.00294405	2.44163e-06	0.000675612	0.000451483	1.46377e-05	0.000491126
103	2.25	0.0377892	0.194473	0.00120462	0.00470233	0.0378381	0.00234993	0.00356384	0.000911755	0.00398803	0.00291688	2.44925e-06	0.000669248	0.000447122	1.45047e-05	0.000490559
104	2.25	0.0374518	0.194658	0.00119375	0.00465254	0.0374056	0.00232828	0.00353431	0.000903517	0.00395209	0.00289013	2.4568e-06	0.000662985	0.000442831	1.43738e-05	0.000489974
105	2.25	0.0371174	0.194836	0.00118305	0.00460362	0.0369804	0.00230697	0.003505	0.000895408	0.00391671	0.00286381	2.46428e-06	0.000656821	0.000438609	1.4245e-05	0.000489372
106	2.25	0.036786	0.195007	0.00117252	0.00455557	0.0365625	0.002286	0.0034759	0.000887424	0.00388187	0.00283789	2.4717e-06	0.000650754	0.000434454	1.41181e-05	0.000488754
107	2.25	0.0364575	0.195171	0.00116215	0.00450835	0.0361517	0.00226535	0.00344701	0.000879564	0.00384758	0.00281238	2.47904e-06	0.000644782	0.000430365	1.39932e-05	0.00048812
108	2.25	0.036132	0.195329	0.00115194	0.00446196	0.0357479	0.00224502	0.00341835	0.000871825	0.00381382	0.00278727	2.48632e-06	0.000638904	0.000426341	1.38703e-05	0.000487469
109	2.25	0.0358095	0.195481	0.00114188	0.00441636	0.0353509	0.00222501	0.00338991	0.000864206	0.00378057	0.00276254	2.49354e-06	0.000633118	0.000422381	1.37492e-05	0.000486804
110	2.25	0.03549	0.195626	0.00113198	0.00437156	0.0349605	0.00220531	0.00336168	0.000856703	0.00374784	0.0027382	2.50069e-06	0.000627423	0.000418483	1.363e-05	0.000486123
111	2.25	0.0351735	0.195764	0.00112223	0.00432752	0.0345768	0.00218592	0.00333368	0.000849316	0.0037156	0.00271423	2.50778e-06	0.000621816	0.000414646	1.35126e-05	0.000485427
112	2.25	0.0348599	0.195897	0.00111264	0.00428424	0.0341994	0.00216682	0.00330591	0.000842041	0.00368386	0.00269063	2.5148e-06	0.000616295	0.00041087	1.3397e-05	0.000484718
113	2.25	0.0345493	0.196024	0.00110318	0.00424169	0.0338284	0.00214802	0.00327835	0.000834878	0.00365261	0.0026674	2.52177e-06	0.000610861	0.000407152	1.32832e-05	0.000483994
114	2.25	0.0342417	0.196144	0.00109387	0.00419987	0.0334635	0.0021295	0.00325102	0.000827823	0.00362182	0.00264452	2.52867e-06	0.00060551	0.000403493	1.31711e-05	0.000483257
115	2.25	0.0339371	0.196259	0.00108471	0.00415875	0.0331047	0.00211127	0.00322392	0.000820875	0.00359151	0.00262198	2.53552e-06	0.000600241	0.00039989	1.30607e-05	0.000482506
116	2.25	0.0336354	0.196368	0.00107568	0.00411832	0.0327519	0.00209332	0.00319704	0.000814032	0.00356165	0.00259979	2.54231e-06	0.000595053	0.000396343	1.2952e-05	0.000481743
117	2.25	0.0333366	0.196472	0.00106678	0.00407856	0.0324048	0.00207563	0.00317038	0.000807293	0.00353224	0.00257794	2.54903e-06	0.000589945	0.000392852	1.28449e-05	0.000480967
118	2.25	0.0330408	0.19657	0.00105802	0.00403947	0.0320636	0.00205822	0.00314395	0.000800655	0.00350327	0.00255642	2.55571e-06	0.000584915	0.000389414	1.27394e-05	0.000480178
119	2.25	0.0327479	0.196662	0.0010494	0.00400103	0.0317279	0.00204107	0.00311775	0.000794117	0.00347474	0.00253522	2.56232e-06	0.000579961	0.000386029	1.26355e-05	0.000479378
120	2.25	0.0324579	0.196749	0.0010409	0.00396322	0.0313977	0.00202418	0.00309177	0.000787676	0.00344664	0.00251434	2.56889e-06	0.000575083	0.000382696	1.25332e-05	0.000478567
121	2.25	0.0321708	0.196831	0.00103253	0.00392603	0.031073	0.00200754	0.00306602	0.000781332	0.00341895	0.00249378	2.57539e-06	0.000570278	0.000379414	1.24324e-05	0.000477744
122	2.25	0.0318866	0.196908	0.00102428	0.00388946	0.0307535	0.00199116	0.00304049	0.000775082	0.00339168	0.00247352	2.58185e-06	0.000565546	0.000376182	1.23331e-05	0.00047691
123	2.25	0.0316053	0.196979	0.00101615	0.00385348	0.0304393	0.00197501	0.00301519	0.000768925	0.00336481	0.00245357	2.58825e-06	0.000560885	0.000372999	1.22352e-05	0.000476065
124	2.25	0.0313269	0.197046	0.00100815	0.00381808	0.0301302	0.00195911	0.00299011	0.00076286	0.00333834	0.00243391	2.5946e-06	0.000556295	0.000369865	1.21389e-05	0.00047521
125	2.25	0.0310513	0.197107	0.00100026	0.00378326	0.029826	0.00194345	0.00296526	0.000756884	0.00331226	0.00241455	2.6009e-06	0.000551773	0.000366778	1.20439e-05	0.000474345
126	2.25	0.0307785	0.197164	0.000992493	0.003749	0.0295268	0.00192802	0.00294063	0.000750996	0.00328656	0.00239547	2.60715e-06	0.000547319	0.000363738	1.19503e-05	0.00047347
127	2.25	0.0305086	0.197216	0.000984838	0.00371529	0.0292325	0.00191282	0.00291622	0.000745195	0.00326124	0.00237668	2.61335e-06	0.000542931	0.000360743	1.18581e-05	0.000472586
128	2.25	0.0302415	0.197264	0.000977295	0.00368212	0.0289428	0.00189784	0.00289204	0.000739479	0.0032363	0.00235816	2.6195e-06	0.000538609	0.000357794	1.17673e-05	0.000471692
129	2.25	0.0299772	0.197306	0.000969862	0.00364949	0.0286578	0.00188308	0.00286808	0.000733846	0.00321172	0.00233992	2.6256e-06	0.000534351	0.000354889	1.16778e-05	0.000470789
130	2.25	0.0297156	0.197345	0.000962537	0.00361737	0.0283774	0.00186854	0.00284435	0.000728296	0.00318749	0.00232194	2.63166e-06	0.000530155	0.000352027	1.15896e-05	0.000469878
131	2.25	0.0294568	0.197378	0.000955319	0.00358576	0.0281015	0.00185422	0.00282083	0.000722827	0.00316362	0.00230423	2.63767e-06	0.000526022	0.000349208	1.15027e-05	0.000468958
132	2.25	0.0292008	0.197408	0.000948207	0.00355464	0.0278299	0.0018401	0.00279754	0.000717437	0.0031401	0.00228677	2.64363e-06	0.00052195	0.000346431	1.1417e-05	0.00046803
133	2.25	0.0289475	0.197433	0.000941197	0.00352402	0.0275627	0.00182619	0.00277447	0.000712126	0.00311691	0.00226958	2.64955e-06	0.000517937	0.000343695	1.13326e-05	0.000467094
134	2.25	0.0286968	0.197454	0.000934288	0.00349388	0.0272997	0.00181248	0.00275161	0.000706891	0.00309407	0.00225263	2.65542e-06	0.000513984	0.000341	1.12494e-05	0.00046615
135	2.25	0.0284489	0.197471	0.000927479	0.00346421	0.0270409	0.00179897	0.00272897	0.000701732	0.00307155	0.00223592	2.66125e-06	0.000510088	0.000338345	1.11675e-05	0.000465199
136	2.25	0.0282037	0.197484	0.000920769	0.003435	0.0267861	0.00178566	0.00270655	0.000696647	0.00304935	0.00221946	2.66704e-06	0.000506249	0.000335728	1.10867e-05	0.00046424
137	2.25	0.0279611	0.197492	0.000914154	0.00340625	0.0265354	0.00177254	0.00268435	0.000691635	0.00302748	0.00220324	2.67278e-06	0.000502466	0.00033315	1.1007e-05	0.000463274
138	2.25	0.0277211	0.197497	0.000907634	0.00337794	0.0262886	0.00175961	0.00266236	0.000686695	0.00300591	0.00218725	2.67848e-06	0.000498738	0.00033061	1.09285e-05	0.000462302
139	2.25	0.0274838	0.197498	0.000901207	0.00335007	0.0260457	0.00174687	0.00264059	0.000681826	0.00298466	0.00217149	2.68414e-06	0.000495063	0.000328107	1.08511e-05	0.000461322
140	2.25	0.027249	0.197495	0.000894872	0.00332262	0.0258066	0.00173431	0.00261903	0.000677025	0.00296371	0.00215595	2.68976e-06	0.000491442	0.000325641	1.07748e-05	0.000460337
141	2.25	0.0270168	0.197488	0.000888627	0.0032956	0.0255712	0.00172192	0.00259768	0.000672294	0.00294305	0.00214064	2.69534e-06	0.000487873	0.00032321	1.06996e-05	0.000459345
142	2.25	0.0267872	0.197478	0.000882471	0.00326899	0.0253395	0.00170972	0.00257654	0.000667629	0.00292269	0.00212554	2.70088e-06	0.000484356	0.000320815	1.06255e-05	0.000458347
143	2.25	0.0265601	0.197464	0.000876401	0.00324279	0.0251113	0.00169769	0.00255561	0.00066303	0.00290261	0.00211066	2.70638e-06	0.000480889	0.000318455	1.05524e-05	0.000457344
144	2.25	0.0263356	0.197447	0.000870417	0.00321698	0.0248868	0.00168583	0.00253489	0.000658497	0.00288282	0.002096	2.71184e-06	0.000477471	0.000316128	1.04803e-05	0.000456335
145	2.25	0.0261135	0.197426	0.000864518	0.00319156	0.0246656	0.00167414	0.00251438	0.000654027	0.00286331	0.00208154	2.71726e-06	0.000474102	0.000313835	1.04093e-05	0.00045532
146	2.25	0.0258939	0.197401	0.000858701	0.00316653	0.0244479	0.00166261	0.00249408	0.00064962	0.00284407	0.00206728	2.72265e-06	0.000470781	0.000311575	1.03393e-05	0.0004543
147	2.25	0.0256768	0.197373	0.000852966	0.00314187	0.0242336	0.00165125	0.00247398	0.000645274	0.0028251	0.00205323	2.728e-06	0.000467508	0.000309348	1.02702e-05	0.000453276
148	2.25	0.0254621	0.197342	0.000847311	0.00311759	0.0240225	0.00164005	0.00245408	0.00064099	0.0028064	0.00203937	2.73331e-06	0.00046428	0.000307152	1.02021e-05	0.000452246
149	2.25	0.0252498	0.197308	0.000841735	0.00309367	0.0238147	0.001629	0.00243439	0.000636765	0.00278795	0.0020257	2.73859e-06	0.000461099	0.000304988	1.0135e-05	0.000451212
150	2.25	0.0250399	0.19727	0.000836236	0.0030701	0.02361	0.00161811	0.00241489	0.000632599	0.00276977	0.00201223	2.74383e-06	0.000457962	0.000302854	1.00688e-05	0.000450173
151	2.25	0.0248324	0.19723	0.000830814	0.00304688	0.0234085	0.00160737	0.0023956	0.000628491	0.00275183	0.00199895	2.74904e-06	0.000454869	0.000300751	1.00035e-05	0.00044913
152	2.25	0.0246272	0.197186	0.000825467	0.00302401	0.02321	0.00159678	0.0023765	0.00062444	0.00273415	0.00198585	2.75421e-06	0.00045182	0.000298678	9.93908e-06	0.000448083
153	2.25	0.0244243	0.197139	0.000820194	0.00300148	0.0230146	0.00158634	0.00235761	0.000620445	0.0027167	0.00197293	2.75935e-06	0.000448814	0.000296634	9.87558e-06	0.000447032
154	2.25	0.0242238	0.197089	0.000814993	0.00297928	0.0228221	0.00157605	0.0023389	0.000616505	0.0026995	0.0019602	2.76445e-06	0.000445849	0.000294619	9.81296e-06	0.000445977
155	2.25	0.0240255	0.197036	0.000809864	0.0029574	0.0226325	0.00156589	0.00232039	0.000612619	0.00268254	0.00194763	2.76952e-06	0.000442926	0.000292632	9.75119e-06	0.000444918
156	2.25	0.0238296	0.19698	0.000804805	0.00293585	0.0224457	0.00155588	0.00230208	0.000608786	0.0026658	0.00193525	2.77456e-06	0.000440043	0.000290673	9.69028e-06	0.000443856
157	2.25	0.0236358	0.196922	0.000799815	0.00291461	0.0222618	0.001546	0.00228395	0.000605006	0.0026493	0.00192303	2.77957e-06	0.000437201	0.000288741	9.63019e-06	0.000442791
158	2.25	0.0234443	0.19686	0.000794893	0.00289368	0.0220806	0.00153626	0.00226602	0.000601277	0.00263302	0.00191098	2.78454e-06	0.000434397	0.000286837	9.57093e-06	0.000441722
159	2.25	0.023255	0.196796	0.000790039	0.00287305	0.0219022	0.00152666	0.00224827	0.000597599	0.00261696	0.00189909	2.78949e-06	0.000431633	0.000284958	9.51247e-06	0.00044065
160	2.25	0.0230679	0.196729	0.00078525	0.00285272	0.0217264	0.00151718	0.00223072	0.000593971	0.00260112	0.00188737	2.7944e-06	0.000428906	0.000283106	9.45481e-06	0.000439576
161	2.25	0.0228829	0.19666	0.000780526	0.00283269	0.0215532	0.00150784	0.00221334	0.000590393	0.00258549	0.00187581	2.79928e-06	0.000426217	0.00028128	9.39793e-06	0.000438498
162	2.25	0.0227001	0.196588	0.000775866	0.00281295	0.0213826	0.00149862	0.00219615	0.000586862	0.00257008	0.0018644	2.80414e-06	0.000423565	0.000279479	9.34181e-06	0.000437418
163	2.25	0.0225194	0.196513	0.000771269	0.00279348	0.0212146	0.00148953	0.00217915	0.000583379	0.00255487	0.00185315	2.80896e-06	0.000420949	0.000277703	9.28646e-06	0.000436336
164	2.25	0.0223408	0.196436	0.000766733	0.0027743	0.021049	0.00148056	0.00216232	0.000579944	0.00253987	0.00184205	2.81375e-06	0.000418368	0.000275951	9.23184e-06	0.000435251
165	2.25	0.0221642	0.196356	0.000762259	0.00275539	0.0208859	0.00147171	0.00214568	0.000576554	0.00252507	0.0018311	2.81852e-06	0.000415823	0.000274224	9.17796e-06	0.000434164
166	2.25	0.0219897	0.196274	0.000757844	0.00273675	0.0207251	0.00146298	0.00212921	0.000573209	0.00251046	0.0018203	2.82325e-06	0.000413312	0.00027252	9.1248e-06	0.000433075
167	2.25	0.0218173	0.19619	0.000753488	0.00271838	0.0205668	0.00145437	0.00211292	0.000569909	0.00249605	0.00180964	2.82796e-06	0.000410835	0.000270839	9.07235e-06	0.000431984
168	2.25	0.0216469	0.196103	0.00074919	0.00270027	0.0204107	0.00144587	0.0020968	0.000566654	0.00248184	0.00179913	2.83265e-06	0.000408392	0.000269181	9.0206e-06	0.000430891
169	2.25	0.0214784	0.196014	0.000744949	0.00268241	0.0202569	0.00143749	0.00208086	0.000563441	0.00246781	0.00178875	2.8373e-06	0.000405981	0.000267546	8.96953e-06	0.000429796
170	2.25	0.021312	0.195923	0.000740765	0.0026648	0.0201054	0.00142922	0.00206509	0.000560271	0.00245397	0.00177852	2.84193e-06	0.000403603	0.000265933	8.91914e-06	0.0004287
171	2.25	0.0211475	0.195829	0.000736635	0.00264744	0.0199561	0.00142106	0.00204949	0.000557143	0.0024403	0.00176842	2.84653e-06	0.000401257	0.000264341	8.86942e-06	0.000427602
172	2.25	0.0209849	0.195733	0.00073256	0.00263033	0.019809	0.00141301	0.00203406	0.000554056	0.00242682	0.00175845	2.8511e-06	0.000398942	0.000262771	8.82035e-06	0.000426503
173	2.25	0.0208243	0.195635	0.000728539	0.00261345	0.019664	0.00140506	0.0020188	0.000551009	0.00241352	0.00174862	2.85565e-06	0.000396658	0.000261223	8.77193e-06	0.000425402
174	2.25	0.0206655	0.195535	0.00072457	0.00259681	0.019521	0.00139722	0.0020037	0.000548003	0.00240039	0.00173891	2.86017e-06	0.000394404	0.000259695	8.72414e-06	0.000424301
175	2.25	0.0205086	0.195433	0.000720653	0.0025804	0.0193802	0.00138948	0.00198877	0.000545036	0.00238743	0.00172933	2.86467e-06	0.000392181	0.000258187	8.67697e-06	0.000423198
176	2.25	0.0203536	0.195329	0.000716787	0.00256422	0.0192414	0.00138185	0.001974	0.000542108	0.00237465	0.00171988	2.86915e-06	0.000389986	0.0002567	8.63042e-06	0.000422094
177	2.25	0.0202004	0.195222	0.000712972	0.00254826	0.0191045	0.00137431	0.0019594	0.000539217	0.00236202	0.00171056	2.87359e-06	0.000387821	0.000255233	8.58448e-06	0.00042099
178	2.25	0.020049	0.195114	0.000709206	0.00253252	0.0189697	0.00136688	0.00194495	0.000536365	0.00234956	0.00170135	2.87802e-06	0.000385684	0.000253785	8.53913e-06	0.000419884
179	2.25	0.0198994	0.195004	0.000705488	0.002517	0.0188367	0.00135954	0.00193066	0.000533549	0.00233727	0.00169226	2.88242e-06	0.000383575	0.000252356	8.49437e-06	0.000418779
180	2.25	0.0197515	0.194892	0.000701819	0.00250169	0.0187057	0.00135229	0.00191653	0.000530769	0.00232513	0.0016833	2.8868e-06	0.000381494	0.000250946	8.45018e-06	0.000417672
181	2.25	0.0196055	0.194778	0.000698197	0.00248659	0.0185765	0.00134514	0.00190256	0.000528026	0.00231314	0.00167445	2.89115e-06	0.00037944	0.000249555	8.40657e-06	0.000416565
182	2.25	0.0194611	0.194663	0.000694621	0.0024717	0.0184491	0.00133809	0.00188874	0.000525317	0.00230132	0.00166571	2.89548e-06	0.000377412	0.000248182	8.36351e-06	0.000415458
183	2.25	0.0193185	0.194545	0.000691091	0.00245701	0.0183236	0.00133112	0.00187507	0.000522643	0.00228964	0.00165708	2.89979e-06	0.000375411	0.000246827	8.32101e-06	0.00041435
184	2.25	0.0191776	0.194426	0.000687606	0.00244252	0.0181998	0.00132424	0.00186155	0.000520004	0.00227811	0.00164857	2.90408e-06	0.000373436	0.00024549	8.27905e-06	0.000413242
185	2.25	0.0190383	0.194305	0.000684166	0.00242822	0.0180778	0.00131745	0.00184819	0.000517398	0.00226673	0.00164016	2.90834e-06	0.000371487	0.00024417	8.23762e-06	0.000412134
186	2.25	0.0189007	0.194182	0.000680769	0.00241412	0.0179575	0.00131075	0.00183497	0.000514825	0.00225549	0.00163187	2.91258e-06	0.000369562	0.000242867	8.19672e-06	0.000411026
187	2.25	0.0187648	0.194058	0.000677415	0.00240021	0.0178389	0.00130414	0.0018219	0.000512285	0.00224439	0.00162368	2.9168e-06	0.000367663	0.000241582	8.15633e-06	0.000409918
188	2.25	0.0186304	0.193931	0.000674104	0.00238649	0.0177219	0.0012976	0.00180897	0.000509776	0.00223344	0.00161559	2.921e-06	0.000365787	0.000240313	8.11646e-06	0.000408811
189	2.25	0.0184977	0.193804	0.000670834	0.00237294	0.0176066	0.00129116	0.00179619	0.0005073	0.00222262	0.0016076	2.92518e-06	0.000363936	0.00023906	8.07708e-06	0.000407703
190	2.25	0.0183666	0.193675	0.000667605	0.00235958	0.0174928	0.00128479	0.00178355	0.000504854	0.00221194	0.00159972	2.92934e-06	0.000362108	0.000237824	8.03821e-06	0.000406596
191	2.25	0.018237	0.193544	0.000664417	0.0023464	0.0173807	0.0012785	0.00177105	0.000502439	0.00220139	0.00159193	2.93348e-06	0.000360304	0.000236603	7.99982e-06	0.000405489
192	2.25	0.018109	0.193411	0.000661269	0.00233339	0.0172701	0.00127229	0.0017587	0.000500055	0.00219097	0.00158425	2.9376e-06	0.000358522	0.000235398	7.9619e-06	0.000404382
193	2.25	0.0179825	0.193277	0.000658159	0.00232056	0.017161	0.00126616	0.00174648	0.0004977	0.00218069	0.00157666	2.94169e-06	0.000356763	0.000234209	7.92446e-06	0.000403276
194	2.25	0.0178575	0.193142	0.000655089	0.00230789	0.0170535	0.00126011	0.00173439	0.000495374	0.00217053	0.00156916	2.94577e-06	0.000355026	0.000233034	7.88749e-06	0.000402171
195	2.25	0.017734	0.193005	0.000652056	0.00229539	0.0169474	0.00125413	0.00172244	0.000493077	0.00216049	0.00156176	2.94983e-06	0.000353311	0.000231875	7.85097e-06	0.000401066
196	2.25	0.017612	0.192867	0.000649061	0.00228305	0.0168428	0.00124823	0.00171063	0.000490808	0.00215058	0.00155445	2.95387e-06	0.000351618	0.00023073	7.81491e-06	0.000399962
197	2.25	0.0174915	0.192727	0.000646102	0.00227088	0.0167396	0.0012424	0.00169895	0.000488568	0.00214079	0.00154723	2.95789e-06	0.000349945	0.0002296	7.77928e-06	0.000398859
198	2.25	0.0173724	0.192586	0.00064318	0.00225887	0.0166378	0.00123664	0.0016874	0.000486355	0.00213113	0.0015401	2.96189e-06	0.000348294	0.000228484	7.7441e-06	0.000397757
199	2.25	0.0172547	0.192444	0.000640294	0.00224701	0.0165374	0.00123096	0.00167598	0.000484169	0.00212158	0.00153306	2.96587e-06	0.000346663	0.000227382	7.70934e-06	0.000396655
200	2.25	0.0171384	0.1923	0.000637443	0.0022353	0.0164384	0.00122534	0.00166469	0.000482009	0.00211214	0.0015261	2.96984e-06	0.000345052	0.000226294	7.67501e-06	0.000395555
201	2.25	0.0170235	0.192155	0.000634626	0.00222375	0.0163407	0.0012198	0.00165353	0.000479876	0.00210282	0.00151923	2.97378e-06	0.000343461	0.000225219	7.6411e-06	0.000394455
202	2.25	0.0169101	0.192009	0.000631844	0.00221235	0.0162443	0.00121432	0.00164249	0.000477769	0.00209362	0.00151244	2.97771e-06	0.00034189	0.000224158	7.6076e-06	0.000393357
203	2.25	0.0167979	0.191862	0.000629095	0.00220109	0.0161492	0.0012089	0.00163157	0.000475687	0.00208452	0.00150574	2.98162e-06	0.000340338	0.00022311	7.5745e-06	0.000392259
204	2.25	0.0166871	0.191713	0.00062638	0.00218998	0.0160555	0.00120356	0.00162078	0.000473631	0.00207554	0.00149912	2.98552e-06	0.000338805	0.000222075	7.5418e-06	0.000391163
205	2.25	0.0165777	0.191563	0.000623697	0.00217901	0.0159629	0.00119828	0.00161012	0.000471599	0.00206666	0.00149257	2.9894e-06	0.000337291	0.000221052	7.5095e-06	0.000390069
206	2.25	0.0164695	0.191412	0.000621046	0.00216818	0.0158716	0.00119306	0.00159957	0.000469591	0.00205789	0.00148611	2.99326e-06	0.000335795	0.000220043	7.47758e-06	0.000388975
207	2.25	0.0163627	0.19126	0.000618427	0.00215749	0.0157816	0.0011879	0.00158914	0.000467608	0.00204923	0.00147972	2.9971e-06	0.000334317	0.000219046	7.44604e-06	0.000387883
208	2.25	0.0162571	0.191106	0.000615839	0.00214693	0.0156927	0.00118281	0.00157883	0.000465648	0.00204066	0.00147342	3.00093e-06	0.000332858	0.000218061	7.41488e-06	0.000386793
209	2.25	0.0161528	0.190952	0.000613282	0.00213651	0.015605	0.00117778	0.00156863	0.000463711	0.0020322	0.00146718	3.00474e-06	0.000331416	0.000217088	7.38409e-06	0.000385703
210	2.25	0.0160498	0.190796	0.000610755	0.00212622	0.0155185	0.00117281	0.00155856	0.000461798	0.00202384	0.00146102	3.00853e-06	0.000329991	0.000216127	7.35366e-06	0.000384616
211	2.25	0.0159479	0.19064	0.000608258	0.00211606	0.0154331	0.00116789	0.00154859	0.000459907	0.00201558	0.00145494	3.01231e-06	0.000328583	0.000215177	7.32359e-06	0.00038353
212	2.25	0.0158473	0.190482	0.00060579	0.00210603	0.0153488	0.00116304	0.00153874	0.000458038	0.00200741	0.00144892	3.01607e-06	0.000327192	0.000214239	7.29388e-06	0.000382445
213	2.25	0.015748	0.190323	0.000603352	0.00209612	0.0152657	0.00115824	0.001529	0.000456191	0.00199934	0.00144298	3.01982e-06	0.000325818	0.000213312	7.26451e-06	0.000381362
214	2.25	0.0156498	0.190163	0.000600941	0.00208633	0.0151836	0.0011535	0.00151937	0.000454366	0.00199137	0.00143711	3.02355e-06	0.00032446	0.000212397	7.23549e-06	0.000380281
215	2.25	0.0155527	0.190003	0.000598559	0.00207667	0.0151026	0.00114882	0.00150985	0.000452561	0.00198348	0.0014313	3.02727e-06	0.000323119	0.000211492	7.2068e-06	0.000379202
216	2.25	0.0154569	0.189841	0.000596204	0.00206713	0.0150227	0.00114419	0.00150044	0.000450778	0.00197569	0.00142557	3.03097e-06	0.000321793	0.000210599	7.17845e-06	0.000378125
217	2.25	0.0153621	0.189678	0.000593877	0.0020577	0.0149438	0.00113961	0.00149114	0.000449016	0.00196799	0.0014199	3.03465e-06	0.000320482	0.000209716	7.15043e-06	0.000377049
218	2.25	0.0152686	0.189514	0.000591576	0.00204839	0.0148659	0.00113509	0.00148194	0.000447274	0.00196038	0.00141429	3.03833e-06	0.000319188	0.000208843	7.12272e-06	0.000375975
219	2.25	0.0151761	0.18935	0.000589302	0.0020392	0.014789	0.00113062	0.00147284	0.000445552	0.00195285	0.00140875	3.04198e-06	0.000317908	0.000207981	7.09534e-06	0.000374903
220	2.25	0.0150847	0.189184	0.000587054	0.00203012	0.0147132	0.0011262	0.00146385	0.000443849	0.00194541	0.00140328	3.04563e-06	0.000316643	0.000207129	7.06827e-06	0.000373833
221	2.25	0.0149945	0.189018	0.000584832	0.00202115	0.0146383	0.00112184	0.00145496	0.000442166	0.00193806	0.00139787	3.04925e-06	0.000315393	0.000206287	7.04151e-06	0.000372765
222	2.25	0.0149053	0.188851	0.000582635	0.00201229	0.0145643	0.00111752	0.00144617	0.000440503	0.00193079	0.00139252	3.05287e-06	0.000314157	0.000205455	7.01505e-06	0.000371699
223	2.25	0.0148172	0.188683	0.000580462	0.00200353	0.0144913	0.00111325	0.00143748	0.000438858	0.0019236	0.00138723	3.05647e-06	0.000312936	0.000204632	6.9889e-06	0.000370636
224	2.25	0.0147301	0.188514	0.000578315	0.00199488	0.0144193	0.00110903	0.00142889	0.000437231	0.00191649	0.001382	3.06006e-06	0.000311728	0.000203819	6.96304e-06	0.000369574
225	2.25	0.0146441	0.188344	0.000576191	0.00198634	0.0143481	0.00110486	0.0014204	0.000435623	0.00190946	0.00137683	3.06363e-06	0.000310535	0.000203016	6.93747e-06	0.000368514
226	2.25	0.0145591	0.188174	0.000574091	0.0019779	0.0142779	0.00110074	0.001412	0.000434033	0.00190252	0.00137172	3.06719e-06	0.000309355	0.000202222	6.91218e-06	0.000367457
227	2.25	0.0144751	0.188003	0.000572015	0.00196956	0.0142085	0.00109666	0.0014037	0.000432461	0.00189564	0.00136667	3.07074e-06	0.000308189	0.000201437	6.88718e-06	0.000366401
228	2.25	0.0143921	0.187831	0.000569962	0.00196132	0.0141401	0.00109263	0.00139549	0.000430907	0.00188885	0.00136167	3.07427e-06	0.000307036	0.000200661	6.86246e-06	0.000365348
229	2.25	0.0143101	0.187658	0.000567932	0.00195318	0.0140724	0.00108865	0.00138738	0.000429369	0.00188213	0.00135673	3.07779e-06	0.000305896	0.000199894	6.83801e-06	0.000364298
230	2.25	0.014229	0.187484	0.000565924	0.00194513	0.0140057	0.00108471	0.00137936	0.000427849	0.00187549	0.00135185	3.0813e-06	0.000304768	0.000199136	6.81384e-06	0.000363249
231	2.25	0.014149	0.18731	0.000563938	0.00193718	0.0139397	0.00108081	0.00137143	0.000426345	0.00186891	0.00134702	3.0848e-06	0.000303654	0.000198386	6.78993e-06	0.000362203
232	2.25	0.0140698	0.187135	0.000561974	0.00192933	0.0138746	0.00107696	0.00136358	0.000424858	0.00186241	0.00134224	3.08828e-06	0.000302552	0.000197645	6.76628e-06	0.000361159
233	2.25	0.0139917	0.186959	0.000560031	0.00192156	0.0138103	0.00107314	0.00135583	0.000423387	0.00185599	0.00133751	3.09175e-06	0.000301462	0.000196913	6.74289e-06	0.000360118
234	2.25	0.0139144	0.186783	0.00055811	0.00191389	0.0137468	0.00106938	0.00134817	0.000421933	0.00184963	0.00133284	3.09521e-06	0.000300384	0.000196188	6.71975e-06	0.000359079
235	2.25	0.0138381	0.186606	0.00055621	0.00190631	0.0136841	0.00106565	0.00134059	0.000420494	0.00184334	0.00132822	3.09865e-06	0.000299318	0.000195472	6.69687e-06	0.000358042
236	2.25	0.0137626	0.186429	0.00055433	0.00189881	0.0136222	0.00106196	0.0013331	0.00041907	0.00183712	0.00132365	3.10209e-06	0.000298265	0.000194764	6.67423e-06	0.000357008
237	2.25	0.0136881	0.18625	0.00055247	0.0018914	0.013561	0.00105831	0.00132569	0.000417662	0.00183096	0.00131913	3.10551e-06	0.000297222	0.000194063	6.65184e-06	0.000355977
238	2.25	0.0136144	0.186072	0.00055063	0.00188408	0.0135006	0.00105471	0.00131837	0.000416269	0.00182487	0.00131466	3.10892e-06	0.000296191	0.000193371	6.62969e-06	0.000354947
239	2.25	0.0135416	0.185892	0.00054881	0.00187684	0.0134409	0.00105114	0.00131113	0.000414891	0.00181885	0.00131023	3.11232e-06	0.000295171	0.000192686	6.60777e-06	0.000353921
240	2.25	0.0134697	0.185712	0.00054701	0.00186969	0.0133819	0.00104761	0.00130397	0.000413528	0.00181289	0.00130586	3.11571e-06	0.000294163	0.000192008	6.58609e-06	0.000352897
241	2.25	0.0133986	0.185531	0.000545228	0.00186261	0.0133236	0.00104412	0.00129689	0.000412179	0.00180699	0.00130153	3.11908e-06	0.000293165	0.000191338	6.56464e-06	0.000351875
242	2.25	0.0133283	0.18535	0.000543466	0.00185562	0.0132661	0.00104066	0.0012899	0.000410845	0.00180116	0.00129724	3.12245e-06	0.000292178	0.000190676	6.54342e-06	0.000350856
243	2.25	0.0132589	0.185169	0.000541722	0.00184871	0.0132092	0.00103725	0.00128298	0.000409524	0.00179539	0.00129301	3.1258e-06	0.000291202	0.00019002	6.52242e-06	0.00034984
244	2.25	0.0131903	0.184986	0.000539996	0.00184187	0.0131531	0.00103386	0.00127614	0.000408218	0.00178968	0.00128881	3.12915e-06	0.000290236	0.000189372	6.50164e-06	0.000348826
245	2.25	0.0131225	0.184803	0.000538288	0.00183512	0.0130976	0.00103052	0.00126937	0.000406925	0.00178402	0.00128466	3.13248e-06	0.000289281	0.000188731	6.48107e-06	0.000347815
246	2.25	0.0130554	0.18462	0.000536598	0.00182844	0.0130427	0.00102721	0.00126269	0.000405645	0.00177843	0.00128056	3.1358e-06	0.000288335	0.000188097	6.46072e-06	0.000346807
247	2.25	0.0129892	0.184436	0.000534925	0.00182183	0.0129886	0.00102393	0.00125607	0.000404379	0.00177289	0.0012765	3.13911e-06	0.0002874	0.000187469	6.44058e-06	0.000345801
248	2.25	0.0129237	0.184252	0.00053327	0.0018153	0.012935	0.00102069	0.00124954	0.000403126	0.00176742	0.00127248	3.14241e-06	0.000286474	0.000186848	6.42065e-06	0.000344798
249	2.25	0.012859	0.184067	0.000531632	0.00180884	0.0128821	0.00101749	0.00124307	0.000401886	0.00176199	0.0012685	3.1457e-06	0.000285559	0.000186234	6.40093e-06	0.000343798
250	2.25	0.0127951	0.183882	0.00053001	0.00180245	0.0128298	0.00101431	0.00123668	0.000400658	0.00175663	0.00126456	3.14898e-06	0.000284653	0.000185627	6.3814e-06	0.0003428
251	2.25	0.0127319	0.183696	0.000528405	0.00179613	0.0127782	0.00101117	0.00123036	0.000399443	0.00175131	0.00126066	3.15225e-06	0.000283756	0.000185025	6.36208e-06	0.000341806
252	2.25	0.0126694	0.18351	0.000526817	0.00178988	0.0127271	0.00100806	0.00122411	0.00039824	0.00174606	0.00125681	3.15551e-06	0.000282868	0.00018443	6.34295e-06	0.000340814
253	2.25	0.0126077	0.183324	0.000525244	0.0017837	0.0126767	0.00100498	0.00121793	0.00039705	0.00174085	0.00125299	3.15876e-06	0.00028199	0.000183842	6.32401e-06	0.000339824
254	2.25	0.0125467	0.183137	0.000523687	0.00177759	0.0126268	0.00100194	0.00121182	0.000395871	0.0017357	0.00124921	3.162e-06	0.000281121	0.000183259	6.30527e-06	0.000338838
255	2.25	0.0124864	0.182949	0.000522146	0.00177154	0.0125775	0.000998922	0.00120578	0.000394705	0.0017306	0.00124547	3.16523e-06	0.000280261	0.000182683	6.28671e-06	0.000337854
256	2.25	0.0124267	0.182761	0.000520621	0.00176556	0.0125288	0.000995938	0.00119981	0.000393549	0.00172555	0.00124177	3.16845e-06	0.000279409	0.000182113	6.26834e-06	0.000336874
257	2.25	0.0123678	0.182573	0.00051911	0.00175965	0.0124806	0.000992983	0.0011939	0.000392406	0.00172055	0.00123811	3.17166e-06	0.000278566	0.000181548	6.25015e-06	0.000335896
258	2.25	0.0123095	0.182384	0.000517614	0.00175379	0.012433	0.000990058	0.00118806	0.000391274	0.0017156	0.00123448	3.17486e-06	0.000277732	0.000180989	6.23214e-06	0.000334921
259	2.25	0.012252	0.182195	0.000516133	0.001748	0.0123859	0.000987163	0.00118228	0.000390153	0.00171069	0.00123088	3.17805e-06	0.000276906	0.000180436	6.21431e-06	0.000333948
260	2.25	0.012195	0.182006	0.000514667	0.00174228	0.0123394	0.000984296	0.00117657	0.000389043	0.00170584	0.00122733	3.18123e-06	0.000276089	0.000179889	6.19665e-06	0.000332979
261	2.25	0.0121388	0.181816	0.000513215	0.00173661	0.0122934	0.000981458	0.00117092	0.000387943	0.00170103	0.00122381	3.18441e-06	0.000275279	0.000179347	6.17917e-06	0.000332012
262	2.25	0.0120831	0.181626	0.000511777	0.001731	0.0122479	0.000978647	0.00116533	0.000386855	0.00169627	0.00122032	3.18757e-06	0.000274478	0.000178811	6.16185e-06	0.000331049
263	2.25	0.0120281	0.181436	0.000510353	0.00172545	0.012203	0.000975864	0.00115981	0.000385777	0.00169156	0.00121687	3.19072e-06	0.000273685	0.00017828	6.14471e-06	0.000330088
264	2.25	0.0119738	0.181245	0.000508942	0.00171996	0.0121585	0.000973109	0.00115435	0.000384709	0.00168689	0.00121345	3.19387e-06	0.000272899	0.000177755	6.12772e-06	0.00032913
265	2.25	0.01192	0.181054	0.000507546	0.00171453	0.0121145	0.00097038	0.00114894	0.000383652	0.00168227	0.00121006	3.19701e-06	0.000272121	0.000177234	6.11091e-06	0.000328175
266	2.25	0.0118669	0.180863	0.000506162	0.00170916	0.0120711	0.000967677	0.0011436	0.000382605	0.00167769	0.00120671	3.20014e-06	0.000271351	0.000176719	6.09425e-06	0.000327223
267	2.25	0.0118144	0.180671	0.000504792	0.00170384	0.0120281	0.000965001	0.00113832	0.000381567	0.00167315	0.00120339	3.20326e-06	0.000270588	0.000176209	6.07775e-06	0.000326274
268	2.25	0.0117624	0.180479	0.000503434	0.00169857	0.0119856	0.00096235	0.00113309	0.00038054	0.00166866	0.0012001	3.20637e-06	0.000269833	0.000175704	6.0614e-06	0.000325328
269	2.25	0.0117111	0.180287	0.00050209	0.00169336	0.0119436	0.000959725	0.00112792	0.000379522	0.00166421	0.00119684	3.20947e-06	0.000269085	0.000175204	6.04521e-06	0.000324385
270	2.25	0.0116603	0.180095	0.000500758	0.0016882	0.011902	0.000957124	0.00112281	0.000378514	0.0016598	0.00119361	3.21256e-06	0.000268344	0.000174709	6.02917e-06	0.000323445
271	2.25	0.0116101	0.179902	0.000499438	0.0016831	0.0118609	0.000954549	0.00111776	0.000377515	0.00165543	0.00119041	3.21565e-06	0.00026761	0.000174219	6.01329e-06	0.000322508
272	2.25	0.0115605	0.179709	0.000498131	0.00167805	0.0118202	0.000951997	0.00111276	0.000376526	0.0016511	0.00118725	3.21873e-06	0.000266883	0.000173733	5.99754e-06	0.000321574
273	2.25	0.0115114	0.179516	0.000496836	0.00167305	0.01178	0.00094947	0.00110781	0.000375545	0.00164681	0.00118411	3.2218e-06	0.000266164	0.000173252	5.98195e-06	0.000320642
274	2.25	0.0114629	0.179322	0.000495552	0.00166809	0.0117402	0.000946965	0.00110292	0.000374574	0.00164256	0.001181	3.22486e-06	0.00026545	0.000172776	5.9665e-06	0.000319714
275	2.25	0.0114149	0.179128	0.000494281	0.00166319	0.0117008	0.000944485	0.00109809	0.000373612	0.00163835	0.00117792	3.22791e-06	0.000264744	0.000172304	5.95119e-06	0.000318789
276	2.25	0.0113675	0.178935	0.000493021	0.00165834	0.0116619	0.000942027	0.0010933	0.000372658	0.00163418	0.00117487	3.23096e-06	0.000264044	0.000171837	5.93601e-06	0.000317866
277	2.25	0.0113206	0.17874	0.000491772	0.00165354	0.0116233	0.000939592	0.00108857	0.000371713	0.00163005	0.00117185	3.23399e-06	0.000263351	0.000171374	5.92098e-06	0.000316947
278	2.25	0.0112742	0.178546	0.000490535	0.00164878	0.0115852	0.000937179	0.00108389	0.000370776	0.00162595	0.00116885	3.23702e-06	0.000262664	0.000170916	5.90608e-06	0.000316031
279	2.25	0.0112283	0.178351	0.000489309	0.00164407	0.0115475	0.000934788	0.00107926	0.000369848	0.00162189	0.00116588	3.24004e-06	0.000261984	0.000170462	5.89132e-06	0.000315117
280	2.25	0.0111829	0.178157	0.000488093	0.00163941	0.0115102	0.000932419	0.00107468	0.000368928	0.00161787	0.00116294	3.24306e-06	0.000261309	0.000170012	5.87668e-06	0.000314207
281	2.25	0.011138	0.177962	0.000486889	0.00163479	0.0114733	0.000930071	0.00107015	0.000368017	0.00161388	0.00116003	3.24606e-06	0.000260641	0.000169566	5.86218e-06	0.0003133
282	2.25	0.0110937	0.177766	0.000485695	0.00163022	0.0114368	0.000927744	0.00106566	0.000367113	0.00160993	0.00115714	3.24906e-06	0.000259979	0.000169124	5.84781e-06	0.000312395
283	2.25	0.0110498	0.177571	0.000484512	0.00162569	0.0114007	0.000925438	0.00106123	0.000366218	0.00160601	0.00115428	3.25205e-06	0.000259323	0.000168687	5.83356e-06	0.000311494
284	2.25	0.0110063	0.177376	0.000483339	0.0016212	0.0113649	0.000923152	0.00105684	0.00036533	0.00160213	0.00115144	3.25504e-06	0.000258673	0.000168253	5.81943e-06	0.000310596
285	2.25	0.0109634	0.17718	0.000482176	0.00161676	0.0113295	0.000920887	0.00105251	0.00036445	0.00159828	0.00114863	3.25801e-06	0.000258029	0.000167824	5.80543e-06	0.000309701
286	2.25	0.0109209	0.176984	0.000481023	0.00161236	0.0112945	0.000918642	0.00104821	0.000363578	0.00159446	0.00114584	3.26098e-06	0.00025739	0.000167398	5.79155e-06	0.000308808
287	2.25	0.0108789	0.176788	0.000479881	0.001608	0.0112598	0.000916416	0.00104397	0.000362713	0.00159068	0.00114307	3.26395e-06	0.000256757	0.000166976	5.77779e-06	0.000307919
288	2.25	0.0108374	0.176592	0.000478748	0.00160369	0.0112255	0.00091421	0.00103977	0.000361855	0.00158693	0.00114033	3.2669e-06	0.00025613	0.000166558	5.76415e-06	0.000307033
289	2.25	0.0107963	0.176396	0.000477624	0.00159941	0.0111915	0.000912023	0.00103561	0.000361005	0.00158321	0.00113762	3.26985e-06	0.000255508	0.000166144	5.75063e-06	0.00030615
290	2.25	0.0107556	0.176199	0.000476511	0.00159517	0.0111579	0.000909854	0.0010315	0.000360162	0.00157952	0.00113493	3.27279e-06	0.000254891	0.000165733	5.73722e-06	0.00030527
291	2.25	0.0107154	0.176003	0.000475406	0.00159098	0.0111246	0.000907705	0.00102743	0.000359327	0.00157586	0.00113226	3.27572e-06	0.00025428	0.000165326	5.72392e-06	0.000304393
292	2.25	0.0106756	0.175806	0.000474311	0.00158682	0.0110917	0.000905573	0.0010234	0.000358498	0.00157224	0.00112961	3.27865e-06	0.000253674	0.000164923	5.71073e-06	0.000303519
293	2.25	0.0106363	0.175609	0.000473225	0.0015827	0.0110591	0.00090346	0.00101942	0.000357676	0.00156864	0.00112698	3.28157e-06	0.000253074	0.000164523	5.69766e-06	0.000302647
294	2.25	0.0105974	0.175413	0.000472148	0.00157862	0.0110268	0.000901364	0.00101548	0.000356861	0.00156508	0.00112438	3.28448e-06	0.000252478	0.000164127	5.68469e-06	0.000301779
295	2.25	0.0105588	0.175216	0.00047108	0.00157458	0.0109949	0.000899287	0.00101158	0.000356053	0.00156154	0.0011218	3.28739e-06	0.000251888	0.000163734	5.67183e-06	0.000300914
296	2.25	0.0105207	0.175019	0.000470021	0.00157057	0.0109632	0.000897226	0.00100772	0.000355251	0.00155803	0.00111924	3.29029e-06	0.000251302	0.000163344	5.65908e-06	0.000300052
297	2.25	0.010483	0.174821	0.00046897	0.0015666	0.0109319	0.000895183	0.00100391	0.000354456	0.00155455	0.0011167	3.29318e-06	0.000250722	0.000162958	5.64642e-06	0.000299193
298	2.25	0.0104457	0.174624	0.000467928	0.00156267	0.0109009	0.000893156	0.00100013	0.000353667	0.0015511	0.00111419	3.29607e-06	0.000250146	0.000162575	5.63388e-06	0.000298337
299	2.25	0.0104088	0.174427	0.000466895	0.00155877	0.0108701	0.000891146	0.000996391	0.000352885	0.00154768	0.00111169	3.29895e-06	0.000249575	0.000162195	5.62143e-06	0.000297485
300	2.25	0.0103723	0.174229	0.000465869	0.0015549	0.0108397	0.000889153	0.000992692	0.000352109	0.00154429	0.00110921	3.30182e-06	0.000249009	0.000161819	5.60908e-06	0.000296635


