Results of Simulation 1

Time	C_skin	C_brain	C_null	C_muscle	C_lung	C_heart	C_liver	C_kidney	C_stomach	C_gut	C_pancreas	C_adrenal	C_adip	C_art	C_ven	C_stom_lumen	C_marrow	C_thyroid	C_spleen	C_gut_lumen	C_other
0	0	0	0	0	0	0	0	0	0	0	0	0	0	0	0	0	0	0	0	0	0
1	0.110443	0.185801	0	0.015268	2.07119	0.403543	0.100921	1.46144	0.1951	0.353995	0.227018	0.605424	0.0114627	0.549612	0.0162471	0	0.0381758	1.53519	0.3847	0	0.0103072
2	0.273258	0.457221	0	0.037883	2.17733	0.975119	0.265192	3.06792	0.473837	0.852507	0.557142	1.40006	0.0284776	0.582162	0.0518534	0	0.0947396	3.15704	0.887156	0	0.0255784
3	0.442897	0.737033	0	0.0615759	2.27449	1.54361	0.451496	4.26143	0.753865	1.34502	0.895677	2.12364	0.0463479	0.608927	0.0838998	0	0.154022	4.30899	1.34209	0	0.0415824
4	0.618163	1.02316	0	0.0861866	2.35609	2.10506	0.655655	5.16052	1.03313	1.82829	1.24007	2.78037	0.0649554	0.631501	0.110741	0	0.215622	5.14366	1.75277	0	0.0582114
5	0.797873	1.31357	0	0.111555	2.42522	2.65577	0.8738	5.84565	1.30966	2.29933	1.58786	3.37386	0.0841822	0.650574	0.133558	0	0.279142	5.75932	2.12201	0	0.0753579
6	0.98111	1.6067	0	0.137559	2.48514	3.19317	1.10258	6.37473	1.58206	2.75613	1.93714	3.9086	0.103937	0.667047	0.153412	0	0.344275	6.22265	2.45305	0	0.0929386
7	1.1672	1.90141	0	0.164106	2.53829	3.7157	1.33916	6.78991	1.84939	3.19757	2.28656	4.38965	0.124153	0.68161	0.171088	0	0.410792	6.57958	2.74946	0	0.110892
8	1.35563	2.19687	0	0.191129	2.58644	4.22248	1.58112	7.1218	2.11105	3.62312	2.63514	4.82228	0.14478	0.694759	0.187147	0	0.478526	6.86173	3.01483	0	0.129173
9	1.54605	2.49248	0	0.218578	2.63083	4.71316	1.82643	7.39277	2.3667	4.0327	2.98218	5.21161	0.165781	0.706854	0.201997	0	0.547352	7.09116	3.25264	0	0.147748
10	1.73816	2.78779	0	0.246416	2.67239	5.1877	2.0734	7.61915	2.61614	4.42649	3.32717	5.56252	0.18713	0.718152	0.215927	0	0.617175	7.28323	3.46614	0	0.16659
11	1.93174	3.08245	0	0.274612	2.71176	5.64629	2.3206	7.81273	2.85932	4.80488	3.66975	5.87951	0.208805	0.728837	0.229145	0	0.687923	7.44864	3.65829	0	0.185681
12	2.12663	3.37623	0	0.303144	2.7494	6.0893	2.56686	7.98209	3.09626	5.16836	4.00966	6.16665	0.230789	0.739039	0.241798	0	0.759539	7.5948	3.83179	0	0.205006
13	2.32269	3.66893	0	0.331994	2.78563	6.51717	2.81121	8.13345	3.32705	5.51749	4.34672	6.42762	0.253069	0.748852	0.253993	0	0.831977	7.72695	3.98901	0	0.224551
14	2.51981	3.96039	0	0.361147	2.8207	6.9304	3.05285	8.27131	3.55178	5.85289	4.68078	6.66566	0.275636	0.758343	0.265802	0	0.905201	7.84873	4.13206	0	0.244308
15	2.71789	4.25051	0	0.390591	2.85477	7.32953	3.29114	8.39893	3.77059	6.17517	5.01176	6.88364	0.298479	0.767557	0.27728	0	0.979179	7.96271	4.26278	0	0.264266
16	2.91684	4.53917	0	0.420313	2.88796	7.71511	3.52557	8.51869	3.98364	6.48494	5.33957	7.08408	0.321591	0.77653	0.288466	0	1.05388	8.07072	4.38278	0	0.28442
17	3.11661	4.82631	0	0.450304	2.92034	8.08767	3.75573	8.63228	4.19109	6.7828	5.66416	7.26918	0.344966	0.785285	0.299384	0	1.12929	8.17401	4.49345	0	0.304762
18	3.31711	5.11185	0	0.480556	2.95199	8.44776	3.98131	8.74092	4.39308	7.06933	5.98549	7.44084	0.368596	0.793838	0.310056	0	1.20537	8.27346	4.59598	0	0.325286
19	3.51828	5.39572	0	0.511058	2.98295	8.79589	4.20208	8.84548	4.58979	7.34508	6.30353	7.60071	0.392476	0.802204	0.320495	0	1.28211	8.36969	4.69141	0	0.345986
20	3.72008	5.67788	0	0.541804	3.01324	9.13255	4.41786	8.94662	4.78137	7.61059	6.61826	7.75021	0.416601	0.81039	0.330713	0	1.35949	8.46316	4.78062	0	0.366857
21	3.92243	5.95827	0	0.572786	3.04291	9.45824	4.62855	9.04479	4.96797	7.86635	6.92966	7.89058	0.440965	0.818405	0.340717	0	1.43749	8.55419	4.86439	0	0.387894
22	4.12529	6.23684	0	0.603996	3.07195	9.7734	4.83407	9.14034	5.14975	8.11285	7.23771	8.02289	0.465563	0.826253	0.350515	0	1.51609	8.643	4.94337	0	0.409092
23	4.3286	6.51356	0	0.635427	3.10041	10.0785	5.0344	9.23351	5.32685	8.35052	7.54241	8.14804	0.490389	0.833941	0.360112	0	1.59527	8.72976	5.01811	0	0.430446
24	4.53232	6.78838	0	0.667072	3.12828	10.3739	5.22954	9.32448	5.49941	8.5798	7.84374	8.26684	0.515441	0.841471	0.369513	0	1.67502	8.81459	5.0891	0	0.451951
25	4.73639	7.06126	0	0.698924	3.15558	10.66	5.41953	9.4134	5.66756	8.80109	8.14171	8.37996	0.540711	0.848848	0.378722	0	1.75532	8.89759	5.15674	0	0.473603
26	4.94078	7.33218	0	0.730977	3.18233	10.9373	5.6044	9.50037	5.83145	9.01476	8.4363	8.488	0.566197	0.856076	0.387745	0	1.83614	8.97884	5.22141	0	0.495397
27	5.14542	7.6011	0	0.763224	3.20854	11.206	5.78424	9.58548	5.9912	9.22117	8.72753	8.59146	0.591893	0.863157	0.396586	0	1.91748	9.0584	5.28339	0	0.51733
28	5.35029	7.86799	0	0.795659	3.23422	11.4665	5.95913	9.6688	6.14692	9.42066	9.01538	8.69079	0.617796	0.870095	0.405248	0	1.99933	9.13631	5.34294	0	0.539396
29	5.55534	8.13282	0	0.828276	3.25939	11.7191	6.12917	9.75039	6.29875	9.61355	9.29987	8.78636	0.6439	0.876894	0.413737	0	2.08165	9.21263	5.40031	0	0.561592
30	5.76052	8.39557	0	0.861068	3.28405	11.9642	6.29445	9.8303	6.44679	9.80013	9.58099	8.8785	0.670202	0.883556	0.422055	0	2.16445	9.28739	5.45567	0	0.583913
31	5.9658	8.65621	0	0.89403	3.30822	12.202	6.4551	9.90859	6.59115	9.9807	9.85876	8.96751	0.696698	0.890086	0.430208	0	2.2477	9.36065	5.5092	0	0.606356
32	6.17113	8.91473	0	0.927156	3.33191	12.4329	6.61122	9.98529	6.73195	10.1555	10.1332	9.05364	0.723383	0.896486	0.438199	0	2.3314	9.43244	5.56104	0	0.628917
33	6.37649	9.1711	0	0.96044	3.35513	12.657	6.76293	10.0605	6.86929	10.3248	10.4043	9.1371	0.750254	0.90276	0.446034	0	2.41552	9.50279	5.61133	0	0.651591
34	6.58182	9.4253	0	0.993878	3.3779	12.8747	6.91037	10.1341	7.00327	10.4889	10.672	9.21809	0.777307	0.908911	0.453715	0	2.50005	9.57174	5.66017	0	0.674377
35	6.78711	9.67733	0	1.02746	3.40023	13.0862	7.05365	10.2063	7.13398	10.648	10.9365	9.29679	0.804539	0.914942	0.461247	0	2.58499	9.63933	5.70766	0	0.697268
36	6.99231	9.92717	0	1.06119	3.42212	13.2917	7.19289	10.2771	7.26153	10.8022	11.1977	9.37333	0.831945	0.920857	0.468634	0	2.67031	9.70559	5.75389	0	0.720264
37	7.1974	10.1748	0	1.09506	3.4436	13.4914	7.32823	10.3465	7.38599	10.9518	11.4556	9.44786	0.859523	0.926659	0.475881	0	2.75601	9.77057	5.79894	0	0.743359
38	7.40234	10.4202	0	1.12905	3.46468	13.6857	7.45978	10.4146	7.50748	11.0971	11.7102	9.52049	0.887269	0.932351	0.48299	0	2.84207	9.83429	5.84287	0	0.766551
39	7.60709	10.6634	0	1.16318	3.48535	13.8746	7.58766	10.4813	7.62606	11.2381	11.9616	9.59134	0.915179	0.937937	0.489967	0	2.92848	9.89678	5.88575	0	0.789837
40	7.81165	10.9044	0	1.19743	3.50565	14.0583	7.712	10.5468	7.74182	11.3751	12.2098	9.66049	0.943251	0.943418	0.496814	0	3.01523	9.9581	5.92762	0	0.813213
41	8.01596	11.1431	0	1.2318	3.52557	14.2372	7.8329	10.611	7.85485	11.5082	12.4548	9.72804	0.971482	0.948799	0.503536	0	3.10232	10.0183	5.96855	0	0.836677
42	8.22002	11.3796	0	1.26628	3.54513	14.4113	7.95049	10.6741	7.96523	11.6375	12.6966	9.79406	0.999868	0.954083	0.510137	0	3.18972	10.0773	6.00858	0	0.860225
43	8.42379	11.6139	0	1.30088	3.56434	14.5808	8.06488	10.7359	8.07303	11.7633	12.9353	9.85863	1.02841	0.959271	0.516619	0	3.27742	10.1352	6.04774	0	0.883856
44	8.62724	11.846	0	1.33558	3.58321	14.7459	8.17618	10.7967	8.17832	11.8857	13.1708	9.92181	1.05709	0.964367	0.522987	0	3.36543	10.1921	6.08607	0	0.907565
45	8.83037	12.0758	0	1.37038	3.60175	14.9067	8.28449	10.8563	8.28118	12.0048	13.4033	9.98366	1.08593	0.969374	0.529243	0	3.45372	10.248	6.12361	0	0.931351
46	9.03313	12.3033	0	1.40528	3.61997	15.0635	8.38991	10.9149	8.38169	12.1208	13.6327	10.0442	1.11491	0.974294	0.535391	0	3.5423	10.3029	6.1604	0	0.955211
47	9.23552	12.5287	0	1.44028	3.63788	15.2163	8.49255	10.9725	8.4799	12.2337	13.859	10.1036	1.14403	0.97913	0.541435	0	3.63114	10.3568	6.19646	0	0.979142
48	9.4375	12.7518	0	1.47537	3.65548	15.3653	8.5925	11.029	8.57589	12.3438	14.0824	10.1618	1.17329	0.983884	0.547377	0	3.72024	10.4098	6.23181	0	1.00314
49	9.63907	12.9727	0	1.51054	3.6728	15.5106	8.68987	11.0846	8.66972	12.451	14.3028	10.2189	1.20269	0.988559	0.553221	0	3.8096	10.4618	6.26649	0	1.02721
50	9.8402	13.1914	0	1.54581	3.68983	15.6523	8.78473	11.1392	8.76145	12.5556	14.5202	10.2748	1.23222	0.993157	0.558968	0	3.89919	10.513	6.30053	0	1.05134
51	10.0409	13.4079	0	1.58115	3.70658	15.7907	8.87717	11.1929	8.85114	12.6575	14.7347	10.3298	1.26188	0.997681	0.564623	0	3.98903	10.5633	6.33393	0	1.07553
52	10.2411	13.6221	0	1.61657	3.72307	15.9257	8.96729	11.2457	8.93886	12.757	14.9464	10.3837	1.29167	1.00213	0.570188	0	4.07909	10.6128	6.36673	0	1.09979
53	10.4408	13.8343	0	1.65206	3.73929	16.0576	9.05517	11.2976	9.02466	12.8542	15.1552	10.4367	1.32159	1.00651	0.575665	0	4.16937	10.6615	6.39895	0	1.1241
54	10.64	14.0442	0	1.68763	3.75527	16.1864	9.14087	11.3487	9.10859	12.949	15.3611	10.4887	1.35164	1.01083	0.581057	0	4.25986	10.7094	6.4306	0	1.14847
55	10.8387	14.2519	0	1.72327	3.771	16.3122	9.22449	11.399	9.19072	13.0416	15.5643	10.5398	1.38181	1.01507	0.586367	0	4.35056	10.7565	6.46171	0	1.17289
56	11.0368	14.4576	0	1.75897	3.78649	16.4352	9.30609	11.4485	9.27109	13.1321	15.7647	10.59	1.4121	1.01925	0.591597	0	4.44145	10.8029	6.49229	0	1.19736
57	11.2344	14.661	0	1.79474	3.80175	16.5554	9.38575	11.4973	9.34975	13.2206	15.9624	10.6394	1.44251	1.02337	0.596749	0	4.53254	10.8486	6.52236	0	1.22188
58	11.4315	14.8624	0	1.83057	3.81678	16.6729	9.46353	11.5453	9.42676	13.307	16.1575	10.688	1.47304	1.02743	0.601825	0	4.62381	10.8936	6.55193	0	1.24646
59	11.6279	15.0616	0	1.86646	3.8316	16.7879	9.5395	11.5925	9.50216	13.3916	16.3499	10.7358	1.50369	1.03143	0.606829	0	4.71526	10.9379	6.58103	0	1.27107
60	11.8238	15.2588	0	1.9024	3.84621	16.9004	9.61372	11.6391	9.576	13.4744	16.5396	10.7828	1.53445	1.03538	0.611761	0	4.80688	10.9816	6.60966	0	1.29574
61	11.9087	15.268	0	1.92313	1.78941	16.6069	9.58534	10.2235	9.45323	13.2014	16.4998	10.2236	1.55386	0.489644	0.600376	0	4.86049	9.48943	6.25314	0	1.31014
62	11.9405	15.1896	0	1.93656	1.69749	16.1431	9.49197	8.66224	9.24534	12.7822	16.3543	9.47453	1.56782	0.460934	0.569565	0	4.89587	7.90997	5.77843	0	1.31962
63	11.965	15.1008	0	1.94897	1.61434	15.6801	9.37501	7.51326	9.03474	12.3673	16.1979	8.7958	1.58105	0.437956	0.542251	0	4.92869	6.79975	5.35081	0	1.3284
64	11.9831	15.0035	0	1.9605	1.54655	15.222	9.23867	6.65819	8.82352	11.9602	16.0331	8.18324	1.59364	0.419105	0.520074	0	4.95933	6.0064	4.96704	0	1.3366
65	11.9962	14.9	0	1.97132	1.49107	14.7726	9.08688	6.01649	8.61367	11.5637	15.8625	7.63326	1.60572	0.403714	0.501864	0	4.98821	5.43152	4.62432	0	1.34432
66	12.0052	14.7918	0	1.98155	1.4446	14.3344	8.92305	5.53015	8.40665	11.18	15.688	7.14139	1.61737	0.390872	0.486554	0	5.0156	5.00827	4.3194	0	1.35164
67	12.0106	14.68	0	1.99128	1.40473	13.9092	8.75005	5.15717	8.20343	10.8102	15.511	6.70259	1.62867	0.379895	0.473365	0	5.04175	4.69094	4.04875	0	1.35862
68	12.013	14.5655	0	2.00056	1.3697	13.4978	8.57036	4.86685	8.00466	10.455	15.3325	6.31161	1.63966	0.370284	0.461733	0	5.0668	4.44777	3.80876	0	1.36531
69	12.0128	14.4489	0	2.00946	1.33825	13.1006	8.38604	4.63689	7.8107	10.1144	15.1532	5.96334	1.65037	0.361682	0.451256	0	5.09089	4.25681	3.59598	0	1.37174
70	12.0102	14.3306	0	2.01801	1.30948	12.7179	8.19883	4.45103	7.62177	9.78835	14.9737	5.65293	1.66084	0.353835	0.441645	0	5.1141	4.10274	3.40718	0	1.37793
71	12.0054	14.2111	0	2.02623	1.28274	12.3494	8.01021	4.29746	7.43798	9.47645	14.7943	5.37589	1.67108	0.346559	0.432693	0	5.1365	3.97489	3.23937	0	1.3839
72	11.9987	14.0906	0	2.03414	1.25758	11.9948	7.82137	4.16761	7.25933	9.17827	14.6154	5.12815	1.6811	0.339724	0.424255	0	5.15814	3.8658	3.0899	0	1.38966
73	11.99	13.9693	0	2.04177	1.23368	11.6537	7.63334	4.05527	7.08578	8.89328	14.4372	4.90607	1.69093	0.333239	0.416226	0	5.17906	3.77028	2.95639	0	1.39523
74	11.9797	13.8474	0	2.04912	1.2108	11.3257	7.44694	3.95595	6.91724	8.62092	14.2599	4.70641	1.70056	0.327037	0.408533	0	5.1993	3.68467	2.83674	0	1.40062
75	11.9677	13.725	0	2.0562	1.18878	11.0103	7.26285	3.8664	6.75361	8.3606	14.0835	4.5263	1.71001	0.321073	0.401125	0	5.21888	3.60642	2.72912	0	1.40583
76	11.954	13.6022	0	2.06304	1.1675	10.7071	7.08162	3.78428	6.59476	8.11175	13.9082	4.36326	1.71928	0.315314	0.393963	0	5.23782	3.53374	2.63194	0	1.41087
77	11.9389	13.4791	0	2.06962	1.14689	10.4154	6.90368	3.7079	6.44058	7.8738	13.7341	4.2151	1.72838	0.309737	0.387023	0	5.25616	3.46538	2.5438	0	1.41574
78	11.9223	13.3559	0	2.07597	1.12689	10.1348	6.72939	3.63605	6.29092	7.6462	13.5612	4.07993	1.73731	0.304326	0.380286	0	5.2739	3.40047	2.46353	0	1.42045
79	11.9044	13.2326	0	2.08209	1.10746	9.8649	6.559	3.56784	6.14565	7.42844	13.3896	3.95611	1.74608	0.299068	0.373738	0	5.29106	3.33837	2.39009	0	1.42501
80	11.885	13.1092	0	2.08798	1.08856	9.60515	6.39272	3.50266	6.00465	7.22001	13.2194	3.84222	1.7547	0.293956	0.36737	0	5.30767	3.27865	2.32259	0	1.42941
81	11.8644	12.9859	0	2.09366	1.07017	9.35514	6.23068	3.44004	5.86777	7.02045	13.0506	3.73704	1.76316	0.288983	0.361175	0	5.32373	3.22101	2.2603	0	1.43367
82	11.8426	12.8627	0	2.09912	1.05228	9.11444	6.07298	3.37966	5.73489	6.82929	12.8833	3.63951	1.77148	0.284144	0.355147	0	5.33926	3.16522	2.20254	0	1.43778
83	11.8196	12.7396	0	2.10438	1.03487	8.88267	5.91967	3.32129	5.60589	6.64612	12.7174	3.54874	1.77965	0.279435	0.34928	0	5.35427	3.11113	2.14878	0	1.44176
84	11.7954	12.6168	0	2.10943	1.01792	8.65943	5.77078	3.26473	5.48066	6.47054	12.5531	3.46394	1.78767	0.274853	0.343572	0	5.36879	3.05861	2.09854	0	1.4456
85	11.7702	12.4943	0	2.11429	1.00144	8.44436	5.6263	3.20987	5.35907	6.30217	12.3903	3.38443	1.79557	0.270394	0.338017	0	5.38281	3.0076	2.0514	0	1.44931
86	11.7439	12.3722	0	2.11896	0.985398	8.23712	5.48619	3.15661	5.24101	6.14066	12.2292	3.30964	1.80332	0.266056	0.332613	0	5.39637	2.958	2.00703	0	1.45289
87	11.7166	12.2504	0	2.12345	0.969794	8.03739	5.35042	3.10486	5.12638	5.98568	12.0697	3.23906	1.81095	0.261836	0.327355	0	5.40946	2.90978	1.96512	0	1.45634
88	11.6883	12.129	0	2.12776	0.954616	7.84484	5.21891	3.05457	5.01508	5.8369	11.9118	3.17227	1.81846	0.257731	0.322242	0	5.4221	2.86289	1.92542	0	1.45968
89	11.6591	12.0082	0	2.13189	0.939854	7.65919	5.0916	3.00568	4.907	5.69403	11.7556	3.10889	1.82584	0.253738	0.317268	0	5.43431	2.81729	1.8877	0	1.4629
90	11.6291	11.8878	0	2.13586	0.925497	7.48014	4.96839	2.95814	4.80205	5.5568	11.6011	3.0486	1.8331	0.249855	0.312431	0	5.4461	2.77293	1.85178	0	1.466
91	11.5982	11.7681	0	2.13966	0.911534	7.30742	4.8492	2.91192	4.70013	5.42491	11.4483	2.9911	1.84024	0.246078	0.307727	0	5.45748	2.72979	1.81749	0	1.46899
92	11.5665	11.649	0	2.1433	0.897956	7.14078	4.73392	2.86697	4.60115	5.29812	11.2973	2.93615	1.84728	0.242405	0.303153	0	5.46845	2.68784	1.78468	0	1.47188
93	11.534	11.5305	0	2.14679	0.884754	6.97999	4.62246	2.82326	4.50503	5.17624	11.1481	2.88358	1.8542	0.238834	0.298705	0	5.47904	2.64704	1.75325	0	1.47466
94	11.5008	11.4127	0	2.15012	0.871915	6.82481	4.51471	2.78076	4.41168	5.059	11.0006	2.83317	1.86101	0.235362	0.29438	0	5.48925	2.60737	1.72308	0	1.47733
95	11.4669	11.2956	0	2.15331	0.85943	6.67503	4.41056	2.73944	4.32102	4.94622	10.8548	2.78477	1.86773	0.231985	0.290174	0	5.49909	2.56879	1.69408	0	1.47991
96	11.4323	11.1792	0	2.15636	0.847289	6.5304	4.3099	2.69925	4.23297	4.83766	10.7109	2.73821	1.87434	0.228701	0.286083	0	5.50857	2.53127	1.66616	0	1.48239
97	11.3972	11.0637	0	2.15927	0.835481	6.39075	4.21264	2.66017	4.14745	4.73317	10.5688	2.6934	1.88085	0.225507	0.282105	0	5.51771	2.49478	1.63925	0	1.48478
98	11.3614	10.9489	0	2.16204	0.823997	6.25589	4.11866	2.62217	4.0644	4.63255	10.4284	2.6502	1.88727	0.222401	0.278236	0	5.52651	2.4593	1.6133	0	1.48708
99	11.325	10.835	0	2.16468	0.812827	6.12562	4.02785	2.58521	3.98373	4.53563	10.2899	2.60852	1.89359	0.21938	0.274472	0	5.53498	2.4248	1.58823	0	1.48929
100	11.2881	10.7219	0	2.1672	0.80196	5.99976	3.94011	2.54926	3.90538	4.44225	10.1532	2.56826	1.89983	0.216441	0.270811	0	5.54314	2.39123	1.56399	0	1.49141
101	11.2507	10.6097	0	2.1696	0.791387	5.87814	3.85533	2.5143	3.82926	4.35225	10.0183	2.52935	1.90597	0.213581	0.267249	0	5.55098	2.35859	1.54055	0	1.49345
102	11.2128	10.4984	0	2.17187	0.781099	5.76059	3.77341	2.48029	3.75533	4.26548	9.88526	2.4917	1.91203	0.210799	0.263782	0	5.55853	2.32683	1.51786	0	1.49541
103	11.1744	10.388	0	2.17403	0.771087	5.64697	3.69425	2.4472	3.68351	4.18181	9.754	2.45526	1.91801	0.208091	0.260409	0	5.56578	2.29593	1.49588	0	1.49729
104	11.1356	10.2786	0	2.17608	0.761341	5.53712	3.61775	2.415	3.61375	4.1011	9.62454	2.41996	1.9239	0.205455	0.257125	0	5.57274	2.26587	1.47457	0	1.49909
105	11.0965	10.1701	0	2.17801	0.751854	5.43089	3.54383	2.38367	3.54597	4.02322	9.49689	2.38575	1.92972	0.202889	0.253928	0	5.57943	2.23661	1.4539	0	1.50082
106	11.0569	10.0625	0	2.17984	0.742615	5.32816	3.47237	2.35318	3.48012	3.94806	9.37103	2.35258	1.93546	0.200391	0.250815	0	5.58585	2.20814	1.43386	0	1.50248
107	11.0169	9.95598	0	2.18157	0.733618	5.22878	3.4033	2.3235	3.41614	3.8755	9.24697	2.32039	1.94113	0.197958	0.247783	0	5.59201	2.18042	1.4144	0	1.50406
108	10.9766	9.85041	0	2.18319	0.724855	5.13263	3.33653	2.2946	3.35398	3.80543	9.12468	2.28914	1.94672	0.195588	0.24483	0	5.59792	2.15343	1.3955	0	1.50558
109	10.936	9.74583	0	2.18472	0.716317	5.0396	3.27198	2.26646	3.29358	3.73775	9.00417	2.2588	1.95224	0.19328	0.241952	0	5.60357	2.12714	1.37714	0	1.50703
110	10.8951	9.64225	0	2.18615	0.707997	4.94955	3.20956	2.23905	3.23488	3.67235	8.88543	2.22933	1.95769	0.19103	0.239149	0	5.60899	2.10155	1.3593	0	1.50841
111	10.8539	9.5397	0	2.18749	0.699888	4.86238	3.14919	2.21236	3.17784	3.60914	8.76843	2.20068	1.96308	0.188838	0.236416	0	5.61416	2.07661	1.34195	0	1.50973
112	10.8125	9.43816	0	2.18874	0.691983	4.77798	3.09079	2.18635	3.12241	3.54803	8.65317	2.17283	1.96839	0.1867	0.233751	0	5.61911	2.05231	1.32508	0	1.51099
113	10.7708	9.33765	0	2.1899	0.684275	4.69625	3.03431	2.161	3.06854	3.48895	8.53964	2.14575	1.97365	0.184616	0.231153	0	5.62384	2.02863	1.30867	0	1.51219
114	10.7289	9.23817	0	2.19098	0.676758	4.6171	2.97966	2.1363	3.01618	3.4318	8.42782	2.11941	1.97884	0.182584	0.22862	0	5.62835	2.00555	1.29271	0	1.51333
115	10.6867	9.13972	0	2.19197	0.669426	4.54042	2.92677	2.11221	2.96529	3.3765	8.31771	2.09377	1.98397	0.180602	0.226148	0	5.63265	1.98305	1.27716	0	1.51441
116	10.6444	9.04231	0	2.19288	0.662272	4.46613	2.87558	2.08873	2.91581	3.32299	8.20927	2.06882	1.98904	0.178668	0.223737	0	5.63674	1.9611	1.26203	0	1.51544
117	10.6019	8.94594	0	2.19371	0.65529	4.39413	2.82603	2.06583	2.86771	3.27118	8.10251	2.04452	1.99406	0.17678	0.221383	0	5.64063	1.9397	1.24729	0	1.51641
118	10.5593	8.85062	0	2.19447	0.648475	4.32433	2.77805	2.04348	2.82095	3.22102	7.9974	2.02085	1.99901	0.174938	0.219085	0	5.64433	1.91882	1.23294	0	1.51733
119	10.5164	8.75633	0	2.19515	0.641821	4.25667	2.73159	2.02168	2.77548	3.17243	7.89393	1.99779	2.00391	0.173139	0.216842	0	5.64783	1.89845	1.21895	0	1.5182
120	10.4735	8.66309	0	2.19575	0.635323	4.19106	2.68659	2.00041	2.73127	3.12535	7.79207	1.97532	2.00876	0.171383	0.214652	0	5.65115	1.87856	1.20531	0	1.51902
121	10.4304	8.57089	0	2.19629	0.628976	4.12742	2.64298	1.97964	2.68827	3.07973	7.69182	1.95342	2.01355	0.169667	0.212512	0	5.65428	1.85915	1.19201	0	1.51979
122	10.3872	8.47973	0	2.19676	0.622774	4.06569	2.60073	1.95936	2.64645	3.0355	7.59315	1.93206	2.0183	0.167991	0.210421	0	5.65724	1.84019	1.17905	0	1.52052
123	10.3439	8.3896	0	2.19716	0.616714	4.00578	2.55978	1.93956	2.60578	2.99261	7.49605	1.91123	2.02299	0.166353	0.208378	0	5.66003	1.82168	1.1664	0	1.52119
124	10.3006	8.30051	0	2.19749	0.610791	3.94765	2.52008	1.92022	2.56621	2.95101	7.4005	1.89091	2.02763	0.164752	0.20638	0	5.66265	1.80359	1.15406	0	1.52182
125	10.2571	8.21245	0	2.19776	0.605	3.89122	2.48159	1.90132	2.52771	2.91064	7.30648	1.87108	2.03223	0.163187	0.204427	0	5.6651	1.78592	1.14202	0	1.52241
126	10.2136	8.12541	0	2.19797	0.599336	3.83643	2.44426	1.88285	2.49026	2.87147	7.21397	1.85173	2.03677	0.161657	0.202518	0	5.66739	1.76865	1.13026	0	1.52295
127	10.1701	8.0394	0	2.19811	0.593797	3.78322	2.40804	1.8648	2.45381	2.83344	7.12295	1.83283	2.04127	0.16016	0.20065	0	5.66953	1.75176	1.11879	0	1.52345
128	10.1265	7.95441	0	2.1982	0.588378	3.73154	2.3729	1.84714	2.41834	2.79652	7.03341	1.81438	2.04573	0.158695	0.198822	0	5.67151	1.73525	1.10758	0	1.52391
129	10.0828	7.87043	0	2.19823	0.583075	3.68133	2.3388	1.82988	2.38382	2.76065	6.94532	1.79636	2.05014	0.157262	0.197034	0	5.67335	1.71911	1.09663	0	1.52433
130	10.0392	7.78746	0	2.1982	0.577884	3.63254	2.30569	1.813	2.35021	2.72581	6.85867	1.77876	2.05451	0.15586	0.195283	0	5.67503	1.70331	1.08593	0	1.52472
131	9.99547	7.70549	0	2.19812	0.572803	3.58511	2.27355	1.79648	2.3175	2.69194	6.77343	1.76155	2.05884	0.154486	0.193569	0	5.67658	1.68786	1.07547	0	1.52506
132	9.95179	7.62452	0	2.19798	0.567827	3.53901	2.24233	1.78032	2.28564	2.65902	6.68959	1.74473	2.06312	0.153142	0.191891	0	5.67798	1.67274	1.06525	0	1.52536
133	9.9081	7.54454	0	2.19779	0.562953	3.49417	2.212	1.76449	2.25463	2.627	6.60712	1.72829	2.06737	0.151825	0.190247	0	5.67925	1.65793	1.05525	0	1.52563
134	9.86443	7.46554	0	2.19754	0.558179	3.45056	2.18253	1.749	2.22442	2.59586	6.52602	1.71221	2.07157	0.150535	0.188637	0	5.68039	1.64344	1.04548	0	1.52586
135	9.82077	7.38751	0	2.19725	0.553501	3.40814	2.15389	1.73384	2.195	2.56557	6.44625	1.69648	2.07574	0.149272	0.187059	0	5.68139	1.62925	1.03591	0	1.52606
136	9.77713	7.31045	0	2.19691	0.548917	3.36686	2.12605	1.71898	2.16633	2.53608	6.36781	1.6811	2.07986	0.148033	0.185513	0	5.68227	1.61534	1.02656	0	1.52622
137	9.73352	7.23436	0	2.19652	0.544423	3.32668	2.09897	1.70443	2.13841	2.50738	6.29066	1.66604	2.08395	0.146819	0.183997	0	5.68302	1.60172	1.0174	0	1.52635
138	9.68995	7.15922	0	2.19608	0.540016	3.28756	2.07264	1.69016	2.1112	2.47943	6.21479	1.6513	2.08801	0.145629	0.18251	0	5.68365	1.58837	1.00844	0	1.52645
139	9.64643	7.08502	0	2.1956	0.535695	3.24947	2.04703	1.67619	2.08468	2.45221	6.14018	1.63687	2.09202	0.144461	0.181052	0	5.68417	1.57529	0.99966	0	1.52651
140	9.60295	7.01176	0	2.19507	0.531457	3.21237	2.0221	1.66249	2.05883	2.42568	6.06682	1.62274	2.096	0.143316	0.179623	0	5.68456	1.56246	0.991065	0	1.52655
141	9.55953	6.93943	0	2.1945	0.527299	3.17623	1.99784	1.64905	2.03363	2.39984	5.99468	1.6089	2.09995	0.142193	0.17822	0	5.68484	1.54989	0.982646	0	1.52655
142	9.51617	6.86802	0	2.19389	0.523219	3.14102	1.97422	1.63588	2.00907	2.37464	5.92374	1.59534	2.10386	0.141091	0.176843	0	5.68501	1.53755	0.974398	0	1.52652
143	9.47288	6.79753	0	2.19323	0.519214	3.10669	1.95121	1.62296	1.98511	2.35007	5.85399	1.58206	2.10774	0.140009	0.175492	0	5.68507	1.52545	0.966314	0	1.52647
144	9.42966	6.72793	0	2.19254	0.515283	3.07323	1.92881	1.61028	1.96175	2.32611	5.78541	1.56904	2.11159	0.138948	0.174165	0	5.68502	1.51358	0.958391	0	1.52638
145	9.38652	6.65924	0	2.1918	0.511423	3.0406	1.90698	1.59784	1.93896	2.30273	5.71797	1.55627	2.11541	0.137905	0.172863	0	5.68487	1.50193	0.950624	0	1.52627
146	9.34346	6.59142	0	2.19103	0.507633	3.00877	1.88571	1.58563	1.91673	2.27991	5.65167	1.54375	2.11919	0.136881	0.171584	0	5.68462	1.49049	0.943007	0	1.52613
147	9.30049	6.52449	0	2.19021	0.50391	2.97772	1.86497	1.57364	1.89503	2.25764	5.58647	1.53148	2.12294	0.135876	0.170328	0	5.68426	1.47927	0.935537	0	1.52596
148	9.25761	6.45842	0	2.18936	0.500252	2.94743	1.84475	1.56187	1.87386	2.2359	5.52237	1.51944	2.12666	0.134888	0.169093	0	5.6838	1.46824	0.928208	0	1.52576
149	9.21482	6.39321	0	2.18847	0.496658	2.91785	1.82503	1.55031	1.8532	2.21466	5.45934	1.50763	2.13035	0.133918	0.167881	0	5.68325	1.45742	0.921018	0	1.52554
150	9.17213	6.32885	0	2.18755	0.493127	2.88898	1.8058	1.53896	1.83303	2.19391	5.39738	1.49603	2.13402	0.132964	0.166689	0	5.68261	1.44678	0.913961	0	1.5253
151	9.12955	6.26534	0	2.18659	0.489655	2.86079	1.78703	1.52781	1.81334	2.17364	5.33645	1.48466	2.13765	0.132027	0.165517	0	5.68187	1.43633	0.907034	0	1.52503
152	9.08707	6.20265	0	2.18559	0.486242	2.83326	1.76871	1.51685	1.79411	2.15383	5.27655	1.47349	2.14125	0.131105	0.164365	0	5.68104	1.42607	0.900234	0	1.52473
153	9.0447	6.14079	0	2.18457	0.482886	2.80636	1.75083	1.50608	1.77532	2.13446	5.21765	1.46252	2.14483	0.130199	0.163233	0	5.68012	1.41598	0.893557	0	1.52441
154	9.00245	6.07974	0	2.18351	0.479586	2.78007	1.73337	1.49549	1.75697	2.11552	5.15974	1.45175	2.14838	0.129308	0.162119	0	5.67911	1.40606	0.886998	0	1.52407
155	8.96031	6.01949	0	2.18241	0.47634	2.75438	1.71632	1.48508	1.73905	2.09699	5.1028	1.44117	2.1519	0.128431	0.161023	0	5.67802	1.3963	0.880556	0	1.5237
156	8.9183	5.96004	0	2.18129	0.473146	2.72926	1.69966	1.47485	1.72153	2.07886	5.04682	1.43078	2.1554	0.127569	0.159945	0	5.67684	1.38671	0.874226	0	1.52332
157	8.8764	5.90137	0	2.18014	0.470004	2.7047	1.68338	1.46479	1.70441	2.06112	4.99178	1.42056	2.15887	0.12672	0.158885	0	5.67558	1.37728	0.868005	0	1.52291
158	8.83464	5.84348	0	2.17895	0.466911	2.68067	1.66748	1.45489	1.68767	2.04376	4.93766	1.41052	2.16231	0.125885	0.157841	0	5.67424	1.368	0.861892	0	1.52247
159	8.793	5.78636	0	2.17774	0.463868	2.65717	1.65192	1.44515	1.67131	2.02675	4.88445	1.40066	2.16573	0.125064	0.156813	0	5.67282	1.35887	0.855882	0	1.52202
160	8.75149	5.72999	0	2.17649	0.460871	2.63417	1.63671	1.43556	1.65531	2.0101	4.83212	1.39096	2.16912	0.124255	0.155802	0	5.67133	1.34989	0.849972	0	1.52155
161	8.71012	5.67438	0	2.17522	0.457921	2.61166	1.62184	1.42613	1.63966	1.99379	4.78068	1.38142	2.17249	0.123458	0.154806	0	5.66975	1.34105	0.844161	0	1.52105
162	8.66889	5.6195	0	2.17392	0.455016	2.58963	1.60729	1.41685	1.62435	1.97781	4.7301	1.37204	2.17584	0.122674	0.153825	0	5.6681	1.33234	0.838446	0	1.52054
163	8.62779	5.56535	0	2.17259	0.452155	2.56805	1.59305	1.40771	1.60938	1.96215	4.68036	1.36281	2.17916	0.121902	0.152859	0	5.66638	1.32378	0.832823	0	1.52001
164	8.58684	5.51193	0	2.17123	0.449337	2.54692	1.57911	1.39871	1.59472	1.9468	4.63145	1.35373	2.18245	0.121141	0.151908	0	5.66459	1.31534	0.827291	0	1.51945
165	8.54602	5.45922	0	2.16985	0.446561	2.52622	1.56547	1.38985	1.58038	1.93175	4.58336	1.34479	2.18573	0.120391	0.150971	0	5.66272	1.30703	0.821848	0	1.51888
166	8.50536	5.40721	0	2.16845	0.443825	2.50593	1.55211	1.38112	1.56634	1.91699	4.53607	1.336	2.18898	0.119653	0.150047	0	5.66078	1.29885	0.81649	0	1.51829
167	8.46483	5.35589	0	2.16701	0.441129	2.48605	1.53903	1.37253	1.55259	1.90251	4.48956	1.32735	2.19221	0.118925	0.149137	0	5.65878	1.29079	0.811216	0	1.51768
168	8.42446	5.30526	0	2.16556	0.438472	2.46656	1.52621	1.36406	1.53913	1.8883	4.44383	1.31883	2.19541	0.118208	0.14824	0	5.65671	1.28285	0.806023	0	1.51705
169	8.38424	5.25531	0	2.16408	0.435854	2.44746	1.51366	1.35571	1.52594	1.87436	4.39886	1.31044	2.1986	0.117501	0.147356	0	5.65457	1.27502	0.800911	0	1.51641
170	8.34417	5.20603	0	2.16257	0.433272	2.42872	1.50135	1.34749	1.51303	1.86068	4.35464	1.30218	2.20176	0.116804	0.146484	0	5.65237	1.26731	0.795876	0	1.51575
171	8.30425	5.1574	0	2.16104	0.430726	2.41034	1.48929	1.33939	1.50037	1.84724	4.31114	1.29404	2.2049	0.116117	0.145625	0	5.6501	1.25971	0.790916	0	1.51507
172	8.26449	5.10943	0	2.15949	0.428216	2.39231	1.47746	1.3314	1.48797	1.83405	4.26837	1.28603	2.20802	0.11544	0.144777	0	5.64777	1.25222	0.78603	0	1.51437
173	8.22489	5.0621	0	2.15792	0.42574	2.37462	1.46586	1.32352	1.47582	1.8211	4.2263	1.27813	2.21112	0.114771	0.143941	0	5.64538	1.24483	0.781217	0	1.51366
174	8.18544	5.0154	0	2.15632	0.423298	2.35725	1.45449	1.31576	1.46391	1.80837	4.18493	1.27035	2.2142	0.114112	0.143116	0	5.64293	1.23755	0.776474	0	1.51293
175	8.14615	4.96933	0	2.15471	0.42089	2.3402	1.44332	1.3081	1.45223	1.79587	4.14423	1.26268	2.21726	0.113462	0.142303	0	5.64042	1.23036	0.771799	0	1.51219
176	8.10702	4.92387	0	2.15307	0.418513	2.32346	1.43237	1.30055	1.44077	1.78358	4.10421	1.25512	2.2203	0.112821	0.141501	0	5.63785	1.22328	0.767191	0	1.51143
177	8.06805	4.87903	0	2.15141	0.416168	2.30702	1.42163	1.2931	1.42954	1.7715	4.06484	1.24767	2.22332	0.112188	0.140709	0	5.63523	1.21629	0.762649	0	1.51065
178	8.02924	4.83478	0	2.14973	0.413854	2.29088	1.41108	1.28575	1.41852	1.75963	4.02612	1.24033	2.22632	0.111563	0.139927	0	5.63255	1.2094	0.758171	0	1.50986
179	7.9906	4.79113	0	2.14803	0.41157	2.27501	1.40072	1.2785	1.4077	1.74796	3.98802	1.23308	2.2293	0.110947	0.139156	0	5.62981	1.20259	0.753755	0	1.50906
180	7.95212	4.74806	0	2.14631	0.409316	2.25943	1.39054	1.27134	1.39709	1.73647	3.95055	1.22594	2.23226	0.110339	0.138395	0	5.62702	1.19588	0.749399	0	1.50824
181	7.9138	4.70557	0	2.14457	0.40709	2.24411	1.38055	1.26428	1.38668	1.72518	3.91369	1.2189	2.23521	0.109738	0.137643	0	5.62417	1.18926	0.745104	0	1.50741
182	7.87565	4.66364	0	2.14281	0.404893	2.22905	1.37074	1.25732	1.37645	1.71407	3.87743	1.21195	2.23813	0.109145	0.136901	0	5.62128	1.18272	0.740867	0	1.50656
183	7.83767	4.62228	0	2.14104	0.402724	2.21424	1.36109	1.25044	1.36642	1.70313	3.84176	1.2051	2.24104	0.10856	0.136168	0	5.61833	1.17627	0.736687	0	1.5057
184	7.79985	4.58147	0	2.13925	0.400582	2.19968	1.35162	1.24365	1.35656	1.69237	3.80666	1.19833	2.24393	0.107982	0.135445	0	5.61533	1.16989	0.732562	0	1.50482
185	7.7622	4.5412	0	2.13743	0.398466	2.18536	1.3423	1.23695	1.34688	1.68178	3.77213	1.19166	2.2468	0.107411	0.13473	0	5.61228	1.1636	0.728492	0	1.50393
186	7.72472	4.50147	0	2.1356	0.396376	2.17127	1.33314	1.23033	1.33737	1.67136	3.73815	1.18507	2.24966	0.106847	0.134025	0	5.60918	1.15739	0.724475	0	1.50303
187	7.68741	4.46228	0	2.13376	0.394312	2.15742	1.32414	1.22379	1.32803	1.66109	3.70472	1.17857	2.25249	0.10629	0.133328	0	5.60603	1.15126	0.72051	0	1.50212
188	7.65026	4.4236	0	2.13189	0.392273	2.14378	1.31528	1.21734	1.31885	1.65098	3.67183	1.17216	2.25531	0.10574	0.132639	0	5.60283	1.1452	0.716596	0	1.50119
189	7.61329	4.38544	0	2.13002	0.390259	2.13036	1.30657	1.21096	1.30982	1.64102	3.63946	1.16582	2.25812	0.105196	0.131958	0	5.59959	1.13922	0.712732	0	1.50025
190	7.57648	4.34779	0	2.12812	0.388268	2.11714	1.298	1.20466	1.30095	1.63121	3.60761	1.15957	2.2609	0.104659	0.131286	0	5.5963	1.1333	0.708917	0	1.4993
191	7.53985	4.31064	0	2.12621	0.386301	2.10414	1.28957	1.19844	1.29223	1.62154	3.57626	1.15339	2.26367	0.104128	0.130622	0	5.59297	1.12746	0.70515	0	1.49834
192	7.50338	4.27399	0	2.12428	0.384357	2.09133	1.28128	1.19229	1.28366	1.61202	3.54541	1.14729	2.26643	0.103604	0.129965	0	5.58959	1.12169	0.70143	0	1.49737
193	7.46709	4.23782	0	2.12234	0.382436	2.07871	1.27311	1.18622	1.27523	1.60263	3.51505	1.14127	2.26916	0.103085	0.129316	0	5.58617	1.11599	0.697755	0	1.49638
194	7.43097	4.20213	0	2.12038	0.380536	2.06629	1.26507	1.18022	1.26693	1.59337	3.48517	1.13532	2.27189	0.102573	0.128674	0	5.5827	1.11036	0.694125	0	1.49538
195	7.39502	4.16692	0	2.11841	0.378659	2.05405	1.25716	1.17429	1.25878	1.58425	3.45576	1.12945	2.27459	0.102066	0.12804	0	5.5792	1.10479	0.69054	0	1.49437
196	7.35924	4.13217	0	2.11642	0.376803	2.04198	1.24936	1.16842	1.25075	1.57525	3.4268	1.12364	2.27728	0.101565	0.127413	0	5.57565	1.09929	0.686997	0	1.49335
197	7.32363	4.09788	0	2.11442	0.374968	2.0301	1.24169	1.16263	1.24285	1.56638	3.39831	1.1179	2.27996	0.10107	0.126793	0	5.57206	1.09385	0.683497	0	1.49232
198	7.28819	4.06405	0	2.1124	0.373153	2.01838	1.23412	1.1569	1.23507	1.55764	3.37025	1.11223	2.28262	0.100581	0.12618	0	5.56843	1.08847	0.680038	0	1.49128
199	7.25293	4.03066	0	2.11037	0.371359	2.00684	1.22668	1.15123	1.22742	1.54901	3.34263	1.10663	2.28526	0.100097	0.125574	0	5.56476	1.08315	0.67662	0	1.49023
200	7.21783	3.99772	0	2.10833	0.369584	1.99545	1.21934	1.14563	1.21989	1.54049	3.31544	1.1011	2.28789	0.0996178	0.124975	0	5.56105	1.07789	0.673242	0	1.48916
201	7.18291	3.96521	0	2.10628	0.367829	1.98423	1.21211	1.1401	1.21247	1.53209	3.28867	1.09562	2.29051	0.0991443	0.124382	0	5.5573	1.07269	0.669903	0	1.48809
202	7.14816	3.93312	0	2.10421	0.366093	1.97316	1.20498	1.13462	1.20516	1.5238	3.26232	1.09022	2.29311	0.0986759	0.123795	0	5.55352	1.06755	0.666602	0	1.48701
203	7.11359	3.90146	0	2.10213	0.364376	1.96224	1.19795	1.12921	1.19797	1.51562	3.23637	1.08487	2.29569	0.0982126	0.123215	0	5.54969	1.06247	0.663338	0	1.48592
204	7.07918	3.87021	0	2.10003	0.362677	1.95147	1.19103	1.12385	1.19088	1.50755	3.21081	1.07958	2.29827	0.0977543	0.122641	0	5.54584	1.05744	0.660112	0	1.48482
205	7.04495	3.83938	0	2.09793	0.360996	1.94085	1.1842	1.11855	1.1839	1.49958	3.18565	1.07435	2.30082	0.0973009	0.122074	0	5.54194	1.05246	0.656922	0	1.4837
206	7.01088	3.80894	0	2.09581	0.359333	1.93037	1.17746	1.11331	1.17701	1.49171	3.16086	1.06919	2.30337	0.0968522	0.121512	0	5.53801	1.04754	0.653767	0	1.48258
207	6.97699	3.77891	0	2.09368	0.357688	1.92003	1.17082	1.10813	1.17023	1.48394	3.13646	1.06407	2.3059	0.0964083	0.120956	0	5.53404	1.04267	0.650647	0	1.48145
208	6.94327	3.74926	0	2.09154	0.35606	1.90982	1.16427	1.103	1.16355	1.47627	3.11242	1.05902	2.30842	0.095969	0.120406	0	5.53004	1.03785	0.647561	0	1.48031
209	6.90972	3.72001	0	2.08939	0.354448	1.89974	1.15781	1.09792	1.15696	1.46869	3.08874	1.05402	2.31092	0.0955343	0.119861	0	5.52601	1.03309	0.644509	0	1.47916
210	6.87635	3.69113	0	2.08722	0.352853	1.88979	1.15143	1.0929	1.15047	1.46121	3.06542	1.04907	2.31341	0.0951041	0.119323	0	5.52194	1.02837	0.64149	0	1.47801
211	6.84314	3.66263	0	2.08505	0.351275	1.87997	1.14514	1.08793	1.14406	1.45381	3.04245	1.04418	2.31589	0.0946782	0.118789	0	5.51784	1.02371	0.638503	0	1.47684
212	6.8101	3.6345	0	2.08286	0.349712	1.87028	1.13894	1.08301	1.13775	1.44651	3.01982	1.03934	2.31835	0.0942567	0.118261	0	5.51371	1.01909	0.635548	0	1.47567
213	6.77723	3.60674	0	2.08067	0.348165	1.8607	1.13281	1.07814	1.13152	1.43929	2.99753	1.03455	2.3208	0.0938395	0.117739	0	5.50955	1.01451	0.632625	0	1.47449
214	6.74454	3.57933	0	2.07846	0.346634	1.85125	1.12676	1.07333	1.12537	1.43216	2.97557	1.02981	2.32324	0.0934264	0.117221	0	5.50535	1.00999	0.629732	0	1.4733
215	6.71201	3.55228	0	2.07625	0.345118	1.84191	1.12079	1.06856	1.11931	1.42511	2.95393	1.02512	2.32566	0.0930175	0.116709	0	5.50113	1.00551	0.626869	0	1.4721
216	6.67965	3.52558	0	2.07402	0.343617	1.83268	1.1149	1.06384	1.11333	1.41815	2.93261	1.02048	2.32807	0.0926126	0.116202	0	5.49687	1.00108	0.624036	0	1.47089
217	6.64746	3.49922	0	2.07178	0.342131	1.82356	1.10908	1.05916	1.10743	1.41127	2.9116	1.01589	2.33047	0.0922116	0.1157	0	5.49259	0.996686	0.621233	0	1.46968
218	6.61544	3.4732	0	2.06954	0.340659	1.81456	1.10333	1.05454	1.1016	1.40446	2.8909	1.01134	2.33286	0.0918146	0.115202	0	5.48827	0.99234	0.618457	0	1.46845
219	6.58359	3.44751	0	2.06728	0.339201	1.80566	1.09765	1.04995	1.09586	1.39773	2.87049	1.00684	2.33524	0.0914215	0.11471	0	5.48393	0.988036	0.615711	0	1.46722
220	6.5519	3.42215	0	2.06502	0.337758	1.79686	1.09205	1.04542	1.09018	1.39108	2.85039	1.00239	2.3376	0.0910322	0.114222	0	5.47956	0.983775	0.612991	0	1.46599
221	6.52038	3.39712	0	2.06275	0.336328	1.78817	1.08651	1.04093	1.08458	1.38451	2.83057	0.997979	2.33995	0.0906465	0.113739	0	5.47516	0.979555	0.610299	0	1.46474
222	6.48903	3.3724	0	2.06047	0.334912	1.77958	1.08104	1.03648	1.07905	1.378	2.81104	0.993613	2.34229	0.0902646	0.113261	0	5.47073	0.975376	0.607634	0	1.46349
223	6.45785	3.348	0	2.05818	0.33351	1.77108	1.07563	1.03207	1.07359	1.37157	2.79178	0.989292	2.34462	0.0898863	0.112787	0	5.46627	0.971237	0.604995	0	1.46223
224	6.42683	3.32391	0	2.05588	0.33212	1.76269	1.07029	1.02771	1.06819	1.36521	2.7728	0.985012	2.34693	0.0895115	0.112317	0	5.46179	0.967138	0.602382	0	1.46096
225	6.39598	3.30013	0	2.05357	0.330744	1.75438	1.06501	1.02339	1.06287	1.35892	2.75409	0.980775	2.34924	0.0891403	0.111852	0	5.45729	0.963077	0.599795	0	1.45969
226	6.36529	3.27664	0	2.05125	0.32938	1.74617	1.0598	1.0191	1.05761	1.35269	2.73565	0.976579	2.35153	0.0887725	0.111392	0	5.45275	0.959055	0.597233	0	1.45841
227	6.33477	3.25346	0	2.04893	0.328029	1.73805	1.05464	1.01486	1.05241	1.34653	2.71746	0.972423	2.35381	0.0884081	0.110935	0	5.44819	0.955071	0.594695	0	1.45713
228	6.30441	3.23056	0	2.0466	0.326691	1.73002	1.04954	1.01066	1.04727	1.34044	2.69953	0.968307	2.35608	0.088047	0.110483	0	5.44361	0.951124	0.592182	0	1.45583
229	6.27421	3.20795	0	2.04426	0.325364	1.72208	1.04451	1.0065	1.0422	1.33441	2.68185	0.964231	2.35834	0.0876893	0.110034	0	5.439	0.947213	0.589693	0	1.45453
230	6.24418	3.18563	0	2.04191	0.32405	1.71423	1.03952	1.00238	1.03718	1.32845	2.66441	0.960193	2.36059	0.0873348	0.10959	0	5.43437	0.943338	0.587227	0	1.45323
231	6.21431	3.16359	0	2.03956	0.322748	1.70646	1.0346	0.99829	1.03223	1.32254	2.64722	0.956193	2.36283	0.0869835	0.10915	0	5.42971	0.939499	0.584785	0	1.45192
232	6.18461	3.14182	0	2.0372	0.321457	1.69877	1.02973	0.994241	1.02733	1.3167	2.63026	0.952231	2.36505	0.0866354	0.108714	0	5.42503	0.935695	0.582365	0	1.4506
233	6.15506	3.12032	0	2.03483	0.320178	1.69116	1.02491	0.990229	1.02249	1.31092	2.61354	0.948305	2.36727	0.0862903	0.108282	0	5.42033	0.931925	0.579968	0	1.44928
234	6.12568	3.09909	0	2.03246	0.31891	1.68363	1.02015	0.986253	1.0177	1.30519	2.59704	0.944416	2.36947	0.0859484	0.107853	0	5.4156	0.928189	0.577593	0	1.44795
235	6.09646	3.07813	0	2.03007	0.317653	1.67618	1.01544	0.982312	1.01297	1.29952	2.58077	0.940563	2.37167	0.0856094	0.107429	0	5.41085	0.924487	0.575239	0	1.44661
236	6.0674	3.05742	0	2.02769	0.316407	1.66881	1.01078	0.978407	1.00829	1.29391	2.56472	0.936745	2.37385	0.0852734	0.107008	0	5.40608	0.920817	0.572908	0	1.44527
237	6.03849	3.03697	0	2.02529	0.315172	1.66152	1.00617	0.974536	1.00366	1.28836	2.54889	0.932961	2.37602	0.0849404	0.10659	0	5.40129	0.91718	0.570597	0	1.44392
238	6.00975	3.01677	0	2.02289	0.313948	1.65429	1.00161	0.9707	0.999086	1.28286	2.53326	0.929212	2.37819	0.0846102	0.106177	0	5.39648	0.913575	0.568307	0	1.44257
239	5.98116	2.99682	0	2.02048	0.312735	1.64715	0.997094	0.966897	0.99456	1.27742	2.51785	0.925496	2.38034	0.0842829	0.105766	0	5.39164	0.910002	0.566038	0	1.44121
240	5.95274	2.97711	0	2.01807	0.311531	1.64007	0.992629	0.963127	0.990084	1.27202	2.50264	0.921814	2.38248	0.0839584	0.10536	0	5.38679	0.906459	0.563789	0	1.43985
241	5.92447	2.95765	0	2.01565	0.310338	1.63306	0.98821	0.95939	0.985656	1.26668	2.48764	0.918164	2.38462	0.0836367	0.104957	0	5.38191	0.902948	0.56156	0	1.43848
242	5.89635	2.93842	0	2.01322	0.309156	1.62613	0.983838	0.955685	0.981275	1.26139	2.47283	0.914547	2.38674	0.0833177	0.104557	0	5.37702	0.899466	0.55935	0	1.43711
243	5.8684	2.91943	0	2.01079	0.307983	1.61926	0.97951	0.952012	0.976941	1.25616	2.45821	0.910961	2.38885	0.0830014	0.104161	0	5.3721	0.896014	0.55716	0	1.43573
244	5.84059	2.90067	0	2.00835	0.30682	1.61245	0.975226	0.94837	0.972652	1.25097	2.44379	0.907407	2.39096	0.0826878	0.103768	0	5.36717	0.892592	0.554989	0	1.43434
245	5.81295	2.88214	0	2.00591	0.305666	1.60572	0.970986	0.944759	0.968409	1.24583	2.42955	0.903883	2.39305	0.0823767	0.103378	0	5.36222	0.889198	0.552837	0	1.43296
246	5.78545	2.86382	0	2.00346	0.304523	1.59905	0.966789	0.941178	0.96421	1.24074	2.4155	0.90039	2.39513	0.0820683	0.102991	0	5.35724	0.885833	0.550704	0	1.43156
247	5.75811	2.84573	0	2.00101	0.303388	1.59244	0.962634	0.937628	0.960053	1.23569	2.40163	0.896927	2.39721	0.0817624	0.102608	0	5.35225	0.882496	0.548588	0	1.43016
248	5.73093	2.82786	0	1.99855	0.302264	1.5859	0.95852	0.934107	0.95594	1.23069	2.38794	0.893494	2.39927	0.081459	0.102228	0	5.34724	0.879187	0.546491	0	1.42876
249	5.70389	2.8102	0	1.99609	0.301148	1.57941	0.954447	0.930615	0.951868	1.22574	2.37442	0.890089	2.40133	0.0811581	0.101851	0	5.34222	0.875905	0.544412	0	1.42735
250	5.67701	2.79276	0	1.99362	0.300041	1.57299	0.950414	0.927152	0.947837	1.22083	2.36107	0.886714	2.40337	0.0808597	0.101477	0	5.33717	0.872651	0.54235	0	1.42594
251	5.65028	2.77552	0	1.99114	0.298943	1.56663	0.94642	0.923717	0.943847	1.21597	2.34789	0.883366	2.40541	0.0805636	0.101106	0	5.33211	0.869423	0.540305	0	1.42452
252	5.6237	2.75849	0	1.98867	0.297854	1.56033	0.942465	0.920311	0.939896	1.21115	2.33488	0.880047	2.40744	0.08027	0.100738	0	5.32703	0.866221	0.538277	0	1.4231
253	5.59727	2.74165	0	1.98618	0.296774	1.55408	0.938548	0.916932	0.935984	1.20638	2.32203	0.876755	2.40946	0.0799787	0.100372	0	5.32194	0.863045	0.536266	0	1.42168
254	5.57099	2.72502	0	1.9837	0.295703	1.54789	0.934669	0.91358	0.93211	1.20165	2.30934	0.873491	2.41147	0.0796897	0.10001	0	5.31683	0.859895	0.534272	0	1.42025
255	5.54485	2.70858	0	1.9812	0.294639	1.54176	0.930826	0.910256	0.928274	1.19696	2.29681	0.870253	2.41347	0.079403	0.099651	0	5.3117	0.85677	0.532294	0	1.41881
256	5.51887	2.69234	0	1.97871	0.293585	1.53569	0.927019	0.906958	0.924475	1.19231	2.28443	0.867042	2.41546	0.0791186	0.0992945	0	5.30655	0.85367	0.530332	0	1.41738
257	5.49303	2.67629	0	1.97621	0.292538	1.52966	0.923248	0.903686	0.920712	1.1877	2.27221	0.863856	2.41744	0.0788364	0.0989408	0	5.3014	0.850595	0.528387	0	1.41593
258	5.46734	2.66042	0	1.9737	0.2915	1.5237	0.919513	0.90044	0.916985	1.18313	2.26013	0.860697	2.41942	0.0785564	0.0985899	0	5.29622	0.847544	0.526457	0	1.41449
259	5.44179	2.64474	0	1.9712	0.29047	1.51778	0.915812	0.897219	0.913294	1.1786	2.2482	0.857563	2.42138	0.0782785	0.0982416	0	5.29103	0.844517	0.524542	0	1.41304
260	5.41639	2.62925	0	1.96868	0.289447	1.51192	0.912145	0.894024	0.909637	1.17411	2.23642	0.854454	2.42334	0.0780029	0.0978961	0	5.28583	0.841513	0.522643	0	1.41158
261	5.39114	2.61393	0	1.96617	0.288433	1.5061	0.908511	0.890854	0.906014	1.16966	2.22477	0.85137	2.42529	0.0777293	0.0975532	0	5.28061	0.838533	0.520758	0	1.41013
262	5.36603	2.59879	0	1.96365	0.287426	1.50034	0.904911	0.887708	0.902424	1.16524	2.21327	0.84831	2.42723	0.0774578	0.097213	0	5.27537	0.835576	0.518889	0	1.40867
263	5.34106	2.58382	0	1.96113	0.286427	1.49463	0.901343	0.884587	0.898868	1.16086	2.2019	0.845275	2.42916	0.0771884	0.0968753	0	5.27012	0.832642	0.517035	0	1.4072
264	5.31623	2.56903	0	1.9586	0.285436	1.48897	0.897807	0.881489	0.895344	1.15652	2.19067	0.842263	2.43108	0.0769211	0.0965402	0	5.26486	0.82973	0.515195	0	1.40573
265	5.29155	2.5544	0	1.95607	0.284452	1.48335	0.894303	0.878415	0.891852	1.15222	2.17957	0.839275	2.43299	0.0766557	0.0962076	0	5.25959	0.826841	0.513369	0	1.40426
266	5.267	2.53995	0	1.95354	0.283475	1.47778	0.890829	0.875365	0.888392	1.14795	2.1686	0.83631	2.4349	0.0763924	0.0958775	0	5.2543	0.823973	0.511557	0	1.40279
267	5.2426	2.52565	0	1.951	0.282506	1.47226	0.887387	0.872337	0.884962	1.14372	2.15775	0.833368	2.4368	0.076131	0.0955498	0	5.249	0.821127	0.50976	0	1.40131
268	5.21834	2.51152	0	1.94846	0.281543	1.46679	0.883974	0.869333	0.881563	1.13952	2.14704	0.830448	2.43869	0.0758716	0.0952246	0	5.24368	0.818303	0.507976	0	1.39983
269	5.19422	2.49755	0	1.94592	0.280588	1.46136	0.880591	0.866351	0.878194	1.13536	2.13644	0.827551	2.44057	0.075614	0.0949018	0	5.23835	0.815499	0.506206	0	1.39834
270	5.17023	2.48374	0	1.94337	0.27964	1.45598	0.877238	0.863391	0.874854	1.13123	2.12597	0.824676	2.44245	0.0753584	0.0945814	0	5.23301	0.812717	0.504449	0	1.39685
271	5.14638	2.47008	0	1.94082	0.278699	1.45064	0.873913	0.860453	0.871544	1.12713	2.11562	0.821823	2.44431	0.0751047	0.0942633	0	5.22766	0.809955	0.502706	0	1.39536
272	5.12267	2.45658	0	1.93827	0.277765	1.44534	0.870617	0.857536	0.868263	1.12306	2.10539	0.818991	2.44617	0.0748528	0.0939475	0	5.22229	0.807213	0.500976	0	1.39387
273	5.0991	2.44322	0	1.93572	0.276838	1.44009	0.867349	0.854642	0.865009	1.11903	2.09527	0.81618	2.44802	0.0746027	0.093634	0	5.21692	0.804492	0.499258	0	1.39237
274	5.07566	2.43002	0	1.93316	0.275917	1.43488	0.864109	0.851768	0.861784	1.11503	2.08526	0.81339	2.44986	0.0743544	0.0933228	0	5.21153	0.80179	0.497554	0	1.39087
275	5.05236	2.41696	0	1.9306	0.275003	1.42971	0.860896	0.848915	0.858585	1.11106	2.07537	0.810622	2.4517	0.0741079	0.0930138	0	5.20613	0.799108	0.495862	0	1.38937
276	5.02919	2.40405	0	1.92804	0.274095	1.42459	0.85771	0.846083	0.855414	1.10713	2.06559	0.807873	2.45353	0.0738632	0.092707	0	5.20072	0.796446	0.494182	0	1.38786
277	5.00616	2.39128	0	1.92547	0.273194	1.4195	0.85455	0.843271	0.85227	1.10322	2.05591	0.805145	2.45535	0.0736202	0.0924024	0	5.1953	0.793802	0.492515	0	1.38635
278	4.98326	2.37865	0	1.92291	0.272299	1.41446	0.851416	0.84048	0.849152	1.09935	2.04635	0.802437	2.45716	0.0733789	0.0920999	0	5.18986	0.791178	0.490861	0	1.38484
279	4.96049	2.36615	0	1.92034	0.271411	1.40945	0.848309	0.837708	0.846059	1.0955	2.03688	0.799748	2.45896	0.0731394	0.0917996	0	5.18442	0.788572	0.489218	0	1.38333
280	4.93785	2.3538	0	1.91777	0.270528	1.40449	0.845226	0.834957	0.842993	1.09168	2.02752	0.797079	2.46076	0.0729015	0.0915014	0	5.17897	0.785985	0.487587	0	1.38181
281	4.91535	2.34158	0	1.91519	0.269652	1.39956	0.842169	0.832224	0.839951	1.0879	2.01826	0.794429	2.46255	0.0726653	0.0912052	0	5.1735	0.783416	0.485968	0	1.38029
282	4.89297	2.32949	0	1.91262	0.268782	1.39467	0.839136	0.829511	0.836934	1.08414	2.0091	0.791799	2.46433	0.0724307	0.0909111	0	5.16803	0.780865	0.48436	0	1.37877
283	4.87073	2.31753	0	1.91004	0.267918	1.38982	0.836128	0.826817	0.833942	1.08041	2.00004	0.789187	2.46611	0.0721978	0.0906191	0	5.16254	0.778332	0.482764	0	1.37724
284	4.84861	2.3057	0	1.90746	0.26706	1.385	0.833144	0.824142	0.830973	1.07671	1.99108	0.786593	2.46788	0.0719664	0.0903291	0	5.15705	0.775816	0.481179	0	1.37572
285	4.82662	2.294	0	1.90488	0.266208	1.38023	0.830184	0.821485	0.828029	1.07303	1.98221	0.784018	2.46964	0.0717367	0.090041	0	5.15154	0.773318	0.479606	0	1.37419
286	4.80476	2.28242	0	1.9023	0.265362	1.37548	0.827247	0.818846	0.825108	1.06939	1.97343	0.781461	2.47139	0.0715085	0.0897549	0	5.14603	0.770837	0.478043	0	1.37266
287	4.78303	2.27097	0	1.89971	0.264521	1.37078	0.824333	0.816226	0.82221	1.06577	1.96475	0.778923	2.47314	0.0712818	0.0894708	0	5.14051	0.768374	0.476492	0	1.37112
288	4.76142	2.25963	0	1.89713	0.263687	1.36611	0.821442	0.813624	0.819335	1.06218	1.95615	0.776401	2.47488	0.0710568	0.0891885	0	5.13498	0.765927	0.474951	0	1.36959
289	4.73994	2.24842	0	1.89454	0.262857	1.36147	0.818574	0.811039	0.816482	1.05861	1.94765	0.773898	2.47661	0.0708332	0.0889082	0	5.12944	0.763497	0.473421	0	1.36805
290	4.71858	2.23733	0	1.89195	0.262034	1.35687	0.815728	0.808472	0.813651	1.05507	1.93923	0.771412	2.47833	0.0706111	0.0886298	0	5.12389	0.761083	0.471902	0	1.36651
291	4.69735	2.22635	0	1.88936	0.261215	1.35231	0.812904	0.805923	0.810843	1.05156	1.9309	0.768942	2.48005	0.0703905	0.0883532	0	5.11833	0.758686	0.470393	0	1.36497
292	4.67624	2.21549	0	1.88677	0.260403	1.34777	0.810101	0.80339	0.808056	1.04807	1.92266	0.76649	2.48176	0.0701714	0.0880784	0	5.11277	0.756304	0.468894	0	1.36342
293	4.65526	2.20474	0	1.88417	0.259595	1.34327	0.80732	0.800875	0.80529	1.0446	1.91449	0.764055	2.48347	0.0699537	0.0878055	0	5.1072	0.753939	0.467406	0	1.36188
294	4.6344	2.1941	0	1.88158	0.258793	1.33881	0.80456	0.798376	0.802546	1.04116	1.90641	0.761636	2.48517	0.0697374	0.0875344	0	5.10161	0.751589	0.465927	0	1.36033
295	4.61365	2.18358	0	1.87898	0.257996	1.33437	0.801821	0.795894	0.799822	1.03775	1.89842	0.759233	2.48686	0.0695226	0.087265	0	5.09602	0.749255	0.464459	0	1.35878
296	4.59303	2.17316	0	1.87639	0.257205	1.32997	0.799102	0.793428	0.797119	1.03436	1.8905	0.756847	2.48854	0.0693092	0.0869974	0	5.09043	0.746937	0.463001	0	1.35723
297	4.57253	2.16285	0	1.87379	0.256418	1.3256	0.796404	0.790979	0.794436	1.03099	1.88266	0.754476	2.49022	0.0690972	0.0867316	0	5.08482	0.744633	0.461552	0	1.35567
298	4.55215	2.15264	0	1.87119	0.255637	1.32126	0.793726	0.788545	0.791773	1.02765	1.87489	0.752122	2.49189	0.0688865	0.0864674	0	5.07921	0.742345	0.460113	0	1.35412
299	4.53189	2.14254	0	1.86859	0.254861	1.31695	0.791068	0.786128	0.78913	1.02433	1.86721	0.749783	2.49356	0.0686772	0.086205	0	5.07359	0.740071	0.458683	0	1.35256
300	4.51175	2.13254	0	1.86599	0.254089	1.31267	0.788429	0.783726	0.786506	1.02104	1.85959	0.747459	2.49522	0.0684692	0.0859442	0	5.06797	0.737813	0.457263	0	1.351


