iter	ka(1)	ke(1)	F(1)	SD_C_central(1)	SD_AUC(1)	LnPrior	LnData	LnPosterior
0	0.237706	0.0255823	0.279823	0.10982	0.0987957	9.400762e+00	-6.545449e+02	-6.451442e+02
1	0.237706	0.0255823	0.279823	0.10982	0.0987957	9.400762e+00	-6.545449e+02	-6.451442e+02
2	0.237706	0.0387851	0.442985	0.10982	0.0987957	9.020892e+00	-1.030929e+02	-9.407200e+01
3	0.237706	0.0387851	0.442985	0.10982	0.101282	9.020892e+00	-1.007282e+02	-9.170729e+01
4	0.219698	0.0387851	0.442985	0.10982	0.101282	9.111956e+00	-8.930864e+01	-8.019669e+01
5	0.219698	0.0387851	0.442985	0.10987	0.108167	9.111956e+00	-8.434041e+01	-7.522846e+01
6	0.219698	0.0387851	0.442985	0.10987	0.108167	9.111956e+00	-8.434041e+01	-7.522846e+01
7	0.219698	0.0387851	0.442985	0.10987	0.109956	9.111956e+00	-8.324279e+01	-7.413083e+01
8	0.219698	0.0387851	0.442985	0.10987	0.109956	9.111956e+00	-8.324279e+01	-7.413083e+01
9	0.219698	0.0387851	0.484393	0.10987	0.109956	9.111956e+00	-7.739006e+01	-6.827811e+01
10	0.219698	0.0387851	0.484393	0.10987	0.109956	9.111956e+00	-7.739006e+01	-6.827811e+01
11	0.219698	0.0387851	0.484393	0.10987	0.109956	9.111956e+00	-7.739006e+01	-6.827811e+01
12	0.219698	0.0387851	0.484393	0.10987	0.109956	9.111956e+00	-7.739006e+01	-6.827811e+01
13	0.219698	0.0387851	0.484393	0.10987	0.109956	9.111956e+00	-7.739006e+01	-6.827811e+01
14	0.219698	0.0387851	0.484393	0.10987	0.109956	9.111956e+00	-7.739006e+01	-6.827811e+01
15	0.219698	0.0387851	0.484393	0.10987	0.109956	9.111956e+00	-7.739006e+01	-6.827811e+01
16	0.219698	0.0387851	0.484393	0.10987	0.109691	9.111956e+00	-7.750670e+01	-6.839474e+01
17	0.219698	0.0387851	0.484393	0.10987	0.109691	9.111956e+00	-7.750670e+01	-6.839474e+01
18	0.219698	0.0387851	0.484393	0.10987	0.10965	9.111956e+00	-7.752492e+01	-6.841296e+01
19	0.219698	0.0387851	0.484393	0.10987	0.10965	9.111956e+00	-7.752492e+01	-6.841296e+01
20	0.219698	0.0387851	0.484393	0.10987	0.10965	9.111956e+00	-7.752492e+01	-6.841296e+01
21	0.219698	0.0387851	0.484393	0.108727	0.10965	9.111956e+00	-7.931842e+01	-7.020646e+01
22	0.219698	0.0387851	0.484393	0.108727	0.108938	9.111956e+00	-7.963878e+01	-7.052682e+01
23	0.219698	0.0387851	0.484393	0.108029	0.108938	9.111956e+00	-8.076575e+01	-7.165379e+01
24	0.219698	0.0387851	0.484393	0.107789	0.108762	9.111956e+00	-8.123861e+01	-7.212665e+01
25	0.219698	0.0387851	0.484393	0.107789	0.109912	9.111956e+00	-8.072238e+01	-7.161042e+01
26	0.219698	0.0387851	0.484393	0.107789	0.109912	9.111956e+00	-8.072238e+01	-7.161042e+01
27	0.219698	0.0387851	0.484393	0.107789	0.109977	9.111956e+00	-8.069387e+01	-7.158192e+01
28	0.219698	0.0387851	0.484393	0.107789	0.109977	9.111956e+00	-8.069387e+01	-7.158192e+01
29	0.219698	0.0387851	0.484393	0.107789	0.108085	9.111956e+00	-8.155236e+01	-7.244040e+01
30	0.219698	0.0387851	0.484393	0.10833	0.109421	9.111956e+00	-8.005932e+01	-7.094737e+01
31	0.219698	0.0387851	0.484393	0.10833	0.108543	9.111956e+00	-8.045810e+01	-7.134614e+01
32	0.219698	0.0387851	0.484393	0.109398	0.10806	9.111956e+00	-7.898347e+01	-6.987151e+01
33	0.219698	0.0387851	0.484393	0.109477	0.10806	9.111956e+00	-7.885971e+01	-6.974775e+01
34	0.219698	0.0387851	0.484393	0.109477	0.10806	9.111956e+00	-7.885971e+01	-6.974775e+01
35	0.219698	0.0387851	0.484393	0.109377	0.108898	9.111956e+00	-7.862967e+01	-6.951772e+01
36	0.219698	0.0387851	0.484393	0.109377	0.108898	9.111956e+00	-7.862967e+01	-6.951772e+01
37	0.219698	0.0387851	0.484393	0.109377	0.108501	9.111956e+00	-7.881167e+01	-6.969971e+01
38	0.219698	0.0387851	0.484393	0.109377	0.10851	9.111956e+00	-7.880731e+01	-6.969535e+01
39	0.219698	0.0387851	0.484393	0.109377	0.10851	9.111956e+00	-7.880731e+01	-6.969535e+01
40	0.219698	0.0387851	0.484393	0.109377	0.108279	9.111956e+00	-7.891467e+01	-6.980271e+01
41	0.149779	0.0387851	0.484393	0.109377	0.109328	9.538079e+00	-7.099005e+01	-6.145197e+01
42	0.149779	0.0426928	0.588621	0.108481	0.107927	9.445815e+00	-5.254196e-01	8.920396e+00
43	0.149779	0.0426928	0.588621	0.108322	0.10937	9.445815e+00	-5.649301e-01	8.880885e+00
44	0.149779	0.0426928	0.588621	0.108322	0.107915	9.445815e+00	-6.160244e-01	8.829791e+00
45	0.149779	0.0426928	0.588621	0.108917	0.106985	9.445815e+00	-3.189281e-01	9.126887e+00
46	0.149779	0.0426928	0.588621	0.107898	0.107903	9.445815e+00	-8.591345e-01	8.586681e+00
47	0.149779	0.0426928	0.588621	0.107898	0.107903	9.445815e+00	-8.591345e-01	8.586681e+00
48	0.149779	0.0426928	0.588621	0.106474	0.107903	9.445815e+00	-1.699819e+00	7.745997e+00
49	0.149779	0.0426928	0.591046	0.108239	0.105236	9.445815e+00	-1.183686e+00	8.262129e+00
50	0.149779	0.0426928	0.591046	0.108239	0.107329	9.445815e+00	-1.087395e+00	8.358420e+00
51	0.149779	0.0426928	0.591046	0.108239	0.108092	9.445815e+00	-1.057443e+00	8.388373e+00
52	0.149779	0.0426928	0.591046	0.108876	0.103848	9.445815e+00	-8.962230e-01	8.549592e+00
53	0.149779	0.0426928	0.591046	0.108876	0.10753	9.445815e+00	-7.157948e-01	8.730021e+00
54	0.149779	0.045908	0.591046	0.107815	0.10519	9.374872e+00	1.004595e+00	1.037947e+01
55	0.149779	0.045908	0.591046	0.109473	0.109638	9.374872e+00	2.323483e+00	1.169836e+01
56	0.149779	0.045908	0.591046	0.109352	0.109471	9.374872e+00	2.252771e+00	1.162764e+01
57	0.149779	0.045908	0.591046	0.109727	0.109408	9.374872e+00	2.400038e+00	1.177491e+01
58	0.149779	0.045908	0.603083	0.108436	0.107157	9.374872e+00	4.081784e+00	1.345666e+01
59	0.144637	0.045908	0.603083	0.107603	0.105909	9.412349e+00	9.094603e+00	1.850695e+01
60	0.144637	0.045908	0.603083	0.109087	0.108952	9.412349e+00	9.862311e+00	1.927466e+01
61	0.144637	0.045908	0.603083	0.109087	0.106693	9.412349e+00	9.663033e+00	1.907538e+01
62	0.144637	0.045908	0.632626	0.109087	0.10923	9.412349e+00	1.168435e+01	2.109670e+01
63	0.144637	0.045908	0.623086	0.102818	0.108597	9.412349e+00	9.824996e+00	1.923735e+01
64	0.144637	0.045908	0.623086	0.102818	0.105876	9.412349e+00	9.595932e+00	1.900828e+01
65	0.144637	0.045908	0.623086	0.105515	0.104523	9.412349e+00	1.041952e+01	1.983186e+01
66	0.144637	0.045908	0.623086	0.102904	0.105563	9.412349e+00	9.598951e+00	1.901130e+01
67	0.144637	0.0448804	0.623086	0.103454	0.108235	9.434575e+00	1.080087e+01	2.023545e+01
68	0.123361	0.0448804	0.623086	0.106554	0.103705	9.602376e+00	2.077329e+01	3.037567e+01
69	0.123361	0.0448804	0.623086	0.109397	0.107135	9.602376e+00	2.138237e+01	3.098475e+01
70	0.123361	0.0448804	0.632773	0.109827	0.107606	9.602376e+00	2.207599e+01	3.167837e+01
71	0.123361	0.0450241	0.632773	0.109827	0.10814	9.599243e+00	2.305113e+01	3.265037e+01
72	0.123361	0.0450241	0.632773	0.109827	0.108096	9.599243e+00	2.305260e+01	3.265185e+01
73	0.123361	0.0450241	0.629928	0.108335	0.104799	9.599243e+00	2.269326e+01	3.229250e+01
74	0.123361	0.0450241	0.629928	0.107662	0.103883	9.599243e+00	2.256924e+01	3.216848e+01
75	0.123361	0.0450241	0.641847	0.102521	0.106987	9.599243e+00	2.133328e+01	3.093253e+01
76	0.123361	0.0450241	0.642189	0.104286	0.107939	9.599243e+00	2.175480e+01	3.135404e+01
77	0.123361	0.0450241	0.642189	0.102384	0.105336	9.599243e+00	2.134582e+01	3.094506e+01
78	0.123361	0.0450241	0.642189	0.102384	0.105167	9.599243e+00	2.135245e+01	3.095170e+01
79	0.123361	0.0450241	0.642189	0.105825	0.104112	9.599243e+00	2.230271e+01	3.190195e+01
80	0.123361	0.0450241	0.642189	0.104066	0.107623	9.599243e+00	2.171113e+01	3.131038e+01
81	0.123361	0.0450241	0.642189	0.107265	0.105559	9.599243e+00	2.259046e+01	3.218970e+01
82	0.123361	0.0450241	0.642189	0.102241	0.10734	9.599243e+00	2.122083e+01	3.082007e+01
83	0.123361	0.0450241	0.623196	0.109747	0.106811	9.599243e+00	2.229357e+01	3.189282e+01
84	0.123361	0.0462086	0.623196	0.106033	0.10515	9.573724e+00	2.409652e+01	3.367025e+01
85	0.123361	0.0462086	0.623196	0.106123	0.101962	9.573724e+00	2.399348e+01	3.356720e+01
86	0.123361	0.0462086	0.623196	0.106327	0.0990638	9.573724e+00	2.387176e+01	3.344549e+01
87	0.123859	0.0462086	0.623196	0.103101	0.0947197	9.569532e+00	2.305841e+01	3.262794e+01
88	0.123859	0.0462086	0.623196	0.106249	0.0958637	9.569532e+00	2.364060e+01	3.321013e+01
89	0.123859	0.0462086	0.623196	0.108769	0.0987036	9.569532e+00	2.417352e+01	3.374305e+01
90	0.123859	0.0462086	0.623196	0.108058	0.101947	9.569532e+00	2.424982e+01	3.381935e+01
91	0.123859	0.0462086	0.624428	0.108058	0.100151	9.569532e+00	2.451690e+01	3.408643e+01
92	0.123859	0.0462086	0.624428	0.108058	0.102397	9.569532e+00	2.461091e+01	3.418044e+01
93	0.123859	0.0462086	0.624428	0.107374	0.107578	9.569532e+00	2.464949e+01	3.421902e+01
94	0.123859	0.0462086	0.624428	0.106889	0.107088	9.569532e+00	2.457763e+01	3.414716e+01
95	0.123859	0.0462086	0.624428	0.103434	0.108278	9.569532e+00	2.408036e+01	3.364989e+01
96	0.123859	0.0462086	0.624428	0.104686	0.106147	9.569532e+00	2.424492e+01	3.381445e+01
97	0.123859	0.0462086	0.643481	0.108712	0.109977	9.569532e+00	2.798844e+01	3.755797e+01
98	0.123859	0.0464271	0.643481	0.107729	0.10735	9.564883e+00	2.805751e+01	3.762239e+01
99	0.123859	0.0464271	0.661781	0.104075	0.104328	9.564883e+00	2.845185e+01	3.801673e+01
100	0.116161	0.0464271	0.661781	0.104905	0.0981568	9.631256e+00	3.041594e+01	4.004719e+01
101	0.116161	0.0464271	0.661781	0.107327	0.0966572	9.631256e+00	3.066162e+01	4.029287e+01
102	0.116161	0.0464271	0.661781	0.109372	0.0925724	9.631256e+00	3.083842e+01	4.046968e+01
103	0.116161	0.0464271	0.683152	0.106436	0.0973602	9.631256e+00	2.999562e+01	3.962688e+01
104	0.116161	0.0464271	0.683152	0.103189	0.0917682	9.631256e+00	2.969921e+01	3.933046e+01
105	0.116161	0.0464271	0.666465	0.103189	0.0941372	9.631256e+00	3.050109e+01	4.013234e+01
106	0.116161	0.0464271	0.666465	0.108552	0.0976933	9.631256e+00	3.095902e+01	4.059028e+01
107	0.116161	0.0464271	0.666465	0.109024	0.0913259	9.631256e+00	3.106669e+01	4.069794e+01
108	0.116161	0.0464271	0.668456	0.108236	0.0979552	9.631256e+00	3.095923e+01	4.059048e+01
109	0.116161	0.0464271	0.662946	0.109702	0.0959595	9.631256e+00	3.092937e+01	4.056063e+01
110	0.116161	0.0464271	0.674554	0.109179	0.0944732	9.631256e+00	3.102135e+01	4.065261e+01
111	0.116161	0.0464271	0.674554	0.109643	0.0958068	9.631256e+00	3.103075e+01	4.066201e+01
112	0.116161	0.0464271	0.678882	0.106086	0.0964526	9.631256e+00	3.040855e+01	4.003980e+01
113	0.116161	0.0464271	0.678882	0.106556	0.0959648	9.631256e+00	3.047282e+01	4.010408e+01
114	0.116161	0.0469375	0.678882	0.105797	0.0959648	9.620465e+00	3.274822e+01	4.236869e+01
115	0.116161	0.0469375	0.679894	0.106146	0.0970801	9.620465e+00	3.272061e+01	4.234107e+01
116	0.116161	0.0469375	0.679894	0.103152	0.0940919	9.620465e+00	3.257159e+01	4.219205e+01
117	0.116161	0.0472232	0.679894	0.0993726	0.0917475	9.614464e+00	3.302994e+01	4.264440e+01
118	0.116161	0.047087	0.679894	0.0995014	0.0909024	9.617321e+00	3.273892e+01	4.235624e+01
119	0.116161	0.047087	0.679894	0.100397	0.0907043	9.617321e+00	3.281673e+01	4.243405e+01
120	0.116161	0.047087	0.679894	0.103778	0.0964972	9.617321e+00	3.301188e+01	4.262920e+01
121	0.116161	0.047087	0.679894	0.103778	0.0990764	9.617321e+00	3.294537e+01	4.256269e+01
122	0.116161	0.047087	0.679894	0.103185	0.0990326	9.617321e+00	3.290761e+01	4.252493e+01
123	0.116161	0.047087	0.679894	0.10287	0.10117	9.617321e+00	3.281512e+01	4.243244e+01
124	0.116161	0.047087	0.679894	0.102903	0.0973013	9.617321e+00	3.293522e+01	4.255254e+01
125	0.116161	0.047087	0.679894	0.105322	0.0964906	9.617321e+00	3.310470e+01	4.272202e+01
126	0.116161	0.047087	0.671515	0.101677	0.096716	9.617321e+00	3.264305e+01	4.226037e+01
127	0.116161	0.047087	0.680088	0.101762	0.0974633	9.617321e+00	3.284600e+01	4.246332e+01
128	0.116161	0.047087	0.679624	0.0987968	0.0916447	9.617321e+00	3.267651e+01	4.229384e+01
129	0.116161	0.047087	0.679624	0.0987968	0.0956887	9.617321e+00	3.263642e+01	4.225374e+01
130	0.116161	0.047087	0.679624	0.100562	0.0964705	9.617321e+00	3.277852e+01	4.239584e+01
131	0.116161	0.047087	0.668922	0.100562	0.0923325	9.617321e+00	3.237012e+01	4.198744e+01
132	0.116161	0.047087	0.668922	0.100562	0.0949615	9.617321e+00	3.237436e+01	4.199168e+01
133	0.116161	0.0470841	0.668922	0.105529	0.099209	9.617382e+00	3.264865e+01	4.226604e+01
134	0.116161	0.0475913	0.668922	0.109362	0.0991991	9.606779e+00	3.256849e+01	4.217527e+01
135	0.116161	0.0475913	0.668922	0.103564	0.0976287	9.606779e+00	3.232534e+01	4.193211e+01
136	0.116161	0.0475913	0.668922	0.0975984	0.0969005	9.606779e+00	3.187279e+01	4.147957e+01
137	0.116161	0.0475913	0.668922	0.0954204	0.0984044	9.606779e+00	3.163966e+01	4.124644e+01
138	0.116161	0.0475913	0.673722	0.0965637	0.0929648	9.606779e+00	3.243867e+01	4.204545e+01
139	0.116161	0.0475913	0.686102	0.0939503	0.0907297	9.606779e+00	3.291285e+01	4.251963e+01
140	0.116161	0.0475913	0.692289	0.0957058	0.0905713	9.606779e+00	3.291355e+01	4.252033e+01
141	0.116161	0.0475913	0.669054	0.0926574	0.0970439	9.606779e+00	3.132728e+01	4.093406e+01
142	0.116161	0.0475913	0.669054	0.0904602	0.0987293	9.606779e+00	3.099751e+01	4.060429e+01
143	0.116161	0.0475913	0.679433	0.0927124	0.10357	9.606779e+00	3.234957e+01	4.195635e+01
144	0.116161	0.0475913	0.679433	0.0901854	0.105389	9.606779e+00	3.193934e+01	4.154612e+01
145	0.116161	0.0475913	0.679433	0.0900357	0.0998587	9.606779e+00	3.210407e+01	4.171085e+01
146	0.116161	0.0475913	0.679433	0.0921245	0.0964601	9.606779e+00	3.245891e+01	4.206569e+01
147	0.116161	0.0478032	0.702684	0.0921245	0.0998921	9.602375e+00	3.176486e+01	4.136724e+01
148	0.116161	0.0478032	0.693558	0.0939626	0.101459	9.602375e+00	3.265045e+01	4.225282e+01
149	0.116161	0.0478032	0.702641	0.0966104	0.100338	9.602375e+00	3.227723e+01	4.187961e+01
150	0.116161	0.0478032	0.667266	0.0975163	0.0978178	9.602375e+00	3.092620e+01	4.052857e+01
151	0.116161	0.0478032	0.667266	0.0975163	0.0986122	9.602375e+00	3.092693e+01	4.052930e+01
152	0.116161	0.0478032	0.667266	0.101565	0.104591	9.602375e+00	3.123330e+01	4.083567e+01
153	0.116161	0.0478032	0.667266	0.100057	0.102709	9.602375e+00	3.114143e+01	4.074380e+01
154	0.116161	0.0478032	0.667266	0.100057	0.102804	9.602375e+00	3.113991e+01	4.074229e+01
155	0.116161	0.0478032	0.696906	0.1027	0.104261	9.602375e+00	3.309972e+01	4.270210e+01
156	0.116161	0.0478032	0.696906	0.10568	0.106935	9.602375e+00	3.313183e+01	4.273420e+01
157	0.116161	0.0478032	0.691294	0.10568	0.107649	9.602375e+00	3.329281e+01	4.289518e+01
158	0.116161	0.0472648	0.691294	0.106876	0.104656	9.613595e+00	3.285180e+01	4.246540e+01
159	0.116161	0.0472684	0.691294	0.106414	0.10348	9.613519e+00	3.288850e+01	4.250202e+01
160	0.116161	0.0472684	0.693302	0.107986	0.102297	9.613519e+00	3.283825e+01	4.245177e+01
161	0.116161	0.0472684	0.693302	0.102737	0.10123	9.613519e+00	3.257526e+01	4.218877e+01
162	0.116161	0.0472684	0.675979	0.100431	0.0995417	9.613519e+00	3.295852e+01	4.257204e+01
163	0.116161	0.0468977	0.675979	0.0932621	0.0971378	9.621303e+00	3.132386e+01	4.094516e+01
164	0.116161	0.0471652	0.675979	0.0966802	0.0944331	9.615681e+00	3.257763e+01	4.219331e+01
165	0.112629	0.0471652	0.675979	0.102951	0.090663	9.647342e+00	3.327254e+01	4.291988e+01
166	0.112629	0.0471652	0.675979	0.107516	0.0924357	9.647342e+00	3.349336e+01	4.314070e+01
167	0.112629	0.0471652	0.697618	0.109077	0.096216	9.647342e+00	3.338108e+01	4.302842e+01
168	0.112629	0.048853	0.697618	0.106945	0.0956047	9.612451e+00	3.353935e+01	4.315180e+01
169	0.112629	0.0471534	0.697618	0.106462	0.0905876	9.647588e+00	3.329618e+01	4.294376e+01
170	0.112629	0.0471534	0.691245	0.0999906	0.0917629	9.647588e+00	3.331375e+01	4.296134e+01
171	0.112629	0.0471534	0.691245	0.0998121	0.090163	9.647588e+00	3.331277e+01	4.296036e+01
172	0.111676	0.0471534	0.691245	0.0993859	0.0911392	9.656266e+00	3.325826e+01	4.291453e+01
173	0.111676	0.0471534	0.691245	0.0948941	0.098678	9.656266e+00	3.258132e+01	4.223759e+01
174	0.111676	0.0471534	0.691245	0.0947059	0.0973645	9.656266e+00	3.260510e+01	4.226137e+01
175	0.111676	0.048021	0.691245	0.0947059	0.0965597	9.638203e+00	3.507923e+01	4.471743e+01
176	0.111676	0.048021	0.691245	0.0976909	0.0977584	9.638203e+00	3.521860e+01	4.485680e+01
177	0.111676	0.048021	0.691245	0.0962927	0.0983662	9.638203e+00	3.513024e+01	4.476845e+01
178	0.111676	0.048021	0.691245	0.0956267	0.0977953	9.638203e+00	3.510730e+01	4.474550e+01
179	0.111676	0.0478239	0.691245	0.0915976	0.093799	9.642284e+00	3.479861e+01	4.444089e+01
180	0.111676	0.0478239	0.691245	0.0945315	0.093799	9.642284e+00	3.503789e+01	4.468018e+01
181	0.111676	0.0478239	0.690603	0.0938999	0.0962794	9.642284e+00	3.491286e+01	4.455514e+01
182	0.111676	0.0478239	0.690603	0.0905926	0.0999383	9.642284e+00	3.451671e+01	4.415899e+01
183	0.111676	0.0478893	0.690603	0.0912714	0.0951085	9.640929e+00	3.477132e+01	4.441225e+01
184	0.111676	0.0478893	0.702819	0.0921818	0.0949103	9.640929e+00	3.493506e+01	4.457599e+01
185	0.111676	0.0478893	0.717076	0.0941786	0.100308	9.640929e+00	3.339428e+01	4.303521e+01
186	0.111676	0.0478893	0.717076	0.0952139	0.103156	9.640929e+00	3.339328e+01	4.303421e+01
187	0.111676	0.0478893	0.717076	0.100378	0.099809	9.640929e+00	3.388358e+01	4.352451e+01
188	0.111676	0.0477682	0.717076	0.0976819	0.099015	9.643439e+00	3.319126e+01	4.283470e+01
189	0.111676	0.0477682	0.717076	0.102576	0.0991468	9.643439e+00	3.352446e+01	4.316790e+01
190	0.111676	0.0477682	0.676899	0.102576	0.101678	9.643439e+00	3.378388e+01	4.342732e+01
191	0.111676	0.0477682	0.669581	0.101747	0.098732	9.643439e+00	3.237697e+01	4.202041e+01
192	0.111676	0.0477682	0.669581	0.103769	0.0979566	9.643439e+00	3.246084e+01	4.210428e+01
193	0.111676	0.0477682	0.669581	0.103877	0.0965135	9.643439e+00	3.244560e+01	4.208904e+01
194	0.111676	0.0475888	0.669581	0.0990539	0.0955068	9.647168e+00	3.236442e+01	4.201158e+01
195	0.111676	0.0475888	0.669581	0.0957626	0.0921553	9.647168e+00	3.202546e+01	4.167262e+01
196	0.111676	0.0475888	0.669581	0.0980187	0.0946275	9.647168e+00	3.227571e+01	4.192288e+01
197	0.111676	0.0475888	0.669581	0.0975057	0.0982957	9.647168e+00	3.228459e+01	4.193176e+01
198	0.111676	0.0475888	0.687492	0.0975057	0.100199	9.647168e+00	3.451477e+01	4.416194e+01
199	0.111676	0.0475888	0.687492	0.0964681	0.0980559	9.647168e+00	3.451502e+01	4.416219e+01
200	0.111676	0.04806	0.687492	0.0971708	0.0975484	9.637398e+00	3.482510e+01	4.446249e+01
