iter	min_F(1)	max_F(1)	ka(1)	ke(1)	F(1)	SD_C_central(1)	SD_AUC(1)	LnPrior	LnData	LnPosterior
0	0.419154	0.435497	0.912774	0.0727445	0.426992	0.099177	0.107916	1.190393e+01	-5.871640e+03	-5.859736e+03
1	0.419154	0.435497	0.912774	0.0727445	0.426992	0.10902	0.107916	1.190393e+01	-4.954922e+03	-4.943018e+03
2	0.419154	0.647401	0.912774	0.0727445	0.448698	0.10902	0.107916	9.267335e+00	-4.835615e+03	-4.826348e+03
3	0.448141	0.647401	0.912774	0.0727445	0.53555	0.10902	0.107916	9.454345e+00	-4.478014e+03	-4.468559e+03
4	0.374435	0.669646	0.912774	0.0727445	0.53555	0.10902	0.107916	8.935904e+00	-4.478014e+03	-4.469078e+03
5	0.376171	0.634373	0.912774	0.0727445	0.619377	0.10902	0.109418	9.072634e+00	-4.246165e+03	-4.237092e+03
6	0.390929	0.634373	0.912774	0.0727445	0.619377	0.10902	0.109418	9.155427e+00	-4.246165e+03	-4.237009e+03
7	0.472858	0.723013	0.912774	0.0727445	0.658719	0.10902	0.109418	9.272704e+00	-4.176234e+03	-4.166962e+03
8	0.472858	0.723013	0.912774	0.0727445	0.677696	0.10902	0.109418	9.272704e+00	-4.148268e+03	-4.138995e+03
9	0.472858	0.859726	0.912774	0.040326	0.677696	0.10902	0.109418	9.435553e+00	-1.171734e+03	-1.162299e+03
10	0.472858	0.875559	0.712931	0.040326	0.601955	0.109325	0.109418	9.739850e+00	-8.120288e+02	-8.022889e+02
11	0.595011	0.96549	0.712931	0.040326	0.601955	0.109342	0.109418	1.008685e+01	-8.119075e+02	-8.018207e+02
12	0.595011	0.99469	0.712931	0.040326	0.601955	0.10968	0.109418	1.001099e+01	-8.095807e+02	-7.995697e+02
13	0.595011	0.708921	0.712931	0.040326	0.601955	0.109993	0.109418	1.126624e+01	-8.074412e+02	-7.961749e+02
14	0.589944	0.936021	0.712931	0.040326	0.601955	0.109993	0.109418	1.014256e+01	-8.074412e+02	-7.972986e+02
15	0.589944	0.930002	0.712931	0.040326	0.601955	0.109993	0.109418	1.016010e+01	-8.074412e+02	-7.972811e+02
16	0.589944	0.956511	0.712931	0.040326	0.601955	0.109993	0.109418	1.008503e+01	-8.074412e+02	-7.973561e+02
17	0.570784	0.893278	0.712931	0.040326	0.601955	0.109993	0.109418	1.016747e+01	-8.074412e+02	-7.972737e+02
18	0.570784	0.645034	0.712931	0.040326	0.601955	0.109993	0.109418	1.163612e+01	-8.074412e+02	-7.958051e+02
19	0.477267	0.645034	0.712931	0.040326	0.57579	0.109993	0.109418	1.062387e+01	-7.487031e+02	-7.380793e+02
20	0.540626	0.645034	0.712931	0.040326	0.57579	0.109993	0.109418	1.122734e+01	-7.487031e+02	-7.374758e+02
21	0.505	0.645034	0.712931	0.040326	0.57579	0.109993	0.109418	1.085907e+01	-7.487031e+02	-7.378441e+02
22	0.505	0.645034	0.503095	0.040326	0.549844	0.109993	0.109418	1.132536e+01	-4.851782e+02	-4.738529e+02
23	0.505	0.804662	0.503095	0.040326	0.549844	0.109992	0.109418	1.056459e+01	-4.851839e+02	-4.746193e+02
24	0.505	0.804662	0.503095	0.040326	0.549844	0.109992	0.109418	1.056459e+01	-4.851839e+02	-4.746193e+02
25	0.505	0.95575	0.503095	0.040326	0.549844	0.109992	0.109418	1.015633e+01	-4.851839e+02	-4.750276e+02
26	0.52891	0.89826	0.503095	0.040326	0.549844	0.109992	0.109418	1.040501e+01	-4.851839e+02	-4.747789e+02
27	0.52891	0.860521	0.503095	0.040326	0.533201	0.109992	0.109165	1.051279e+01	-4.595202e+02	-4.490074e+02
28	0.52891	0.999622	0.261225	0.040326	0.533851	0.109992	0.109709	1.097711e+01	-1.322798e+02	-1.213027e+02
29	0.512038	0.894122	0.261225	0.040326	0.527271	0.109858	0.109664	1.115053e+01	-1.277854e+02	-1.166349e+02
30	0.458407	0.903577	0.261225	0.040326	0.487095	0.109858	0.109911	1.089344e+01	-1.089941e+02	-9.810071e+01
31	0.458407	0.901883	0.129528	0.040326	0.487095	0.109858	0.109911	1.167937e+01	-7.832621e+01	-6.664684e+01
32	0.458407	0.909969	0.129528	0.040326	0.487095	0.109974	0.109228	1.166130e+01	-7.866082e+01	-6.699952e+01
33	0.458407	0.79501	0.129528	0.040326	0.487095	0.109143	0.107931	1.195511e+01	-8.070101e+01	-6.874590e+01
34	0.463406	0.840996	0.129528	0.040326	0.498181	0.109143	0.10837	1.184948e+01	-7.016989e+01	-5.832041e+01
35	0.413072	0.726756	0.129528	0.040326	0.505745	0.109143	0.108655	1.194524e+01	-6.415414e+01	-5.220890e+01
36	0.400661	0.681174	0.129528	0.040326	0.535462	0.109143	0.105461	1.203608e+01	-4.963373e+01	-3.759765e+01
37	0.445034	0.559178	0.129528	0.040326	0.535462	0.109143	0.104275	1.301216e+01	-4.991729e+01	-3.690513e+01
38	0.514706	0.559178	0.129528	0.040326	0.534016	0.109516	0.104003	1.408891e+01	-5.003868e+01	-3.594976e+01
39	0.519519	0.588124	0.129528	0.040326	0.540193	0.109516	0.105472	1.366538e+01	-4.766963e+01	-3.400426e+01
40	0.519519	0.588124	0.129528	0.040326	0.559426	0.109516	0.107904	1.366538e+01	-4.426078e+01	-3.059541e+01
41	0.482288	0.562391	0.129528	0.040326	0.559426	0.109827	0.108384	1.343580e+01	-4.381997e+01	-3.038416e+01
42	0.482288	0.562391	0.129528	0.040326	0.549999	0.109827	0.105353	1.343580e+01	-4.507531e+01	-3.163951e+01
43	0.482288	0.565529	0.129528	0.040326	0.549999	0.109827	0.105638	1.339737e+01	-4.503986e+01	-3.164249e+01
44	0.482288	0.571043	0.129528	0.040326	0.549999	0.109827	0.10729	1.333323e+01	-4.484564e+01	-3.151240e+01
45	0.412032	0.571043	0.129528	0.040326	0.549999	0.109827	0.106991	1.262289e+01	-4.487940e+01	-3.225652e+01
46	0.412032	0.571043	0.129528	0.040326	0.549999	0.109977	0.108003	1.262289e+01	-4.457438e+01	-3.195149e+01
47	0.34883	0.665378	0.129528	0.0462136	0.549999	0.10892	0.106717	1.169978e+01	-1.977473e+01	-8.074952e+00
48	0.376161	0.733428	0.129528	0.0462136	0.585073	0.107369	0.105253	1.162165e+01	7.453066e+00	1.907472e+01
49	0.28879	0.829541	0.129528	0.0462136	0.590031	0.107352	0.105811	1.107610e+01	1.040153e+01	2.147763e+01
50	0.286525	0.653623	0.129528	0.0448244	0.631748	0.107572	0.107832	1.149023e+01	2.095051e+01	3.244074e+01
51	0.314558	0.653623	0.129528	0.0448244	0.631748	0.108118	0.1007	1.160975e+01	2.121042e+01	3.282017e+01
52	0.327434	0.653623	0.129528	0.0448244	0.631748	0.108118	0.10369	1.166743e+01	2.117576e+01	3.284319e+01
53	0.390513	0.635705	0.129528	0.0448244	0.608658	0.106315	0.102038	1.205135e+01	1.930473e+01	3.135608e+01
54	0.347885	0.6772	0.129528	0.0448244	0.608658	0.106315	0.0977991	1.168877e+01	1.912492e+01	3.081369e+01
55	0.382273	0.6772	0.129528	0.0448244	0.619459	0.107387	0.0934574	1.185323e+01	2.066957e+01	3.252280e+01
56	0.35133	0.743385	0.129528	0.0448244	0.619459	0.109917	0.0914488	1.151968e+01	2.111432e+01	3.263400e+01
57	0.476315	0.743385	0.129528	0.0448244	0.619459	0.105468	0.095962	1.211760e+01	2.030878e+01	3.242639e+01
58	0.509299	0.806687	0.129528	0.0448244	0.633002	0.105585	0.0960163	1.207514e+01	2.050244e+01	3.257758e+01
59	0.45885	0.820079	0.129528	0.0448244	0.633002	0.107297	0.096114	1.178280e+01	2.094039e+01	3.272319e+01
60	0.464103	0.684324	0.129528	0.0448244	0.633002	0.106192	0.0980025	1.228743e+01	2.067687e+01	3.296430e+01
61	0.524309	0.684324	0.129528	0.0448244	0.633002	0.102002	0.0992064	1.272597e+01	1.949719e+01	3.222316e+01
62	0.524309	0.678749	0.129528	0.0448244	0.633002	0.101803	0.0975071	1.276144e+01	1.943215e+01	3.219359e+01
63	0.524309	0.638541	0.129528	0.0448244	0.633002	0.100455	0.0988145	1.306301e+01	1.900626e+01	3.206927e+01
64	0.583306	0.638541	0.129528	0.0448244	0.610494	0.0985923	0.103444	1.392205e+01	1.744642e+01	3.136848e+01
65	0.583306	0.75036	0.129528	0.0448244	0.610494	0.0963572	0.10335	1.281534e+01	1.666070e+01	2.947604e+01
66	0.59714	0.75036	0.129528	0.0448244	0.629539	0.0972575	0.104811	1.293554e+01	1.802792e+01	3.096346e+01
67	0.594605	0.672415	0.129528	0.0448244	0.629539	0.097413	0.106761	1.360687e+01	1.804311e+01	3.164998e+01
68	0.594605	0.704719	0.129528	0.0448244	0.629539	0.0980125	0.106223	1.325963e+01	1.827231e+01	3.153194e+01
69	0.554032	0.704719	0.129528	0.0448244	0.629539	0.0965766	0.104306	1.285055e+01	1.778253e+01	3.063308e+01
70	0.554032	0.704719	0.129528	0.0448244	0.629539	0.0979772	0.0971863	1.285055e+01	1.832749e+01	3.117804e+01
71	0.488617	0.704719	0.129528	0.0448244	0.626771	0.0997327	0.0932674	1.235314e+01	1.888840e+01	3.124154e+01
72	0.439921	0.700518	0.129528	0.0448244	0.626771	0.0986718	0.0938216	1.207495e+01	1.855102e+01	3.062598e+01
73	0.356004	0.702813	0.129528	0.0448244	0.632611	0.0974507	0.0902027	1.164954e+01	1.780159e+01	2.945113e+01
74	0.37496	0.702813	0.129528	0.0448244	0.632611	0.0974507	0.0920136	1.173562e+01	1.787305e+01	2.960868e+01
75	0.294745	0.725443	0.129528	0.0448244	0.632611	0.101184	0.0938245	1.134204e+01	1.920789e+01	3.054993e+01
76	0.276116	0.725443	0.129528	0.0448244	0.632611	0.101664	0.0950025	1.127362e+01	1.938336e+01	3.065699e+01
77	0.32767	0.859427	0.129528	0.0448244	0.635317	0.100547	0.0949812	1.117907e+01	1.882643e+01	3.000550e+01
78	0.311648	0.892662	0.129528	0.0448244	0.635317	0.100547	0.0976192	1.106693e+01	1.885298e+01	2.991991e+01
79	0.347061	0.972305	0.129528	0.0448244	0.616734	0.103	0.0976192	1.104638e+01	1.945779e+01	3.050417e+01
80	0.504345	0.992889	0.129528	0.0448244	0.616734	0.102963	0.0976192	1.156870e+01	1.944751e+01	3.101620e+01
81	0.553193	0.804283	0.129528	0.0448244	0.616734	0.102005	0.100189	1.233807e+01	1.923929e+01	3.157736e+01
82	0.553193	0.622456	0.129528	0.0448244	0.616734	0.103946	0.103349	1.362598e+01	1.981487e+01	3.344085e+01
83	0.553193	0.622456	0.129528	0.0448244	0.616734	0.104978	0.0992907	1.362598e+01	2.002780e+01	3.365378e+01
84	0.553193	0.622456	0.129528	0.0448244	0.61431	0.102864	0.100183	1.362598e+01	1.921270e+01	3.283868e+01
85	0.553193	0.622456	0.129528	0.0448244	0.61431	0.102554	0.0993555	1.362598e+01	1.910410e+01	3.273008e+01
86	0.581691	0.805869	0.129528	0.0448244	0.61431	0.102142	0.100847	1.251735e+01	1.902414e+01	3.154149e+01
87	0.606054	0.950287	0.129528	0.0448244	0.625937	0.103896	0.10036	1.214848e+01	2.024885e+01	3.239733e+01
88	0.622056	0.950287	0.129528	0.0448244	0.625937	0.10961	0.104004	1.223754e+01	2.161513e+01	3.385267e+01
89	0.403742	0.833579	0.129528	0.0448244	0.636707	0.104351	0.108924	1.151192e+01	1.970770e+01	3.121962e+01
90	0.454084	0.833579	0.129528	0.0448244	0.636707	0.102064	0.108341	1.172470e+01	1.904161e+01	3.076631e+01
91	0.462173	0.673367	0.129528	0.0448244	0.636707	0.103797	0.104796	1.232570e+01	1.966382e+01	3.198951e+01
92	0.539927	0.673367	0.129528	0.0448244	0.636707	0.103678	0.102723	1.294097e+01	1.966858e+01	3.260955e+01
93	0.507119	0.744401	0.129528	0.0448244	0.61854	0.105396	0.102723	1.229649e+01	2.033850e+01	3.263499e+01
94	0.524234	0.850994	0.129528	0.0448244	0.61854	0.109391	0.100919	1.201185e+01	2.124523e+01	3.325708e+01
95	0.524234	0.857744	0.129528	0.0448244	0.61854	0.108558	0.0992361	1.199141e+01	2.104090e+01	3.303231e+01
96	0.482237	0.80541	0.129528	0.0448244	0.61854	0.10947	0.0979426	1.193830e+01	2.120832e+01	3.314662e+01
97	0.418109	0.926503	0.125544	0.0448244	0.609068	0.103526	0.0995694	1.140114e+01	1.789695e+01	2.929809e+01
98	0.431731	0.927934	0.125544	0.0450236	0.609068	0.106803	0.100608	1.144476e+01	1.952721e+01	3.097197e+01
99	0.395477	0.973839	0.125544	0.0450236	0.609068	0.109225	0.102622	1.122970e+01	2.012641e+01	3.135610e+01
100	0.497501	0.90663	0.125544	0.0450236	0.6251	0.109225	0.105067	1.176071e+01	2.278373e+01	3.454445e+01
101	0.497501	0.875439	0.125544	0.0450236	0.6251	0.109531	0.107636	1.184001e+01	2.279902e+01	3.463903e+01
102	0.502113	0.875439	0.125544	0.0450236	0.6251	0.109323	0.108628	1.186151e+01	2.273761e+01	3.459912e+01
103	0.502113	0.924236	0.125544	0.0454234	0.661814	0.104933	0.10939	1.173000e+01	2.248331e+01	3.421330e+01
104	0.560012	0.905329	0.124892	0.0454234	0.63468	0.10191	0.109302	1.205988e+01	2.386036e+01	3.592024e+01
105	0.544992	0.964208	0.118417	0.0454234	0.63468	0.0973521	0.106297	1.188759e+01	2.139701e+01	3.328460e+01
106	0.631033	0.918771	0.118417	0.0454234	0.658016	0.0973521	0.104622	1.247353e+01	2.190882e+01	3.438236e+01
107	0.631033	0.836237	0.118417	0.0454234	0.650734	0.0961117	0.103265	1.281158e+01	2.196837e+01	3.477995e+01
108	0.631033	0.939164	0.118417	0.0454234	0.642893	0.0969562	0.107429	1.240506e+01	2.197506e+01	3.438012e+01
109	0.52134	0.970204	0.118417	0.0468752	0.640279	0.0968754	0.106555	1.173760e+01	2.648521e+01	3.822280e+01
110	0.52134	0.827457	0.118417	0.0468752	0.639419	0.0965668	0.10184	1.212035e+01	2.609499e+01	3.821534e+01
111	0.415115	0.897616	0.118417	0.0461617	0.639419	0.0965668	0.10436	1.148004e+01	2.583866e+01	3.731870e+01
112	0.448371	0.84573	0.118417	0.0472978	0.668447	0.0963483	0.100925	1.170872e+01	3.117896e+01	4.288767e+01
113	0.448371	0.970887	0.118417	0.0473896	0.682076	0.0956549	0.100782	1.143298e+01	3.153173e+01	4.296471e+01
114	0.518325	0.951046	0.118417	0.0473896	0.698788	0.0937134	0.104814	1.175715e+01	2.959447e+01	4.135162e+01
115	0.402199	0.810276	0.118417	0.0473896	0.698788	0.100339	0.105374	1.159980e+01	3.043613e+01	4.203593e+01
116	0.452224	0.89754	0.106376	0.0473896	0.688668	0.100339	0.105374	1.170943e+01	3.198121e+01	4.369063e+01
117	0.428406	0.909246	0.106376	0.0488026	0.712885	0.101719	0.107126	1.156095e+01	3.695696e+01	4.851791e+01
118	0.377314	0.943404	0.106376	0.0488026	0.712885	0.0983285	0.107514	1.131212e+01	3.693837e+01	4.825049e+01
119	0.379267	0.884636	0.106376	0.0488026	0.717275	0.0983043	0.109903	1.142872e+01	3.695729e+01	4.838601e+01
120	0.330317	0.952403	0.106376	0.0488026	0.721019	0.101415	0.106658	1.114503e+01	3.717392e+01	4.831895e+01
121	0.394703	0.941691	0.106376	0.0488026	0.716659	0.101431	0.0967975	1.137477e+01	3.757202e+01	4.894678e+01
122	0.314331	0.915437	0.106376	0.0488026	0.729717	0.100545	0.0941823	1.115575e+01	3.736175e+01	4.851750e+01
123	0.307164	0.839141	0.106376	0.0492022	0.729717	0.101651	0.0924919	1.125940e+01	3.755608e+01	4.881548e+01
124	0.34374	0.846398	0.106376	0.0493221	0.722897	0.0990146	0.100862	1.136790e+01	3.704866e+01	4.841655e+01
125	0.386973	0.84127	0.106376	0.0490953	0.722032	0.0969309	0.100862	1.154180e+01	3.740306e+01	4.894486e+01
126	0.42803	0.856678	0.103756	0.0490953	0.722032	0.101298	0.100201	1.169441e+01	3.785502e+01	4.954943e+01
127	0.42803	0.766042	0.108987	0.0490953	0.723919	0.0982436	0.09808	1.188221e+01	3.604528e+01	4.792748e+01
128	0.493695	0.766042	0.108987	0.0490953	0.715685	0.0982436	0.0973453	1.222015e+01	3.600244e+01	4.822259e+01
129	0.548517	0.766042	0.108987	0.0490953	0.706703	0.0983418	0.0964285	1.255952e+01	3.532163e+01	4.788115e+01
130	0.548517	0.766042	0.108987	0.0477347	0.706703	0.0919146	0.0910156	1.258746e+01	3.464204e+01	4.722949e+01
131	0.621774	0.766042	0.108987	0.0477347	0.705462	0.091689	0.0922622	1.317514e+01	3.468062e+01	4.785576e+01
132	0.47856	0.74274	0.108987	0.0482326	0.705462	0.0959972	0.0971777	1.223878e+01	3.644303e+01	4.868181e+01
133	0.51948	0.783876	0.108987	0.0482326	0.697939	0.102272	0.10151	1.231969e+01	3.610059e+01	4.842028e+01
134	0.399624	0.768833	0.108987	0.0482326	0.697894	0.105513	0.0958446	1.176309e+01	3.627679e+01	4.803988e+01
135	0.363198	0.748583	0.105724	0.0482326	0.728983	0.105875	0.0937574	1.169212e+01	3.568668e+01	4.737880e+01
136	0.301101	0.748583	0.105724	0.0484897	0.728983	0.104165	0.0937574	1.144439e+01	3.675589e+01	4.820028e+01
137	0.271017	0.741504	0.105724	0.0493099	0.725324	0.104494	0.0906737	1.133541e+01	3.767588e+01	4.901130e+01
138	0.319018	0.741504	0.105724	0.0493099	0.730114	0.106028	0.0954769	1.151114e+01	3.762178e+01	4.913292e+01
139	0.281264	0.856785	0.105724	0.0493099	0.730114	0.108122	0.101514	1.114806e+01	3.734764e+01	4.849570e+01
140	0.278746	0.856785	0.105724	0.0493099	0.730114	0.108545	0.10301	1.114020e+01	3.726514e+01	4.840534e+01
141	0.380376	0.768641	0.105724	0.0493099	0.730114	0.108356	0.103797	1.169003e+01	3.723193e+01	4.892197e+01
142	0.273121	0.768641	0.105724	0.0492174	0.723288	0.105806	0.100296	1.128834e+01	3.747049e+01	4.875883e+01
143	0.253375	0.783241	0.105724	0.0492174	0.742326	0.108415	0.102363	1.119452e+01	3.669647e+01	4.789099e+01
144	0.278895	0.783241	0.105724	0.0484363	0.749058	0.107019	0.102833	1.129459e+01	3.308992e+01	4.438450e+01
145	0.365771	0.783241	0.105724	0.0490942	0.74412	0.101243	0.104541	1.159858e+01	3.634433e+01	4.794291e+01
146	0.407228	0.783241	0.105724	0.0490073	0.736764	0.102907	0.108567	1.177254e+01	3.675065e+01	4.852319e+01
147	0.452336	0.81254	0.105724	0.0490073	0.736764	0.104962	0.101768	1.189464e+01	3.706652e+01	4.896116e+01
148	0.450181	0.81254	0.105724	0.0490073	0.736764	0.10441	0.101929	1.188475e+01	3.706834e+01	4.895309e+01
149	0.416373	0.897196	0.105724	0.0483714	0.730856	0.106977	0.10071	1.155520e+01	3.588366e+01	4.743887e+01
150	0.458846	0.934759	0.105724	0.049223	0.730856	0.0993191	0.0995321	1.162366e+01	3.763626e+01	4.925991e+01
151	0.480659	0.942438	0.105724	0.049223	0.730856	0.0975002	0.101467	1.169495e+01	3.755119e+01	4.924614e+01
152	0.433981	0.892445	0.105724	0.0487218	0.730856	0.102926	0.107596	1.162628e+01	3.671433e+01	4.834061e+01
153	0.418905	0.876872	0.105724	0.0487218	0.733439	0.102202	0.106152	1.160108e+01	3.658037e+01	4.818144e+01
154	0.441864	0.862889	0.105724	0.0487076	0.719499	0.101086	0.108098	1.172578e+01	3.709584e+01	4.882162e+01
155	0.567773	0.879453	0.105724	0.0490251	0.719499	0.101025	0.104534	1.227568e+01	3.740081e+01	4.967649e+01
156	0.566126	0.879453	0.108396	0.0490251	0.700105	0.0967802	0.102157	1.224133e+01	3.471958e+01	4.696091e+01
157	0.455317	0.94222	0.102801	0.0486505	0.700105	0.104217	0.0994221	1.163423e+01	3.474247e+01	4.637670e+01
158	0.455317	0.842381	0.102801	0.0486505	0.700105	0.105985	0.0981905	1.186370e+01	3.472021e+01	4.658391e+01
159	0.28105	0.958752	0.102801	0.0486505	0.687517	0.103494	0.0964645	1.102600e+01	3.156047e+01	4.258647e+01
160	0.288549	0.965816	0.102801	0.0481232	0.687517	0.105955	0.099043	1.104796e+01	3.154151e+01	4.258947e+01
161	0.362694	0.857746	0.102801	0.0481232	0.687517	0.100801	0.103619	1.147142e+01	3.148169e+01	4.295311e+01
162	0.400155	0.888591	0.102801	0.0481232	0.712449	0.0979175	0.103619	1.154545e+01	3.428286e+01	4.582831e+01
163	0.527345	0.845163	0.102801	0.0481232	0.712449	0.0983591	0.105819	1.221348e+01	3.421483e+01	4.642831e+01
164	0.48994	0.905406	0.102801	0.049057	0.737518	0.1003	0.10492	1.185029e+01	3.757960e+01	4.942988e+01
165	0.436013	0.813077	0.102801	0.049057	0.737518	0.101762	0.0949667	1.184677e+01	3.796645e+01	4.981322e+01
166	0.376933	0.818173	0.106709	0.049057	0.737518	0.102547	0.09768	1.155234e+01	3.675452e+01	4.830686e+01
167	0.257439	0.749692	0.105487	0.049057	0.737518	0.100654	0.100085	1.127913e+01	3.727579e+01	4.855492e+01
168	0.308774	0.750751	0.101749	0.049057	0.737518	0.10408	0.10032	1.149482e+01	3.763883e+01	4.913364e+01
169	0.255743	0.750751	0.101749	0.049057	0.717557	0.101848	0.0987888	1.130758e+01	3.701283e+01	4.832042e+01
170	0.261824	0.750751	0.101675	0.049057	0.717557	0.096549	0.0952761	1.132888e+01	3.705732e+01	4.838620e+01
171	0.28899	0.798086	0.105653	0.049057	0.717557	0.0993904	0.093335	1.128731e+01	3.768889e+01	4.897620e+01
172	0.405307	0.812082	0.105653	0.049057	0.717557	0.105335	0.0922356	1.169033e+01	3.762672e+01	4.931705e+01
173	0.405307	0.769665	0.105653	0.049057	0.719992	0.103319	0.0943496	1.180045e+01	3.776656e+01	4.956701e+01
174	0.400563	0.759339	0.105653	0.049057	0.719992	0.107187	0.0985203	1.180795e+01	3.755626e+01	4.936420e+01
175	0.361909	0.759339	0.101109	0.049057	0.733106	0.104566	0.0970698	1.168737e+01	3.764036e+01	4.932773e+01
176	0.361591	0.887108	0.102779	0.049057	0.71978	0.101464	0.0973316	1.139107e+01	3.763281e+01	4.902388e+01
177	0.37764	0.98281	0.102779	0.049057	0.71978	0.0963288	0.0976881	1.127540e+01	3.766924e+01	4.894464e+01
178	0.291459	0.969999	0.102779	0.049057	0.71978	0.100293	0.100614	1.103128e+01	3.755852e+01	4.858980e+01
179	0.42073	0.94919	0.102779	0.049057	0.719676	0.096009	0.096622	1.148270e+01	3.768319e+01	4.916589e+01
180	0.42073	0.965827	0.102779	0.0495755	0.719676	0.0990236	0.0960618	1.144122e+01	3.708100e+01	4.852222e+01
181	0.460421	0.949838	0.102779	0.0496451	0.734205	0.0985706	0.101383	1.161854e+01	3.816338e+01	4.978192e+01
182	0.492079	0.925293	0.102779	0.0496451	0.734205	0.0955051	0.105936	1.180099e+01	3.795743e+01	4.975842e+01
183	0.56699	0.867108	0.102779	0.0496451	0.734205	0.100098	0.0999423	1.232761e+01	3.820112e+01	5.052873e+01
184	0.510295	0.911253	0.102866	0.0496944	0.754345	0.106717	0.0997707	1.191304e+01	3.741553e+01	4.932857e+01
185	0.510295	0.858483	0.102866	0.0496944	0.754345	0.109258	0.0997066	1.205415e+01	3.732934e+01	4.938349e+01
186	0.531268	0.858483	0.0976512	0.0496944	0.754345	0.106612	0.0966156	1.221210e+01	3.773762e+01	4.994972e+01
187	0.440263	0.904084	0.103491	0.0496944	0.736937	0.106141	0.0967073	1.162764e+01	3.797721e+01	4.960485e+01
188	0.442586	0.827059	0.103491	0.0496944	0.732129	0.100114	0.0959003	1.181943e+01	3.795787e+01	4.977730e+01
189	0.488988	0.848339	0.100546	0.0499459	0.732129	0.101126	0.0915062	1.199785e+01	3.776607e+01	4.976392e+01
190	0.552965	0.848339	0.100546	0.0499459	0.740291	0.10421	0.0918035	1.232766e+01	3.846406e+01	5.079171e+01
191	0.570763	0.880414	0.100546	0.0499459	0.740291	0.107978	0.0964579	1.232108e+01	3.823097e+01	5.055205e+01
192	0.438223	0.880414	0.100546	0.0499459	0.745654	0.106416	0.101052	1.169569e+01	3.834821e+01	5.004391e+01
193	0.438223	0.961655	0.100546	0.0503466	0.758096	0.104555	0.0994611	1.151903e+01	3.802476e+01	4.954379e+01
194	0.377117	0.987565	0.100546	0.0503466	0.758096	0.101579	0.0977056	1.126199e+01	3.816473e+01	4.942672e+01
195	0.401497	0.967963	0.0969862	0.0503466	0.758096	0.0974128	0.0937401	1.141266e+01	3.891577e+01	5.032843e+01
196	0.505853	0.833913	0.0969862	0.0503466	0.770759	0.0961132	0.0992812	1.215048e+01	3.853312e+01	5.068360e+01
197	0.522819	0.811291	0.0969862	0.0505936	0.770759	0.0951183	0.0992812	1.230911e+01	3.877922e+01	5.108833e+01
198	0.520142	0.86983	0.0930535	0.0505936	0.770759	0.0911546	0.100216	1.215207e+01	3.751983e+01	4.967190e+01
199	0.502555	0.924785	0.0930535	0.0512087	0.770759	0.093337	0.102889	1.191544e+01	3.794716e+01	4.986260e+01
200	0.351006	0.929018	0.0930535	0.0512087	0.770759	0.0908446	0.0989248	1.133545e+01	3.803625e+01	4.937170e+01
