iter	ka(1)	ke(1)	F(1)	LnPrior	LnData	LnPosterior
0	0.237706	0.0255823	0.830123	1.576716e+00	-2.439175e+03	-2.437598e+03
1	0.237706	0.0255823	0.507232	1.576716e+00	-1.093132e+03	-1.091556e+03
2	0.237706	0.0255823	0.241481	1.576716e+00	-8.979890e+02	-8.964122e+02
3	0.237706	0.0255823	0.241481	1.576716e+00	-8.979890e+02	-8.964122e+02
4	0.906302	0.0255823	0.241481	-1.491032e-01	-8.806424e+02	-8.807915e+02
5	0.906302	0.0255823	0.241481	-1.491032e-01	-8.806424e+02	-8.807915e+02
6	0.906302	0.0255823	0.241481	-1.491032e-01	-8.806424e+02	-8.807915e+02
7	0.906302	0.0255823	0.241481	-1.491032e-01	-8.806424e+02	-8.807915e+02
8	0.906302	0.0255823	0.241481	-1.491032e-01	-8.806424e+02	-8.807915e+02
9	0.906302	0.0255823	0.241481	-1.491032e-01	-8.806424e+02	-8.807915e+02
10	0.906302	0.0255823	0.241481	-1.491032e-01	-8.806424e+02	-8.807915e+02
11	0.906302	0.0255823	0.241481	-1.491032e-01	-8.806424e+02	-8.807915e+02
12	0.906302	0.0255823	0.241481	-1.491032e-01	-8.806424e+02	-8.807915e+02
13	0.906302	0.0255823	0.241481	-1.491032e-01	-8.806424e+02	-8.807915e+02
14	0.409926	0.0255823	0.241481	9.147725e-01	-7.580183e+02	-7.571035e+02
15	0.409926	0.0255823	0.241481	9.147725e-01	-7.580183e+02	-7.571035e+02
16	0.409926	0.0255823	0.241481	9.147725e-01	-7.580183e+02	-7.571035e+02
17	0.409926	0.0255823	0.241481	9.147725e-01	-7.580183e+02	-7.571035e+02
18	0.409926	0.0255823	0.241481	9.147725e-01	-7.580183e+02	-7.571035e+02
19	0.409926	0.0269873	0.241481	8.677954e-01	-7.040535e+02	-7.031857e+02
20	0.409926	0.0269873	0.241481	8.677954e-01	-7.040535e+02	-7.031857e+02
21	0.409926	0.0307114	0.266115	7.519871e-01	-5.342368e+02	-5.334848e+02
22	0.409926	0.0307114	0.266115	7.519871e-01	-5.342368e+02	-5.334848e+02
23	0.409926	0.0307114	0.266115	7.519871e-01	-5.342368e+02	-5.334848e+02
24	0.409926	0.0307114	0.277791	7.519871e-01	-4.992063e+02	-4.984543e+02
25	0.409926	0.0307815	0.277791	7.499143e-01	-4.980447e+02	-4.972948e+02
26	0.409926	0.0342968	0.277791	6.505676e-01	-4.920313e+02	-4.913808e+02
27	0.409926	0.0342968	0.277791	6.505676e-01	-4.920313e+02	-4.913808e+02
28	0.377176	0.0333267	0.417793	7.819132e-01	-3.689184e+02	-3.681365e+02
29	0.377176	0.0407376	0.417793	5.926834e-01	-3.024382e+02	-3.018455e+02
30	0.224046	0.0407376	0.417793	1.218378e+00	-1.452394e+02	-1.440210e+02
31	0.224046	0.0407376	0.437475	1.218378e+00	-1.185287e+02	-1.173103e+02
32	0.224046	0.0407376	0.437475	1.218378e+00	-1.185287e+02	-1.173103e+02
33	0.224046	0.0407376	0.437475	1.218378e+00	-1.185287e+02	-1.173103e+02
34	0.224046	0.0407376	0.437475	1.218378e+00	-1.185287e+02	-1.173103e+02
35	0.224046	0.0407376	0.437475	1.218378e+00	-1.185287e+02	-1.173103e+02
36	0.224046	0.0407376	0.437475	1.218378e+00	-1.185287e+02	-1.173103e+02
37	0.224046	0.0407376	0.437475	1.218378e+00	-1.185287e+02	-1.173103e+02
38	0.224046	0.0407376	0.437475	1.218378e+00	-1.185287e+02	-1.173103e+02
39	0.224046	0.0407376	0.513614	1.218378e+00	-9.168990e+01	-9.047152e+01
40	0.224046	0.0407376	0.513614	1.218378e+00	-9.168990e+01	-9.047152e+01
41	0.224046	0.0407376	0.513614	1.218378e+00	-9.168990e+01	-9.047152e+01
42	0.224046	0.0407376	0.513614	1.218378e+00	-9.168990e+01	-9.047152e+01
43	0.224046	0.0407376	0.513614	1.218378e+00	-9.168990e+01	-9.047152e+01
44	0.224046	0.0407376	0.513614	1.218378e+00	-9.168990e+01	-9.047152e+01
45	0.224046	0.0407376	0.513614	1.218378e+00	-9.168990e+01	-9.047152e+01
46	0.224046	0.0407376	0.513614	1.218378e+00	-9.168990e+01	-9.047152e+01
47	0.224046	0.0407376	0.513614	1.218378e+00	-9.168990e+01	-9.047152e+01
48	0.224046	0.0407376	0.513614	1.218378e+00	-9.168990e+01	-9.047152e+01
49	0.224046	0.0407376	0.513614	1.218378e+00	-9.168990e+01	-9.047152e+01
50	0.224046	0.0407376	0.513614	1.218378e+00	-9.168990e+01	-9.047152e+01
51	0.224046	0.0407376	0.487594	1.218378e+00	-8.910821e+01	-8.788983e+01
52	0.224046	0.0407376	0.487594	1.218378e+00	-8.910821e+01	-8.788983e+01
53	0.224046	0.0407376	0.487594	1.218378e+00	-8.910821e+01	-8.788983e+01
54	0.224046	0.0407376	0.487594	1.218378e+00	-8.910821e+01	-8.788983e+01
55	0.224046	0.0407376	0.487594	1.218378e+00	-8.910821e+01	-8.788983e+01
56	0.224046	0.0407376	0.487594	1.218378e+00	-8.910821e+01	-8.788983e+01
57	0.224046	0.0407376	0.487594	1.218378e+00	-8.910821e+01	-8.788983e+01
58	0.224046	0.0407376	0.487594	1.218378e+00	-8.910821e+01	-8.788983e+01
59	0.224046	0.0407376	0.497017	1.218378e+00	-8.880127e+01	-8.758289e+01
60	0.224046	0.0407376	0.497017	1.218378e+00	-8.880127e+01	-8.758289e+01
61	0.224046	0.0407376	0.497017	1.218378e+00	-8.880127e+01	-8.758289e+01
62	0.224046	0.0407376	0.497017	1.218378e+00	-8.880127e+01	-8.758289e+01
63	0.224046	0.0407376	0.497017	1.218378e+00	-8.880127e+01	-8.758289e+01
64	0.224046	0.0407376	0.497017	1.218378e+00	-8.880127e+01	-8.758289e+01
65	0.224046	0.0407376	0.497017	1.218378e+00	-8.880127e+01	-8.758289e+01
66	0.182702	0.0407376	0.497017	1.449483e+00	-4.936623e+01	-4.791675e+01
67	0.182702	0.0407376	0.497017	1.449483e+00	-4.936623e+01	-4.791675e+01
68	0.182702	0.0407376	0.497017	1.449483e+00	-4.936623e+01	-4.791675e+01
69	0.182702	0.0407376	0.497017	1.449483e+00	-4.936623e+01	-4.791675e+01
70	0.182702	0.0407376	0.497017	1.449483e+00	-4.936623e+01	-4.791675e+01
71	0.182702	0.0407376	0.497017	1.449483e+00	-4.936623e+01	-4.791675e+01
72	0.182702	0.0407376	0.497561	1.449483e+00	-4.917641e+01	-4.772693e+01
73	0.182702	0.0407376	0.497561	1.449483e+00	-4.917641e+01	-4.772693e+01
74	0.182702	0.0407376	0.533506	1.449483e+00	-4.695554e+01	-4.550606e+01
75	0.182702	0.0407376	0.533506	1.449483e+00	-4.695554e+01	-4.550606e+01
76	0.182702	0.0421305	0.533506	1.417054e+00	-3.600154e+01	-3.458449e+01
77	0.182702	0.0421305	0.533506	1.417054e+00	-3.600154e+01	-3.458449e+01
78	0.182702	0.0421305	0.533506	1.417054e+00	-3.600154e+01	-3.458449e+01
79	0.182702	0.0421305	0.533506	1.417054e+00	-3.600154e+01	-3.458449e+01
80	0.182702	0.0421305	0.533506	1.417054e+00	-3.600154e+01	-3.458449e+01
81	0.182702	0.0421305	0.533506	1.417054e+00	-3.600154e+01	-3.458449e+01
82	0.182702	0.0421305	0.533506	1.417054e+00	-3.600154e+01	-3.458449e+01
83	0.182702	0.0421305	0.533506	1.417054e+00	-3.600154e+01	-3.458449e+01
84	0.182702	0.0421305	0.533506	1.417054e+00	-3.600154e+01	-3.458449e+01
85	0.182702	0.0421305	0.533506	1.417054e+00	-3.600154e+01	-3.458449e+01
86	0.182702	0.0421305	0.533506	1.417054e+00	-3.600154e+01	-3.458449e+01
87	0.181889	0.0421305	0.533506	1.422021e+00	-3.514471e+01	-3.372269e+01
88	0.181889	0.0421305	0.533506	1.422021e+00	-3.514471e+01	-3.372269e+01
89	0.181889	0.0421305	0.533506	1.422021e+00	-3.514471e+01	-3.372269e+01
90	0.181889	0.0421305	0.533506	1.422021e+00	-3.514471e+01	-3.372269e+01
91	0.181889	0.0421305	0.533506	1.422021e+00	-3.514471e+01	-3.372269e+01
92	0.181889	0.0421305	0.533506	1.422021e+00	-3.514471e+01	-3.372269e+01
93	0.181889	0.0421305	0.533506	1.422021e+00	-3.514471e+01	-3.372269e+01
94	0.181889	0.0421305	0.533506	1.422021e+00	-3.514471e+01	-3.372269e+01
95	0.181889	0.0421305	0.533506	1.422021e+00	-3.514471e+01	-3.372269e+01
96	0.181889	0.0421305	0.533506	1.422021e+00	-3.514471e+01	-3.372269e+01
97	0.181889	0.0421305	0.534482	1.422021e+00	-3.508705e+01	-3.366502e+01
98	0.181889	0.0421305	0.534482	1.422021e+00	-3.508705e+01	-3.366502e+01
99	0.181889	0.0421305	0.534482	1.422021e+00	-3.508705e+01	-3.366502e+01
100	0.147368	0.0421305	0.550382	1.652055e+00	-1.282662e+01	-1.117457e+01
101	0.147368	0.0421305	0.550382	1.652055e+00	-1.282662e+01	-1.117457e+01
102	0.147368	0.0421305	0.579191	1.652055e+00	-1.164832e+01	-9.996260e+00
103	0.147368	0.0421305	0.579191	1.652055e+00	-1.164832e+01	-9.996260e+00
104	0.142851	0.0421305	0.579191	1.685368e+00	-1.090601e+01	-9.220640e+00
105	0.142851	0.0421305	0.579191	1.685368e+00	-1.090601e+01	-9.220640e+00
106	0.142851	0.0421305	0.579191	1.685368e+00	-1.090601e+01	-9.220640e+00
107	0.142851	0.0448694	0.579191	1.624045e+00	5.581347e+00	7.205393e+00
108	0.142851	0.0448694	0.587192	1.624045e+00	8.166101e+00	9.790147e+00
109	0.142851	0.0447773	0.596612	1.626057e+00	1.027826e+01	1.190431e+01
110	0.142851	0.0447773	0.61536	1.626057e+00	1.110306e+01	1.272912e+01
111	0.119445	0.0447773	0.63835	1.814018e+00	1.710908e+01	1.892310e+01
112	0.119445	0.0447773	0.63835	1.814018e+00	1.710908e+01	1.892310e+01
113	0.119445	0.0447773	0.63835	1.814018e+00	1.710908e+01	1.892310e+01
114	0.119445	0.0447773	0.63835	1.814018e+00	1.710908e+01	1.892310e+01
115	0.119445	0.0447773	0.63835	1.814018e+00	1.710908e+01	1.892310e+01
116	0.119445	0.0447773	0.63835	1.814018e+00	1.710908e+01	1.892310e+01
117	0.119445	0.0447773	0.63835	1.814018e+00	1.710908e+01	1.892310e+01
118	0.119445	0.0452202	0.63835	1.804372e+00	2.149645e+01	2.330082e+01
119	0.119445	0.0468255	0.648337	1.770033e+00	2.885445e+01	3.062448e+01
120	0.119445	0.0468255	0.648337	1.770033e+00	2.885445e+01	3.062448e+01
121	0.119445	0.0468255	0.650075	1.770033e+00	2.918485e+01	3.095488e+01
122	0.119445	0.0468255	0.685222	1.770033e+00	2.985854e+01	3.162857e+01
123	0.119445	0.0468255	0.685222	1.770033e+00	2.985854e+01	3.162857e+01
124	0.119445	0.0468255	0.674954	1.770033e+00	3.079942e+01	3.256945e+01
125	0.119445	0.0468255	0.674954	1.770033e+00	3.079942e+01	3.256945e+01
126	0.119445	0.0468255	0.674954	1.770033e+00	3.079942e+01	3.256945e+01
127	0.119445	0.0475555	0.674954	1.754733e+00	3.105834e+01	3.281307e+01
128	0.119445	0.0475555	0.678641	1.754733e+00	3.118750e+01	3.294224e+01
129	0.119445	0.0475555	0.678641	1.754733e+00	3.118750e+01	3.294224e+01
130	0.119445	0.0475555	0.678641	1.754733e+00	3.118750e+01	3.294224e+01
131	0.119445	0.0475555	0.678641	1.754733e+00	3.118750e+01	3.294224e+01
132	0.119445	0.0475555	0.678667	1.754733e+00	3.118800e+01	3.294273e+01
133	0.119445	0.0475555	0.678667	1.754733e+00	3.118800e+01	3.294273e+01
134	0.119445	0.0475555	0.678667	1.754733e+00	3.118800e+01	3.294273e+01
135	0.119445	0.0475555	0.678667	1.754733e+00	3.118800e+01	3.294273e+01
136	0.119445	0.0475555	0.678667	1.754733e+00	3.118800e+01	3.294273e+01
137	0.119445	0.0475555	0.678667	1.754733e+00	3.118800e+01	3.294273e+01
138	0.119445	0.0475555	0.678667	1.754733e+00	3.118800e+01	3.294273e+01
139	0.119445	0.0475555	0.678667	1.754733e+00	3.118800e+01	3.294273e+01
140	0.119445	0.0475555	0.678667	1.754733e+00	3.118800e+01	3.294273e+01
141	0.119445	0.0475555	0.679147	1.754733e+00	3.119595e+01	3.295068e+01
142	0.119445	0.0475555	0.679147	1.754733e+00	3.119595e+01	3.295068e+01
143	0.119445	0.0475555	0.679147	1.754733e+00	3.119595e+01	3.295068e+01
144	0.108061	0.0475555	0.690328	1.857307e+00	3.400775e+01	3.586505e+01
145	0.108061	0.0475555	0.695035	1.857307e+00	3.421395e+01	3.607126e+01
146	0.108061	0.0475555	0.695035	1.857307e+00	3.421395e+01	3.607126e+01
147	0.108061	0.0475555	0.700393	1.857307e+00	3.422465e+01	3.608196e+01
148	0.108061	0.0475555	0.697594	1.857307e+00	3.424850e+01	3.610581e+01
149	0.108061	0.0475555	0.697594	1.857307e+00	3.424850e+01	3.610581e+01
150	0.108061	0.0475555	0.697594	1.857307e+00	3.424850e+01	3.610581e+01
151	0.108061	0.0475555	0.697594	1.857307e+00	3.424850e+01	3.610581e+01
152	0.108061	0.0475555	0.697594	1.857307e+00	3.424850e+01	3.610581e+01
153	0.108061	0.0475555	0.697594	1.857307e+00	3.424850e+01	3.610581e+01
154	0.108061	0.0475555	0.697594	1.857307e+00	3.424850e+01	3.610581e+01
155	0.108061	0.0475555	0.697594	1.857307e+00	3.424850e+01	3.610581e+01
156	0.108061	0.0475555	0.697594	1.857307e+00	3.424850e+01	3.610581e+01
157	0.108061	0.0475555	0.697594	1.857307e+00	3.424850e+01	3.610581e+01
158	0.108061	0.0475555	0.697594	1.857307e+00	3.424850e+01	3.610581e+01
159	0.108061	0.0475555	0.697594	1.857307e+00	3.424850e+01	3.610581e+01
160	0.108061	0.0475555	0.697594	1.857307e+00	3.424850e+01	3.610581e+01
161	0.108061	0.0475555	0.697594	1.857307e+00	3.424850e+01	3.610581e+01
162	0.108061	0.0475555	0.697594	1.857307e+00	3.424850e+01	3.610581e+01
163	0.108061	0.0475555	0.697594	1.857307e+00	3.424850e+01	3.610581e+01
164	0.108061	0.0478658	0.702824	1.850861e+00	3.556221e+01	3.741307e+01
165	0.108061	0.0478658	0.702824	1.850861e+00	3.556221e+01	3.741307e+01
166	0.108061	0.0478658	0.702824	1.850861e+00	3.556221e+01	3.741307e+01
167	0.108061	0.0478658	0.702824	1.850861e+00	3.556221e+01	3.741307e+01
168	0.108061	0.0478658	0.702824	1.850861e+00	3.556221e+01	3.741307e+01
169	0.108061	0.0486917	0.702824	1.833865e+00	3.634833e+01	3.818220e+01
170	0.108061	0.0482334	0.702824	1.843267e+00	3.644380e+01	3.828706e+01
171	0.108061	0.0482334	0.706275	1.843267e+00	3.655540e+01	3.839866e+01
172	0.108061	0.0482334	0.706275	1.843267e+00	3.655540e+01	3.839866e+01
173	0.108061	0.0482334	0.706275	1.843267e+00	3.655540e+01	3.839866e+01
174	0.108061	0.0482334	0.706275	1.843267e+00	3.655540e+01	3.839866e+01
175	0.108061	0.0487085	0.713825	1.833522e+00	3.699898e+01	3.883250e+01
176	0.108061	0.0487085	0.713825	1.833522e+00	3.699898e+01	3.883250e+01
177	0.108061	0.0487085	0.713825	1.833522e+00	3.699898e+01	3.883250e+01
178	0.108061	0.0487085	0.713825	1.833522e+00	3.699898e+01	3.883250e+01
179	0.108061	0.0487085	0.713825	1.833522e+00	3.699898e+01	3.883250e+01
180	0.108061	0.0487085	0.713825	1.833522e+00	3.699898e+01	3.883250e+01
181	0.108061	0.0487085	0.713825	1.833522e+00	3.699898e+01	3.883250e+01
182	0.108061	0.0487085	0.716773	1.833522e+00	3.701723e+01	3.885075e+01
183	0.108061	0.0487085	0.716773	1.833522e+00	3.701723e+01	3.885075e+01
184	0.108061	0.0487085	0.716773	1.833522e+00	3.701723e+01	3.885075e+01
185	0.108061	0.0487085	0.716773	1.833522e+00	3.701723e+01	3.885075e+01
186	0.108061	0.0487085	0.716371	1.833522e+00	3.701874e+01	3.885226e+01
187	0.108061	0.0487085	0.716371	1.833522e+00	3.701874e+01	3.885226e+01
188	0.108061	0.0487085	0.716371	1.833522e+00	3.701874e+01	3.885226e+01
189	0.108061	0.0487085	0.716371	1.833522e+00	3.701874e+01	3.885226e+01
190	0.108061	0.0487085	0.716371	1.833522e+00	3.701874e+01	3.885226e+01
191	0.108061	0.0487085	0.716371	1.833522e+00	3.701874e+01	3.885226e+01
192	0.106251	0.0487085	0.716371	1.850631e+00	3.743684e+01	3.928747e+01
193	0.106251	0.0487085	0.716371	1.850631e+00	3.743684e+01	3.928747e+01
194	0.106251	0.0487085	0.719508	1.850631e+00	3.746309e+01	3.931372e+01
195	0.106251	0.0487085	0.719508	1.850631e+00	3.746309e+01	3.931372e+01
196	0.106251	0.0487085	0.719508	1.850631e+00	3.746309e+01	3.931372e+01
197	0.106251	0.0487085	0.719508	1.850631e+00	3.746309e+01	3.931372e+01
198	0.106251	0.0487085	0.719508	1.850631e+00	3.746309e+01	3.931372e+01
199	0.106251	0.0487085	0.719508	1.850631e+00	3.746309e+01	3.931372e+01
200	0.106251	0.0487085	0.719508	1.850631e+00	3.746309e+01	3.931372e+01
201	0.106251	0.0487085	0.719508	1.850631e+00	3.746309e+01	3.931372e+01
202	0.106251	0.0487085	0.719508	1.850631e+00	3.746309e+01	3.931372e+01
203	0.106251	0.0487085	0.719508	1.850631e+00	3.746309e+01	3.931372e+01
204	0.106251	0.0487085	0.719508	1.850631e+00	3.746309e+01	3.931372e+01
205	0.106251	0.0487085	0.719508	1.850631e+00	3.746309e+01	3.931372e+01
206	0.106251	0.0487085	0.719508	1.850631e+00	3.746309e+01	3.931372e+01
207	0.106251	0.0487085	0.719508	1.850631e+00	3.746309e+01	3.931372e+01
208	0.106251	0.0487085	0.719508	1.850631e+00	3.746309e+01	3.931372e+01
209	0.106251	0.0487085	0.719508	1.850631e+00	3.746309e+01	3.931372e+01
210	0.106251	0.0487085	0.719508	1.850631e+00	3.746309e+01	3.931372e+01
211	0.106251	0.0487085	0.719508	1.850631e+00	3.746309e+01	3.931372e+01
212	0.106251	0.0487085	0.719508	1.850631e+00	3.746309e+01	3.931372e+01
213	0.106251	0.0487085	0.719508	1.850631e+00	3.746309e+01	3.931372e+01
214	0.106251	0.0487085	0.719508	1.850631e+00	3.746309e+01	3.931372e+01
215	0.106251	0.0487085	0.719508	1.850631e+00	3.746309e+01	3.931372e+01
216	0.106251	0.0487085	0.719508	1.850631e+00	3.746309e+01	3.931372e+01
217	0.106251	0.0488823	0.719508	1.847085e+00	3.755558e+01	3.940266e+01
218	0.106251	0.0488823	0.722982	1.847085e+00	3.756996e+01	3.941704e+01
219	0.106251	0.0488823	0.721847	1.847085e+00	3.757546e+01	3.942255e+01
220	0.106251	0.0488823	0.721847	1.847085e+00	3.757546e+01	3.942255e+01
221	0.106251	0.0488823	0.721847	1.847085e+00	3.757546e+01	3.942255e+01
222	0.106251	0.0488823	0.721847	1.847085e+00	3.757546e+01	3.942255e+01
223	0.106251	0.0488823	0.721847	1.847085e+00	3.757546e+01	3.942255e+01
224	0.106251	0.0488823	0.721847	1.847085e+00	3.757546e+01	3.942255e+01
225	0.106251	0.0488823	0.721847	1.847085e+00	3.757546e+01	3.942255e+01
226	0.106251	0.0489568	0.721847	1.845570e+00	3.757886e+01	3.942443e+01
227	0.106251	0.0489568	0.721847	1.845570e+00	3.757886e+01	3.942443e+01
228	0.106251	0.0489568	0.721847	1.845570e+00	3.757886e+01	3.942443e+01
229	0.106251	0.0489568	0.721847	1.845570e+00	3.757886e+01	3.942443e+01
230	0.106251	0.0489568	0.721847	1.845570e+00	3.757886e+01	3.942443e+01
231	0.106251	0.0489568	0.721847	1.845570e+00	3.757886e+01	3.942443e+01
232	0.106251	0.0489568	0.721847	1.845570e+00	3.757886e+01	3.942443e+01
233	0.106251	0.0489568	0.721847	1.845570e+00	3.757886e+01	3.942443e+01
234	0.106251	0.0489568	0.721847	1.845570e+00	3.757886e+01	3.942443e+01
235	0.106251	0.0489568	0.721847	1.845570e+00	3.757886e+01	3.942443e+01
236	0.106251	0.0489568	0.721847	1.845570e+00	3.757886e+01	3.942443e+01
237	0.106251	0.0489568	0.721847	1.845570e+00	3.757886e+01	3.942443e+01
238	0.106251	0.0489568	0.721847	1.845570e+00	3.757886e+01	3.942443e+01
239	0.106251	0.0489568	0.721847	1.845570e+00	3.757886e+01	3.942443e+01
240	0.106251	0.0489568	0.721847	1.845570e+00	3.757886e+01	3.942443e+01
241	0.106251	0.0489568	0.721847	1.845570e+00	3.757886e+01	3.942443e+01
242	0.106251	0.0489568	0.72314	1.845570e+00	3.758357e+01	3.942914e+01
243	0.106251	0.0489568	0.72314	1.845570e+00	3.758357e+01	3.942914e+01
244	0.106251	0.0489568	0.72314	1.845570e+00	3.758357e+01	3.942914e+01
245	0.106251	0.0489568	0.72314	1.845570e+00	3.758357e+01	3.942914e+01
246	0.106251	0.0489568	0.72314	1.845570e+00	3.758357e+01	3.942914e+01
247	0.106251	0.0489568	0.72314	1.845570e+00	3.758357e+01	3.942914e+01
248	0.106251	0.0489568	0.72314	1.845570e+00	3.758357e+01	3.942914e+01
249	0.106251	0.0489568	0.72314	1.845570e+00	3.758357e+01	3.942914e+01
250	0.106251	0.0489568	0.72314	1.845570e+00	3.758357e+01	3.942914e+01
251	0.106251	0.0489568	0.72314	1.845570e+00	3.758357e+01	3.942914e+01
252	0.106251	0.0489568	0.72314	1.845570e+00	3.758357e+01	3.942914e+01
253	0.106251	0.0489568	0.72314	1.845570e+00	3.758357e+01	3.942914e+01
254	0.106251	0.0489568	0.72314	1.845570e+00	3.758357e+01	3.942914e+01
255	0.106251	0.0489568	0.72314	1.845570e+00	3.758357e+01	3.942914e+01
256	0.106251	0.0489568	0.72314	1.845570e+00	3.758357e+01	3.942914e+01
257	0.106251	0.0489568	0.72314	1.845570e+00	3.758357e+01	3.942914e+01
258	0.106251	0.0489568	0.72314	1.845570e+00	3.758357e+01	3.942914e+01
259	0.106251	0.0489568	0.72314	1.845570e+00	3.758357e+01	3.942914e+01
260	0.106251	0.0489568	0.72314	1.845570e+00	3.758357e+01	3.942914e+01
261	0.106251	0.0489568	0.72314	1.845570e+00	3.758357e+01	3.942914e+01
262	0.106251	0.0489568	0.72314	1.845570e+00	3.758357e+01	3.942914e+01
263	0.106251	0.0489568	0.72314	1.845570e+00	3.758357e+01	3.942914e+01
264	0.106251	0.0489568	0.72314	1.845570e+00	3.758357e+01	3.942914e+01
265	0.106251	0.0489568	0.723018	1.845570e+00	3.758367e+01	3.942924e+01
266	0.106251	0.0489568	0.723018	1.845570e+00	3.758367e+01	3.942924e+01
267	0.106251	0.0489568	0.723018	1.845570e+00	3.758367e+01	3.942924e+01
268	0.106251	0.0489568	0.723018	1.845570e+00	3.758367e+01	3.942924e+01
269	0.106251	0.0489568	0.723018	1.845570e+00	3.758367e+01	3.942924e+01
270	0.106251	0.0489568	0.723018	1.845570e+00	3.758367e+01	3.942924e+01
271	0.106251	0.0489568	0.723018	1.845570e+00	3.758367e+01	3.942924e+01
272	0.106251	0.0489568	0.723018	1.845570e+00	3.758367e+01	3.942924e+01
273	0.106251	0.0489568	0.723018	1.845570e+00	3.758367e+01	3.942924e+01
274	0.106251	0.0489568	0.723018	1.845570e+00	3.758367e+01	3.942924e+01
275	0.106251	0.0489568	0.723018	1.845570e+00	3.758367e+01	3.942924e+01
276	0.106251	0.0489568	0.723018	1.845570e+00	3.758367e+01	3.942924e+01
277	0.106251	0.0489568	0.723018	1.845570e+00	3.758367e+01	3.942924e+01
278	0.106251	0.0489568	0.723018	1.845570e+00	3.758367e+01	3.942924e+01
279	0.106251	0.0489568	0.723018	1.845570e+00	3.758367e+01	3.942924e+01
280	0.106251	0.0489568	0.723018	1.845570e+00	3.758367e+01	3.942924e+01
281	0.106251	0.0489568	0.723018	1.845570e+00	3.758367e+01	3.942924e+01
282	0.106251	0.0489568	0.723018	1.845570e+00	3.758367e+01	3.942924e+01
283	0.106251	0.0489568	0.723018	1.845570e+00	3.758367e+01	3.942924e+01
284	0.106251	0.0489568	0.723018	1.845570e+00	3.758367e+01	3.942924e+01
285	0.106251	0.0489568	0.723018	1.845570e+00	3.758367e+01	3.942924e+01
286	0.106251	0.0489568	0.723018	1.845570e+00	3.758367e+01	3.942924e+01
287	0.106251	0.0489568	0.723018	1.845570e+00	3.758367e+01	3.942924e+01
288	0.106251	0.0489568	0.723018	1.845570e+00	3.758367e+01	3.942924e+01
289	0.106251	0.0489568	0.723018	1.845570e+00	3.758367e+01	3.942924e+01
290	0.106251	0.0489568	0.723018	1.845570e+00	3.758367e+01	3.942924e+01
291	0.106251	0.0489568	0.723018	1.845570e+00	3.758367e+01	3.942924e+01
292	0.106251	0.0489568	0.723018	1.845570e+00	3.758367e+01	3.942924e+01
293	0.106251	0.0489568	0.723018	1.845570e+00	3.758367e+01	3.942924e+01
294	0.106251	0.0489568	0.723018	1.845570e+00	3.758367e+01	3.942924e+01
295	0.105906	0.0489568	0.723018	1.848860e+00	3.767567e+01	3.952453e+01
296	0.105906	0.0489568	0.723018	1.848860e+00	3.767567e+01	3.952453e+01
297	0.105906	0.0489568	0.723152	1.848860e+00	3.767613e+01	3.952499e+01
298	0.105906	0.0489568	0.723152	1.848860e+00	3.767613e+01	3.952499e+01
299	0.105906	0.0489568	0.723152	1.848860e+00	3.767613e+01	3.952499e+01
300	0.105906	0.0489568	0.723152	1.848860e+00	3.767613e+01	3.952499e+01
301	0.105906	0.0489568	0.723152	1.848860e+00	3.767613e+01	3.952499e+01
302	0.105906	0.0489568	0.723152	1.848860e+00	3.767613e+01	3.952499e+01
303	0.105906	0.0489568	0.723152	1.848860e+00	3.767613e+01	3.952499e+01
304	0.105906	0.0489568	0.723152	1.848860e+00	3.767613e+01	3.952499e+01
305	0.105906	0.0489568	0.723152	1.848860e+00	3.767613e+01	3.952499e+01
306	0.105906	0.0489568	0.723152	1.848860e+00	3.767613e+01	3.952499e+01
307	0.105906	0.0489568	0.723152	1.848860e+00	3.767613e+01	3.952499e+01
308	0.105906	0.0489568	0.723152	1.848860e+00	3.767613e+01	3.952499e+01
309	0.105906	0.0489568	0.723152	1.848860e+00	3.767613e+01	3.952499e+01
310	0.105906	0.0489568	0.723152	1.848860e+00	3.767613e+01	3.952499e+01
311	0.105906	0.0489568	0.723152	1.848860e+00	3.767613e+01	3.952499e+01
312	0.102936	0.0491752	0.72682	1.873099e+00	3.808844e+01	3.996154e+01
313	0.102936	0.0491752	0.72682	1.873099e+00	3.808844e+01	3.996154e+01
314	0.102936	0.0491752	0.72682	1.873099e+00	3.808844e+01	3.996154e+01
315	0.102936	0.0491752	0.72682	1.873099e+00	3.808844e+01	3.996154e+01
316	0.102936	0.0492579	0.72682	1.871423e+00	3.811207e+01	3.998349e+01
317	0.102936	0.0492579	0.72682	1.871423e+00	3.811207e+01	3.998349e+01
318	0.102936	0.0492579	0.72682	1.871423e+00	3.811207e+01	3.998349e+01
319	0.102936	0.0492579	0.731764	1.871423e+00	3.826051e+01	4.013193e+01
320	0.102936	0.0492579	0.732701	1.871423e+00	3.826790e+01	4.013933e+01
321	0.102936	0.0492579	0.732701	1.871423e+00	3.826790e+01	4.013933e+01
322	0.102936	0.0493449	0.732701	1.869663e+00	3.830900e+01	4.017867e+01
323	0.102936	0.0493449	0.732701	1.869663e+00	3.830900e+01	4.017867e+01
324	0.102936	0.0493449	0.732701	1.869663e+00	3.830900e+01	4.017867e+01
325	0.102936	0.0493449	0.734873	1.869663e+00	3.832351e+01	4.019318e+01
326	0.102936	0.0493449	0.734597	1.869663e+00	3.832361e+01	4.019328e+01
327	0.102936	0.0493449	0.734597	1.869663e+00	3.832361e+01	4.019328e+01
328	0.102936	0.0493449	0.734597	1.869663e+00	3.832361e+01	4.019328e+01
329	0.102936	0.0493449	0.734597	1.869663e+00	3.832361e+01	4.019328e+01
330	0.102676	0.0493449	0.734597	1.872208e+00	3.834518e+01	4.021739e+01
331	0.102676	0.0493449	0.734597	1.872208e+00	3.834518e+01	4.021739e+01
332	0.102676	0.0493449	0.734597	1.872208e+00	3.834518e+01	4.021739e+01
333	0.102676	0.0493449	0.734597	1.872208e+00	3.834518e+01	4.021739e+01
334	0.102676	0.0493815	0.734597	1.871469e+00	3.836135e+01	4.023282e+01
335	0.102676	0.0493815	0.73655	1.871469e+00	3.836337e+01	4.023484e+01
336	0.102676	0.0493815	0.73655	1.871469e+00	3.836337e+01	4.023484e+01
337	0.102676	0.0493815	0.73655	1.871469e+00	3.836337e+01	4.023484e+01
338	0.102676	0.0493815	0.734927	1.871469e+00	3.836368e+01	4.023515e+01
339	0.102676	0.0493815	0.734927	1.871469e+00	3.836368e+01	4.023515e+01
340	0.102031	0.0495933	0.734927	1.873531e+00	3.838937e+01	4.026290e+01
341	0.102031	0.0495933	0.739727	1.873531e+00	3.849129e+01	4.036482e+01
342	0.102031	0.0495933	0.739727	1.873531e+00	3.849129e+01	4.036482e+01
343	0.102031	0.0495933	0.739727	1.873531e+00	3.849129e+01	4.036482e+01
344	0.102031	0.0495933	0.739727	1.873531e+00	3.849129e+01	4.036482e+01
345	0.102031	0.0495933	0.739727	1.873531e+00	3.849129e+01	4.036482e+01
346	0.102031	0.0495933	0.739776	1.873531e+00	3.849146e+01	4.036499e+01
347	0.102031	0.0495933	0.739776	1.873531e+00	3.849146e+01	4.036499e+01
348	0.102031	0.0495933	0.739776	1.873531e+00	3.849146e+01	4.036499e+01
349	0.102031	0.0495933	0.739776	1.873531e+00	3.849146e+01	4.036499e+01
350	0.102031	0.0495933	0.739776	1.873531e+00	3.849146e+01	4.036499e+01
351	0.102031	0.0495933	0.739776	1.873531e+00	3.849146e+01	4.036499e+01
352	0.102031	0.0495933	0.739776	1.873531e+00	3.849146e+01	4.036499e+01
353	0.102031	0.0495933	0.739776	1.873531e+00	3.849146e+01	4.036499e+01
354	0.102031	0.0495933	0.739776	1.873531e+00	3.849146e+01	4.036499e+01
355	0.102031	0.0495933	0.739776	1.873531e+00	3.849146e+01	4.036499e+01
356	0.102031	0.0495933	0.739776	1.873531e+00	3.849146e+01	4.036499e+01
357	0.102031	0.0495933	0.739776	1.873531e+00	3.849146e+01	4.036499e+01
358	0.102031	0.0495933	0.739776	1.873531e+00	3.849146e+01	4.036499e+01
359	0.102031	0.0495933	0.739776	1.873531e+00	3.849146e+01	4.036499e+01
360	0.102031	0.0495933	0.739776	1.873531e+00	3.849146e+01	4.036499e+01
361	0.102031	0.0495933	0.740649	1.873531e+00	3.849147e+01	4.036500e+01
362	0.102031	0.0495933	0.740649	1.873531e+00	3.849147e+01	4.036500e+01
363	0.102031	0.0495933	0.740649	1.873531e+00	3.849147e+01	4.036500e+01
364	0.102031	0.0495933	0.740649	1.873531e+00	3.849147e+01	4.036500e+01
365	0.102031	0.0495938	0.740649	1.873521e+00	3.849150e+01	4.036502e+01
366	0.102031	0.0495938	0.740649	1.873521e+00	3.849150e+01	4.036502e+01
367	0.102031	0.0495938	0.740649	1.873521e+00	3.849150e+01	4.036502e+01
368	0.102031	0.0495938	0.740649	1.873521e+00	3.849150e+01	4.036502e+01
369	0.102031	0.0495938	0.740649	1.873521e+00	3.849150e+01	4.036502e+01
370	0.102031	0.0495938	0.740649	1.873521e+00	3.849150e+01	4.036502e+01
371	0.102031	0.0495938	0.740649	1.873521e+00	3.849150e+01	4.036502e+01
372	0.102031	0.0495938	0.740649	1.873521e+00	3.849150e+01	4.036502e+01
373	0.102031	0.0495938	0.740649	1.873521e+00	3.849150e+01	4.036502e+01
374	0.102031	0.0495938	0.740649	1.873521e+00	3.849150e+01	4.036502e+01
375	0.100282	0.0495938	0.740649	1.890842e+00	3.848936e+01	4.038021e+01
376	0.100282	0.0495938	0.740649	1.890842e+00	3.848936e+01	4.038021e+01
377	0.100282	0.0495938	0.743259	1.890842e+00	3.851357e+01	4.040441e+01
378	0.100282	0.0495938	0.743259	1.890842e+00	3.851357e+01	4.040441e+01
379	0.100282	0.0495938	0.743259	1.890842e+00	3.851357e+01	4.040441e+01
380	0.100282	0.0495938	0.743259	1.890842e+00	3.851357e+01	4.040441e+01
381	0.100282	0.0495938	0.743259	1.890842e+00	3.851357e+01	4.040441e+01
382	0.100282	0.0496886	0.743259	1.888934e+00	3.860168e+01	4.049061e+01
383	0.100282	0.0496886	0.743259	1.888934e+00	3.860168e+01	4.049061e+01
384	0.100282	0.0496886	0.743259	1.888934e+00	3.860168e+01	4.049061e+01
385	0.100282	0.0496886	0.743259	1.888934e+00	3.860168e+01	4.049061e+01
386	0.100282	0.0496886	0.743259	1.888934e+00	3.860168e+01	4.049061e+01
387	0.100282	0.0497297	0.743259	1.888109e+00	3.862315e+01	4.051126e+01
388	0.100282	0.0497297	0.745135	1.888109e+00	3.863971e+01	4.052782e+01
389	0.100282	0.0497297	0.745135	1.888109e+00	3.863971e+01	4.052782e+01
390	0.100282	0.0497297	0.745135	1.888109e+00	3.863971e+01	4.052782e+01
391	0.100282	0.0497297	0.745135	1.888109e+00	3.863971e+01	4.052782e+01
392	0.100282	0.0497297	0.745135	1.888109e+00	3.863971e+01	4.052782e+01
393	0.100282	0.0497297	0.745135	1.888109e+00	3.863971e+01	4.052782e+01
394	0.100282	0.0497297	0.745342	1.888109e+00	3.863998e+01	4.052809e+01
395	0.100282	0.0497297	0.745342	1.888109e+00	3.863998e+01	4.052809e+01
396	0.100282	0.0497297	0.745342	1.888109e+00	3.863998e+01	4.052809e+01
397	0.100282	0.0497297	0.745342	1.888109e+00	3.863998e+01	4.052809e+01
398	0.100282	0.0497297	0.745342	1.888109e+00	3.863998e+01	4.052809e+01
399	0.100282	0.0497297	0.745342	1.888109e+00	3.863998e+01	4.052809e+01
400	0.100282	0.0497297	0.745342	1.888109e+00	3.863998e+01	4.052809e+01
401	0.100282	0.0497297	0.745342	1.888109e+00	3.863998e+01	4.052809e+01
402	0.100282	0.0497297	0.745342	1.888109e+00	3.863998e+01	4.052809e+01
403	0.100282	0.0497297	0.745342	1.888109e+00	3.863998e+01	4.052809e+01
404	0.100282	0.0497297	0.745342	1.888109e+00	3.863998e+01	4.052809e+01
405	0.100282	0.0497297	0.745342	1.888109e+00	3.863998e+01	4.052809e+01
406	0.100282	0.0497297	0.745342	1.888109e+00	3.863998e+01	4.052809e+01
407	0.100282	0.0497297	0.745342	1.888109e+00	3.863998e+01	4.052809e+01
408	0.100282	0.0497297	0.745342	1.888109e+00	3.863998e+01	4.052809e+01
409	0.100282	0.0497297	0.745342	1.888109e+00	3.863998e+01	4.052809e+01
410	0.100282	0.0497297	0.745342	1.888109e+00	3.863998e+01	4.052809e+01
411	0.100282	0.0497297	0.745342	1.888109e+00	3.863998e+01	4.052809e+01
412	0.100282	0.0497297	0.745342	1.888109e+00	3.863998e+01	4.052809e+01
413	0.100282	0.0497297	0.745342	1.888109e+00	3.863998e+01	4.052809e+01
414	0.100282	0.0497297	0.745342	1.888109e+00	3.863998e+01	4.052809e+01
415	0.100282	0.0497297	0.74545	1.888109e+00	3.863999e+01	4.052810e+01
416	0.100282	0.0497297	0.74545	1.888109e+00	3.863999e+01	4.052810e+01
417	0.100282	0.0497297	0.74545	1.888109e+00	3.863999e+01	4.052810e+01
418	0.100282	0.0497297	0.74545	1.888109e+00	3.863999e+01	4.052810e+01
419	0.100282	0.0497297	0.74545	1.888109e+00	3.863999e+01	4.052810e+01
420	0.100282	0.0497297	0.74545	1.888109e+00	3.863999e+01	4.052810e+01
421	0.100282	0.0497966	0.747176	1.886766e+00	3.867276e+01	4.055952e+01
422	0.100282	0.0497966	0.746001	1.886766e+00	3.867351e+01	4.056028e+01
423	0.100282	0.0498021	0.746001	1.886656e+00	3.867518e+01	4.056184e+01
424	0.100122	0.0498021	0.746001	1.888256e+00	3.867538e+01	4.056364e+01
425	0.100122	0.0498021	0.746001	1.888256e+00	3.867538e+01	4.056364e+01
426	0.100122	0.0498634	0.746001	1.887026e+00	3.868664e+01	4.057366e+01
427	0.100122	0.0498634	0.748737	1.887026e+00	3.869620e+01	4.058322e+01
428	0.100122	0.0498634	0.748737	1.887026e+00	3.869620e+01	4.058322e+01
429	0.100122	0.0498634	0.748737	1.887026e+00	3.869620e+01	4.058322e+01
430	0.100122	0.0498634	0.747432	1.887026e+00	3.869833e+01	4.058536e+01
431	0.100122	0.0498634	0.747432	1.887026e+00	3.869833e+01	4.058536e+01
432	0.100122	0.0498634	0.748131	1.887026e+00	3.869870e+01	4.058573e+01
433	0.100122	0.0498634	0.748131	1.887026e+00	3.869870e+01	4.058573e+01
434	0.100122	0.0498634	0.748131	1.887026e+00	3.869870e+01	4.058573e+01
435	0.100122	0.0499243	0.748197	1.885806e+00	3.870302e+01	4.058883e+01
436	0.100122	0.0499243	0.748197	1.885806e+00	3.870302e+01	4.058883e+01
437	0.100122	0.0499243	0.748197	1.885806e+00	3.870302e+01	4.058883e+01
438	0.0999534	0.0499243	0.749246	1.887491e+00	3.871628e+01	4.060377e+01
439	0.0999534	0.0499243	0.749246	1.887491e+00	3.871628e+01	4.060377e+01
440	0.0999534	0.0499243	0.749164	1.887491e+00	3.871633e+01	4.060382e+01
441	0.0999534	0.0499243	0.749164	1.887491e+00	3.871633e+01	4.060382e+01
442	0.0999534	0.0499243	0.749164	1.887491e+00	3.871633e+01	4.060382e+01
443	0.0999534	0.0499243	0.749164	1.887491e+00	3.871633e+01	4.060382e+01
444	0.0999534	0.0499243	0.749164	1.887491e+00	3.871633e+01	4.060382e+01
445	0.0999534	0.0499243	0.749164	1.887491e+00	3.871633e+01	4.060382e+01
446	0.0999534	0.0499243	0.749164	1.887491e+00	3.871633e+01	4.060382e+01
447	0.0999534	0.0499243	0.749164	1.887491e+00	3.871633e+01	4.060382e+01
448	0.0999534	0.0499243	0.749164	1.887491e+00	3.871633e+01	4.060382e+01
449	0.0999534	0.0499243	0.749164	1.887491e+00	3.871633e+01	4.060382e+01
450	0.0999534	0.0499243	0.749164	1.887491e+00	3.871633e+01	4.060382e+01
451	0.0999534	0.0499243	0.749164	1.887491e+00	3.871633e+01	4.060382e+01
452	0.0999534	0.0499243	0.749164	1.887491e+00	3.871633e+01	4.060382e+01
453	0.0999534	0.0499243	0.749164	1.887491e+00	3.871633e+01	4.060382e+01
454	0.0999534	0.0499369	0.749164	1.887239e+00	3.871696e+01	4.060420e+01
455	0.0999534	0.0499369	0.749164	1.887239e+00	3.871696e+01	4.060420e+01
456	0.0999534	0.0499369	0.749164	1.887239e+00	3.871696e+01	4.060420e+01
457	0.0999534	0.0499369	0.749164	1.887239e+00	3.871696e+01	4.060420e+01
458	0.0999534	0.0499369	0.749164	1.887239e+00	3.871696e+01	4.060420e+01
459	0.0999534	0.0499369	0.749164	1.887239e+00	3.871696e+01	4.060420e+01
460	0.0999534	0.0499369	0.749164	1.887239e+00	3.871696e+01	4.060420e+01
461	0.0999534	0.0499369	0.749164	1.887239e+00	3.871696e+01	4.060420e+01
462	0.0999534	0.0499369	0.749164	1.887239e+00	3.871696e+01	4.060420e+01
463	0.0999534	0.0499369	0.749164	1.887239e+00	3.871696e+01	4.060420e+01
464	0.0999534	0.0499369	0.749164	1.887239e+00	3.871696e+01	4.060420e+01
465	0.0999534	0.0499369	0.749164	1.887239e+00	3.871696e+01	4.060420e+01
466	0.0999534	0.0499369	0.749164	1.887239e+00	3.871696e+01	4.060420e+01
467	0.0999534	0.0499369	0.749164	1.887239e+00	3.871696e+01	4.060420e+01
468	0.0999534	0.0499369	0.749465	1.887239e+00	3.871701e+01	4.060425e+01
469	0.0999534	0.0499369	0.749465	1.887239e+00	3.871701e+01	4.060425e+01
470	0.0999534	0.0499369	0.749465	1.887239e+00	3.871701e+01	4.060425e+01
471	0.0999534	0.0499369	0.749465	1.887239e+00	3.871701e+01	4.060425e+01
472	0.0996288	0.0499369	0.749465	1.890491e+00	3.872941e+01	4.061990e+01
473	0.0996288	0.0499369	0.749465	1.890491e+00	3.872941e+01	4.061990e+01
474	0.0996288	0.0499369	0.749465	1.890491e+00	3.872941e+01	4.061990e+01
475	0.0996288	0.0499369	0.749465	1.890491e+00	3.872941e+01	4.061990e+01
476	0.0996288	0.0499369	0.749465	1.890491e+00	3.872941e+01	4.061990e+01
477	0.0996288	0.0499369	0.749465	1.890491e+00	3.872941e+01	4.061990e+01
478	0.0996288	0.0499369	0.749465	1.890491e+00	3.872941e+01	4.061990e+01
479	0.0996288	0.0499369	0.749465	1.890491e+00	3.872941e+01	4.061990e+01
480	0.0996288	0.0499836	0.7495	1.889556e+00	3.873314e+01	4.062269e+01
481	0.0996288	0.0499836	0.7495	1.889556e+00	3.873314e+01	4.062269e+01
482	0.0996288	0.0499836	0.7495	1.889556e+00	3.873314e+01	4.062269e+01
483	0.0996288	0.0499836	0.749758	1.889556e+00	3.873503e+01	4.062458e+01
484	0.0996288	0.0499836	0.749758	1.889556e+00	3.873503e+01	4.062458e+01
485	0.0996288	0.0499836	0.749758	1.889556e+00	3.873503e+01	4.062458e+01
486	0.0996288	0.0499836	0.749758	1.889556e+00	3.873503e+01	4.062458e+01
487	0.0996288	0.0499836	0.750499	1.889556e+00	3.873781e+01	4.062737e+01
488	0.0996288	0.0499836	0.750499	1.889556e+00	3.873781e+01	4.062737e+01
489	0.0996288	0.0499836	0.750499	1.889556e+00	3.873781e+01	4.062737e+01
490	0.0996288	0.0499859	0.750499	1.889511e+00	3.873792e+01	4.062743e+01
491	0.0996288	0.0499859	0.750499	1.889511e+00	3.873792e+01	4.062743e+01
492	0.0996288	0.0499859	0.750499	1.889511e+00	3.873792e+01	4.062743e+01
493	0.0996288	0.0499859	0.750499	1.889511e+00	3.873792e+01	4.062743e+01
494	0.0996288	0.0499859	0.750499	1.889511e+00	3.873792e+01	4.062743e+01
495	0.0996288	0.0499859	0.750499	1.889511e+00	3.873792e+01	4.062743e+01
496	0.0996288	0.0499859	0.750499	1.889511e+00	3.873792e+01	4.062743e+01
497	0.0996288	0.0499859	0.750499	1.889511e+00	3.873792e+01	4.062743e+01
498	0.0996288	0.0499859	0.750499	1.889511e+00	3.873792e+01	4.062743e+01
499	0.0996288	0.0499859	0.750499	1.889511e+00	3.873792e+01	4.062743e+01
500	0.0996288	0.0499859	0.750499	1.889511e+00	3.873792e+01	4.062743e+01
501	0.0996288	0.0499859	0.750499	1.889511e+00	3.873792e+01	4.062743e+01
502	0.0996288	0.0499859	0.750499	1.889511e+00	3.873792e+01	4.062743e+01
503	0.0996288	0.0499859	0.750499	1.889511e+00	3.873792e+01	4.062743e+01
504	0.0996288	0.0499859	0.750499	1.889511e+00	3.873792e+01	4.062743e+01
505	0.0996288	0.0499859	0.750499	1.889511e+00	3.873792e+01	4.062743e+01
506	0.0996288	0.0499859	0.750499	1.889511e+00	3.873792e+01	4.062743e+01
507	0.0996288	0.0499859	0.750499	1.889511e+00	3.873792e+01	4.062743e+01
508	0.0996288	0.0499859	0.750499	1.889511e+00	3.873792e+01	4.062743e+01
509	0.0996288	0.0499859	0.750499	1.889511e+00	3.873792e+01	4.062743e+01
510	0.0996288	0.0499865	0.750499	1.889498e+00	3.873794e+01	4.062744e+01
511	0.0996288	0.0499865	0.750499	1.889498e+00	3.873794e+01	4.062744e+01
512	0.0996288	0.0499865	0.750693	1.889498e+00	3.873810e+01	4.062759e+01
513	0.0996288	0.0499865	0.750693	1.889498e+00	3.873810e+01	4.062759e+01
514	0.0996288	0.0499865	0.750693	1.889498e+00	3.873810e+01	4.062759e+01
515	0.0996288	0.0499865	0.750693	1.889498e+00	3.873810e+01	4.062759e+01
516	0.0996288	0.0499865	0.750693	1.889498e+00	3.873810e+01	4.062759e+01
517	0.0996288	0.0499865	0.750693	1.889498e+00	3.873810e+01	4.062759e+01
518	0.0996288	0.0499865	0.750693	1.889498e+00	3.873810e+01	4.062759e+01
519	0.0996288	0.0499865	0.750693	1.889498e+00	3.873810e+01	4.062759e+01
520	0.0996288	0.0499865	0.750693	1.889498e+00	3.873810e+01	4.062759e+01
521	0.0996288	0.0499865	0.750693	1.889498e+00	3.873810e+01	4.062759e+01
522	0.0996288	0.0499865	0.750693	1.889498e+00	3.873810e+01	4.062759e+01
523	0.0996288	0.0499865	0.750693	1.889498e+00	3.873810e+01	4.062759e+01
524	0.0996288	0.0499865	0.750693	1.889498e+00	3.873810e+01	4.062759e+01
525	0.0996288	0.0499865	0.750693	1.889498e+00	3.873810e+01	4.062759e+01
526	0.0996288	0.0499865	0.750693	1.889498e+00	3.873810e+01	4.062759e+01
527	0.0996288	0.0499865	0.750693	1.889498e+00	3.873810e+01	4.062759e+01
528	0.0996288	0.0499865	0.750693	1.889498e+00	3.873810e+01	4.062759e+01
529	0.0996288	0.0499865	0.750693	1.889498e+00	3.873810e+01	4.062759e+01
530	0.0996288	0.0499865	0.750693	1.889498e+00	3.873810e+01	4.062759e+01
531	0.0996288	0.0499865	0.750693	1.889498e+00	3.873810e+01	4.062759e+01
532	0.0996288	0.0499865	0.750693	1.889498e+00	3.873810e+01	4.062759e+01
533	0.0996288	0.0499865	0.750693	1.889498e+00	3.873810e+01	4.062759e+01
534	0.0994498	0.0499865	0.750693	1.891294e+00	3.874400e+01	4.063530e+01
535	0.0994498	0.0499865	0.750693	1.891294e+00	3.874400e+01	4.063530e+01
536	0.0994498	0.0499865	0.750756	1.891294e+00	3.874413e+01	4.063543e+01
537	0.0994498	0.0499865	0.750756	1.891294e+00	3.874413e+01	4.063543e+01
538	0.0994498	0.0499865	0.750854	1.891294e+00	3.874428e+01	4.063557e+01
539	0.0994498	0.0499865	0.750854	1.891294e+00	3.874428e+01	4.063557e+01
540	0.0994498	0.0499865	0.750854	1.891294e+00	3.874428e+01	4.063557e+01
541	0.0994498	0.0499865	0.750854	1.891294e+00	3.874428e+01	4.063557e+01
542	0.0994498	0.0499865	0.750854	1.891294e+00	3.874428e+01	4.063557e+01
543	0.0994498	0.0500132	0.750854	1.890762e+00	3.874667e+01	4.063743e+01
544	0.0994498	0.0500132	0.750854	1.890762e+00	3.874667e+01	4.063743e+01
545	0.0994498	0.0500132	0.750854	1.890762e+00	3.874667e+01	4.063743e+01
546	0.0994498	0.0500132	0.750854	1.890762e+00	3.874667e+01	4.063743e+01
547	0.0994498	0.0500132	0.750854	1.890762e+00	3.874667e+01	4.063743e+01
548	0.0994498	0.0500132	0.751954	1.890762e+00	3.874701e+01	4.063777e+01
549	0.0994498	0.0500132	0.751954	1.890762e+00	3.874701e+01	4.063777e+01
550	0.0994498	0.0500132	0.751954	1.890762e+00	3.874701e+01	4.063777e+01
551	0.0994498	0.0500132	0.751954	1.890762e+00	3.874701e+01	4.063777e+01
552	0.0994498	0.0500132	0.751352	1.890762e+00	3.874788e+01	4.063864e+01
553	0.0994498	0.0500132	0.751352	1.890762e+00	3.874788e+01	4.063864e+01
554	0.0994498	0.0500132	0.751352	1.890762e+00	3.874788e+01	4.063864e+01
555	0.0994498	0.0500132	0.751352	1.890762e+00	3.874788e+01	4.063864e+01
556	0.0994498	0.0500132	0.751352	1.890762e+00	3.874788e+01	4.063864e+01
557	0.0994498	0.0500132	0.751352	1.890762e+00	3.874788e+01	4.063864e+01
558	0.0994498	0.0500149	0.751352	1.890728e+00	3.874799e+01	4.063872e+01
559	0.0994498	0.0500149	0.751352	1.890728e+00	3.874799e+01	4.063872e+01
560	0.0994498	0.0500149	0.751352	1.890728e+00	3.874799e+01	4.063872e+01
561	0.0994498	0.0500149	0.751352	1.890728e+00	3.874799e+01	4.063872e+01
562	0.0994498	0.0500149	0.751352	1.890728e+00	3.874799e+01	4.063872e+01
563	0.0994498	0.0500149	0.751352	1.890728e+00	3.874799e+01	4.063872e+01
564	0.0994498	0.0500149	0.751352	1.890728e+00	3.874799e+01	4.063872e+01
565	0.0994498	0.0500149	0.751352	1.890728e+00	3.874799e+01	4.063872e+01
566	0.0994498	0.0500149	0.751352	1.890728e+00	3.874799e+01	4.063872e+01
567	0.0994498	0.0500149	0.751352	1.890728e+00	3.874799e+01	4.063872e+01
568	0.0994498	0.0500149	0.751352	1.890728e+00	3.874799e+01	4.063872e+01
569	0.0994498	0.0500149	0.751352	1.890728e+00	3.874799e+01	4.063872e+01
570	0.0994498	0.0500149	0.751352	1.890728e+00	3.874799e+01	4.063872e+01
571	0.0994498	0.0500149	0.751352	1.890728e+00	3.874799e+01	4.063872e+01
572	0.0994498	0.0500149	0.751352	1.890728e+00	3.874799e+01	4.063872e+01
573	0.0994498	0.0500149	0.751352	1.890728e+00	3.874799e+01	4.063872e+01
574	0.0994498	0.0500149	0.751352	1.890728e+00	3.874799e+01	4.063872e+01
575	0.0994498	0.0500149	0.751352	1.890728e+00	3.874799e+01	4.063872e+01
576	0.0994498	0.0500149	0.751352	1.890728e+00	3.874799e+01	4.063872e+01
577	0.0994498	0.0500149	0.75151	1.890728e+00	3.874804e+01	4.063877e+01
578	0.0994498	0.0500149	0.75151	1.890728e+00	3.874804e+01	4.063877e+01
579	0.0994498	0.0500149	0.75151	1.890728e+00	3.874804e+01	4.063877e+01
580	0.0994498	0.0500149	0.75151	1.890728e+00	3.874804e+01	4.063877e+01
581	0.0994498	0.0500149	0.75151	1.890728e+00	3.874804e+01	4.063877e+01
582	0.0994498	0.0500149	0.75151	1.890728e+00	3.874804e+01	4.063877e+01
583	0.0994498	0.0500149	0.75151	1.890728e+00	3.874804e+01	4.063877e+01
584	0.0994498	0.0500149	0.75151	1.890728e+00	3.874804e+01	4.063877e+01
585	0.0994498	0.0500149	0.75151	1.890728e+00	3.874804e+01	4.063877e+01
586	0.0994498	0.0500149	0.75151	1.890728e+00	3.874804e+01	4.063877e+01
587	0.0994498	0.0500149	0.75151	1.890728e+00	3.874804e+01	4.063877e+01
588	0.0994498	0.0500149	0.75151	1.890728e+00	3.874804e+01	4.063877e+01
589	0.0994498	0.0500149	0.75151	1.890728e+00	3.874804e+01	4.063877e+01
590	0.0994498	0.0500149	0.75151	1.890728e+00	3.874804e+01	4.063877e+01
591	0.0994498	0.0500149	0.75151	1.890728e+00	3.874804e+01	4.063877e+01
592	0.0994498	0.0500149	0.75151	1.890728e+00	3.874804e+01	4.063877e+01
593	0.0994498	0.0500149	0.751477	1.890728e+00	3.874804e+01	4.063877e+01
594	0.0994498	0.0500149	0.751477	1.890728e+00	3.874804e+01	4.063877e+01
595	0.0994498	0.0500149	0.751477	1.890728e+00	3.874804e+01	4.063877e+01
596	0.0994498	0.0500149	0.751477	1.890728e+00	3.874804e+01	4.063877e+01
597	0.0994498	0.0500149	0.751477	1.890728e+00	3.874804e+01	4.063877e+01
598	0.0994498	0.0500149	0.751477	1.890728e+00	3.874804e+01	4.063877e+01
599	0.0994498	0.0500149	0.751477	1.890728e+00	3.874804e+01	4.063877e+01
600	0.0994498	0.0500149	0.751477	1.890728e+00	3.874804e+01	4.063877e+01
601	0.0994498	0.0500149	0.751477	1.890728e+00	3.874804e+01	4.063877e+01
602	0.0994498	0.0500149	0.751477	1.890728e+00	3.874804e+01	4.063877e+01
603	0.0994498	0.0500149	0.751477	1.890728e+00	3.874804e+01	4.063877e+01
604	0.0994498	0.0500149	0.751477	1.890728e+00	3.874804e+01	4.063877e+01
605	0.0994498	0.0500149	0.751477	1.890728e+00	3.874804e+01	4.063877e+01
606	0.0994498	0.0500149	0.751477	1.890728e+00	3.874804e+01	4.063877e+01
607	0.0994498	0.0500149	0.751477	1.890728e+00	3.874804e+01	4.063877e+01
608	0.0994498	0.0500149	0.751477	1.890728e+00	3.874804e+01	4.063877e+01
609	0.0994498	0.0500149	0.751477	1.890728e+00	3.874804e+01	4.063877e+01
610	0.0991806	0.0500149	0.751477	1.893435e+00	3.875240e+01	4.064583e+01
611	0.0991806	0.0500149	0.751477	1.893435e+00	3.875240e+01	4.064583e+01
612	0.0991806	0.0500149	0.751971	1.893435e+00	3.875318e+01	4.064661e+01
613	0.0991806	0.0500149	0.751971	1.893435e+00	3.875318e+01	4.064661e+01
614	0.0991806	0.0500149	0.751971	1.893435e+00	3.875318e+01	4.064661e+01
615	0.0991806	0.0500149	0.751971	1.893435e+00	3.875318e+01	4.064661e+01
616	0.0991806	0.0500149	0.751971	1.893435e+00	3.875318e+01	4.064661e+01
617	0.0991806	0.0500149	0.751971	1.893435e+00	3.875318e+01	4.064661e+01
618	0.0991806	0.0500149	0.751971	1.893435e+00	3.875318e+01	4.064661e+01
619	0.0991806	0.0500149	0.751971	1.893435e+00	3.875318e+01	4.064661e+01
620	0.0991806	0.0500149	0.751961	1.893435e+00	3.875318e+01	4.064661e+01
621	0.0991806	0.0500149	0.751961	1.893435e+00	3.875318e+01	4.064661e+01
622	0.0991806	0.0500149	0.751961	1.893435e+00	3.875318e+01	4.064661e+01
623	0.0991806	0.0500149	0.751961	1.893435e+00	3.875318e+01	4.064661e+01
624	0.0991806	0.0500149	0.751961	1.893435e+00	3.875318e+01	4.064661e+01
625	0.0991806	0.0500149	0.751961	1.893435e+00	3.875318e+01	4.064661e+01
626	0.0991806	0.0500149	0.751961	1.893435e+00	3.875318e+01	4.064661e+01
627	0.0991806	0.0500149	0.75196	1.893435e+00	3.875318e+01	4.064661e+01
628	0.0991806	0.0500149	0.75196	1.893435e+00	3.875318e+01	4.064661e+01
629	0.0991806	0.0500149	0.75196	1.893435e+00	3.875318e+01	4.064661e+01
630	0.0991806	0.0500149	0.75196	1.893435e+00	3.875318e+01	4.064661e+01
631	0.0991806	0.0500149	0.75196	1.893435e+00	3.875318e+01	4.064661e+01
632	0.0991806	0.0500801	0.75196	1.892131e+00	3.875790e+01	4.065003e+01
633	0.0991806	0.0500716	0.75196	1.892301e+00	3.875871e+01	4.065101e+01
634	0.0991806	0.0500716	0.75196	1.892301e+00	3.875871e+01	4.065101e+01
635	0.0991806	0.0500716	0.75196	1.892301e+00	3.875871e+01	4.065101e+01
636	0.0991806	0.0500716	0.75196	1.892301e+00	3.875871e+01	4.065101e+01
637	0.0991806	0.0500716	0.75196	1.892301e+00	3.875871e+01	4.065101e+01
638	0.0991806	0.0500716	0.752377	1.892301e+00	3.876076e+01	4.065306e+01
639	0.0991806	0.0500716	0.752377	1.892301e+00	3.876076e+01	4.065306e+01
640	0.0991806	0.0500716	0.752377	1.892301e+00	3.876076e+01	4.065306e+01
641	0.0991806	0.0500716	0.752543	1.892301e+00	3.876124e+01	4.065354e+01
642	0.0991806	0.0500716	0.752543	1.892301e+00	3.876124e+01	4.065354e+01
643	0.0991806	0.0500716	0.752543	1.892301e+00	3.876124e+01	4.065354e+01
644	0.0991806	0.0500716	0.752592	1.892301e+00	3.876134e+01	4.065364e+01
645	0.0991806	0.0500716	0.752592	1.892301e+00	3.876134e+01	4.065364e+01
646	0.0991806	0.0500716	0.752592	1.892301e+00	3.876134e+01	4.065364e+01
647	0.0991806	0.0500716	0.752922	1.892301e+00	3.876160e+01	4.065390e+01
648	0.0991806	0.0500716	0.752922	1.892301e+00	3.876160e+01	4.065390e+01
649	0.0991806	0.0500716	0.752922	1.892301e+00	3.876160e+01	4.065390e+01
650	0.0991806	0.0500716	0.752922	1.892301e+00	3.876160e+01	4.065390e+01
651	0.0991806	0.0500716	0.752812	1.892301e+00	3.876160e+01	4.065390e+01
652	0.0991806	0.0500716	0.752812	1.892301e+00	3.876160e+01	4.065390e+01
653	0.0991806	0.0500716	0.752812	1.892301e+00	3.876160e+01	4.065390e+01
654	0.0991806	0.0500716	0.752812	1.892301e+00	3.876160e+01	4.065390e+01
655	0.0991806	0.0500716	0.752812	1.892301e+00	3.876160e+01	4.065390e+01
656	0.0991806	0.0500716	0.752812	1.892301e+00	3.876160e+01	4.065390e+01
657	0.0991806	0.0500716	0.752812	1.892301e+00	3.876160e+01	4.065390e+01
658	0.0991806	0.0500716	0.752812	1.892301e+00	3.876160e+01	4.065390e+01
659	0.0991806	0.0500716	0.752812	1.892301e+00	3.876160e+01	4.065390e+01
660	0.0991806	0.0500716	0.752812	1.892301e+00	3.876160e+01	4.065390e+01
661	0.0991806	0.0500716	0.752812	1.892301e+00	3.876160e+01	4.065390e+01
662	0.0991806	0.0500716	0.752812	1.892301e+00	3.876160e+01	4.065390e+01
663	0.0991806	0.0500716	0.752812	1.892301e+00	3.876160e+01	4.065390e+01
664	0.0991806	0.0500716	0.752812	1.892301e+00	3.876160e+01	4.065390e+01
665	0.098742	0.0500716	0.752812	1.896725e+00	3.876001e+01	4.065674e+01
666	0.098742	0.0500716	0.753294	1.896725e+00	3.876199e+01	4.065872e+01
667	0.098742	0.050095	0.753294	1.896257e+00	3.876761e+01	4.066387e+01
668	0.098742	0.0501357	0.753294	1.895444e+00	3.876969e+01	4.066514e+01
669	0.098742	0.0501357	0.753294	1.895444e+00	3.876969e+01	4.066514e+01
670	0.098742	0.0501357	0.753294	1.895444e+00	3.876969e+01	4.066514e+01
671	0.098742	0.0501357	0.753328	1.895444e+00	3.877003e+01	4.066547e+01
672	0.098742	0.0501263	0.753328	1.895633e+00	3.877038e+01	4.066601e+01
673	0.098742	0.0501263	0.753328	1.895633e+00	3.877038e+01	4.066601e+01
674	0.098742	0.0501263	0.753347	1.895633e+00	3.877053e+01	4.066616e+01
675	0.098742	0.0501263	0.753347	1.895633e+00	3.877053e+01	4.066616e+01
676	0.098742	0.0501263	0.754925	1.895633e+00	3.877481e+01	4.067045e+01
677	0.098742	0.0501263	0.754626	1.895633e+00	3.877535e+01	4.067098e+01
678	0.098742	0.0501531	0.755107	1.895097e+00	3.877725e+01	4.067235e+01
679	0.098742	0.0501531	0.754887	1.895097e+00	3.877732e+01	4.067241e+01
680	0.098742	0.0501531	0.754887	1.895097e+00	3.877732e+01	4.067241e+01
681	0.098742	0.0501531	0.754887	1.895097e+00	3.877732e+01	4.067241e+01
682	0.098742	0.0501531	0.754887	1.895097e+00	3.877732e+01	4.067241e+01
683	0.098742	0.0501531	0.754887	1.895097e+00	3.877732e+01	4.067241e+01
684	0.098579	0.0501531	0.754887	1.896745e+00	3.877865e+01	4.067540e+01
685	0.098579	0.0501531	0.754887	1.896745e+00	3.877865e+01	4.067540e+01
686	0.098579	0.0501623	0.755259	1.896563e+00	3.878011e+01	4.067667e+01
687	0.0985696	0.0501623	0.755259	1.896659e+00	3.878012e+01	4.067678e+01
688	0.0985696	0.0501623	0.755259	1.896659e+00	3.878012e+01	4.067678e+01
689	0.0985696	0.0501623	0.755259	1.896659e+00	3.878012e+01	4.067678e+01
690	0.0985696	0.0501623	0.755259	1.896659e+00	3.878012e+01	4.067678e+01
691	0.0985696	0.0501623	0.755259	1.896659e+00	3.878012e+01	4.067678e+01
692	0.0985696	0.0501623	0.755259	1.896659e+00	3.878012e+01	4.067678e+01
693	0.0985696	0.0501623	0.755357	1.896659e+00	3.878019e+01	4.067685e+01
694	0.0985696	0.0501623	0.755357	1.896659e+00	3.878019e+01	4.067685e+01
695	0.0985696	0.0501623	0.755357	1.896659e+00	3.878019e+01	4.067685e+01
696	0.0985696	0.0501834	0.756019	1.896237e+00	3.878129e+01	4.067752e+01
697	0.0984604	0.0501834	0.756019	1.897342e+00	3.878244e+01	4.067978e+01
698	0.0984604	0.0501834	0.75601	1.897342e+00	3.878245e+01	4.067979e+01
699	0.0984604	0.0501834	0.75601	1.897342e+00	3.878245e+01	4.067979e+01
700	0.0984604	0.0501881	0.75601	1.897248e+00	3.878289e+01	4.068013e+01
701	0.0984604	0.0501881	0.75601	1.897248e+00	3.878289e+01	4.068013e+01
702	0.0984604	0.0501881	0.75601	1.897248e+00	3.878289e+01	4.068013e+01
703	0.0984604	0.0501881	0.75601	1.897248e+00	3.878289e+01	4.068013e+01
704	0.0984445	0.0501881	0.75601	1.897409e+00	3.878290e+01	4.068031e+01
705	0.0984445	0.0501881	0.75601	1.897409e+00	3.878290e+01	4.068031e+01
706	0.0984445	0.0501881	0.75601	1.897409e+00	3.878290e+01	4.068031e+01
707	0.0984445	0.0501881	0.75601	1.897409e+00	3.878290e+01	4.068031e+01
708	0.0984445	0.0501881	0.75601	1.897409e+00	3.878290e+01	4.068031e+01
709	0.0984445	0.0501881	0.75601	1.897409e+00	3.878290e+01	4.068031e+01
710	0.0984445	0.0501881	0.75601	1.897409e+00	3.878290e+01	4.068031e+01
711	0.0984445	0.0501881	0.75601	1.897409e+00	3.878290e+01	4.068031e+01
712	0.0984445	0.0501881	0.75601	1.897409e+00	3.878290e+01	4.068031e+01
713	0.0984445	0.0502017	0.75626	1.897137e+00	3.878379e+01	4.068093e+01
714	0.0984445	0.0502017	0.75626	1.897137e+00	3.878379e+01	4.068093e+01
715	0.0984445	0.0502017	0.75626	1.897137e+00	3.878379e+01	4.068093e+01
716	0.0984445	0.0502017	0.75626	1.897137e+00	3.878379e+01	4.068093e+01
717	0.0984445	0.0502017	0.75626	1.897137e+00	3.878379e+01	4.068093e+01
718	0.0984445	0.0502017	0.75626	1.897137e+00	3.878379e+01	4.068093e+01
719	0.0984445	0.0502017	0.75626	1.897137e+00	3.878379e+01	4.068093e+01
720	0.0984445	0.0502017	0.75626	1.897137e+00	3.878379e+01	4.068093e+01
721	0.098397	0.0502017	0.75626	1.897618e+00	3.878405e+01	4.068167e+01
722	0.098397	0.0502017	0.75626	1.897618e+00	3.878405e+01	4.068167e+01
723	0.098397	0.0502017	0.75626	1.897618e+00	3.878405e+01	4.068167e+01
724	0.098397	0.0502017	0.75626	1.897618e+00	3.878405e+01	4.068167e+01
725	0.098397	0.0502017	0.75626	1.897618e+00	3.878405e+01	4.068167e+01
726	0.098397	0.0502017	0.75626	1.897618e+00	3.878405e+01	4.068167e+01
727	0.098397	0.0502017	0.75626	1.897618e+00	3.878405e+01	4.068167e+01
728	0.098397	0.0502017	0.75626	1.897618e+00	3.878405e+01	4.068167e+01
729	0.098397	0.0502017	0.75626	1.897618e+00	3.878405e+01	4.068167e+01
730	0.098397	0.0502017	0.756291	1.897618e+00	3.878406e+01	4.068168e+01
731	0.098397	0.0502017	0.756291	1.897618e+00	3.878406e+01	4.068168e+01
732	0.098397	0.0502017	0.756291	1.897618e+00	3.878406e+01	4.068168e+01
733	0.0983204	0.0502017	0.756291	1.898395e+00	3.878360e+01	4.068199e+01
734	0.0983204	0.0502017	0.756291	1.898395e+00	3.878360e+01	4.068199e+01
735	0.0983204	0.0502017	0.756291	1.898395e+00	3.878360e+01	4.068199e+01
736	0.0983204	0.0502017	0.756291	1.898395e+00	3.878360e+01	4.068199e+01
737	0.0983204	0.0502017	0.756291	1.898395e+00	3.878360e+01	4.068199e+01
738	0.0983204	0.0502017	0.756291	1.898395e+00	3.878360e+01	4.068199e+01
739	0.0983204	0.0502017	0.756291	1.898395e+00	3.878360e+01	4.068199e+01
740	0.0983204	0.0502017	0.756291	1.898395e+00	3.878360e+01	4.068199e+01
741	0.0983204	0.0502017	0.756291	1.898395e+00	3.878360e+01	4.068199e+01
742	0.0983204	0.0502017	0.756291	1.898395e+00	3.878360e+01	4.068199e+01
743	0.0983204	0.0502017	0.756291	1.898395e+00	3.878360e+01	4.068199e+01
744	0.0983204	0.0502017	0.756562	1.898395e+00	3.878372e+01	4.068211e+01
745	0.0983204	0.0502017	0.756562	1.898395e+00	3.878372e+01	4.068211e+01
746	0.0983204	0.0502017	0.756562	1.898395e+00	3.878372e+01	4.068211e+01
747	0.0983204	0.0502017	0.756421	1.898395e+00	3.878372e+01	4.068211e+01
748	0.0983204	0.0502017	0.756509	1.898395e+00	3.878373e+01	4.068213e+01
749	0.0983204	0.0502017	0.756509	1.898395e+00	3.878373e+01	4.068213e+01
750	0.0983204	0.0502017	0.756509	1.898395e+00	3.878373e+01	4.068213e+01
751	0.0983204	0.0502017	0.756509	1.898395e+00	3.878373e+01	4.068213e+01
752	0.0983204	0.0502017	0.756509	1.898395e+00	3.878373e+01	4.068213e+01
753	0.0983204	0.0502017	0.756509	1.898395e+00	3.878373e+01	4.068213e+01
754	0.0983204	0.0502017	0.756509	1.898395e+00	3.878373e+01	4.068213e+01
755	0.0983204	0.0502017	0.756509	1.898395e+00	3.878373e+01	4.068213e+01
756	0.0983204	0.0502249	0.756509	1.897932e+00	3.878517e+01	4.068310e+01
757	0.0983204	0.0502249	0.756509	1.897932e+00	3.878517e+01	4.068310e+01
758	0.0983204	0.0502249	0.757102	1.897932e+00	3.878541e+01	4.068335e+01
759	0.0983204	0.0502249	0.757102	1.897932e+00	3.878541e+01	4.068335e+01
760	0.0983204	0.0502249	0.757013	1.897932e+00	3.878553e+01	4.068346e+01
761	0.0983204	0.0502249	0.757013	1.897932e+00	3.878553e+01	4.068346e+01
762	0.0983204	0.0502249	0.757013	1.897932e+00	3.878553e+01	4.068346e+01
763	0.0983204	0.0502249	0.757013	1.897932e+00	3.878553e+01	4.068346e+01
764	0.0983204	0.0502249	0.757013	1.897932e+00	3.878553e+01	4.068346e+01
765	0.0983204	0.0502249	0.757013	1.897932e+00	3.878553e+01	4.068346e+01
766	0.0983204	0.0502249	0.757013	1.897932e+00	3.878553e+01	4.068346e+01
767	0.0983204	0.0502249	0.757013	1.897932e+00	3.878553e+01	4.068346e+01
768	0.0983204	0.0502249	0.757013	1.897932e+00	3.878553e+01	4.068346e+01
769	0.0983204	0.0502249	0.757013	1.897932e+00	3.878553e+01	4.068346e+01
770	0.0983204	0.0502252	0.757013	1.897926e+00	3.878555e+01	4.068347e+01
771	0.0983204	0.0502291	0.757013	1.897849e+00	3.878569e+01	4.068354e+01
772	0.0983204	0.0502291	0.757013	1.897849e+00	3.878569e+01	4.068354e+01
773	0.0983204	0.0502291	0.757013	1.897849e+00	3.878569e+01	4.068354e+01
774	0.0983204	0.0502291	0.757013	1.897849e+00	3.878569e+01	4.068354e+01
775	0.0983204	0.0502291	0.757013	1.897849e+00	3.878569e+01	4.068354e+01
776	0.0983204	0.0502291	0.757013	1.897849e+00	3.878569e+01	4.068354e+01
777	0.0983204	0.0502291	0.757013	1.897849e+00	3.878569e+01	4.068354e+01
778	0.0983204	0.0502291	0.757013	1.897849e+00	3.878569e+01	4.068354e+01
779	0.0983204	0.0502291	0.757013	1.897849e+00	3.878569e+01	4.068354e+01
780	0.0983204	0.0502291	0.757013	1.897849e+00	3.878569e+01	4.068354e+01
781	0.0983204	0.0502291	0.757013	1.897849e+00	3.878569e+01	4.068354e+01
782	0.0983204	0.0502291	0.757013	1.897849e+00	3.878569e+01	4.068354e+01
783	0.0983204	0.0502291	0.757013	1.897849e+00	3.878569e+01	4.068354e+01
784	0.0983204	0.0502291	0.757013	1.897849e+00	3.878569e+01	4.068354e+01
785	0.0983204	0.0502291	0.757013	1.897849e+00	3.878569e+01	4.068354e+01
786	0.0983204	0.0502291	0.757013	1.897849e+00	3.878569e+01	4.068354e+01
787	0.0983204	0.0502291	0.757013	1.897849e+00	3.878569e+01	4.068354e+01
788	0.0983204	0.0502291	0.757013	1.897849e+00	3.878569e+01	4.068354e+01
789	0.0983204	0.0502291	0.757013	1.897849e+00	3.878569e+01	4.068354e+01
790	0.0983204	0.0502291	0.757013	1.897849e+00	3.878569e+01	4.068354e+01
791	0.0983204	0.0502291	0.757013	1.897849e+00	3.878569e+01	4.068354e+01
792	0.0983204	0.0502291	0.756987	1.897849e+00	3.878571e+01	4.068356e+01
793	0.0983204	0.0502291	0.756987	1.897849e+00	3.878571e+01	4.068356e+01
794	0.0983204	0.0502291	0.756987	1.897849e+00	3.878571e+01	4.068356e+01
795	0.0983204	0.0502291	0.756987	1.897849e+00	3.878571e+01	4.068356e+01
796	0.0983204	0.0502291	0.756987	1.897849e+00	3.878571e+01	4.068356e+01
797	0.0983204	0.0502291	0.756987	1.897849e+00	3.878571e+01	4.068356e+01
798	0.0983204	0.0502291	0.756987	1.897849e+00	3.878571e+01	4.068356e+01
799	0.0983204	0.0502291	0.756987	1.897849e+00	3.878571e+01	4.068356e+01
800	0.0983204	0.0502291	0.756987	1.897849e+00	3.878571e+01	4.068356e+01
801	0.0983204	0.0502291	0.756987	1.897849e+00	3.878571e+01	4.068356e+01
802	0.0983204	0.0502291	0.756987	1.897849e+00	3.878571e+01	4.068356e+01
803	0.0983204	0.0502291	0.756987	1.897849e+00	3.878571e+01	4.068356e+01
804	0.0983204	0.0502291	0.756987	1.897849e+00	3.878571e+01	4.068356e+01
805	0.0983204	0.0502291	0.756987	1.897849e+00	3.878571e+01	4.068356e+01
806	0.0983204	0.0502291	0.756987	1.897849e+00	3.878571e+01	4.068356e+01
807	0.0983204	0.0502291	0.756987	1.897849e+00	3.878571e+01	4.068356e+01
808	0.0982114	0.0502291	0.756987	1.898955e+00	3.878563e+01	4.068458e+01
809	0.0982114	0.0502291	0.756987	1.898955e+00	3.878563e+01	4.068458e+01
810	0.0982114	0.0502291	0.757014	1.898955e+00	3.878565e+01	4.068461e+01
811	0.0982114	0.0502291	0.757014	1.898955e+00	3.878565e+01	4.068461e+01
812	0.0982114	0.0502291	0.757162	1.898955e+00	3.878569e+01	4.068464e+01
813	0.0982114	0.0502291	0.757162	1.898955e+00	3.878569e+01	4.068464e+01
814	0.0982114	0.0502291	0.757162	1.898955e+00	3.878569e+01	4.068464e+01
815	0.0982114	0.0502291	0.757162	1.898955e+00	3.878569e+01	4.068464e+01
816	0.0982114	0.0502291	0.757162	1.898955e+00	3.878569e+01	4.068464e+01
817	0.0982114	0.0502291	0.757128	1.898955e+00	3.878569e+01	4.068465e+01
818	0.0982114	0.0502291	0.757128	1.898955e+00	3.878569e+01	4.068465e+01
819	0.0982114	0.0502291	0.757128	1.898955e+00	3.878569e+01	4.068465e+01
820	0.0982114	0.0502291	0.757128	1.898955e+00	3.878569e+01	4.068465e+01
821	0.0982114	0.0502291	0.757128	1.898955e+00	3.878569e+01	4.068465e+01
822	0.0982114	0.0502291	0.757128	1.898955e+00	3.878569e+01	4.068465e+01
823	0.0982114	0.0502291	0.757128	1.898955e+00	3.878569e+01	4.068465e+01
824	0.0982114	0.0502291	0.757128	1.898955e+00	3.878569e+01	4.068465e+01
825	0.0982114	0.0502291	0.757128	1.898955e+00	3.878569e+01	4.068465e+01
826	0.0982114	0.0502291	0.757128	1.898955e+00	3.878569e+01	4.068465e+01
827	0.0982114	0.0502291	0.757128	1.898955e+00	3.878569e+01	4.068465e+01
828	0.0982114	0.0502291	0.757128	1.898955e+00	3.878569e+01	4.068465e+01
829	0.0982114	0.0502291	0.757128	1.898955e+00	3.878569e+01	4.068465e+01
830	0.0982114	0.0502291	0.757128	1.898955e+00	3.878569e+01	4.068465e+01
831	0.0982114	0.0502291	0.757128	1.898955e+00	3.878569e+01	4.068465e+01
832	0.0982114	0.0502309	0.757128	1.898918e+00	3.878586e+01	4.068478e+01
833	0.0982114	0.0502309	0.757128	1.898918e+00	3.878586e+01	4.068478e+01
834	0.0982114	0.0502309	0.757128	1.898918e+00	3.878586e+01	4.068478e+01
835	0.0982114	0.0502309	0.757128	1.898918e+00	3.878586e+01	4.068478e+01
836	0.0982114	0.0502309	0.757128	1.898918e+00	3.878586e+01	4.068478e+01
837	0.0982114	0.0502309	0.757128	1.898918e+00	3.878586e+01	4.068478e+01
838	0.0982114	0.0502309	0.757139	1.898918e+00	3.878586e+01	4.068478e+01
839	0.0982114	0.0502309	0.757139	1.898918e+00	3.878586e+01	4.068478e+01
840	0.0982114	0.0502309	0.757139	1.898918e+00	3.878586e+01	4.068478e+01
841	0.0982114	0.0502309	0.757139	1.898918e+00	3.878586e+01	4.068478e+01
842	0.0982114	0.0502309	0.757139	1.898918e+00	3.878586e+01	4.068478e+01
843	0.0982114	0.0502309	0.757139	1.898918e+00	3.878586e+01	4.068478e+01
844	0.0982114	0.0502309	0.757139	1.898918e+00	3.878586e+01	4.068478e+01
845	0.0982114	0.0502309	0.757139	1.898918e+00	3.878586e+01	4.068478e+01
846	0.0982114	0.0502309	0.757139	1.898918e+00	3.878586e+01	4.068478e+01
847	0.0982114	0.0502309	0.757141	1.898918e+00	3.878586e+01	4.068478e+01
848	0.0982114	0.0502309	0.757141	1.898918e+00	3.878586e+01	4.068478e+01
849	0.0982114	0.0502309	0.757141	1.898918e+00	3.878586e+01	4.068478e+01
850	0.0982114	0.0502309	0.757141	1.898918e+00	3.878586e+01	4.068478e+01
851	0.0982114	0.0502309	0.757141	1.898918e+00	3.878586e+01	4.068478e+01
852	0.0982114	0.0502309	0.757141	1.898918e+00	3.878586e+01	4.068478e+01
853	0.0982114	0.0502309	0.757141	1.898918e+00	3.878586e+01	4.068478e+01
854	0.0982114	0.0502309	0.757141	1.898918e+00	3.878586e+01	4.068478e+01
855	0.0982114	0.0502309	0.757141	1.898918e+00	3.878586e+01	4.068478e+01
856	0.0982114	0.0502309	0.757141	1.898918e+00	3.878586e+01	4.068478e+01
857	0.0982114	0.0502309	0.757141	1.898918e+00	3.878586e+01	4.068478e+01
858	0.0982114	0.0502309	0.757141	1.898918e+00	3.878586e+01	4.068478e+01
859	0.0982114	0.0502309	0.757141	1.898918e+00	3.878586e+01	4.068478e+01
860	0.0982114	0.0502309	0.757141	1.898918e+00	3.878586e+01	4.068478e+01
861	0.0982114	0.0502309	0.757141	1.898918e+00	3.878586e+01	4.068478e+01
862	0.0982114	0.0502309	0.757141	1.898918e+00	3.878586e+01	4.068478e+01
863	0.0982114	0.0502309	0.757141	1.898918e+00	3.878586e+01	4.068478e+01
864	0.0982114	0.0502309	0.757141	1.898918e+00	3.878586e+01	4.068478e+01
865	0.0982114	0.0502309	0.757141	1.898918e+00	3.878586e+01	4.068478e+01
866	0.0982114	0.0502309	0.757141	1.898918e+00	3.878586e+01	4.068478e+01
867	0.0982114	0.0502309	0.757141	1.898918e+00	3.878586e+01	4.068478e+01
868	0.0982114	0.0502309	0.757141	1.898918e+00	3.878586e+01	4.068478e+01
869	0.0982114	0.0502309	0.757141	1.898918e+00	3.878586e+01	4.068478e+01
870	0.0982114	0.0502309	0.757141	1.898918e+00	3.878586e+01	4.068478e+01
871	0.0982114	0.0502309	0.757141	1.898918e+00	3.878586e+01	4.068478e+01
872	0.0982114	0.0502309	0.757141	1.898918e+00	3.878586e+01	4.068478e+01
873	0.0982114	0.0502309	0.757141	1.898918e+00	3.878586e+01	4.068478e+01
874	0.0982114	0.0502309	0.757141	1.898918e+00	3.878586e+01	4.068478e+01
875	0.0982114	0.0502309	0.757141	1.898918e+00	3.878586e+01	4.068478e+01
876	0.0982114	0.0502309	0.757141	1.898918e+00	3.878586e+01	4.068478e+01
877	0.0982114	0.0502309	0.757141	1.898918e+00	3.878586e+01	4.068478e+01
878	0.0982114	0.0502309	0.757141	1.898918e+00	3.878586e+01	4.068478e+01
879	0.0982114	0.0502309	0.757141	1.898918e+00	3.878586e+01	4.068478e+01
880	0.0982114	0.0502309	0.757141	1.898918e+00	3.878586e+01	4.068478e+01
881	0.0982114	0.0502309	0.757141	1.898918e+00	3.878586e+01	4.068478e+01
882	0.0982114	0.0502309	0.757141	1.898918e+00	3.878586e+01	4.068478e+01
883	0.0982114	0.0502309	0.757141	1.898918e+00	3.878586e+01	4.068478e+01
884	0.0982114	0.0502309	0.757141	1.898918e+00	3.878586e+01	4.068478e+01
885	0.0982114	0.0502435	0.757554	1.898668e+00	3.878653e+01	4.068520e+01
886	0.0982114	0.0502435	0.757554	1.898668e+00	3.878653e+01	4.068520e+01
887	0.0982114	0.0502435	0.757554	1.898668e+00	3.878653e+01	4.068520e+01
888	0.0982114	0.0502435	0.757554	1.898668e+00	3.878653e+01	4.068520e+01
889	0.0982114	0.0502435	0.757554	1.898668e+00	3.878653e+01	4.068520e+01
890	0.0982114	0.0502435	0.757554	1.898668e+00	3.878653e+01	4.068520e+01
891	0.0982114	0.0502435	0.757458	1.898668e+00	3.878663e+01	4.068530e+01
892	0.0982114	0.0502435	0.757458	1.898668e+00	3.878663e+01	4.068530e+01
893	0.0982114	0.0502435	0.757458	1.898668e+00	3.878663e+01	4.068530e+01
894	0.0982114	0.0502435	0.757458	1.898668e+00	3.878663e+01	4.068530e+01
895	0.0982114	0.0502435	0.757458	1.898668e+00	3.878663e+01	4.068530e+01
896	0.0982114	0.0502435	0.757458	1.898668e+00	3.878663e+01	4.068530e+01
897	0.0982114	0.0502435	0.757458	1.898668e+00	3.878663e+01	4.068530e+01
898	0.0982114	0.0502435	0.757458	1.898668e+00	3.878663e+01	4.068530e+01
899	0.0982114	0.0502435	0.757458	1.898668e+00	3.878663e+01	4.068530e+01
900	0.0982114	0.0502435	0.757458	1.898668e+00	3.878663e+01	4.068530e+01
901	0.0982114	0.0502435	0.757458	1.898668e+00	3.878663e+01	4.068530e+01
902	0.0982114	0.0502435	0.757458	1.898668e+00	3.878663e+01	4.068530e+01
903	0.0982114	0.0502435	0.757458	1.898668e+00	3.878663e+01	4.068530e+01
904	0.0982114	0.0502435	0.757458	1.898668e+00	3.878663e+01	4.068530e+01
905	0.0982114	0.0502435	0.757392	1.898668e+00	3.878666e+01	4.068533e+01
906	0.0982114	0.0502508	0.757392	1.898523e+00	3.878682e+01	4.068534e+01
907	0.0982114	0.0502508	0.757392	1.898523e+00	3.878682e+01	4.068534e+01
908	0.0982114	0.0502508	0.757422	1.898523e+00	3.878683e+01	4.068536e+01
909	0.0982114	0.0502508	0.757422	1.898523e+00	3.878683e+01	4.068536e+01
910	0.0982114	0.0502508	0.757422	1.898523e+00	3.878683e+01	4.068536e+01
911	0.0982114	0.0502508	0.757422	1.898523e+00	3.878683e+01	4.068536e+01
912	0.0982114	0.0502508	0.757422	1.898523e+00	3.878683e+01	4.068536e+01
913	0.0982114	0.0502508	0.757422	1.898523e+00	3.878683e+01	4.068536e+01
914	0.0982114	0.0502508	0.757422	1.898523e+00	3.878683e+01	4.068536e+01
915	0.0982114	0.0502508	0.757422	1.898523e+00	3.878683e+01	4.068536e+01
916	0.0982114	0.0502508	0.757422	1.898523e+00	3.878683e+01	4.068536e+01
917	0.0982114	0.0502508	0.757455	1.898523e+00	3.878684e+01	4.068537e+01
918	0.0982114	0.0502508	0.757455	1.898523e+00	3.878684e+01	4.068537e+01
919	0.0982114	0.0502508	0.757455	1.898523e+00	3.878684e+01	4.068537e+01
920	0.0982114	0.0502508	0.757455	1.898523e+00	3.878684e+01	4.068537e+01
921	0.0982114	0.0502508	0.757455	1.898523e+00	3.878684e+01	4.068537e+01
922	0.0982114	0.0502508	0.757455	1.898523e+00	3.878684e+01	4.068537e+01
923	0.0982114	0.0502508	0.757455	1.898523e+00	3.878684e+01	4.068537e+01
924	0.0982114	0.0502508	0.757455	1.898523e+00	3.878684e+01	4.068537e+01
925	0.098152	0.0502508	0.757455	1.899126e+00	3.878687e+01	4.068599e+01
926	0.098152	0.0502508	0.757455	1.899126e+00	3.878687e+01	4.068599e+01
927	0.098152	0.0502508	0.757455	1.899126e+00	3.878687e+01	4.068599e+01
928	0.098152	0.0502508	0.757455	1.899126e+00	3.878687e+01	4.068599e+01
929	0.098152	0.0502508	0.757455	1.899126e+00	3.878687e+01	4.068599e+01
930	0.098152	0.0502508	0.757455	1.899126e+00	3.878687e+01	4.068599e+01
931	0.098152	0.0502508	0.757455	1.899126e+00	3.878687e+01	4.068599e+01
932	0.098152	0.0502508	0.757455	1.899126e+00	3.878687e+01	4.068599e+01
933	0.098152	0.0502508	0.757455	1.899126e+00	3.878687e+01	4.068599e+01
934	0.098152	0.0502508	0.757455	1.899126e+00	3.878687e+01	4.068599e+01
935	0.098152	0.0502508	0.757467	1.899126e+00	3.878688e+01	4.068600e+01
936	0.098152	0.0502508	0.757467	1.899126e+00	3.878688e+01	4.068600e+01
937	0.098152	0.0502508	0.757583	1.899126e+00	3.878692e+01	4.068605e+01
938	0.098152	0.0502508	0.757583	1.899126e+00	3.878692e+01	4.068605e+01
939	0.098152	0.0502508	0.757583	1.899126e+00	3.878692e+01	4.068605e+01
940	0.098152	0.0502508	0.757583	1.899126e+00	3.878692e+01	4.068605e+01
941	0.098152	0.0502508	0.757583	1.899126e+00	3.878692e+01	4.068605e+01
942	0.098152	0.0502508	0.757583	1.899126e+00	3.878692e+01	4.068605e+01
943	0.098152	0.0502508	0.757583	1.899126e+00	3.878692e+01	4.068605e+01
944	0.098152	0.0502617	0.757583	1.898908e+00	3.878715e+01	4.068606e+01
945	0.098152	0.0502617	0.757583	1.898908e+00	3.878715e+01	4.068606e+01
946	0.098152	0.0502617	0.757583	1.898908e+00	3.878715e+01	4.068606e+01
947	0.098152	0.0502617	0.757583	1.898908e+00	3.878715e+01	4.068606e+01
948	0.098152	0.0502617	0.757583	1.898908e+00	3.878715e+01	4.068606e+01
949	0.098152	0.0502617	0.757583	1.898908e+00	3.878715e+01	4.068606e+01
950	0.098152	0.0502617	0.757583	1.898908e+00	3.878715e+01	4.068606e+01
951	0.098152	0.0502617	0.757583	1.898908e+00	3.878715e+01	4.068606e+01
952	0.098152	0.0502617	0.757583	1.898908e+00	3.878715e+01	4.068606e+01
953	0.098152	0.0502617	0.757583	1.898908e+00	3.878715e+01	4.068606e+01
954	0.098152	0.0502617	0.757583	1.898908e+00	3.878715e+01	4.068606e+01
955	0.098152	0.0502617	0.757583	1.898908e+00	3.878715e+01	4.068606e+01
956	0.098152	0.0502617	0.757583	1.898908e+00	3.878715e+01	4.068606e+01
957	0.098152	0.0502534	0.757583	1.899074e+00	3.878704e+01	4.068612e+01
958	0.098152	0.0502534	0.757585	1.899074e+00	3.878704e+01	4.068612e+01
959	0.098152	0.0502534	0.757585	1.899074e+00	3.878704e+01	4.068612e+01
960	0.098152	0.0502534	0.757585	1.899074e+00	3.878704e+01	4.068612e+01
961	0.098152	0.0502535	0.757585	1.899071e+00	3.878705e+01	4.068612e+01
962	0.098152	0.0502535	0.757585	1.899071e+00	3.878705e+01	4.068612e+01
963	0.098152	0.0502535	0.757585	1.899071e+00	3.878705e+01	4.068612e+01
964	0.098152	0.0502535	0.757585	1.899071e+00	3.878705e+01	4.068612e+01
965	0.098152	0.0502535	0.757585	1.899071e+00	3.878705e+01	4.068612e+01
966	0.098152	0.0502535	0.757585	1.899071e+00	3.878705e+01	4.068612e+01
967	0.098152	0.0502535	0.757585	1.899071e+00	3.878705e+01	4.068612e+01
968	0.098152	0.0502535	0.757585	1.899071e+00	3.878705e+01	4.068612e+01
969	0.098152	0.0502535	0.757585	1.899071e+00	3.878705e+01	4.068612e+01
970	0.098152	0.0502535	0.757585	1.899071e+00	3.878705e+01	4.068612e+01
971	0.098152	0.0502535	0.757585	1.899071e+00	3.878705e+01	4.068612e+01
972	0.098152	0.0502535	0.757585	1.899071e+00	3.878705e+01	4.068612e+01
973	0.098152	0.0502535	0.757585	1.899071e+00	3.878705e+01	4.068612e+01
974	0.098152	0.0502535	0.757585	1.899071e+00	3.878705e+01	4.068612e+01
975	0.098152	0.0502535	0.75762	1.899071e+00	3.878705e+01	4.068612e+01
976	0.098152	0.0502535	0.75762	1.899071e+00	3.878705e+01	4.068612e+01
977	0.098152	0.0502535	0.75762	1.899071e+00	3.878705e+01	4.068612e+01
978	0.098152	0.0502568	0.75762	1.899006e+00	3.878716e+01	4.068616e+01
979	0.098152	0.0502568	0.75762	1.899006e+00	3.878716e+01	4.068616e+01
980	0.098152	0.0502568	0.75762	1.899006e+00	3.878716e+01	4.068616e+01
981	0.098152	0.0502568	0.75762	1.899006e+00	3.878716e+01	4.068616e+01
982	0.098152	0.0502568	0.75762	1.899006e+00	3.878716e+01	4.068616e+01
983	0.098152	0.0502568	0.75762	1.899006e+00	3.878716e+01	4.068616e+01
984	0.0980473	0.0502568	0.757963	1.900069e+00	3.878627e+01	4.068634e+01
985	0.0980473	0.0502625	0.757963	1.899957e+00	3.878684e+01	4.068680e+01
986	0.0980473	0.0502724	0.757963	1.899759e+00	3.878738e+01	4.068714e+01
987	0.0980473	0.0502724	0.757963	1.899759e+00	3.878738e+01	4.068714e+01
988	0.0980473	0.0502724	0.758009	1.899759e+00	3.878742e+01	4.068718e+01
989	0.0980473	0.0502724	0.758132	1.899759e+00	3.878746e+01	4.068722e+01
990	0.0980473	0.0502724	0.758132	1.899759e+00	3.878746e+01	4.068722e+01
991	0.0980473	0.0502724	0.758132	1.899759e+00	3.878746e+01	4.068722e+01
992	0.0980473	0.0502724	0.758117	1.899759e+00	3.878746e+01	4.068722e+01
993	0.0980473	0.0502724	0.758117	1.899759e+00	3.878746e+01	4.068722e+01
994	0.0980473	0.0502724	0.758117	1.899759e+00	3.878746e+01	4.068722e+01
995	0.0980473	0.0502724	0.758117	1.899759e+00	3.878746e+01	4.068722e+01
996	0.0980473	0.0502724	0.758117	1.899759e+00	3.878746e+01	4.068722e+01
997	0.0980473	0.0502724	0.758117	1.899759e+00	3.878746e+01	4.068722e+01
998	0.0980473	0.0502724	0.758117	1.899759e+00	3.878746e+01	4.068722e+01
999	0.0980473	0.0502724	0.758117	1.899759e+00	3.878746e+01	4.068722e+01
1000	0.0980473	0.0502724	0.758117	1.899759e+00	3.878746e+01	4.068722e+01
