iter	A(1)	B(1)	LnPrior	LnData	LnPosterior
0	-7.62918	4.7604	-6.804772e+00	-1.044027e+06	-1.044034e+06
1	-16.6435	4.7604	-7.898783e+00	-5.765419e+05	-5.765498e+05
2	-16.6435	4.7604	-7.898783e+00	-5.765419e+05	-5.765498e+05
3	-16.6435	4.7604	-7.898783e+00	-5.765419e+05	-5.765498e+05
4	-16.6435	4.7604	-7.898783e+00	-5.765419e+05	-5.765498e+05
5	-16.6435	4.7604	-7.898783e+00	-5.765419e+05	-5.765498e+05
6	-16.6435	4.7604	-7.898783e+00	-5.765419e+05	-5.765498e+05
7	-16.6435	4.7604	-7.898783e+00	-5.765419e+05	-5.765498e+05
8	-16.6435	4.7604	-7.898783e+00	-5.765419e+05	-5.765498e+05
9	-16.6435	4.7604	-7.898783e+00	-5.765419e+05	-5.765498e+05
10	-16.6435	4.7604	-7.898783e+00	-5.765419e+05	-5.765498e+05
11	-16.6435	4.7604	-7.898783e+00	-5.765419e+05	-5.765498e+05
12	-16.6435	4.7604	-7.898783e+00	-5.765419e+05	-5.765498e+05
13	-16.6435	4.7604	-7.898783e+00	-5.765419e+05	-5.765498e+05
14	-16.6435	4.7604	-7.898783e+00	-5.765419e+05	-5.765498e+05
15	-16.6435	4.7604	-7.898783e+00	-5.765419e+05	-5.765498e+05
16	-16.6435	4.7604	-7.898783e+00	-5.765419e+05	-5.765498e+05
17	-16.6435	4.7604	-7.898783e+00	-5.765419e+05	-5.765498e+05
18	-16.6435	4.7604	-7.898783e+00	-5.765419e+05	-5.765498e+05
19	-16.6435	4.7604	-7.898783e+00	-5.765419e+05	-5.765498e+05
20	-16.6435	4.7604	-7.898783e+00	-5.765419e+05	-5.765498e+05
21	-16.6435	4.7604	-7.898783e+00	-5.765419e+05	-5.765498e+05
22	-17.9937	4.7604	-8.132609e+00	-5.680947e+05	-5.681028e+05
23	-17.9937	4.7604	-8.132609e+00	-5.680947e+05	-5.681028e+05
24	-17.9937	4.7604	-8.132609e+00	-5.680947e+05	-5.681028e+05
25	-17.9937	4.7604	-8.132609e+00	-5.680947e+05	-5.681028e+05
26	-17.9937	4.7604	-8.132609e+00	-5.680947e+05	-5.681028e+05
27	-17.9937	4.7604	-8.132609e+00	-5.680947e+05	-5.681028e+05
28	-17.9937	3.54443	-8.094277e+00	-4.093732e+05	-4.093813e+05
29	-17.9937	3.54443	-8.094277e+00	-4.093732e+05	-4.093813e+05
30	-17.3776	3.54443	-7.985321e+00	-3.782764e+05	-3.782844e+05
31	-17.3776	3.54443	-7.985321e+00	-3.782764e+05	-3.782844e+05
32	-17.3776	3.54443	-7.985321e+00	-3.782764e+05	-3.782844e+05
33	-14.8853	3.54443	-7.583281e+00	-2.865622e+05	-2.865697e+05
34	-11.4871	3.54443	-7.135180e+00	-2.495854e+05	-2.495925e+05
35	-11.4871	3.54443	-7.135180e+00	-2.495854e+05	-2.495925e+05
36	-11.4871	3.54443	-7.135180e+00	-2.495854e+05	-2.495925e+05
37	-12.3199	3.54443	-7.234321e+00	-2.492467e+05	-2.492539e+05
38	-12.3199	3.54443	-7.234321e+00	-2.492467e+05	-2.492539e+05
39	-12.3199	3.54443	-7.234321e+00	-2.492467e+05	-2.492539e+05
40	-12.3199	3.54443	-7.234321e+00	-2.492467e+05	-2.492539e+05
41	-11.6117	3.54443	-7.149581e+00	-2.491461e+05	-2.491533e+05
42	-11.6117	3.54443	-7.149581e+00	-2.491461e+05	-2.491533e+05
43	-11.6117	3.54443	-7.149581e+00	-2.491461e+05	-2.491533e+05
44	-11.6117	3.54443	-7.149581e+00	-2.491461e+05	-2.491533e+05
45	-11.6117	3.54443	-7.149581e+00	-2.491461e+05	-2.491533e+05
46	-12.047	3.54443	-7.201074e+00	-2.486853e+05	-2.486925e+05
47	-12.047	3.54443	-7.201074e+00	-2.486853e+05	-2.486925e+05
48	-11.9418	3.54443	-7.188449e+00	-2.486439e+05	-2.486511e+05
49	-11.9418	3.54443	-7.188449e+00	-2.486439e+05	-2.486511e+05
50	-11.9418	2.99147	-7.175908e+00	-1.798567e+05	-1.798638e+05
51	-11.9418	2.99147	-7.175908e+00	-1.798567e+05	-1.798638e+05
52	-11.157	2.99147	-7.085267e+00	-1.635266e+05	-1.635337e+05
53	-10.8648	2.99147	-7.053093e+00	-1.588313e+05	-1.588384e+05
54	-10.3847	2.42119	-6.992353e+00	-1.413820e+05	-1.413890e+05
55	-10.3847	2.42119	-6.992353e+00	-1.413820e+05	-1.413890e+05
56	-10.3847	2.42119	-6.992353e+00	-1.413820e+05	-1.413890e+05
57	-10.3847	2.42119	-6.992353e+00	-1.413820e+05	-1.413890e+05
58	-8.87085	2.42119	-6.846606e+00	-9.749696e+04	-9.750380e+04
59	-8.87085	2.42119	-6.846606e+00	-9.749696e+04	-9.750380e+04
60	-8.87085	2.42119	-6.846606e+00	-9.749696e+04	-9.750380e+04
61	-8.87085	2.42119	-6.846606e+00	-9.749696e+04	-9.750380e+04
62	-8.70292	2.42119	-6.831850e+00	-9.387129e+04	-9.387812e+04
63	-8.45754	2.42119	-6.810796e+00	-8.901973e+04	-8.902654e+04
64	-8.45754	2.42119	-6.810796e+00	-8.901973e+04	-8.902654e+04
65	-8.34538	2.42119	-6.801373e+00	-8.697857e+04	-8.698537e+04
66	-8.34538	2.42119	-6.801373e+00	-8.697857e+04	-8.698537e+04
67	-8.34538	2.42119	-6.801373e+00	-8.697857e+04	-8.698537e+04
68	-7.48858	2.42119	-6.733540e+00	-7.503923e+04	-7.504596e+04
69	-7.48858	2.42119	-6.733540e+00	-7.503923e+04	-7.504596e+04
70	-6.71	2.42119	-6.678267e+00	-6.979224e+04	-6.979892e+04
71	-6.71	2.42119	-6.678267e+00	-6.979224e+04	-6.979892e+04
72	-6.71	2.4071	-6.678068e+00	-6.850110e+04	-6.850778e+04
73	-6.05945	2.4071	-6.636532e+00	-6.780430e+04	-6.781094e+04
74	-6.38473	2.4071	-6.656771e+00	-6.768717e+04	-6.769383e+04
75	-6.38473	2.21643	-6.654270e+00	-5.350120e+04	-5.350786e+04
76	-6.38473	2.21643	-6.654270e+00	-5.350120e+04	-5.350786e+04
77	-4.93505	2.21643	-6.572220e+00	-4.903340e+04	-4.903997e+04
78	-5.0441	2.21643	-6.577661e+00	-4.872623e+04	-4.873280e+04
79	-5.0441	2.21643	-6.577661e+00	-4.872623e+04	-4.873280e+04
80	-5.0441	2.21643	-6.577661e+00	-4.872623e+04	-4.873280e+04
81	-5.0441	2.21643	-6.577661e+00	-4.872623e+04	-4.873280e+04
82	-5.0441	2.21643	-6.577661e+00	-4.872623e+04	-4.873280e+04
83	-5.0441	1.90094	-6.574321e+00	-3.123525e+04	-3.124182e+04
84	-5.0441	1.90094	-6.574321e+00	-3.123525e+04	-3.124182e+04
85	-4.00667	1.90094	-6.527373e+00	-2.399413e+04	-2.400065e+04
86	-4.00667	1.90094	-6.527373e+00	-2.399413e+04	-2.400065e+04
87	-3.60658	1.90094	-6.512143e+00	-2.373219e+04	-2.373870e+04
88	-3.60658	1.90094	-6.512143e+00	-2.373219e+04	-2.373870e+04
89	-3.60658	1.73207	-6.510764e+00	-1.628500e+04	-1.629151e+04
90	-3.60658	1.73207	-6.510764e+00	-1.628500e+04	-1.629151e+04
91	-3.59216	1.73207	-6.510245e+00	-1.619470e+04	-1.620121e+04
92	-2.92721	1.73207	-6.488570e+00	-1.401912e+04	-1.402561e+04
93	-2.92721	1.73207	-6.488570e+00	-1.401912e+04	-1.402561e+04
94	-2.92721	1.73207	-6.488570e+00	-1.401912e+04	-1.402561e+04
95	-2.92721	1.73207	-6.488570e+00	-1.401912e+04	-1.402561e+04
96	-2.92721	1.73207	-6.488570e+00	-1.401912e+04	-1.402561e+04
97	-2.92721	1.73207	-6.488570e+00	-1.401912e+04	-1.402561e+04
98	-2.92721	1.73207	-6.488570e+00	-1.401912e+04	-1.402561e+04
99	-2.92721	1.73207	-6.488570e+00	-1.401912e+04	-1.402561e+04
100	-2.92721	1.73207	-6.488570e+00	-1.401912e+04	-1.402561e+04
101	-2.92721	1.73207	-6.488570e+00	-1.401912e+04	-1.402561e+04
102	-2.92721	1.73207	-6.488570e+00	-1.401912e+04	-1.402561e+04
103	-2.92721	1.48284	-6.487056e+00	-1.162513e+04	-1.163162e+04
104	-1.14774	1.26777	-6.449992e+00	-1.900745e+03	-1.907195e+03
105	-1.14774	1.26777	-6.449992e+00	-1.900745e+03	-1.907195e+03
106	-1.14774	1.26777	-6.449992e+00	-1.900745e+03	-1.907195e+03
107	-1.14774	1.26777	-6.449992e+00	-1.900745e+03	-1.907195e+03
108	-1.14774	1.26777	-6.449992e+00	-1.900745e+03	-1.907195e+03
109	-1.14774	1.26777	-6.449992e+00	-1.900745e+03	-1.907195e+03
110	-1.14774	1.26777	-6.449992e+00	-1.900745e+03	-1.907195e+03
111	-0.72692	1.26777	-6.446048e+00	-5.270937e+02	-5.335397e+02
112	-0.574951	1.26777	-6.445059e+00	-4.140334e+02	-4.204785e+02
113	-0.574951	1.26777	-6.445059e+00	-4.140334e+02	-4.204785e+02
114	-0.574951	1.24987	-6.445012e+00	-3.115349e+02	-3.179799e+02
115	-0.574951	1.24987	-6.445012e+00	-3.115349e+02	-3.179799e+02
116	-0.574951	1.24987	-6.445012e+00	-3.115349e+02	-3.179799e+02
117	-0.574951	1.24987	-6.445012e+00	-3.115349e+02	-3.179799e+02
118	-0.574951	1.24987	-6.445012e+00	-3.115349e+02	-3.179799e+02
119	-0.574951	1.24987	-6.445012e+00	-3.115349e+02	-3.179799e+02
120	-0.574951	1.24987	-6.445012e+00	-3.115349e+02	-3.179799e+02
121	-0.574951	1.24987	-6.445012e+00	-3.115349e+02	-3.179799e+02
122	-0.574951	1.24987	-6.445012e+00	-3.115349e+02	-3.179799e+02
123	-0.574951	1.24952	-6.445011e+00	-3.105018e+02	-3.169468e+02
124	-0.574951	1.24952	-6.445011e+00	-3.105018e+02	-3.169468e+02
125	-0.574951	1.24952	-6.445011e+00	-3.105018e+02	-3.169468e+02
126	-0.574951	1.24952	-6.445011e+00	-3.105018e+02	-3.169468e+02
127	-0.574951	1.24952	-6.445011e+00	-3.105018e+02	-3.169468e+02
128	-0.574951	1.24952	-6.445011e+00	-3.105018e+02	-3.169468e+02
129	-0.574951	1.24952	-6.445011e+00	-3.105018e+02	-3.169468e+02
130	-0.574951	1.24952	-6.445011e+00	-3.105018e+02	-3.169468e+02
131	-0.574951	1.24952	-6.445011e+00	-3.105018e+02	-3.169468e+02
132	-0.574951	1.24952	-6.445011e+00	-3.105018e+02	-3.169468e+02
133	-0.574951	1.24952	-6.445011e+00	-3.105018e+02	-3.169468e+02
134	-0.574951	1.24952	-6.445011e+00	-3.105018e+02	-3.169468e+02
135	-0.574951	1.24952	-6.445011e+00	-3.105018e+02	-3.169468e+02
136	-0.574951	1.24952	-6.445011e+00	-3.105018e+02	-3.169468e+02
137	-0.574951	1.24952	-6.445011e+00	-3.105018e+02	-3.169468e+02
138	-0.574951	1.24952	-6.445011e+00	-3.105018e+02	-3.169468e+02
139	-0.574951	1.24952	-6.445011e+00	-3.105018e+02	-3.169468e+02
140	-0.574951	1.24952	-6.445011e+00	-3.105018e+02	-3.169468e+02
141	-0.434749	1.24952	-6.444304e+00	-2.738234e+02	-2.802677e+02
142	-0.434749	1.24952	-6.444304e+00	-2.738234e+02	-2.802677e+02
143	-0.434749	1.24952	-6.444304e+00	-2.738234e+02	-2.802677e+02
144	-0.434749	1.24952	-6.444304e+00	-2.738234e+02	-2.802677e+02
145	-0.434749	1.24952	-6.444304e+00	-2.738234e+02	-2.802677e+02
146	-0.434749	1.24952	-6.444304e+00	-2.738234e+02	-2.802677e+02
147	-0.434749	1.24952	-6.444304e+00	-2.738234e+02	-2.802677e+02
148	-0.434749	1.24952	-6.444304e+00	-2.738234e+02	-2.802677e+02
149	-0.434749	1.24952	-6.444304e+00	-2.738234e+02	-2.802677e+02
150	-0.434749	1.24952	-6.444304e+00	-2.738234e+02	-2.802677e+02
151	-0.434749	1.24952	-6.444304e+00	-2.738234e+02	-2.802677e+02
152	-0.434749	1.24952	-6.444304e+00	-2.738234e+02	-2.802677e+02
153	-0.434749	1.24952	-6.444304e+00	-2.738234e+02	-2.802677e+02
154	-0.434749	1.24952	-6.444304e+00	-2.738234e+02	-2.802677e+02
155	-0.434749	1.24952	-6.444304e+00	-2.738234e+02	-2.802677e+02
156	-0.434749	1.24952	-6.444304e+00	-2.738234e+02	-2.802677e+02
157	-0.434749	1.24952	-6.444304e+00	-2.738234e+02	-2.802677e+02
158	-0.434749	1.24952	-6.444304e+00	-2.738234e+02	-2.802677e+02
159	-0.434749	1.24952	-6.444304e+00	-2.738234e+02	-2.802677e+02
160	-0.434749	1.24952	-6.444304e+00	-2.738234e+02	-2.802677e+02
161	-0.434749	1.24952	-6.444304e+00	-2.738234e+02	-2.802677e+02
162	-0.434749	1.24952	-6.444304e+00	-2.738234e+02	-2.802677e+02
163	-0.434749	1.24952	-6.444304e+00	-2.738234e+02	-2.802677e+02
164	-0.434749	1.24952	-6.444304e+00	-2.738234e+02	-2.802677e+02
165	-0.434749	1.24952	-6.444304e+00	-2.738234e+02	-2.802677e+02
166	-0.434749	1.24952	-6.444304e+00	-2.738234e+02	-2.802677e+02
167	-0.434749	1.24312	-6.444288e+00	-2.223425e+02	-2.287868e+02
168	-0.434749	1.24312	-6.444288e+00	-2.223425e+02	-2.287868e+02
169	-0.434749	1.24312	-6.444288e+00	-2.223425e+02	-2.287868e+02
170	-0.434749	1.22329	-6.444242e+00	-1.429362e+02	-1.493804e+02
171	-0.434749	1.22329	-6.444242e+00	-1.429362e+02	-1.493804e+02
172	-0.434749	1.22329	-6.444242e+00	-1.429362e+02	-1.493804e+02
173	-0.434749	1.22329	-6.444242e+00	-1.429362e+02	-1.493804e+02
174	-0.323754	1.22329	-6.443821e+00	-1.084706e+02	-1.149144e+02
175	-0.323754	1.22329	-6.443821e+00	-1.084706e+02	-1.149144e+02
176	-0.323754	1.20467	-6.443781e+00	-5.323501e+01	-5.967879e+01
177	-0.323754	1.20467	-6.443781e+00	-5.323501e+01	-5.967879e+01
178	-0.323754	1.20467	-6.443781e+00	-5.323501e+01	-5.967879e+01
179	-0.323754	1.20467	-6.443781e+00	-5.323501e+01	-5.967879e+01
180	-0.323754	1.20467	-6.443781e+00	-5.323501e+01	-5.967879e+01
181	-0.323754	1.20467	-6.443781e+00	-5.323501e+01	-5.967879e+01
182	-0.323754	1.20467	-6.443781e+00	-5.323501e+01	-5.967879e+01
183	-0.303961	1.20467	-6.443719e+00	-4.226503e+01	-4.870875e+01
184	-0.303961	1.20467	-6.443719e+00	-4.226503e+01	-4.870875e+01
185	-0.303961	1.20467	-6.443719e+00	-4.226503e+01	-4.870875e+01
186	-0.303961	1.20467	-6.443719e+00	-4.226503e+01	-4.870875e+01
187	-0.303961	1.20467	-6.443719e+00	-4.226503e+01	-4.870875e+01
188	-0.303961	1.20467	-6.443719e+00	-4.226503e+01	-4.870875e+01
189	-0.303961	1.20177	-6.443713e+00	-4.074491e+01	-4.718863e+01
190	-0.303961	1.20177	-6.443713e+00	-4.074491e+01	-4.718863e+01
191	-0.303961	1.20177	-6.443713e+00	-4.074491e+01	-4.718863e+01
192	-0.303961	1.20177	-6.443713e+00	-4.074491e+01	-4.718863e+01
193	-0.303961	1.20177	-6.443713e+00	-4.074491e+01	-4.718863e+01
194	-0.303961	1.20177	-6.443713e+00	-4.074491e+01	-4.718863e+01
195	-0.303961	1.20177	-6.443713e+00	-4.074491e+01	-4.718863e+01
196	-0.274901	1.20177	-6.443629e+00	-2.717461e+01	-3.361824e+01
197	-0.274901	1.20177	-6.443629e+00	-2.717461e+01	-3.361824e+01
198	-0.274901	1.20177	-6.443629e+00	-2.717461e+01	-3.361824e+01
199	-0.274901	1.20177	-6.443629e+00	-2.717461e+01	-3.361824e+01
200	-0.274901	1.20177	-6.443629e+00	-2.717461e+01	-3.361824e+01
