iter	A(1)	B(1)	A(1.1)	B(1.1)	A(1.2)	B(1.2)	A(1.3)	B(1.3)	A(1.4)	B(1.4)	A(1.5)	B(1.5)	A(1.6)	B(1.6)	A(1.7)	B(1.7)	A(1.8)	B(1.8)	A(1.9)	B(1.9)	A(1.10)	B(1.10)	LnPrior	LnData	LnPosterior
0	-14.5144	7.31139	-14.5594	1.1687	-14.3811	7.26615	-14.4549	7.37726	-14.4495	7.46384	-14.6442	7.0265	-14.4673	7.19838	-14.5788	7.5114	-14.5135	7.03077	-14.7273	7.28215	-14.3967	7.55332	-4.678800e+02	-1.299077e+07	-1.299124e+07
1	-14.5144	7.31139	-14.5511	1.1687	-14.3811	7.2052	-14.4549	7.12272	-14.4495	7.34502	-14.7349	7.0265	-14.4999	7.02671	-14.6308	7.5114	-14.5135	7.03077	-14.9161	7.11755	-14.3967	7.55332	-4.771492e+02	-1.249852e+07	-1.249900e+07
2	-14.5144	7.31139	-14.5511	1.1687	-14.4107	7.18542	-14.4549	7.12272	-14.4495	7.34502	-14.79	7.0265	-14.5781	6.5433	-14.6308	7.4322	-14.5437	7.03077	-14.9161	7.11755	-14.4068	7.55332	-4.843874e+02	-1.215537e+07	-1.215586e+07
3	-14.5144	7.31139	-14.5511	1.1687	-14.4239	7.18542	-14.4549	6.954	-14.4495	7.34502	-14.79	7.0265	-14.5781	6.30414	-14.6308	7.0897	-14.5437	7.03077	-15.1424	7.07073	-14.4068	7.30963	-5.023237e+02	-1.151872e+07	-1.151923e+07
4	-14.5144	7.31139	-14.4915	1.1687	-14.6066	7.16985	-14.4549	6.954	-14.4667	7.34502	-14.8153	6.81225	-14.5894	6.30414	-14.6308	7.0897	-14.6535	7.03077	-15.1589	6.90947	-14.4068	7.03808	-5.093675e+02	-1.111395e+07	-1.111446e+07
5	-14.5144	7.31139	-14.445	1.1687	-14.6066	7.15143	-14.4549	6.954	-14.4667	7.03337	-14.8543	6.7751	-14.5894	6.20288	-14.6409	7.0897	-14.831	7.03077	-15.3155	6.71343	-14.4106	6.90935	-5.340008e+02	-1.065472e+07	-1.065526e+07
6	-14.5144	6.56212	-14.445	1.1687	-14.7097	7.15143	-14.5151	6.83923	-14.4667	7.03337	-14.8543	6.7751	-14.6006	5.83936	-14.6409	7.01398	-14.831	7.03077	-15.3155	6.67395	-14.4106	6.63102	-4.180662e+02	-1.020837e+07	-1.020879e+07
7	-14.7521	6.56212	-14.4431	1.1687	-14.8027	7.13117	-14.5151	6.83923	-14.5726	6.56515	-14.8571	5.55188	-14.6257	5.74504	-14.6748	7.01398	-14.9146	7.01174	-15.3155	6.67395	-14.4106	6.57976	-4.159005e+02	-9.309533e+06	-9.309949e+06
8	-14.7521	6.56212	-14.4259	1.1687	-14.8526	7.13117	-14.5151	6.83923	-14.5845	6.48662	-14.8571	5.37006	-14.6257	5.74504	-14.6748	7.01398	-14.9146	7.01174	-15.3321	6.67395	-14.42	6.47464	-4.224170e+02	-9.152341e+06	-9.152764e+06
9	-14.7521	6.56212	-14.4259	1.1687	-15.0617	7.13117	-14.6017	6.83923	-14.5845	6.09645	-14.8571	4.85916	-14.6257	5.74504	-14.7089	6.95096	-14.9146	6.95174	-15.5041	6.67395	-14.4292	6.39367	-4.560728e+02	-8.691462e+06	-8.691918e+06
10	-14.7521	6.56212	-14.4259	1.1687	-15.1253	7.13117	-14.8724	6.83923	-14.5845	5.72123	-15.0269	4.85916	-14.6284	5.74504	-14.7089	6.95096	-14.9322	6.95174	-15.5179	6.62889	-14.4355	6.26365	-4.689564e+02	-8.439745e+06	-8.440214e+06
11	-14.7521	6.56212	-14.3527	1.1687	-15.1253	7.13117	-14.8724	6.43014	-14.5845	5.68583	-15.1353	4.85916	-14.6472	5.65506	-14.7089	6.95096	-15.0249	6.95174	-15.5179	6.62889	-14.4355	6.26365	-4.790239e+02	-8.165138e+06	-8.165617e+06
12	-14.7521	6.56212	-14.3459	1.1687	-15.1253	7.07368	-15.0791	6.24009	-14.5845	5.28907	-15.1791	4.85916	-14.6472	5.61852	-14.7089	6.95096	-15.0249	6.95174	-15.6103	6.62889	-14.4355	6.26365	-5.050068e+02	-7.887075e+06	-7.887580e+06
13	-14.7521	6.56212	-14.3459	1.1687	-15.1653	6.94903	-15.0791	6.24009	-14.67	4.88433	-15.2413	4.43669	-14.6472	5.61852	-14.7089	6.88111	-15.2252	6.8922	-15.6103	6.62889	-14.4355	6.26365	-5.484194e+02	-7.537466e+06	-7.538014e+06
14	-14.7521	6.56212	-14.3459	1.1687	-15.1653	6.94903	-15.5584	5.80998	-14.7614	4.88433	-15.4892	4.43669	-14.6892	5.61852	-14.7273	6.88111	-15.2395	6.7988	-15.6103	6.62889	-14.4434	6.26365	-5.955919e+02	-7.277687e+06	-7.278282e+06
15	-14.7521	6.56212	-14.2904	1.1687	-15.2188	6.94903	-15.8183	5.80998	-14.9297	4.88433	-15.5111	4.43669	-14.7289	5.60938	-14.7273	6.88111	-15.5677	6.78254	-15.6103	6.62889	-14.449	6.17442	-6.498375e+02	-7.187234e+06	-7.187884e+06
16	-14.7521	6.56212	-14.2904	1.1687	-15.2188	6.91395	-16.0518	5.80998	-15.1411	4.88433	-15.5111	4.43669	-14.7395	5.3692	-14.7351	6.59292	-15.6095	6.75759	-15.6103	6.31853	-14.46	6.17442	-6.919915e+02	-6.754776e+06	-6.755468e+06
17	-14.7521	6.56212	-14.2904	1.1687	-15.2188	6.91395	-16.0518	5.80998	-15.187	4.58041	-15.647	4.40443	-14.7395	5.3692	-14.7351	6.59292	-15.7313	6.75759	-15.6103	6.17042	-14.4687	6.17442	-7.328646e+02	-6.621372e+06	-6.622105e+06
18	-14.7521	6.56212	-14.2467	1.1687	-15.2188	6.91395	-16.263	5.80998	-15.187	4.58041	-15.6747	4.16103	-14.7395	5.3692	-14.7672	6.59292	-15.7575	6.75759	-15.6103	6.17042	-14.473	6.17442	-7.835221e+02	-6.574005e+06	-6.574789e+06
19	-14.7521	6.56212	-14.2467	1.1687	-15.2229	6.82614	-16.263	5.80998	-15.252	4.58041	-15.6747	3.9434	-14.8132	5.3692	-14.7917	6.32682	-15.7575	6.64239	-15.6103	6.17042	-14.4771	6.06697	-8.013320e+02	-6.256850e+06	-6.257651e+06
20	-14.7521	6.56212	-14.2467	1.1687	-15.2777	6.82614	-16.2929	5.80998	-15.252	4.58041	-15.6747	3.9434	-14.8132	5.3692	-14.7917	6.26874	-15.8024	6.58062	-15.6103	6.13065	-14.4771	6.06697	-8.139605e+02	-6.174075e+06	-6.174889e+06
21	-14.7521	6.56212	-14.2467	1.1687	-15.2777	6.77306	-16.6506	5.80998	-15.252	4.167	-15.2049	3.9434	-14.8132	5.3692	-14.8113	6.26874	-15.8024	6.58062	-15.6843	6.13065	-14.4784	5.78654	-8.766117e+02	-5.962884e+06	-5.963761e+06
22	-14.7521	6.56212	-14.158	1.1687	-15.2777	6.77306	-16.6506	4.60774	-15.252	3.73007	-15.2049	3.70408	-14.9492	5.3692	-14.8113	6.1351	-15.964	6.58062	-16.2338	6.13065	-14.4784	5.78654	-1.054657e+03	-5.490453e+06	-5.491508e+06
23	-14.7521	6.56212	-14.158	1.1687	-15.4255	6.57389	-17.0478	4.03938	-15.252	3.73007	-15.2049	3.65379	-15.004	5.3692	-14.8113	6.1351	-16.3371	6.54837	-16.4924	6.13065	-14.4784	5.78654	-1.276754e+03	-5.272088e+06	-5.273365e+06
24	-14.7521	6.56212	-14.1072	1.1687	-15.4255	6.57389	-17.0478	3.57721	-15.2309	3.73007	-15.0105	3.65379	-15.0538	5.04302	-14.8113	6.1351	-16.3371	6.54837	-16.4924	6.13065	-14.4784	5.78654	-1.316211e+03	-5.149812e+06	-5.151128e+06
25	-14.7521	6.56212	-14.1072	1.1687	-15.4255	6.57389	-16.9285	3.57721	-15.0518	3.73007	-14.7149	3.65379	-15.0957	5.04302	-14.8113	6.1351	-16.3371	6.54837	-16.6028	6.07892	-14.4871	5.78654	-1.300814e+03	-5.117875e+06	-5.119176e+06
26	-14.7521	4.3434	-14.1072	1.1687	-15.4255	6.41161	-16.7525	3.50015	-14.6269	3.73007	-14.6227	3.65379	-15.0957	4.39552	-14.8358	6.1351	-16.6817	6.54837	-17.3525	5.57382	-14.5045	5.07003	-1.091076e+03	-4.466163e+06	-4.467254e+06
27	-14.8307	4.3434	-14.0538	1.1687	-15.5893	6.21258	-16.7525	3.50015	-14.374	3.73007	-13.5173	3.65379	-15.1364	4.39552	-14.8738	6.1351	-16.6817	6.54837	-17.6773	5.27218	-14.5045	4.76113	-1.216795e+03	-4.209454e+06	-4.210671e+06
28	-14.8307	4.3434	-14.0538	1.1687	-15.5893	6.04032	-16.7525	3.50015	-14.0892	3.73007	-13.3267	3.65379	-15.3901	4.39552	-14.9201	5.84478	-16.6817	6.46103	-18.1538	5.27218	-14.5045	4.09945	-1.393202e+03	-3.850615e+06	-3.852008e+06
29	-15.4926	4.3434	-14.0538	1.1687	-15.6841	6.04032	-16.7525	3.50015	-14.0892	3.69617	-13.3267	3.65379	-15.3901	4.39552	-14.9201	5.84478	-17.1548	6.3324	-18.1538	4.59412	-14.5068	4.09945	-1.323694e+03	-3.659162e+06	-3.660486e+06
30	-15.4926	4.3434	-13.8769	1.1687	-15.6841	6.00847	-16.7525	3.50015	-14.0892	3.42836	-13.3267	3.65379	-15.3901	4.39552	-14.9201	5.66764	-17.1548	6.2359	-18.1538	4.59412	-14.5068	3.52161	-1.351360e+03	-3.470875e+06	-3.472226e+06
31	-15.4926	4.3434	-13.8769	1.1687	-15.7926	5.78565	-16.7525	3.50015	-14.0892	3.32766	-13.2601	2.61502	-15.5113	4.39552	-14.9379	5.66764	-17.5688	6.2359	-18.1538	4.57292	-14.4929	3.52161	-1.470955e+03	-3.355608e+06	-3.357079e+06
32	-15.4926	4.3434	-13.8769	1.1687	-15.7926	5.50928	-16.21	3.50015	-13.8241	3.32766	-13.2601	2.61502	-15.5113	3.93597	-15.0912	4.92563	-17.5688	6.2359	-18.1538	4.57292	-14.4742	3.52161	-1.427933e+03	-2.943006e+06	-2.944434e+06
33	-15.4926	4.3434	-13.8769	1.1687	-15.7926	5.50928	-16.21	3.50015	-13.8241	3.32766	-12.981	2.61502	-15.4601	3.93597	-15.0912	4.92563	-17.5688	6.2359	-18.1538	4.35878	-14.4742	3.18415	-1.501884e+03	-2.916226e+06	-2.917728e+06
34	-15.4926	4.3434	-13.8698	1.1687	-15.9807	5.50928	-16.0208	3.50015	-13.61	3.22987	-12.9125	2.61502	-15.4601	3.93597	-15.0912	4.80961	-17.5688	6.10848	-17.8711	4.35878	-14.4742	3.18415	-1.478129e+03	-2.816704e+06	-2.818183e+06
35	-15.4926	4.3434	-13.8698	1.1687	-16.0452	4.96184	-15.5657	3.50015	-13.61	3.22987	-12.3123	2.66601	-15.4601	3.48373	-15.0912	4.80961	-17.5688	6.10848	-17.7119	4.35878	-14.4742	3.29535	-1.593778e+03	-2.638971e+06	-2.640565e+06
36	-15.4926	4.3434	-13.8048	1.1687	-16.0626	4.95565	-15.5657	3.50015	-13.4046	3.22987	-12.3123	2.66601	-15.4342	3.23135	-15.1572	4.75502	-17.6201	6.10848	-17.7119	4.35878	-14.4572	3.29535	-1.662043e+03	-2.612157e+06	-2.613819e+06
37	-15.4926	4.3434	-13.7973	1.1687	-16.0626	4.80773	-15.4478	3.50015	-13.4046	3.22987	-12.3123	2.66601	-15.4342	3.2587	-15.3285	4.75502	-17.7101	6.10848	-17.7119	4.35878	-14.4566	3.29535	-1.675726e+03	-2.577666e+06	-2.579341e+06
38	-15.4926	4.3434	-13.7678	1.1687	-16.0626	4.80773	-15.3121	3.50015	-13.1734	3.22987	-11.8825	2.93605	-15.4342	3.2587	-15.4453	4.57892	-17.7101	5.86685	-17.5057	4.35878	-14.4524	3.29535	-1.812963e+03	-2.424699e+06	-2.426512e+06
39	-15.4926	4.3434	-13.7678	1.1687	-16.0626	4.80773	-14.6074	3.50015	-12.7401	3.22987	-11.787	2.93605	-15.4342	3.2587	-15.4453	4.57892	-17.7101	5.86685	-17.5009	4.35878	-14.4382	3.29535	-1.995861e+03	-2.407520e+06	-2.409515e+06
40	-15.4926	3.46056	-13.4532	1.1687	-16.1701	4.71686	-14.6074	3.48475	-12.6948	3.22987	-11.787	2.93605	-15.2575	3.2587	-15.4453	4.57892	-17.7101	5.86685	-17.4208	4.35878	-14.4272	3.29535	-2.014762e+03	-2.368434e+06	-2.370449e+06
41	-15.3815	3.46056	-13.4532	1.1687	-16.1701	4.71686	-14.6074	3.16663	-12.6948	3.22987	-11.6283	2.93605	-15.2575	3.2587	-15.4453	3.8018	-17.9262	5.52998	-17.4208	4.35878	-14.4272	3.29535	-2.033826e+03	-2.118851e+06	-2.120885e+06
42	-15.3815	3.46056	-13.4212	1.1687	-16.1701	4.71686	-14.6074	3.16663	-12.6282	3.17483	-11.6283	2.93605	-15.1094	3.2587	-15.3844	3.8018	-18.3173	5.35781	-17.2751	4.29643	-14.4173	3.29535	-2.130848e+03	-2.050333e+06	-2.052463e+06
43	-15.3815	3.46056	-13.4212	1.1687	-16.1701	4.71686	-14.6074	3.16663	-12.4926	3.17483	-11.4404	2.93605	-15.1094	3.26994	-15.3801	3.41064	-18.4846	5.35781	-17.2751	4.27446	-14.4173	3.29535	-2.289966e+03	-2.013305e+06	-2.015595e+06
44	-15.3815	3.46056	-13.3575	1.1687	-16.1701	4.71686	-14.6074	3.16663	-12.4038	3.12139	-11.4404	2.93605	-15.1094	3.26994	-15.3801	3.01018	-18.6379	5.35781	-17.2751	4.27446	-14.4173	3.29535	-2.380372e+03	-2.000790e+06	-2.003170e+06
45	-15.3815	3.46056	-13.3575	1.1687	-16.2071	4.47478	-14.3316	3.16663	-12.4038	3.12139	-11.2343	2.93605	-15.1094	3.26994	-15.2152	3.01018	-18.6379	5.35781	-17.0838	4.18944	-14.4144	3.29535	-2.450629e+03	-1.951017e+06	-1.953468e+06
46	-15.3815	3.46056	-13.2469	1.1687	-16.2071	4.47478	-14.134	3.16663	-12.4038	3.12139	-10.5671	2.55201	-15.1094	3.26994	-15.1943	3.01018	-18.6379	5.35781	-17.0838	4.07178	-14.4107	3.29535	-2.800928e+03	-1.922363e+06	-1.925164e+06
47	-15.3815	3.46056	-13.0742	1.1687	-16.2071	4.47478	-14.134	3.16663	-12.3889	3.12139	-10.3302	2.55201	-15.1094	3.26994	-15.1943	3.10758	-18.6445	5.35293	-17.0838	3.95597	-14.4005	3.29535	-2.960920e+03	-1.901782e+06	-1.904743e+06
48	-15.3815	3.46056	-13.0543	1.1687	-16.2071	4.00112	-13.8626	3.03023	-12.337	3.12139	-9.97414	2.55201	-15.0748	3.26994	-15.1072	3.10758	-18.6445	5.35293	-16.6676	3.95597	-14.3814	3.29535	-3.139668e+03	-1.846777e+06	-1.849916e+06
49	-15.3815	3.46056	-12.9719	1.1687	-16.2071	4.00112	-13.7687	3.03023	-11.7861	3.09139	-9.93378	2.55201	-15.0748	3.26994	-15.1072	3.10758	-18.6445	5.35293	-16.6676	3.95597	-14.3814	3.29535	-3.378971e+03	-1.831816e+06	-1.835195e+06
50	-15.3815	3.46056	-12.9719	1.1687	-16.2071	4.00112	-13.7139	3.03023	-11.7707	3.09139	-9.93378	2.55201	-15.0748	3.26994	-15.1072	3.10758	-18.6445	5.32538	-16.6676	3.95597	-14.3814	3.29535	-3.392220e+03	-1.823700e+06	-1.827093e+06
51	-15.3815	3.46056	-12.9153	1.1687	-15.9063	3.77887	-13.4903	3.03023	-11.6065	3.09139	-9.83628	2.55201	-15.0748	3.26994	-15.1072	3.10758	-18.7881	5.32538	-16.4975	3.95597	-14.3814	3.29535	-3.564785e+03	-1.799054e+06	-1.802618e+06
52	-15.3815	3.46056	-12.9153	1.1687	-15.9063	3.77887	-13.4903	3.03023	-10.9818	3.09139	-9.83628	2.55201	-14.8956	3.26994	-15.1072	3.10758	-18.7881	5.23767	-16.4975	3.95597	-14.3583	3.29535	-3.825570e+03	-1.767223e+06	-1.771048e+06
53	-15.3815	3.46056	-12.9153	1.1687	-15.8966	3.77887	-13.4903	3.03023	-10.9818	3.09139	-9.83628	2.55201	-14.5985	3.26994	-15.1072	3.10758	-18.7881	5.23767	-16.4975	3.95597	-14.3583	3.29535	-3.843917e+03	-1.761610e+06	-1.765454e+06
54	-14.4381	3.46056	-12.6795	1.1687	-15.8966	3.77887	-13.4903	3.03023	-10.8343	3.09139	-9.83628	2.55201	-14.4873	3.26994	-14.8796	3.10758	-19.5474	5.23767	-16.4975	3.95597	-14.3583	3.29535	-3.654532e+03	-1.734740e+06	-1.738395e+06
55	-14.2117	3.15902	-12.658	1.1687	-15.5557	3.77887	-13.4903	3.03023	-10.4148	2.64001	-9.83628	2.55201	-14.4614	3.26994	-14.8778	3.10758	-19.5661	5.23767	-15.6665	3.95597	-14.3501	3.29535	-3.592234e+03	-1.708727e+06	-1.712319e+06
56	-14.2117	3.15902	-12.658	1.1687	-15.5036	3.77887	-13.1581	3.03023	-10.2746	2.64001	-9.83628	2.55201	-14.4614	3.17061	-14.8778	3.10758	-19.5661	5.23767	-15.6665	3.95597	-14.3184	3.29669	-3.668544e+03	-1.699528e+06	-1.703196e+06
57	-13.9564	3.15902	-12.4796	1.1687	-15.4627	3.64475	-13.1581	3.03023	-9.83254	2.64001	-8.51231	2.55201	-14.4614	3.17061	-14.8778	3.10758	-19.5661	5.23767	-14.4736	3.95597	-14.2584	3.29669	-4.342710e+03	-1.658024e+06	-1.662367e+06
58	-13.9564	3.15902	-12.3137	1.1687	-15.3287	3.64475	-13.1581	3.03023	-9.83254	2.64001	-8.51231	2.55201	-14.3044	3.17061	-14.834	3.10758	-19.5661	5.06908	-14.4736	3.95597	-14.2284	3.29669	-4.329395e+03	-1.607898e+06	-1.612227e+06
59	-13.9564	3.15902	-12.0802	1.1687	-15.3287	3.64475	-13.1581	3.03023	-9.78564	2.64001	-8.51231	2.55201	-14.231	3.17061	-14.7192	3.10758	-19.7066	5.06908	-14.4736	3.95597	-14.2216	3.29669	-4.457860e+03	-1.590985e+06	-1.595443e+06
60	-13.9368	3.15902	-12.0802	1.1687	-15.3287	3.64475	-11.8811	3.03023	-9.34321	2.64001	-8.51231	2.39974	-14.231	3.17061	-14.7192	3.10758	-19.7185	5.06908	-13.8999	3.95597	-14.1906	3.29669	-4.820264e+03	-1.563232e+06	-1.568052e+06
61	-13.7914	3.15902	-11.779	1.1687	-15.3287	3.64475	-11.8811	3.02065	-9.34321	2.66751	-8.22224	2.39974	-14.231	3.17448	-14.4997	3.10758	-19.9194	5.01291	-13.8999	3.88124	-14.1906	3.29669	-5.063483e+03	-1.523446e+06	-1.528510e+06
62	-13.7914	3.15902	-11.6302	1.1687	-15.3287	3.64475	-11.1487	3.02065	-9.14695	2.66751	-8.22224	2.39974	-14.2153	3.17448	-14.4997	3.10758	-19.9194	5.01291	-13.8999	3.47844	-14.1906	3.29669	-5.344577e+03	-1.483437e+06	-1.488782e+06
63	-13.7914	3.15902	-11.6302	1.1687	-15.3287	3.64475	-11.1487	2.53537	-8.5316	2.66751	-8.22224	2.39974	-14.2153	3.17448	-14.4084	3.10758	-19.9194	4.55229	-13.799	3.37994	-14.1867	3.29669	-5.627774e+03	-1.402178e+06	-1.407806e+06
64	-12.5307	3.15902	-11.6302	1.1687	-15.0596	3.64475	-10.8564	2.53537	-7.89125	2.66751	-7.66222	2.39974	-14.2153	3.17448	-14.4084	3.10758	-19.9194	4.55229	-13.3749	3.37994	-14.1867	3.29669	-6.061618e+03	-1.377749e+06	-1.383811e+06
65	-12.5307	3.15902	-11.6302	1.1687	-14.9552	3.64475	-10.8564	2.7176	-7.89125	2.66751	-6.85533	2.39974	-14.1977	3.17448	-14.4084	3.10758	-19.9194	4.55229	-13.1518	3.37994	-14.1867	3.29669	-6.439403e+03	-1.368719e+06	-1.375158e+06
66	-12.5307	3.15902	-11.6302	1.1687	-14.4942	3.64475	-10.718	2.6174	-7.53812	2.66751	-6.85533	1.99502	-13.9936	3.17448	-14.3331	3.10758	-19.091	4.55229	-13.1518	3.37994	-14.1867	3.29669	-5.919858e+03	-1.340299e+06	-1.346219e+06
67	-12.5307	3.15902	-11.5153	1.1687	-14.4942	3.64475	-10.718	2.6174	-7.53812	2.66751	-6.85533	1.99502	-13.9936	3.17448	-14.3331	3.10758	-18.893	4.49068	-13.0982	3.37994	-14.1867	3.29669	-5.797635e+03	-1.325206e+06	-1.331004e+06
68	-12.5307	3.15902	-11.4434	1.1687	-14.3155	3.64475	-10.718	2.6174	-6.93254	2.66751	-6.85533	1.99502	-13.7287	3.05892	-14.3331	3.10758	-18.8349	4.49068	-12.9158	3.37994	-14.1821	3.29669	-6.011029e+03	-1.310239e+06	-1.316250e+06
69	-12.5307	3.15902	-11.319	1.1687	-14.1897	3.57551	-10.718	2.6174	-6.93254	2.66751	-6.39214	1.99622	-13.5643	3.05892	-14.3331	3.10758	-18.8349	4.27222	-12.8396	3.37994	-14.1821	3.29669	-6.248786e+03	-1.270354e+06	-1.276603e+06
70	-12.5307	3.15902	-11.1822	1.1687	-14.1897	3.57551	-10.718	2.6174	-6.65155	2.66751	-5.73846	1.99622	-13.3575	3.05892	-14.2854	3.10758	-18.8349	3.78221	-12.8396	3.05152	-14.182	3.29669	-6.811338e+03	-1.228100e+06	-1.234912e+06
71	-12.5307	3.15902	-10.7386	1.1687	-14.1897	3.57551	-10.718	2.6174	-6.65155	2.66751	-5.73846	1.99622	-13.3575	3.05892	-14.0436	3.10758	-18.8349	3.78221	-12.288	3.05152	-14.1786	3.29669	-6.839099e+03	-1.193884e+06	-1.200723e+06
72	-12.5307	3.15902	-10.7083	1.1687	-13.8433	3.57551	-10.2535	2.6174	-6.68812	2.46864	-5.73846	1.99622	-13.3575	3.05892	-14.0287	3.10758	-18.8349	3.76633	-11.4805	3.05152	-14.1786	3.29669	-6.919330e+03	-1.160744e+06	-1.167663e+06
73	-12.0597	3.15902	-10.2229	1.1687	-13.8433	3.57551	-10.2535	2.6174	-6.68812	2.46864	-5.73846	1.99622	-13.0708	3.05892	-14.0287	3.10758	-17.9247	3.76633	-10.9857	3.05152	-14.1733	3.29669	-6.247190e+03	-1.109440e+06	-1.115687e+06
74	-12.0597	3.15902	-10.0376	1.1687	-13.8433	3.57551	-10.2535	2.6174	-6.60452	2.46864	-5.34382	1.99622	-12.999	3.05892	-13.8908	3.10758	-17.9247	3.76633	-10.6147	3.05152	-14.1733	3.29669	-6.598951e+03	-1.092291e+06	-1.098890e+06
75	-12.0597	3.15902	-10.0376	1.1687	-13.8433	3.57551	-10.2535	2.6174	-6.2074	2.46864	-5.24576	1.8022	-12.999	3.05892	-13.8908	2.74501	-17.1495	3.76633	-10.5842	3.05152	-14.1659	3.29669	-6.476313e+03	-1.076062e+06	-1.082538e+06
76	-12.0597	3.15902	-9.75847	1.1687	-13.8433	3.5101	-10.0076	2.59316	-6.2074	2.46864	-5.24576	1.8022	-12.999	3.03975	-13.8681	2.74501	-17.1495	3.76633	-10.5842	2.8536	-14.108	3.29669	-6.568714e+03	-1.054266e+06	-1.060834e+06
77	-12.0597	3.15902	-9.49399	1.1687	-13.8433	3.5101	-9.39632	2.47097	-6.2074	2.46864	-5.24576	1.94811	-12.999	3.03975	-13.6497	2.74501	-17.0893	3.76633	-10.5842	2.8536	-14.1049	3.29669	-6.706198e+03	-1.029826e+06	-1.036532e+06
78	-11.6055	3.15902	-9.49399	1.1687	-13.8227	3.5101	-9.39632	2.47097	-6.2074	2.46864	-5.24576	1.94811	-12.999	3.03975	-13.4835	2.74501	-16.2678	3.44127	-10.0339	2.8536	-14.0876	3.2883	-6.056240e+03	-9.967557e+05	-1.002812e+06
79	-11.6055	3.15902	-9.49399	1.1687	-13.8227	3.37569	-8.99699	2.46495	-5.75528	2.46864	-5.06988	1.94811	-12.999	3.03975	-13.4384	2.8398	-16.044	3.24391	-10.0339	2.8536	-14.0876	3.2883	-6.407252e+03	-9.848214e+05	-9.912287e+05
80	-11.6055	3.15902	-9.44635	1.1687	-13.8171	3.37569	-8.48497	2.46495	-5.75528	2.46864	-5.06988	1.94811	-12.6766	3.03975	-13.4384	2.8398	-16.044	3.3562	-9.9481	2.8536	-14.0736	3.2883	-6.533887e+03	-9.720461e+05	-9.785800e+05
81	-10.6764	3.15902	-9.44635	1.1687	-13.6327	3.37569	-8.48497	2.2807	-5.75528	2.46864	-3.38021	1.94811	-12.6191	2.99413	-13.4384	2.8398	-16.044	3.3562	-9.9481	2.8536	-14.0585	3.2883	-7.308275e+03	-9.640373e+05	-9.713456e+05
82	-10.6764	3.15902	-9.31238	1.1687	-13.6327	3.37569	-8.48497	2.2807	-5.75528	2.46864	-4.32952	1.94811	-12.6191	2.99413	-13.4384	2.8398	-15.2121	3.16537	-9.9481	2.8536	-14.0585	3.2883	-6.265670e+03	-9.417046e+05	-9.479702e+05
83	-10.6764	3.15902	-9.28565	1.1687	-12.9584	3.37569	-7.33733	2.2807	-5.75528	2.46864	-4.32952	1.94811	-12.6191	2.99413	-13.4384	2.8398	-15.2121	3.16537	-9.80218	2.8536	-14.0585	3.2883	-6.421798e+03	-9.182053e+05	-9.246271e+05
84	-10.6764	2.90876	-9.02437	1.1687	-12.9584	3.37569	-6.95247	2.2807	-5.75528	2.46864	-4.32952	1.94811	-12.6191	2.99413	-13.1674	2.8398	-14.5717	3.16537	-8.84285	2.8536	-14.0561	3.2883	-6.360657e+03	-8.824658e+05	-8.888265e+05
85	-10.6764	2.90876	-9.02437	1.1687	-12.9156	3.37569	-6.95247	2.0746	-5.75528	2.46864	-4.32952	1.94811	-12.4228	2.99413	-13.1647	2.8398	-14.5717	3.16537	-8.30222	2.74109	-14.0297	3.2883	-6.423044e+03	-8.683307e+05	-8.747538e+05
86	-9.91587	2.90876	-9.02437	1.1687	-12.9156	3.37569	-6.81688	2.0746	-5.75528	2.46864	-4.32952	1.94811	-12.4228	2.8731	-13.1647	2.8398	-14.5717	3.16537	-8.27506	2.59924	-14.0297	3.2883	-6.355702e+03	-8.629802e+05	-8.693359e+05
87	-9.91587	2.90876	-9.02437	1.1687	-12.9156	3.37569	-6.81688	2.0746	-5.75528	2.46864	-4.32952	1.85865	-12.1593	2.8731	-13.1647	2.8398	-14.5717	3.16537	-7.71646	2.37542	-13.9344	3.2883	-6.366209e+03	-8.485298e+05	-8.548960e+05
88	-10.1497	2.90876	-9.02437	1.1687	-12.9156	3.37569	-6.81688	2.0746	-5.75528	2.46864	-4.05205	1.85865	-12.1593	2.8731	-13.1647	2.8398	-14.5717	3.16537	-7.71646	2.37542	-13.9344	3.2883	-6.530162e+03	-8.478170e+05	-8.543472e+05
89	-10.1497	2.90876	-8.91505	1.1687	-12.9156	3.37569	-6.81688	2.0746	-5.75528	2.28128	-3.72584	1.50876	-12.1593	2.8731	-13.1647	2.8398	-14.5717	3.16537	-7.71646	2.37542	-13.8827	3.2883	-6.741087e+03	-8.347330e+05	-8.414741e+05
90	-10.1497	2.90876	-8.77535	1.1687	-12.9156	3.32614	-6.7004	2.0746	-5.75528	2.28128	-2.89757	1.50876	-12.1345	2.8731	-13.1201	2.8398	-13.9515	3.16537	-7.71646	2.37542	-13.8827	3.2883	-7.091324e+03	-8.118456e+05	-8.189370e+05
91	-10.1497	2.90876	-8.77535	1.1687	-12.9156	3.32614	-6.43865	2.0746	-5.75528	2.28128	-2.69136	1.50876	-11.9672	2.8731	-13.1201	2.8398	-13.7764	3.16537	-7.07161	2.37542	-13.8817	3.2883	-7.417139e+03	-7.981453e+05	-8.055625e+05
92	-9.47111	2.90876	-8.73497	1.1687	-12.9059	3.32614	-6.43865	2.0746	-5.18553	2.28128	-2.30625	1.50876	-11.9672	2.8731	-12.8507	2.8398	-13.2371	2.80065	-6.75131	2.37542	-13.8817	3.21765	-7.565406e+03	-7.775622e+05	-7.851276e+05
93	-9.47111	2.90876	-8.34512	1.1687	-12.9059	3.32614	-6.43865	2.0746	-5.18553	1.88193	-2.30625	1.50876	-11.8472	2.8731	-12.7313	2.8398	-13.1055	2.99787	-6.46245	2.37542	-13.8817	3.21765	-7.575065e+03	-7.538547e+05	-7.614297e+05
94	-9.47111	2.90876	-8.33654	1.1687	-12.7768	3.32614	-6.43865	2.0746	-4.83106	1.88193	-2.22986	1.50847	-11.7878	2.8731	-12.7313	2.8398	-13.1055	2.99787	-6.46245	2.37542	-13.8817	3.21765	-7.731817e+03	-7.470043e+05	-7.547361e+05
95	-9.47111	2.90876	-8.19002	1.1687	-12.7768	3.32614	-5.4676	2.0746	-4.83106	1.88193	-2.22986	1.50847	-11.6952	2.8731	-12.5394	2.8398	-13.1055	2.99787	-6.46245	2.37542	-13.8817	3.21765	-8.009386e+03	-7.334405e+05	-7.414499e+05
96	-9.39139	2.90876	-7.77897	1.1687	-12.7768	3.32614	-5.4676	2.02193	-2.52984	1.88193	-2.22986	1.50847	-11.6211	2.85618	-12.5394	2.8398	-12.1116	2.99787	-6.09551	2.37542	-13.8208	3.21765	-9.108117e+03	-6.922237e+05	-7.013318e+05
97	-9.39139	2.90876	-7.54909	1.1687	-12.7768	3.32614	-5.4676	1.94583	-2.52984	1.6599	-1.88378	1.50847	-11.6211	2.82443	-12.5394	2.8398	-11.2188	2.99787	-5.81398	2.34609	-13.8208	3.26926	-9.304360e+03	-6.708641e+05	-6.801684e+05
98	-9.39139	2.68286	-7.15284	1.1687	-12.7768	3.32614	-4.40058	1.79046	-1.11584	1.6599	-1.88378	1.50847	-11.6211	2.82443	-12.5386	2.8398	-11.2188	2.66141	-5.81398	2.34609	-13.8208	3.26926	-1.090969e+04	-6.407452e+05	-6.516549e+05
99	-9.39139	2.64954	-6.61152	1.1687	-12.7768	3.32614	-4.30514	1.66948	-1.11584	1.6599	-1.88378	1.40934	-11.0466	2.75215	-12.5386	2.8398	-8.96902	2.53095	-5.7011	2.34609	-13.8208	3.24913	-1.086759e+04	-5.897986e+05	-6.006662e+05
100	-9.36586	2.64954	-6.60963	1.1687	-12.7768	3.32614	-4.30514	1.66948	-1.32859	1.6599	-1.88378	1.40934	-11.0466	2.75215	-12.4042	2.70892	-8.96902	2.5167	-5.33611	1.93373	-13.8208	3.24913	-1.076009e+04	-5.808641e+05	-5.916242e+05
101	-9.36586	2.64954	-6.49054	1.1687	-12.7768	3.32614	-3.19828	1.5275	-1.67831	1.6599	-1.775	1.40934	-10.688	2.73811	-12.2814	2.70892	-8.03903	2.5167	-4.03966	1.93373	-13.729	3.24913	-1.178152e+04	-5.503156e+05	-5.620971e+05
102	-9.36586	1.81306	-6.49054	1.1687	-12.2787	3.32614	-3.19828	1.5275	-1.67831	1.6599	-1.775	1.40934	-10.6362	2.73811	-12.0907	2.70892	-7.72369	2.08843	-3.02452	1.93373	-13.6405	3.24913	-1.215747e+04	-5.253296e+05	-5.374871e+05
103	-9.36586	1.81306	-6.49054	1.1687	-11.3536	3.32614	-3.19828	1.5275	-1.828	1.6599	-1.775	1.40934	-9.91026	2.44748	-12.0907	2.70892	-7.58256	2.08843	-3.02452	1.92578	-13.5866	3.24913	-1.174656e+04	-5.039917e+05	-5.157383e+05
104	-9.15631	1.81306	-6.43989	1.1687	-11.3536	3.32614	-2.04886	1.28967	-1.828	1.6599	-1.53263	1.34132	-9.66195	2.44748	-12.0907	2.70892	-6.29541	2.08843	-3.02452	1.82353	-13.5866	3.24913	-1.250945e+04	-4.840590e+05	-4.965684e+05
105	-9.15631	1.81306	-5.62514	1.1687	-10.3893	3.24403	-1.248	1.2785	-1.828	1.6599	-1.53263	1.35587	-9.66195	2.45304	-12.0907	2.70892	-5.46363	1.75265	-3.02452	1.82353	-13.5866	3.24913	-1.346856e+04	-4.419682e+05	-4.554367e+05
106	-8.96479	1.81306	-5.35415	1.1687	-10.3893	3.24403	-1.248	1.2785	-1.828	1.6599	-1.53263	1.35587	-9.52274	2.45304	-11.5543	2.64491	-4.85581	1.75265	-3.02452	1.72986	-13.5866	3.24913	-1.312975e+04	-4.211601e+05	-4.342899e+05
107	-8.96479	1.81306	-5.29848	1.1687	-10.2854	3.18834	-1.248	1.2785	-1.828	1.60888	-1.53263	1.35587	-9.27283	2.45304	-11.0818	2.64491	-4.85581	1.75265	-3.02452	1.72986	-13.505	3.21297	-1.297335e+04	-4.059551e+05	-4.189284e+05
108	-8.96479	1.81306	-5.29848	1.1687	-10.2854	3.18834	-1.248	1.2785	-1.69854	1.60888	-1.46314	1.35587	-9.27283	2.45304	-11.0818	2.64491	-4.6443	1.75265	-3.02452	1.72986	-13.4927	3.21297	-1.320204e+04	-4.043432e+05	-4.175452e+05
109	-8.86464	1.86072	-5.29848	1.1687	-10.2854	2.99477	-1.248	1.2785	-1.69854	1.60888	-1.46314	1.35587	-9.25202	2.45304	-10.9989	2.64491	-4.6443	1.75265	-1.65116	1.72986	-13.4927	3.21297	-1.379439e+04	-3.966140e+05	-4.104084e+05
110	-8.73309	1.86072	-5.12758	1.1687	-10.12	2.99477	-1.248	1.2785	-1.69854	1.59497	-1.46314	1.35587	-9.25202	2.45304	-10.9035	2.64491	-4.6443	1.75265	-1.65116	1.72986	-13.4451	3.21297	-1.341885e+04	-3.890233e+05	-4.024422e+05
111	-8.73309	1.86072	-5.12758	1.1687	-10.12	2.8251	-1.248	1.2785	-1.25753	1.59497	-1.46314	1.35587	-9.14986	2.45304	-10.6956	2.64491	-4.6443	1.75265	-1.65116	1.64017	-13.4208	3.16649	-1.367401e+04	-3.828594e+05	-3.965334e+05
112	-8.20929	1.86072	-5.12758	1.1687	-10.12	2.8251	-1.248	1.2785	-1.25753	1.59497	-1.46314	1.35587	-8.71884	2.45304	-10.4714	2.64491	-2.88681	1.75265	-1.65116	1.64017	-13.3784	3.16649	-1.299006e+04	-3.743822e+05	-3.873723e+05
113	-8.15339	1.86072	-4.24818	1.1687	-9.73748	2.8251	-1.248	1.2785	-1.25753	1.41743	-1.46314	1.35587	-8.71884	2.44109	-10.4714	2.64491	-2.88681	1.75265	-1.65116	1.64017	-13.3784	3.16649	-1.308581e+04	-3.510228e+05	-3.641086e+05
114	-8.11612	1.86072	-3.68202	1.1687	-8.6494	2.6922	-1.248	1.2785	-0.0392439	1.41743	-1.46314	1.35587	-8.29681	2.23443	-10.4714	2.56486	-2.88681	1.75265	-1.65116	1.62686	-13.3784	3.16649	-1.399203e+04	-3.209797e+05	-3.349717e+05
115	-8.11612	1.86072	-3.23139	1.1687	-8.61384	2.6922	-1.248	1.2785	-0.439154	1.39427	-1.21592	1.34965	-8.29681	2.23443	-10.0127	2.56486	-3.36288	1.75265	-1.65116	1.62686	-13.3715	3.18496	-1.371485e+04	-3.078791e+05	-3.215940e+05
116	-8.11612	1.86072	-3.23139	1.1687	-8.61384	2.6922	-1.248	1.2785	-0.439154	1.39427	-1.21592	1.34965	-8.29681	2.23443	-9.99227	2.56486	-3.36288	1.32235	-1.73026	1.62686	-13.2554	3.18496	-1.360330e+04	-3.047534e+05	-3.183567e+05
117	-8.11612	1.86072	-3.23139	1.1687	-8.61384	2.6922	-1.248	1.2785	-0.439154	1.39427	-1.21592	1.34965	-8.29681	2.36154	-9.99227	2.56486	-2.29007	1.32235	-1.73026	1.62686	-13.2554	3.18496	-1.417217e+04	-2.975512e+05	-3.117234e+05
118	-8.11612	1.86072	-3.23139	1.1687	-7.45745	2.48182	-1.248	1.2785	-0.439154	1.39427	-1.21592	1.30652	-8.29681	2.33792	-9.63681	2.56302	-1.01615	1.07338	-1.73026	1.58845	-13.2554	3.18496	-1.494524e+04	-2.810824e+05	-2.960276e+05
119	-8.10324	1.7106	-2.87413	1.1687	-7.11835	2.48182	-1.248	1.2785	-0.439154	1.39427	-1.21592	1.30652	-8.29681	2.33792	-9.40401	2.46043	-1.01615	1.07338	-1.73026	1.58845	-13.2554	3.18496	-1.507698e+04	-2.679921e+05	-2.830691e+05
120	-8.10324	1.7106	-2.6192	1.1687	-6.5322	2.42314	-1.248	1.2785	-0.439154	1.39427	-1.03785	1.30652	-7.88367	2.31044	-9.40401	2.46043	-0.231858	1.07338	-1.73026	1.58845	-13.1857	3.18496	-1.596265e+04	-2.530531e+05	-2.690158e+05
121	-8.08866	1.7106	-2.6192	1.1687	-5.60196	2.15198	-1.02654	1.2785	-0.439154	1.39427	-1.03785	1.30652	-7.88367	2.26937	-9.40401	2.28116	-0.540683	1.07338	-1.73026	1.58845	-13.1857	3.18496	-1.600586e+04	-2.438211e+05	-2.598269e+05
122	-8.08866	1.7106	-1.76378	1.1687	-5.60196	2.15198	-1.02654	1.2785	-0.439154	1.39427	-1.03785	1.30652	-7.77063	2.26937	-8.94552	2.15215	-0.540683	1.10182	-1.47029	1.48984	-13.1531	3.18496	-1.661392e+04	-2.285181e+05	-2.451320e+05
123	-8.08866	1.7106	-1.76378	1.1687	-5.60196	2.15198	-1.02654	1.2785	-0.439154	1.39427	-1.03785	1.30652	-7.22761	2.15931	-8.94552	2.15215	-0.540683	1.10182	-1.47029	1.48984	-13.1531	3.18496	-1.664454e+04	-2.234496e+05	-2.400941e+05
124	-8.08866	1.7106	-1.76378	1.1687	-5.39649	2.15198	-1.02654	1.2785	-0.439154	1.39427	-1.03785	1.30652	-6.73399	2.15931	-8.94552	2.15215	-0.540683	1.10182	-1.47029	1.48984	-13.0859	3.14946	-1.671734e+04	-2.161614e+05	-2.328788e+05
125	-7.77966	1.7106	-1.76378	1.1687	-5.39649	2.25932	-1.02654	1.25354	-0.439154	1.39427	-1.03785	1.2904	-6.73399	2.15931	-8.94552	2.15215	-0.540683	1.10182	-1.47029	1.48984	-13.0635	3.14946	-1.550525e+04	-2.153284e+05	-2.308337e+05
126	-7.27156	1.7106	-1.44181	1.1687	-5.39649	2.25932	-1.02654	1.25354	-0.439154	1.39427	-1.03785	1.2904	-6.73399	2.15931	-8.94552	2.15215	-0.540683	1.10182	-1.47029	1.48984	-13.0635	3.14946	-1.391759e+04	-2.131584e+05	-2.270760e+05
127	-6.50479	1.7106	-1.36706	1.1687	-4.63918	2.25932	-1.02654	1.25354	-0.439154	1.39427	-1.03785	1.2904	-6.37578	2.05347	-8.68337	2.15215	-0.540683	1.10182	-1.47029	1.48984	-12.989	3.14946	-1.174907e+04	-2.018150e+05	-2.135641e+05
128	-6.50479	1.7106	-1.36706	1.1687	-4.43846	2.08728	-1.02654	1.25354	-0.439154	1.39427	-1.03785	1.2904	-6.37578	2.05541	-8.68337	2.15215	-0.540683	1.10182	-1.47029	1.49507	-12.9444	3.14946	-1.175767e+04	-1.983653e+05	-2.101230e+05
129	-6.20893	1.7106	-0.983537	1.1687	-4.43846	2.08728	-1.02654	1.25354	-0.439154	1.39427	-1.03785	1.2904	-6.37578	2.05541	-8.68337	2.15215	-0.540683	1.10182	-0.80969	1.46389	-12.9017	3.14946	-1.151020e+04	-1.948702e+05	-2.063804e+05
130	-5.47204	1.7106	-0.941755	1.1687	-4.30488	2.08728	-1.02654	1.23409	-0.439154	1.39427	-1.03785	1.2904	-6.37578	2.05541	-8.67639	2.15215	-0.540683	1.10182	-0.80969	1.46389	-12.8283	3.11756	-9.926411e+03	-1.926031e+05	-2.025295e+05
131	-4.59076	1.62734	-0.679502	1.1687	-4.06418	2.08728	-1.02654	1.23409	-0.439154	1.39427	-1.03785	1.2904	-5.99023	1.98689	-8.36057	2.15215	-0.540683	1.10182	-0.80969	1.46389	-12.8283	3.11756	-8.674956e+03	-1.843117e+05	-1.929866e+05
132	-4.59076	1.62734	-0.352163	1.1687	-3.70838	1.99865	-1.02654	1.23409	-0.439154	1.39427	-1.03785	1.2904	-5.04182	1.98689	-8.36057	2.15215	-0.540683	1.10182	-0.80969	1.46389	-12.7993	3.08043	-8.719539e+03	-1.756229e+05	-1.843424e+05
133	-3.77283	1.62734	-0.352163	1.1687	-3.69152	1.99865	-1.02654	1.23409	-0.439154	1.39427	-1.03785	1.2904	-4.29549	1.86726	-8.36057	2.15215	-0.540683	1.10182	-0.80969	1.46389	-12.6621	3.08043	-7.898995e+03	-1.687329e+05	-1.766319e+05
134	-3.67995	1.62734	-0.352163	1.1687	-3.13557	1.99865	-1.02654	1.23409	-0.439154	1.39427	-1.03785	1.2904	-4.29549	1.73658	-8.36057	2.15215	-0.540683	1.10182	-0.80969	1.46389	-12.6621	3.08043	-7.875634e+03	-1.661595e+05	-1.740351e+05
135	-3.4253	1.62734	-0.352163	1.1687	-3.02199	1.97255	-0.707212	1.23409	-0.439154	1.39427	-1.03785	1.2904	-4.13204	1.73658	-8.10893	2.15215	-0.540683	1.10182	-0.80969	1.46389	-12.6621	3.08043	-7.754115e+03	-1.620822e+05	-1.698363e+05
136	-3.4253	1.62734	-0.238089	1.1687	-2.54293	1.97255	-0.707212	1.23409	-0.439154	1.39427	-0.62552	1.2904	-4.13204	1.73658	-8.10893	2.06531	-0.540683	1.10182	-0.80969	1.40302	-12.5844	3.08043	-7.855358e+03	-1.597797e+05	-1.676351e+05
137	-3.4253	1.62734	-0.238089	1.1687	-2.54293	1.97255	-0.735585	1.23409	-0.439154	1.39427	-0.62552	1.2904	-3.63513	1.73658	-8.09936	2.06531	-0.540683	1.10182	-0.80969	1.40302	-12.517	3.08043	-7.758928e+03	-1.565490e+05	-1.643079e+05
138	-3.4253	1.62734	-0.238089	1.1687	-2.55607	1.97255	-0.735585	1.23409	-0.439154	1.39427	-1.00479	1.2904	-3.07641	1.73658	-8.09936	2.06531	-0.540683	1.10182	-0.80969	1.40302	-12.4919	3.08043	-7.639877e+03	-1.551987e+05	-1.628385e+05
139	-3.37179	1.62734	-0.238089	1.1687	-2.55607	1.93899	-0.735585	1.23409	-0.439154	1.39427	-0.781723	1.2904	-3.07641	1.73658	-7.60803	2.06531	-0.540683	1.10182	-0.80969	1.40302	-12.4213	3.08043	-7.389148e+03	-1.486282e+05	-1.560173e+05
140	-3.19241	1.62734	-0.238089	1.1687	-2.55607	1.73067	-0.735585	1.21708	-0.439154	1.39427	-0.781723	1.2904	-3.07641	1.73658	-7.58892	2.06531	-0.540683	1.10182	-0.80969	1.40302	-12.4213	3.02567	-7.313023e+03	-1.478730e+05	-1.551860e+05
141	-2.83335	1.62734	-0.238089	1.1687	-2.55607	1.90829	-0.735585	1.21708	-0.439154	1.39427	-0.781723	1.2904	-3.05516	1.73658	-7.58892	2.06531	-0.540683	1.10182	-0.464955	1.40302	-12.3717	3.02567	-7.307870e+03	-1.467308e+05	-1.540387e+05
142	-2.83335	1.62734	-0.108612	1.1687	-2.55607	1.8493	-0.735585	1.21708	-0.439154	1.39427	-0.781723	1.2904	-3.05516	1.73658	-7.58892	2.06531	-0.540683	1.10182	-0.464955	1.40302	-12.3272	3.02567	-7.299607e+03	-1.454442e+05	-1.527438e+05
143	-2.83335	1.62734	-0.108612	1.1687	-2.55607	1.8493	-0.735585	1.21708	-0.439154	1.39427	-0.781723	1.2533	-3.05516	1.73658	-7.33475	2.06531	-0.52848	1.10182	-0.464955	1.40302	-12.2686	3.02567	-7.129662e+03	-1.423975e+05	-1.495272e+05
144	-2.83335	1.62734	-0.108612	1.1687	-2.55607	1.8493	-0.735585	1.21708	-0.439154	1.39427	-0.781723	1.2533	-3.05516	1.73658	-7.04939	2.06531	-0.52848	1.10182	-0.464955	1.40302	-12.2156	3.02567	-6.955392e+03	-1.396962e+05	-1.466516e+05
145	-2.83335	1.62734	-0.108612	1.1687	-1.67845	1.8493	-0.735585	1.21636	-0.439154	1.39427	-0.781723	1.24734	-2.98002	1.73658	-7.04939	2.06531	-0.52848	1.10182	-0.464955	1.40302	-12.2095	3.02567	-7.011204e+03	-1.387939e+05	-1.458051e+05
146	-2.83335	1.74611	-0.108612	1.1687	-1.67845	1.83119	-0.735585	1.21636	-0.439154	1.39427	-0.781723	1.24734	-2.98002	1.73403	-7.04939	2.06531	-0.52848	1.10182	-0.464955	1.40302	-12.2095	3.02567	-7.013119e+03	-1.383277e+05	-1.453409e+05
147	-2.8139	1.74611	-0.108612	1.1687	-1.67845	1.83119	-0.633475	1.21636	-0.439154	1.39427	-0.781723	1.24734	-2.98002	1.50969	-6.75796	2.06531	-0.52848	1.10182	-0.464955	1.40302	-12.2016	3.00527	-6.905847e+03	-1.350745e+05	-1.419803e+05
148	-2.8139	1.74611	-0.108612	1.1687	-1.67845	1.63263	-0.633475	1.21636	-0.439154	1.39427	-0.781723	1.24734	-1.8272	1.50969	-6.64987	2.06531	-0.52848	1.10182	-0.464955	1.37608	-12.0934	3.00527	-6.810376e+03	-1.286629e+05	-1.354732e+05
149	-2.8139	1.74611	-0.108612	1.1687	-1.39176	1.63263	-0.633475	1.21636	-0.439154	1.39427	-0.781723	1.24734	-1.8272	1.38644	-6.27868	1.87305	-0.52848	1.10182	-0.464955	1.37608	-12.0372	3.00527	-6.659454e+03	-1.208518e+05	-1.275113e+05
150	-2.8139	1.74611	-0.108612	1.1687	-0.993283	1.63263	-0.633475	1.21636	-0.439154	1.39427	-0.781723	1.2463	-1.54338	1.38644	-6.27868	1.87305	-0.52848	1.10182	-0.26109	1.37608	-11.9704	3.00527	-6.744602e+03	-1.185507e+05	-1.252953e+05
151	-2.8139	1.74611	-0.108612	1.1687	-0.993283	1.63263	-0.633475	1.21636	-0.439154	1.39427	-0.421814	1.2463	-1.54338	1.38644	-6.27868	1.87305	-0.52848	1.10182	-0.26109	1.37608	-11.9704	3.00527	-6.824218e+03	-1.184612e+05	-1.252854e+05
152	-2.79041	1.74611	-0.143126	1.1687	-0.993283	1.63263	-0.633475	1.21636	-0.439154	1.39427	-0.421814	1.2463	-1.54338	1.38644	-6.27868	1.87305	-0.52848	1.10182	-0.26109	1.37608	-11.9626	3.00527	-6.796490e+03	-1.183564e+05	-1.251528e+05
153	-2.78396	1.74611	-0.143126	1.1687	-0.993283	1.63263	-0.633475	1.21636	-0.439154	1.39427	-0.421814	1.2463	-1.54338	1.38644	-6.27868	1.87305	-0.52848	1.10182	-0.277111	1.35476	-11.9626	3.00527	-6.789653e+03	-1.182997e+05	-1.250894e+05
154	-2.78396	1.74611	-0.143126	1.1687	-0.993283	1.63263	-0.633475	1.21636	-0.439154	1.39427	-0.421814	1.2463	-1.54338	1.38644	-5.91386	1.87305	-0.52848	1.10182	-0.277111	1.35476	-11.9626	3.00527	-6.668812e+03	-1.160976e+05	-1.227664e+05
155	-2.78396	1.74611	-0.143126	1.1687	-0.98617	1.63263	-0.633475	1.21636	-0.298704	1.39427	-0.421814	1.2463	-1.54338	1.38644	-5.76521	1.87305	-0.52848	1.10182	-0.277111	1.35476	-11.9293	2.98444	-6.627447e+03	-1.147695e+05	-1.213969e+05
156	-2.60477	1.74611	-0.143126	1.1687	-0.98617	1.63263	-0.633475	1.21636	-0.298704	1.37857	-0.421814	1.23767	-1.54338	1.38644	-5.63762	1.87305	-0.52848	1.10182	-0.277111	1.35476	-11.9293	2.98444	-6.509033e+03	-1.141064e+05	-1.206154e+05
157	-2.60477	1.74611	-0.143126	1.1687	-0.98617	1.63263	-0.633475	1.21636	-0.298704	1.37857	-0.421814	1.23767	-1.54338	1.38644	-5.63762	1.87305	-0.52848	1.10182	-0.277111	1.35476	-11.9171	2.98444	-6.497644e+03	-1.139257e+05	-1.204234e+05
158	-2.60477	1.74611	-0.143126	1.1687	-0.759836	1.63263	-0.633475	1.21636	-0.298704	1.37857	-0.421814	1.17269	-1.31173	1.31696	-5.63762	1.63225	-0.52848	1.10182	-0.277111	1.35476	-11.9171	2.98444	-6.565635e+03	-1.128444e+05	-1.194100e+05
159	-2.60477	1.74611	-0.143126	1.1687	-0.759836	1.61311	-0.633475	1.21636	-0.298704	1.37857	-0.157865	1.17269	-1.31173	1.31696	-5.61794	1.63225	-0.50109	1.10182	-0.277111	1.35476	-11.8807	2.9647	-6.592185e+03	-1.117782e+05	-1.183704e+05
160	-2.60477	1.74611	-0.143126	1.1687	-0.759836	1.59668	-0.633475	1.20976	-0.298704	1.37857	-0.157865	1.17269	-0.564325	1.31696	-5.61794	1.63225	-0.50109	1.10182	-0.277111	1.35476	-11.8807	2.9647	-6.716904e+03	-1.112925e+05	-1.180094e+05
161	-2.60477	1.74611	-0.143126	1.1687	-0.759836	1.59668	-0.633475	1.20976	-0.298704	1.37857	-0.157865	1.17269	-0.564325	1.25009	-5.39262	1.63225	-0.50109	1.10182	-0.277111	1.35476	-11.8807	2.9647	-6.652323e+03	-1.087966e+05	-1.154489e+05
162	-2.13553	1.50317	-0.143126	1.1687	-0.736197	1.59668	-0.633475	1.20976	-0.298704	1.37857	-0.157865	1.17269	-0.564325	1.23051	-5.39262	1.63225	-0.50109	1.10182	-0.277111	1.35476	-11.8233	2.9647	-6.446184e+03	-1.079065e+05	-1.143527e+05
163	-2.13553	1.46998	-0.143126	1.1687	-0.736197	1.59668	-0.633475	1.20548	-0.298704	1.37857	-0.157865	1.17269	-0.564325	1.23051	-5.39262	1.70393	-0.50109	1.10286	-0.277111	1.35476	-11.7942	2.95627	-6.418057e+03	-1.070733e+05	-1.134913e+05
164	-2.13553	1.46998	-0.143126	1.1687	-0.736197	1.59251	-0.633475	1.20548	-0.298704	1.37857	-0.258769	1.17269	-0.564325	1.23051	-5.11102	1.70393	-0.50109	1.10286	-0.277111	1.35476	-11.7942	2.95627	-6.310842e+03	-1.053641e+05	-1.116749e+05
165	-2.13553	1.46998	-0.143126	1.1687	-0.736197	1.59251	-0.633475	1.1721	-0.298704	1.37857	-0.258769	1.17269	-0.564325	1.23051	-4.36161	1.61671	-0.50109	1.10286	-0.277111	1.35476	-11.7472	2.95308	-6.070329e+03	-1.004194e+05	-1.064898e+05
166	-2.13553	1.46998	-0.143126	1.1687	-0.736197	1.55564	-0.633475	1.1721	-0.298704	1.37562	-0.258769	1.17269	-0.564312	1.23051	-4.36161	1.61671	-0.50109	1.10286	-0.277111	1.35476	-11.7472	2.95308	-6.070242e+03	-1.003379e+05	-1.064082e+05
167	-2.13553	1.46998	-0.143126	1.1687	-0.736197	1.55564	-0.325231	1.1721	-0.298704	1.37562	-0.258769	1.17269	-0.564312	1.23051	-4.36161	1.61671	-0.50109	1.10286	-0.277111	1.35476	-11.7472	2.95308	-6.121293e+03	-1.002423e+05	-1.063636e+05
168	-2.13553	1.46998	-0.143126	1.1687	-0.736197	1.55564	-0.325231	1.15372	-0.298704	1.37562	-0.258769	1.17269	-0.564312	1.23051	-2.81389	1.61671	-0.50109	1.10286	-0.277111	1.35476	-11.7472	2.94857	-5.896504e+03	-9.919454e+04	-1.050910e+05
169	-1.83891	1.46998	-0.143126	1.1687	-0.736197	1.55564	-0.325231	1.15372	-0.298704	1.37562	-0.258769	1.17269	-0.564312	1.23051	-2.87168	1.61671	-0.50109	1.10286	-0.277111	1.34786	-11.7472	2.94857	-5.836867e+03	-9.903941e+04	-1.048763e+05
170	-1.83891	1.46998	-0.143126	1.1687	-0.736197	1.55564	-0.325231	1.15372	-0.298704	1.37562	-0.258769	1.17269	-0.564312	1.23051	-3.34466	1.61671	-0.438775	1.10286	-0.277111	1.34786	-11.4852	2.94857	-5.649328e+03	-9.459002e+04	-1.002393e+05
171	-1.83891	1.46998	-0.143126	1.1687	-0.534875	1.55564	-0.325231	1.15372	-0.298704	1.37562	-0.258769	1.17269	-0.564312	1.23051	-3.34466	1.61671	-0.438775	1.10286	-0.147441	1.32301	-11.4852	2.94857	-5.694730e+03	-9.437514e+04	-1.000699e+05
172	-1.83891	1.46998	-0.143126	1.1687	-0.534875	1.55564	-0.393173	1.15372	-0.298704	1.37562	-0.258769	1.17269	-0.564312	1.23051	-3.34415	1.51126	-0.438775	1.10286	-0.147441	1.32301	-11.3482	2.94857	-5.553167e+03	-9.006082e+04	-9.561399e+04
173	-1.83891	1.486	-0.143126	1.1687	-0.534875	1.55564	-0.393173	1.15372	-0.298704	1.37562	-0.258769	1.17269	-0.564312	1.23051	-3.34415	1.51126	-0.438775	1.10286	-0.147441	1.32301	-11.3482	2.94857	-5.553262e+03	-9.006082e+04	-9.561409e+04
174	-1.83891	1.486	-0.143126	1.1687	-0.534875	1.55564	-0.393173	1.15372	-0.298704	1.37562	-0.258769	1.17269	-0.564312	1.23051	-3.27603	1.41352	-0.438775	1.10286	-0.147441	1.32301	-11.2182	2.9428	-5.420257e+03	-8.728394e+04	-9.270420e+04
175	-1.76143	1.486	-0.143126	1.1687	-0.468934	1.55564	-0.393173	1.15372	-0.298704	1.37562	-0.258769	1.1728	-0.564312	1.23051	-3.27603	1.41352	-0.438775	1.10286	-0.147441	1.32301	-11.1466	2.91273	-5.354358e+03	-8.607206e+04	-9.142642e+04
176	-1.76143	1.486	-0.143126	1.1687	-0.468934	1.55564	-0.393173	1.15372	-0.298704	1.37562	-0.258769	1.1728	-0.564312	1.23051	-3.14934	1.41352	-0.438775	1.10286	-0.147441	1.32301	-11.1466	2.91273	-5.335972e+03	-8.563395e+04	-9.096993e+04
177	-1.76143	1.486	-0.143126	1.1687	-0.468934	1.53723	-0.393173	1.15372	-0.298704	1.37562	-0.258769	1.1728	-0.564312	1.23051	-3.14934	1.41352	-0.438775	1.10286	-0.147441	1.32301	-11.1466	2.91273	-5.335944e+03	-8.556622e+04	-9.090216e+04
178	-1.76143	1.486	-0.143126	1.1687	-0.468934	1.53723	-0.393173	1.15081	-0.298704	1.37562	-0.258769	1.1728	-0.564312	1.23051	-2.08381	1.39975	-0.438775	1.10286	-0.147441	1.32301	-11.0745	2.91273	-5.177502e+03	-8.338054e+04	-8.855805e+04
179	-1.67518	1.486	-0.143126	1.1687	-0.468934	1.53723	-0.393173	1.15162	-0.298704	1.37562	-0.258769	1.1728	-0.564312	1.23051	-2.08381	1.33091	-0.438775	1.10286	-0.147441	1.32301	-10.9943	2.90825	-5.091184e+03	-8.089907e+04	-8.599025e+04
180	-1.69429	1.486	-0.143126	1.1687	-0.468934	1.53723	-0.393173	1.15162	-0.298704	1.37562	-0.258769	1.1728	-0.564312	1.23051	-2.00096	1.33091	-0.438775	1.10286	-0.147441	1.32301	-10.9943	2.90825	-5.090318e+03	-8.088862e+04	-8.597894e+04
181	-1.69429	1.486	-0.143126	1.1687	-0.468934	1.53723	-0.393173	1.15162	-0.298704	1.37562	-0.258769	1.17606	-0.564312	1.23051	-2.00096	1.33091	-0.438775	1.10286	-0.147441	1.32301	-10.815	2.85198	-4.923137e+03	-7.817251e+04	-8.309565e+04
182	-1.69429	1.486	-0.143126	1.1687	-0.468934	1.53723	-0.393173	1.15162	-0.298704	1.37562	-0.258769	1.17606	-0.564312	1.23051	-2.00096	1.33091	-0.438775	1.10286	-0.147441	1.33025	-10.815	2.85198	-4.923108e+03	-7.816837e+04	-8.309147e+04
183	-1.69429	1.486	-0.141502	1.1687	-0.468934	1.53723	-0.393173	1.15162	-0.298704	1.37562	-0.258769	1.17606	-0.564312	1.23051	-2.00096	1.27602	-0.369855	1.10286	-0.147441	1.33025	-10.589	2.85198	-4.728991e+03	-7.465104e+04	-7.938003e+04
184	-1.69429	1.486	-0.141502	1.1687	-0.468934	1.53723	-0.393173	1.15162	-0.298704	1.37562	-0.258769	1.17606	-0.564312	1.23051	-1.80478	1.22259	-0.369855	1.10286	-0.0778448	1.33025	-10.589	2.85198	-4.736223e+03	-7.401067e+04	-7.874690e+04
185	-1.69429	1.486	-0.141502	1.1687	-0.468934	1.53723	-0.393173	1.15162	-0.298704	1.37562	-0.258769	1.17606	-0.49248	1.23051	-1.80478	1.22259	-0.369855	1.10286	-0.0778448	1.33025	-10.5488	2.76639	-4.706033e+03	-7.306430e+04	-7.777033e+04
186	-1.69429	1.486	-0.141502	1.1687	-0.468934	1.53723	-0.393173	1.15162	-0.298704	1.37562	-0.258769	1.17606	-0.49248	1.23051	-1.6815	1.20539	-0.369855	1.10286	-0.0778448	1.33025	-10.5488	2.76639	-4.705547e+03	-7.280745e+04	-7.751300e+04
187	-1.69429	1.486	-0.141502	1.1687	-0.468934	1.53723	-0.393173	1.15162	-0.298704	1.37562	-0.258769	1.17606	-0.381361	1.23051	-1.6815	1.18689	-0.369855	1.10286	-0.0778448	1.33025	-10.5488	2.76639	-4.719653e+03	-7.272097e+04	-7.744062e+04
188	-1.69429	1.486	-0.141502	1.1687	-0.468934	1.53723	-0.393173	1.15162	-0.298704	1.37562	-0.258769	1.17606	-0.381361	1.23051	-1.6815	1.17513	-0.369855	1.10286	-0.0778448	1.33025	-10.4373	2.76639	-4.621658e+03	-7.122469e+04	-7.584635e+04
189	-1.69429	1.486	-0.141502	1.1687	-0.468934	1.53723	-0.393173	1.15162	-0.298704	1.37562	-0.258769	1.17606	-0.381361	1.23051	-1.6815	1.17513	-0.369855	1.10286	-0.0778448	1.33025	-10.4373	2.76639	-4.621658e+03	-7.122469e+04	-7.584635e+04
190	-1.69429	1.486	-0.141502	1.1687	-0.468934	1.51327	-0.381061	1.15162	-0.298704	1.37562	-0.258769	1.17606	-0.381361	1.23051	-0.961852	1.17513	-0.369855	1.10286	-0.0778448	1.33025	-10.3215	2.73745	-4.548576e+03	-6.941970e+04	-7.396828e+04
191	-1.51403	1.33729	-0.141502	1.1687	-0.468934	1.51327	-0.381061	1.15162	-0.298704	1.37562	-0.258769	1.17606	-0.381361	1.23051	-0.961852	1.17513	-0.369855	1.10286	-0.0778448	1.33025	-10.2605	2.73745	-4.451568e+03	-6.862499e+04	-7.307655e+04
192	-1.51403	1.33729	-0.141502	1.1687	-0.162885	1.51327	-0.381061	1.15162	-0.298704	1.37562	-0.258769	1.17606	-0.381361	1.23051	-0.961852	1.17513	-0.369855	1.10286	-0.0778448	1.33025	-10.2605	2.73745	-4.488236e+03	-6.851768e+04	-7.300592e+04
193	-1.51403	1.33729	-0.141502	1.1687	-0.162885	1.4773	-0.381061	1.15162	-0.240966	1.37562	-0.258769	1.17606	-0.381361	1.23051	-0.961852	1.15884	-0.369855	1.10286	-0.0778448	1.33025	-10.2505	2.73745	-4.486531e+03	-6.803532e+04	-7.252186e+04
194	-1.51403	1.33729	-0.141502	1.1687	-0.162885	1.4773	-0.381061	1.15547	-0.240966	1.37562	-0.258769	1.17606	-0.381361	1.23051	-0.961852	1.15884	-0.369855	1.10286	-0.0778448	1.33025	-10.2505	2.73619	-4.486470e+03	-6.803656e+04	-7.252303e+04
195	-1.51403	1.45801	-0.141502	1.1687	-0.162885	1.4773	-0.381061	1.15547	-0.240966	1.34581	-0.258769	1.17606	-0.381361	1.23051	-0.961852	1.15884	-0.369855	1.10286	-0.0778448	1.33025	-10.1904	2.73619	-4.434472e+03	-6.725070e+04	-7.168517e+04
196	-1.51403	1.45801	-0.141502	1.1687	-0.162885	1.4773	-0.381061	1.15547	-0.240966	1.34581	-0.258769	1.17606	-0.381361	1.23051	-1.31743	1.15884	-0.369855	1.10286	-0.0778448	1.33025	-10.1904	2.73619	-4.421159e+03	-6.722926e+04	-7.165042e+04
197	-1.36625	1.45801	-0.141502	1.1687	-0.162885	1.4773	-0.381061	1.15547	-0.240966	1.34581	-0.258769	1.17606	-0.381361	1.23051	-1.31743	1.15884	-0.369855	1.10286	-0.0778448	1.33025	-10.1904	2.73619	-4.408163e+03	-6.722926e+04	-7.163742e+04
198	-1.36625	1.45801	-0.141502	1.1687	-0.162885	1.4773	-0.381061	1.15547	-0.240966	1.34581	-0.185173	1.17606	-0.381361	1.23051	-1.31743	1.15884	-0.369855	1.10286	-0.0778448	1.33025	-10.1149	2.73214	-4.350100e+03	-6.626756e+04	-7.061766e+04
199	-1.36625	1.45801	-0.141502	1.1687	-0.162885	1.4773	-0.381061	1.15547	-0.211194	1.34581	-0.185173	1.17606	-0.460121	1.23051	-1.31743	1.15884	-0.369855	1.10286	-0.0778448	1.33025	-10.006	2.73214	-4.251344e+03	-6.493106e+04	-6.918241e+04
200	-1.36625	1.45801	-0.141502	1.1687	-0.162885	1.4773	-0.381061	1.15547	-0.211194	1.34581	-0.185173	1.17606	-0.460121	1.23051	-1.31743	1.15884	-0.369855	1.10286	-0.0778448	1.33025	-10.006	2.68128	-4.249756e+03	-6.486935e+04	-6.911911e+04
