iter	A(1)	B(1)	A(1.1)	B(1.1)	A(1.2)	B(1.2)	A(1.3)	B(1.3)	A(1.4)	B(1.4)	A(1.5)	B(1.5)	A(1.6)	B(1.6)	A(1.7)	B(1.7)	A(1.8)	B(1.8)	A(1.9)	B(1.9)	A(1.10)	B(1.10)	LnPrior	LnData	LnPosterior
500	0.015205	1.259	-0.0287045	1.1638	0.15463	1.4356	-0.0686748	1.1086	0.21736	1.2883	0.0095545	1.1353	-0.035974	1.156	-0.061476	0.94369	-0.168583	1.0633	0.12589	1.2938	0.041381	1.2669	5.214400e+00	1.650225e+02	1.702369e+02
501	0.015205	1.259	-0.0287045	1.1638	0.15463	1.4356	-0.0686748	1.1086	0.21736	1.2883	0.0095545	1.1353	-0.035974	1.156	-0.061476	0.94369	-0.15807	1.0633	0.114	1.2938	0.0169501	1.2669	5.560737e+00	1.660076e+02	1.715684e+02
502	0.015205	1.259	-0.0404717	1.1638	0.15463	1.4356	-0.0686748	1.1086	0.21736	1.2883	0.0095545	1.1353	-0.035974	1.156	-0.061476	0.94369	-0.15807	1.0633	0.114	1.29337	0.0169501	1.2669	5.502517e+00	1.666645e+02	1.721670e+02
503	0.015205	1.259	-0.0404717	1.1638	0.138791	1.4356	-0.0686748	1.1086	0.21736	1.2883	0.0095545	1.1353	-0.035974	1.156	-0.0651939	0.94369	-0.171565	1.0633	0.114	1.29337	0.0169501	1.2669	5.438665e+00	1.666366e+02	1.720753e+02
504	0.015205	1.259	-0.0404717	1.1638	0.138791	1.4356	-0.0686748	1.1086	0.21736	1.2883	0.0095545	1.1353	0.00805947	1.156	-0.0651939	0.94369	-0.186943	1.0633	0.114	1.29337	0.0169501	1.2669	5.268030e+00	1.636296e+02	1.688976e+02
505	0.015205	1.259	-0.0404717	1.1638	0.138791	1.4356	-0.0686748	1.1086	0.21736	1.2883	0.0095545	1.1353	0.00805947	1.156	-0.0651939	0.94369	-0.186943	1.0633	0.114	1.29337	0.0169501	1.2669	5.268030e+00	1.636296e+02	1.688976e+02
506	0.015205	1.259	-0.0237894	1.1638	0.138791	1.4356	-0.0761619	1.1086	0.21736	1.2883	0.0095545	1.1353	0.00805947	1.156	-0.0651939	0.94369	-0.186943	1.0633	0.114	1.29337	0.0169501	1.2669	5.281392e+00	1.631977e+02	1.684791e+02
507	0.015205	1.259	-0.0237894	1.1638	0.138791	1.4356	-0.107073	1.1086	0.21736	1.2883	0.0095545	1.1353	0.00805947	1.156	-0.0651939	0.94369	-0.186943	1.0633	0.114	1.2999	0.0169501	1.2669	4.945045e+00	1.595171e+02	1.644622e+02
508	0.015205	1.259	-0.0235057	1.1638	0.138791	1.4356	-0.107073	1.11438	0.21736	1.2883	0.0095545	1.1353	0.00805947	1.156	-0.0651939	0.94369	-0.186943	1.0633	0.114	1.2999	0.0169501	1.2669	4.967479e+00	1.593357e+02	1.643031e+02
509	0.015205	1.259	-0.0235057	1.1638	0.138791	1.4356	-0.107703	1.11438	0.21736	1.2883	0.0149147	1.1353	-0.0227638	1.156	-0.0574018	0.94369	-0.186786	1.0633	0.114	1.2999	0.0169501	1.2669	4.954614e+00	1.611768e+02	1.661315e+02
510	0.015205	1.259	-0.0553887	1.1638	0.138791	1.4356	-0.107703	1.11438	0.21736	1.2883	0.0149147	1.1353	-0.0227638	1.156	-0.0574018	0.94369	-0.186786	1.0633	0.0881966	1.2999	0.0169501	1.2669	5.002005e+00	1.646754e+02	1.696774e+02
511	0.015205	1.259	-0.0553887	1.1638	0.138791	1.4356	-0.107703	1.11438	0.21736	1.2883	0.0149147	1.1353	-0.0227638	1.156	-0.0580798	0.94369	-0.168312	1.0633	0.0715058	1.2999	0.0169501	1.2669	5.461067e+00	1.656704e+02	1.711315e+02
512	0.015205	1.259	-0.0553887	1.1638	0.138791	1.4356	-0.107703	1.11438	0.21736	1.2883	0.0149147	1.1353	-0.0227638	1.156	-0.0580798	0.94369	-0.156953	1.0633	0.0715058	1.2999	0.0169501	1.2669	5.663060e+00	1.654635e+02	1.711266e+02
513	0.015205	1.259	-0.0553887	1.1638	0.164238	1.4356	-0.107703	1.11438	0.21736	1.2883	0.0149147	1.1353	-0.0227638	1.156	-0.0580798	0.94369	-0.156953	1.0633	0.0715058	1.2999	0.02935	1.2669	5.306332e+00	1.655559e+02	1.708623e+02
514	0.015205	1.259	-0.0553887	1.1638	0.164238	1.4356	-0.107703	1.11438	0.21736	1.2883	0.00735664	1.1353	-0.0227638	1.156	-0.0663324	0.94369	-0.155578	1.0633	0.0715058	1.2999	0.02935	1.2669	5.262947e+00	1.660980e+02	1.713609e+02
515	0.015205	1.259	-0.0553887	1.1638	0.140861	1.4356	-0.107703	1.11438	0.245245	1.2883	0.00735664	1.1353	-0.02083	1.156	-0.0663324	0.94369	-0.151374	1.0633	0.0715058	1.2999	0.02935	1.2669	5.059498e+00	1.663004e+02	1.713599e+02
516	0.015205	1.259	-0.0553887	1.1638	0.140861	1.4356	-0.107703	1.11438	0.245245	1.2883	0.00735664	1.1353	-0.02083	1.156	-0.0663324	0.94369	-0.154	1.0633	0.0715058	1.2999	0.00439253	1.2669	5.019556e+00	1.657256e+02	1.707452e+02
517	0.015205	1.259	-0.0553887	1.1638	0.138766	1.4356	-0.107703	1.11438	0.245245	1.2883	0.00735664	1.1353	-0.02083	1.156	-0.0663324	0.94369	-0.133032	1.0633	0.0715058	1.30152	0.00439253	1.2669	5.376781e+00	1.630589e+02	1.684357e+02
518	0.015205	1.259	-0.0388734	1.1638	0.138766	1.4356	-0.107703	1.11438	0.245245	1.2883	0.00735664	1.1353	-0.02083	1.156	-0.0663324	0.94369	-0.133032	1.0633	0.0844372	1.29494	0.00439253	1.2669	5.405014e+00	1.637190e+02	1.691240e+02
519	0.015205	1.259	-0.0534239	1.1638	0.138766	1.4356	-0.107703	1.11438	0.245245	1.2883	0.00735664	1.1353	-0.02083	1.156	-0.0663324	0.94369	-0.140869	1.0633	0.108402	1.29722	0.00439253	1.2669	4.999765e+00	1.647543e+02	1.697541e+02
520	0.015205	1.259	-0.0534239	1.1638	0.126267	1.4356	-0.107703	1.11438	0.245245	1.28706	0.00735664	1.1353	-0.02083	1.156	-0.0592682	0.94369	-0.184764	1.0633	0.0703751	1.29786	0.00439253	1.2669	4.702434e+00	1.638063e+02	1.685087e+02
521	0.015205	1.259	-0.0534239	1.16838	0.127777	1.4356	-0.107703	1.11438	0.232699	1.28706	0.00735664	1.13643	-0.02083	1.15815	-0.0592682	0.94253	-0.184764	1.06915	0.099337	1.30254	0.0213416	1.2669	4.802379e+00	1.612631e+02	1.660655e+02
522	0.015205	1.259	-0.0534239	1.16838	0.127777	1.4356	-0.107703	1.11438	0.232699	1.28706	0.00735664	1.13668	-0.02083	1.15815	-0.073033	0.94253	-0.184764	1.06915	0.0824959	1.30254	0.0213416	1.2669	4.818645e+00	1.633811e+02	1.681997e+02
523	0.015205	1.259	-0.0534239	1.16838	0.12651	1.4356	-0.107703	1.11438	0.232699	1.28706	0.00735664	1.13321	-0.02083	1.15815	-0.073033	0.941751	-0.184764	1.06392	0.0417343	1.30254	0.0213416	1.2669	4.981972e+00	1.625044e+02	1.674863e+02
524	0.015205	1.259	-0.0603884	1.16838	0.151521	1.4356	-0.107703	1.11438	0.229979	1.28706	-0.00857148	1.13902	-0.02083	1.1581	-0.073033	0.941751	-0.171748	1.06392	0.0417343	1.30254	0.0225409	1.2669	4.924406e+00	1.636975e+02	1.686219e+02
525	0.015205	1.259	-0.0603884	1.16838	0.151521	1.4356	-0.107703	1.11438	0.229979	1.28706	-0.00857148	1.13731	-0.02083	1.15833	-0.073033	0.941751	-0.171748	1.06392	0.0801316	1.30254	0.0225409	1.2669	4.744228e+00	1.648123e+02	1.695565e+02
526	0.015205	1.259	-0.0603884	1.16838	0.151521	1.4356	-0.11737	1.11438	0.229979	1.28767	-0.00857148	1.13731	-0.02083	1.15775	-0.073033	0.941751	-0.169514	1.06392	0.0466625	1.30254	0.0225409	1.2669	4.821647e+00	1.652532e+02	1.700749e+02
527	0.015205	1.259	-0.0603884	1.1615	0.153284	1.4356	-0.11737	1.11438	0.229979	1.28767	-0.00857148	1.13809	-0.02083	1.15775	-0.073033	0.944098	-0.169514	1.06392	0.0297195	1.30385	0.00748259	1.2669	4.839378e+00	1.609046e+02	1.657440e+02
528	0.015205	1.259	-0.047214	1.16686	0.126239	1.4356	-0.107672	1.11438	0.229979	1.28767	-0.00857148	1.13708	-0.02083	1.15573	-0.0906807	0.946755	-0.169514	1.06392	0.0297195	1.30511	0.00748259	1.2669	5.243604e+00	1.614259e+02	1.666695e+02
529	0.015205	1.259	-0.047214	1.16686	0.126239	1.4356	-0.107672	1.11438	0.229979	1.28767	-0.00857148	1.1327	-0.02083	1.15573	-0.0956163	0.946755	-0.169514	1.06392	0.0297195	1.30511	0.00748259	1.2669	5.176542e+00	1.602707e+02	1.654472e+02
530	0.015205	1.259	-0.047214	1.16686	0.129639	1.4356	-0.107672	1.11438	0.229979	1.29211	0.00374443	1.1311	-0.02083	1.15329	-0.0874948	0.946755	-0.169514	1.06392	0.0297195	1.30418	0.042591	1.2669	5.198267e+00	1.602811e+02	1.654793e+02
531	0.015205	1.259	-0.047214	1.16686	0.151119	1.43343	-0.107672	1.11438	0.205152	1.29211	0.00145964	1.1311	-0.0144138	1.15329	-0.0874948	0.946755	-0.169514	1.06392	0.0297195	1.30418	0.0476901	1.2669	5.444249e+00	1.611711e+02	1.666153e+02
532	0.015205	1.259	-0.047214	1.1664	0.151119	1.43343	-0.102655	1.11438	0.205152	1.29211	0.00145964	1.13169	-0.0144138	1.15217	-0.0874948	0.944874	-0.169514	1.06392	0.0276579	1.30456	0.0476901	1.26581	5.490335e+00	1.618639e+02	1.673543e+02
533	0.015205	1.259	-0.047214	1.1664	0.186443	1.43343	-0.102655	1.11438	0.205152	1.29211	0.00145964	1.13653	-0.0144138	1.1548	-0.0874948	0.944874	-0.169514	1.06392	0.0479428	1.30171	0.0476901	1.26581	4.927183e+00	1.637288e+02	1.686559e+02
534	0.015205	1.259	-0.047214	1.1674	0.15487	1.43343	-0.102655	1.11438	0.205152	1.29211	0.00145964	1.13332	-0.00483361	1.15095	-0.0583058	0.942341	-0.188944	1.07178	0.0479428	1.30171	0.0476901	1.26581	5.320887e+00	1.629213e+02	1.682422e+02
535	0.015205	1.259	-0.0772555	1.16838	0.15487	1.43343	-0.102655	1.1155	0.205152	1.29211	0.00145964	1.13146	-0.00483361	1.14999	-0.0583058	0.942345	-0.179427	1.07178	0.083828	1.30006	0.0476901	1.26581	5.095628e+00	1.621204e+02	1.672160e+02
536	0.015205	1.259	-0.0772555	1.16919	0.173947	1.43343	-0.139568	1.1155	0.205152	1.29211	0.0355064	1.13095	-0.00483361	1.14999	-0.0583058	0.942345	-0.179427	1.07178	0.083828	1.29669	0.0469501	1.26581	4.302538e+00	1.650677e+02	1.693702e+02
537	0.015205	1.259	-0.0772555	1.16959	0.173947	1.43343	-0.117923	1.1155	0.205152	1.29211	0.0355064	1.1265	-0.00483361	1.15216	-0.0666196	0.942345	-0.216028	1.06708	0.083828	1.29669	0.0469501	1.26581	3.740193e+00	1.653819e+02	1.691221e+02
538	0.015205	1.259	-0.0772555	1.16959	0.173947	1.43239	-0.117923	1.11797	0.205152	1.29158	0.0656307	1.1265	-0.00483361	1.15258	-0.0666196	0.942345	-0.216028	1.07254	0.119417	1.2939	0.0469501	1.26581	3.369319e+00	1.662659e+02	1.696352e+02
539	0.015205	1.259	-0.0772555	1.16959	0.160274	1.43239	-0.117923	1.11797	0.205152	1.29158	0.0656307	1.12823	-0.0143569	1.15258	-0.0934536	0.942345	-0.216028	1.07254	0.118174	1.29274	0.0243096	1.26581	3.363613e+00	1.655659e+02	1.689295e+02
540	0.015205	1.259	-0.0772555	1.16959	0.168041	1.43239	-0.117923	1.11797	0.205152	1.29158	0.0763338	1.12823	-0.0143569	1.14974	-0.0934536	0.947403	-0.216028	1.07254	0.111791	1.29274	0.0379359	1.26581	3.262271e+00	1.638720e+02	1.671343e+02
541	0.015205	1.259	-0.0772555	1.16971	0.170492	1.43239	-0.117923	1.11797	0.187931	1.29158	0.0763338	1.12823	-0.0143569	1.15057	-0.120022	0.947403	-0.216028	1.07254	0.111791	1.29274	0.0438566	1.26581	3.200102e+00	1.610975e+02	1.642976e+02
542	0.015205	1.259	-0.0759023	1.16971	0.17744	1.43239	-0.117923	1.11797	0.187931	1.29158	0.0763338	1.12574	-0.0143569	1.15057	-0.117741	0.947403	-0.212839	1.07254	0.107701	1.29274	0.0438566	1.2598	3.237088e+00	1.617325e+02	1.649696e+02
543	0.015205	1.259	-0.0759023	1.16682	0.17744	1.43239	-0.126583	1.11797	0.187931	1.29158	0.061371	1.12574	-0.0143569	1.1496	-0.080903	0.946214	-0.212839	1.07254	0.121967	1.29274	0.0438566	1.2598	3.459630e+00	1.633041e+02	1.667637e+02
544	0.015205	1.259	-0.0449694	1.16682	0.17398	1.43239	-0.126583	1.11797	0.187931	1.29158	0.061371	1.12574	-0.0143569	1.1496	-0.0825225	0.946214	-0.212839	1.07254	0.121967	1.29274	0.0438566	1.2598	3.733444e+00	1.633161e+02	1.670495e+02
545	0.015205	1.259	-0.0775921	1.17058	0.148428	1.43239	-0.136058	1.11797	0.187931	1.29158	0.061371	1.12574	-0.0143569	1.1496	-0.0825225	0.946214	-0.212839	1.07515	0.1117	1.29274	0.0438566	1.2598	3.843066e+00	1.620814e+02	1.659245e+02
546	0.015205	1.259	-0.0775921	1.17058	0.148428	1.43239	-0.136058	1.11737	0.187931	1.29158	0.0649937	1.12578	-0.0143569	1.15265	-0.0825225	0.943878	-0.212839	1.07515	0.1117	1.29274	0.0397191	1.26896	3.823335e+00	1.625056e+02	1.663289e+02
547	0.015205	1.259	-0.0775921	1.17058	0.176143	1.43239	-0.136058	1.11737	0.187931	1.2986	0.0649937	1.12324	-0.0143569	1.15265	-0.0881055	0.943878	-0.212839	1.07515	0.0997513	1.29076	0.0397191	1.26896	3.454515e+00	1.608479e+02	1.643024e+02
548	0.015205	1.259	-0.0775921	1.16891	0.164406	1.43239	-0.135615	1.11737	0.187931	1.2986	0.0649937	1.12324	-0.0143569	1.15265	-0.0881055	0.943878	-0.212839	1.06742	0.113645	1.29076	0.0390529	1.26775	3.477986e+00	1.635022e+02	1.669802e+02
549	0.015205	1.259	-0.0775921	1.16891	0.164856	1.43239	-0.135615	1.11737	0.176089	1.2986	0.0649937	1.12324	-0.0143569	1.15127	-0.071744	0.943878	-0.212839	1.06742	0.134795	1.29093	0.0390529	1.26775	3.590037e+00	1.631976e+02	1.667877e+02
550	0.015205	1.259	-0.0775921	1.16891	0.164856	1.43239	-0.135615	1.11737	0.176089	1.2986	0.0562206	1.12836	-0.00804111	1.15127	-0.071744	0.943878	-0.212839	1.06508	0.110859	1.29093	0.0390529	1.26775	3.909895e+00	1.625084e+02	1.664183e+02
551	0.015205	1.259	-0.0613048	1.16891	0.164856	1.43239	-0.124544	1.11737	0.176089	1.29564	0.0562206	1.12836	-0.026064	1.15253	-0.0689337	0.943878	-0.212839	1.0716	0.110859	1.29612	0.0390529	1.26863	4.207134e+00	1.635941e+02	1.678012e+02
552	0.015205	1.259	-0.0752842	1.16523	0.164856	1.43239	-0.133911	1.11737	0.176089	1.29926	0.0202811	1.12836	-0.00941719	1.15253	-0.0689337	0.943878	-0.212839	1.07142	0.0804623	1.29612	0.0390529	1.26863	4.324546e+00	1.620894e+02	1.664139e+02
553	0.015205	1.259	-0.0752842	1.16523	0.164856	1.43239	-0.158569	1.11737	0.176089	1.29926	0.0202811	1.12836	0.010999	1.15253	-0.049162	0.943878	-0.212839	1.07142	0.0804623	1.29612	0.0390529	1.26397	4.103539e+00	1.602050e+02	1.643085e+02
554	0.015205	1.259	-0.0593423	1.16469	0.164856	1.43239	-0.152189	1.11784	0.176089	1.29418	0.0649938	1.12409	0.010999	1.15032	-0.0676617	0.94128	-0.21844	1.07389	0.0804623	1.29612	0.0212129	1.26549	3.958219e+00	1.636473e+02	1.676055e+02
555	0.015205	1.259	-0.0409632	1.16511	0.159254	1.43239	-0.142499	1.11784	0.189575	1.29418	0.0649938	1.12658	-0.0113379	1.15468	-0.0676617	0.94128	-0.21844	1.07021	0.0804623	1.29612	0.0212129	1.26373	4.061640e+00	1.652567e+02	1.693184e+02
556	0.015205	1.259	-0.0409632	1.16511	0.159254	1.43239	-0.139505	1.11784	0.211758	1.29369	0.0577548	1.12658	-0.0180758	1.15468	-0.0676617	0.94128	-0.21844	1.07021	0.0501005	1.29612	0.0212129	1.26539	3.862519e+00	1.624137e+02	1.662762e+02
557	-0.00404622	1.259	-0.0409632	1.16511	0.159254	1.43246	-0.136271	1.11704	0.211758	1.29369	0.0577548	1.12658	-0.0180758	1.15468	-0.0831149	0.94128	-0.228166	1.07422	0.0501005	1.29995	0.0212129	1.26539	3.671903e+00	1.640536e+02	1.677255e+02
558	-0.00404622	1.259	-0.0367384	1.16511	0.158185	1.43246	-0.136271	1.11704	0.221097	1.29369	0.0577548	1.12658	-0.00774954	1.15102	-0.083473	0.94128	-0.238401	1.07357	0.0501005	1.29995	0.0212129	1.26539	3.257087e+00	1.625722e+02	1.658293e+02
559	-0.00404622	1.259	-0.0367384	1.16042	0.158185	1.43246	-0.127394	1.11704	0.189441	1.29369	0.0612625	1.12319	-0.00668784	1.15102	-0.083473	0.94128	-0.238401	1.073	0.0669754	1.29995	0.0212129	1.26644	3.880079e+00	1.622078e+02	1.660879e+02
560	-0.00404622	1.259	-0.0364188	1.16042	0.158694	1.43246	-0.133486	1.11704	0.21374	1.29369	0.0795924	1.12552	-0.00668784	1.15416	-0.083473	0.94128	-0.224775	1.073	0.0669754	1.29995	0.0263699	1.26644	3.471604e+00	1.638789e+02	1.673505e+02
561	-0.00404622	1.259	-0.0364188	1.16042	0.158694	1.43246	-0.127053	1.11704	0.230504	1.29369	0.0795924	1.12203	-0.00668784	1.14983	-0.083473	0.94128	-0.210229	1.073	0.0669754	1.29995	0.0263699	1.26962	3.460019e+00	1.612020e+02	1.646620e+02
562	-0.00404622	1.24363	-0.0364188	1.16042	0.158694	1.43246	-0.119546	1.11704	0.206375	1.29631	0.0933778	1.12123	-0.00668784	1.15529	-0.083473	0.94128	-0.213543	1.073	0.0669754	1.29995	0.0263699	1.26962	4.150633e+00	1.602977e+02	1.644483e+02
563	-0.00404622	1.24363	-0.045637	1.16042	0.158694	1.43246	-0.118402	1.11704	0.189353	1.29499	0.0933778	1.12123	-0.00668784	1.15828	-0.083473	0.94128	-0.213543	1.073	0.0669754	1.29995	0.0263699	1.26962	4.481605e+00	1.582244e+02	1.627060e+02
564	-0.00404622	1.27186	-0.045637	1.16042	0.160314	1.43246	-0.111333	1.11704	0.189353	1.30111	0.0933778	1.12123	0.00233491	1.15828	-0.0459926	0.94128	-0.232566	1.07491	0.0669754	1.29995	0.0263699	1.26962	3.847354e+00	1.524082e+02	1.562556e+02
565	-0.00404622	1.27186	-0.0263942	1.16265	0.160314	1.43246	-0.111333	1.11704	0.164	1.29426	0.081228	1.12123	0.00233491	1.15828	-0.0798302	0.94128	-0.232566	1.07491	0.0964709	1.29995	0.0263699	1.26962	4.036449e+00	1.533673e+02	1.574038e+02
566	-0.00404622	1.27186	-0.0263942	1.1627	0.166614	1.43246	-0.111333	1.11704	0.17295	1.29426	0.081228	1.12079	-0.0206873	1.15828	-0.0871077	0.94128	-0.232566	1.07255	0.0964709	1.29995	0.0263699	1.26962	3.693684e+00	1.569135e+02	1.606071e+02
567	-0.00404622	1.27186	-0.0263942	1.1627	0.152803	1.43246	-0.111333	1.11704	0.200075	1.29426	0.0947578	1.12079	-0.0206873	1.15048	-0.0871077	0.94128	-0.19342	1.07255	0.0964709	1.29995	0.0170281	1.26962	4.097498e+00	1.585294e+02	1.626269e+02
568	-0.00404622	1.13114	-0.0884323	1.17028	0.152803	1.43246	-0.105385	1.11034	0.184597	1.29426	0.0947578	1.12079	0.0233787	1.15048	-0.0871077	0.943027	-0.209286	1.07255	0.0646386	1.29995	0.0170281	1.26962	4.605209e+00	1.621646e+02	1.667699e+02
569	-0.00404622	1.13114	-0.0884323	1.17028	0.152803	1.43246	-0.105385	1.11034	0.184597	1.29426	0.0947578	1.12079	0.0233787	1.15048	-0.0732795	0.943027	-0.209286	1.07074	0.0646386	1.29995	0.0170281	1.26962	4.707804e+00	1.628568e+02	1.675646e+02
570	-0.00404622	1.13114	-0.0884323	1.17028	0.197441	1.43246	-0.115548	1.11034	0.199008	1.29426	0.0870958	1.12079	0.00403044	1.15048	-0.066756	0.943027	-0.233186	1.07268	0.0646386	1.29995	0.0170281	1.26351	3.172246e+00	1.613638e+02	1.645360e+02
571	-0.00404622	1.13114	-0.0884323	1.16955	0.197441	1.43246	-0.115674	1.10993	0.180207	1.29412	0.0870958	1.12079	0.00403044	1.15048	-0.066756	0.943027	-0.233186	1.07268	0.0646386	1.30074	0.0170281	1.26351	3.532668e+00	1.597592e+02	1.632918e+02
572	-0.00404622	1.13114	-0.0920786	1.17244	0.197441	1.43246	-0.115674	1.10993	0.200315	1.29412	0.10438	1.12079	0.0153916	1.15048	-0.0532176	0.944495	-0.233186	1.07086	0.0646386	1.29446	0.0170281	1.26649	3.015606e+00	1.558429e+02	1.588585e+02
573	-0.00404622	1.13114	-0.0920786	1.17244	0.192176	1.43246	-0.115674	1.10993	0.200315	1.29412	0.066889	1.12539	0.0169514	1.14754	-0.0497244	0.942393	-0.222553	1.0702	0.0646386	1.29446	0.0188135	1.26649	3.695383e+00	1.605742e+02	1.642696e+02
574	-0.00404622	1.13114	-0.0920786	1.17244	0.192176	1.43246	-0.115674	1.10993	0.200315	1.29412	0.0701121	1.12539	0.0223005	1.14754	-0.0497244	0.942393	-0.222553	1.0702	0.0646386	1.30354	0.0188135	1.26611	3.622535e+00	1.618377e+02	1.654602e+02
575	-0.00404622	1.13114	-0.106492	1.17244	0.144649	1.43246	-0.094685	1.10993	0.202994	1.2955	0.0701121	1.12579	0.0223005	1.14754	-0.0827118	0.942393	-0.203875	1.0734	0.0646386	1.30354	0.0327015	1.26611	4.605415e+00	1.623840e+02	1.669894e+02
576	-0.00404622	1.13114	-0.106492	1.17244	0.198082	1.42261	-0.094685	1.10993	0.228875	1.29197	0.0554824	1.12579	0.0223005	1.14754	-0.0827118	0.942393	-0.219305	1.07509	0.0457572	1.30373	0.0327015	1.26611	3.077156e+00	1.621463e+02	1.652235e+02
577	-0.00404622	1.13114	-0.106492	1.17041	0.200266	1.42261	-0.094685	1.10993	0.223061	1.29197	0.0554824	1.12406	0.0223005	1.14754	-0.0827118	0.942393	-0.208017	1.07509	0.0457572	1.30373	0.0327015	1.26778	3.399243e+00	1.601349e+02	1.635341e+02
578	-0.00404622	1.13114	-0.106492	1.17041	0.200266	1.42261	-0.094685	1.10993	0.223061	1.29197	0.0588523	1.12406	0.00918692	1.14754	-0.0827118	0.942393	-0.208017	1.06762	0.0457572	1.29893	0.0128723	1.26433	3.478695e+00	1.598867e+02	1.633654e+02
579	-0.00404622	1.13114	-0.0644261	1.17041	0.200266	1.42261	-0.0829317	1.10993	0.223061	1.28932	0.0588523	1.12406	0.00918692	1.15544	-0.0859891	0.942393	-0.173511	1.06357	0.0914367	1.29893	0.0128723	1.2676	4.195809e+00	1.635532e+02	1.677490e+02
580	-0.00404622	1.13114	-0.0929776	1.17041	0.200266	1.42769	-0.0789969	1.10993	0.225062	1.28932	0.0588523	1.12406	0.00918692	1.1554	-0.0859891	0.942393	-0.144347	1.05685	0.0682015	1.29893	0.0128723	1.26657	4.568075e+00	1.621813e+02	1.667493e+02
581	-0.00404622	1.13114	-0.0929776	1.17102	0.166466	1.42769	-0.0789969	1.10993	0.225062	1.28868	0.0826049	1.12406	0.00918692	1.1498	-0.0750108	0.942585	-0.144347	1.06206	0.0682015	1.29893	0.0128723	1.26677	5.122322e+00	1.642953e+02	1.694176e+02
582	0.0299989	1.13114	-0.0929776	1.17102	0.166466	1.42769	-0.0789969	1.10993	0.225062	1.28868	0.0826049	1.12406	0.00918692	1.1498	-0.0750108	0.942585	-0.175114	1.06206	0.0682015	1.29433	0.0128723	1.26892	4.697640e+00	1.622493e+02	1.669470e+02
583	0.0299989	1.13114	-0.0929776	1.17534	0.163336	1.42769	-0.0789969	1.10993	0.225062	1.28868	0.0826049	1.12406	0.00918692	1.1498	-0.0750108	0.942585	-0.148784	1.06455	0.117072	1.29433	0.0151327	1.26892	4.942454e+00	1.633254e+02	1.682678e+02
584	0.0230456	1.16032	-0.109417	1.17534	0.163336	1.42769	-0.0789969	1.10993	0.225062	1.29038	0.0826049	1.12406	0.00537245	1.1498	-0.0750108	0.942585	-0.145027	1.06393	0.118589	1.29433	0.0151327	1.26662	5.098141e+00	1.635714e+02	1.686695e+02
585	0.0230456	1.16032	-0.109417	1.16846	0.163336	1.42769	-0.0789969	1.10993	0.225062	1.29038	0.0826049	1.12074	0.00537245	1.1498	-0.0773378	0.942585	-0.145027	1.06393	0.118589	1.29433	0.0151327	1.26674	5.073571e+00	1.610072e+02	1.660807e+02
586	0.0230456	1.16032	-0.110424	1.16846	0.178166	1.42769	-0.0789969	1.1086	0.229429	1.29038	0.0826049	1.12074	0.00137766	1.15486	-0.0773378	0.942585	-0.145027	1.06393	0.0802535	1.29433	0.0151327	1.26693	5.035691e+00	1.605479e+02	1.655836e+02
587	0.0230456	1.16032	-0.110424	1.16846	0.200484	1.42769	-0.0789969	1.1086	0.229429	1.28872	0.0826049	1.12074	0.00370039	1.14343	-0.0716721	0.942585	-0.145027	1.06393	0.101443	1.29433	0.0151327	1.26693	4.583115e+00	1.588113e+02	1.633944e+02
588	0.0230456	1.16032	-0.086925	1.16846	0.203758	1.42769	-0.0789969	1.1086	0.242455	1.28872	0.0826049	1.12074	0.00370039	1.15491	-0.0863877	0.942585	-0.145027	1.06393	0.101443	1.29633	0.0151327	1.26637	4.380960e+00	1.641907e+02	1.685717e+02
589	0.0506385	1.16032	-0.0655609	1.16846	0.170485	1.42769	-0.0851819	1.1086	0.252838	1.28872	0.0826049	1.1265	0.00370039	1.15491	-0.0863877	0.945686	-0.145027	1.05989	0.101443	1.29633	0.0151327	1.26637	4.509691e+00	1.642960e+02	1.688057e+02
590	0.0506385	1.16032	-0.0655609	1.1683	0.170485	1.42769	-0.076923	1.1086	0.252838	1.28872	0.0826049	1.1265	-0.0169168	1.16048	-0.0863877	0.945686	-0.134088	1.05979	0.101443	1.29633	0.0151327	1.26637	4.708623e+00	1.615075e+02	1.662161e+02
591	0.0506385	1.16032	-0.0655609	1.1683	0.161683	1.42769	-0.0491776	1.1086	0.252838	1.2864	0.0722765	1.1265	-0.0555312	1.1605	-0.0924168	0.945686	-0.134088	1.05979	0.101443	1.29633	0.0070038	1.26637	4.708721e+00	1.601140e+02	1.648228e+02
592	0.0506385	1.16032	-0.0655609	1.1683	0.161683	1.42769	-0.0491776	1.1086	0.252838	1.28617	0.0146872	1.1265	-0.0541453	1.1605	-0.0924168	0.945686	-0.134088	1.05979	0.107338	1.29633	0.0070038	1.26745	4.648303e+00	1.576259e+02	1.622742e+02
593	0.0506385	1.16032	-0.0655609	1.17146	0.161683	1.42769	-0.0512394	1.1086	0.228899	1.28514	0.0468357	1.12679	-0.0541453	1.1605	-0.0924168	0.945686	-0.147351	1.0592	0.107338	1.29633	0.0070038	1.26746	4.894156e+00	1.594373e+02	1.643315e+02
594	0.0506385	1.16032	-0.0735644	1.17146	0.161683	1.42769	-0.0512394	1.1086	0.247767	1.28514	0.0468357	1.12679	-0.0541453	1.16189	-0.0924168	0.945467	-0.147513	1.05843	0.107338	1.29633	0.0070038	1.26924	4.432671e+00	1.602877e+02	1.647203e+02
595	0.0506385	1.16032	-0.0735644	1.16587	0.161683	1.43335	-0.0512394	1.09842	0.247767	1.28514	0.0468357	1.12679	-0.0508205	1.1616	-0.0924168	0.945467	-0.147513	1.05843	0.107338	1.29633	0.0070038	1.26969	4.414173e+00	1.623128e+02	1.667270e+02
596	0.0506385	1.16032	-0.0550685	1.16725	0.161683	1.43335	-0.0460866	1.10588	0.247767	1.28631	0.0468357	1.12679	-0.0508205	1.1616	-0.0924168	0.945467	-0.131313	1.05872	0.107338	1.29842	0.0316839	1.26969	5.063613e+00	1.612950e+02	1.663586e+02
597	0.0506385	1.16032	-0.0550685	1.16725	0.161683	1.43335	-0.0444633	1.10602	0.247767	1.28631	0.0468357	1.12679	-0.0275135	1.14571	-0.0924168	0.948344	-0.142221	1.06443	0.099371	1.29941	0.0316839	1.26718	5.156383e+00	1.553969e+02	1.605533e+02
598	0.0699507	1.16032	-0.0550685	1.16725	0.161683	1.43335	-0.0444633	1.10375	0.247767	1.28631	0.0468357	1.13072	-0.0275135	1.14621	-0.0924168	0.946916	-0.142221	1.06443	0.099371	1.29941	0.0316839	1.26236	4.432877e+00	1.573667e+02	1.617996e+02
599	0.0699507	1.16032	-0.0560859	1.16725	0.161683	1.43335	-0.0444633	1.10375	0.247767	1.28631	0.0380063	1.13072	-0.0275135	1.14621	-0.0924168	0.946916	-0.142221	1.06064	0.099371	1.29941	0.0316839	1.26236	4.386537e+00	1.587508e+02	1.631373e+02
600	0.0699507	1.16032	-0.0560859	1.16617	0.161683	1.43381	-0.0368065	1.10375	0.247767	1.28724	0.0380063	1.13072	0.0277255	1.14621	-0.0924168	0.946916	-0.143774	1.06064	0.099371	1.29941	0.0645828	1.26066	4.894165e+00	1.637433e+02	1.686375e+02
601	0.0699507	1.16032	-0.059496	1.16617	0.161683	1.43118	-0.0368065	1.10375	0.248758	1.28724	0.0380063	1.13072	0.0277255	1.14621	-0.0924168	0.946916	-0.170112	1.06048	0.099371	1.29398	0.0719074	1.26066	4.272619e+00	1.641227e+02	1.683954e+02
602	0.0699507	1.16032	-0.059496	1.16617	0.161683	1.43118	-0.0368065	1.10375	0.248758	1.28724	0.0380063	1.13033	0.0277255	1.14621	-0.0924168	0.946916	-0.170112	1.0614	0.099371	1.29413	0.0753316	1.26066	4.272847e+00	1.644562e+02	1.687291e+02
603	0.0651923	1.16032	-0.059496	1.16385	0.161683	1.43118	-0.0368065	1.10375	0.248758	1.28813	0.0380063	1.13033	0.0277255	1.14621	-0.0924168	0.946916	-0.125206	1.06113	0.099371	1.29768	0.056863	1.26066	5.397668e+00	1.623951e+02	1.677928e+02
604	0.0651923	1.16032	-0.059496	1.16744	0.168989	1.43118	-0.0813465	1.10375	0.248758	1.28243	0.0436317	1.13033	0.00256707	1.15543	-0.0924168	0.946916	-0.125206	1.06113	0.099371	1.29701	0.056863	1.25937	4.683830e+00	1.633832e+02	1.680671e+02
605	0.0651923	1.16032	-0.059496	1.16744	0.178085	1.43118	-0.0813465	1.10375	0.248758	1.28243	0.0436317	1.13033	0.00256707	1.15543	-0.0924168	0.943365	-0.152676	1.06113	0.099371	1.29323	0.0649972	1.25937	4.021614e+00	1.652881e+02	1.693097e+02
606	0.0651923	1.16032	-0.059496	1.16469	0.143608	1.43118	-0.0813465	1.10373	0.248758	1.28243	0.0436317	1.13033	-0.0409259	1.15543	-0.0924168	0.943365	-0.152676	1.06113	0.099371	1.29323	0.0649972	1.25937	3.984817e+00	1.636120e+02	1.675968e+02
607	0.0651923	1.16032	-0.059496	1.16469	0.143608	1.43118	-0.0813465	1.10373	0.294127	1.28243	0.0436317	1.13033	-0.0409259	1.15543	-0.0924168	0.94738	-0.152676	1.06113	0.099371	1.29323	0.0649972	1.25937	3.070659e+00	1.622437e+02	1.653143e+02
608	0.0651923	1.13794	-0.059496	1.16469	0.143608	1.43118	-0.0813465	1.10888	0.294127	1.28243	0.0436317	1.13033	-0.0409259	1.15543	-0.102655	0.94738	-0.152676	1.06113	0.129307	1.29323	0.0649972	1.25707	2.579110e+00	1.623047e+02	1.648839e+02
609	0.0651923	1.20448	-0.059496	1.16469	0.157536	1.43035	-0.0813465	1.11276	0.294127	1.27687	0.0436317	1.13033	-0.0409259	1.15543	-0.0893453	0.94738	-0.152676	1.06113	0.129307	1.28786	0.0649972	1.25707	2.909389e+00	1.612047e+02	1.641141e+02
610	0.0651923	1.20448	-0.059496	1.16421	0.158885	1.43035	-0.0813465	1.11276	0.322709	1.27687	0.0269565	1.13033	-0.00199918	1.15338	-0.0893453	0.94738	-0.145314	1.06113	0.128823	1.28786	0.0649972	1.25707	2.646833e+00	1.595541e+02	1.622010e+02
611	0.0651923	1.20448	-0.0903756	1.16421	0.158885	1.43035	-0.0813465	1.11293	0.290344	1.27687	0.0269565	1.13033	-0.00199918	1.15338	-0.10305	0.94738	-0.145314	1.06113	0.128823	1.2887	0.0649972	1.25884	2.770280e+00	1.588303e+02	1.616006e+02
612	0.0651923	1.20448	-0.0903756	1.16421	0.158885	1.43035	-0.119899	1.11293	0.290344	1.27687	0.0269565	1.13243	-0.00199918	1.15338	-0.10305	0.94738	-0.133342	1.05943	0.128823	1.2887	0.0649972	1.26068	2.371049e+00	1.603901e+02	1.627611e+02
613	0.0651923	1.20448	-0.0607502	1.16421	0.161344	1.43035	-0.119899	1.11293	0.290344	1.28161	0.0269565	1.13243	-0.00199918	1.15338	-0.10305	0.94738	-0.133342	1.05943	0.131769	1.29409	0.0567079	1.26174	2.719855e+00	1.644439e+02	1.671637e+02
614	0.0651923	1.20448	-0.070496	1.16421	0.161344	1.43035	-0.119899	1.11293	0.277029	1.28405	0.0269565	1.13243	0.00139809	1.15006	-0.10305	0.94738	-0.158465	1.05943	0.131769	1.29409	0.0567079	1.26174	2.366066e+00	1.645422e+02	1.669083e+02
615	0.0651923	1.20448	-0.070496	1.16421	0.161344	1.43231	-0.119899	1.11293	0.277029	1.28405	0.0377703	1.13243	0.00139809	1.15056	-0.10305	0.946587	-0.158465	1.05943	0.131769	1.29409	0.0567079	1.26174	2.386036e+00	1.645868e+02	1.669728e+02
616	0.0651923	1.20448	-0.0448507	1.16421	0.16291	1.43231	-0.124732	1.11293	0.277029	1.28405	0.0377703	1.13243	 0.02	1.15047	-0.10305	0.950062	-0.158465	1.05943	0.080043	1.29686	0.0567079	1.26502	2.918298e+00	1.635541e+02	1.664724e+02
617	0.0651923	1.20448	-0.0448507	1.16421	0.16291	1.43231	-0.124732	1.11293	0.248219	1.28782	0.0377703	1.13243	 0.02	1.15047	-0.10305	0.950062	-0.158465	1.06709	0.080043	1.29909	0.0567079	1.26502	3.501224e+00	1.645142e+02	1.680155e+02
618	0.0651923	1.20448	-0.0448507	1.16421	0.16291	1.43231	-0.124732	1.11293	0.245891	1.28782	0.0377703	1.13243	0.00753228	1.1482	-0.10305	0.950062	-0.158465	1.06167	0.080043	1.29909	0.0322304	1.26502	3.406606e+00	1.670352e+02	1.704418e+02
619	0.0651923	1.20448	-0.0448507	1.16421	0.16291	1.43231	-0.128568	1.11293	0.22887	1.27962	0.0377703	1.13143	0.00753228	1.15243	-0.10305	0.95007	-0.147465	1.06167	0.080043	1.30036	0.0322304	1.26502	3.883289e+00	1.597921e+02	1.636754e+02
620	0.0651923	1.20448	-0.0448507	1.16421	0.16291	1.43231	-0.128568	1.11293	0.230863	1.2853	0.0377703	1.13143	0.0233522	1.15243	-0.10305	0.95007	-0.147465	1.06167	0.080043	1.29924	0.0134781	1.26502	3.841353e+00	1.637225e+02	1.675639e+02
621	0.0651923	1.20448	-0.0448507	1.16421	0.194543	1.43025	-0.128568	1.11209	0.230863	1.2853	0.0377703	1.13143	0.00381287	1.15243	-0.10305	0.95007	-0.147465	1.06167	0.080043	1.29817	0.0134781	1.26502	3.393655e+00	1.651140e+02	1.685076e+02
622	0.0651923	1.20448	-0.0448507	1.16421	0.194543	1.43025	-0.128568	1.11209	0.230863	1.2853	0.0407189	1.13143	0.00381287	1.15243	-0.10305	0.942953	-0.176405	1.06339	0.080043	1.29817	0.0134781	1.27061	2.695348e+00	1.645615e+02	1.672568e+02
623	0.0651923	1.20448	-0.0437602	1.16421	0.194543	1.43107	-0.0986659	1.11209	0.230863	1.2853	0.0407189	1.13069	0.00927393	1.15243	-0.10305	0.942953	-0.176405	1.06339	0.080043	1.29817	0.0263608	1.27061	3.326294e+00	1.637967e+02	1.671230e+02
624	0.0651923	1.20448	-0.0437602	1.16421	0.167856	1.43249	-0.0986659	1.11209	0.230863	1.2853	0.0407189	1.13069	0.00927393	1.14959	-0.0557233	0.939591	-0.176405	1.0627	0.080043	1.2973	0.0263608	1.26335	4.297090e+00	1.676726e+02	1.719696e+02
625	0.0651923	1.17991	-0.0437602	1.16421	0.167856	1.43249	-0.0986659	1.11209	0.230863	1.2853	0.0407189	1.13069	0.0126648	1.14959	-0.0557233	0.939591	-0.176405	1.0627	0.080043	1.2973	0.0263608	1.26335	4.367507e+00	1.676124e+02	1.719799e+02
626	0.0651923	1.17991	-0.0626192	1.16421	0.167856	1.43249	-0.0986659	1.11209	0.230863	1.28621	0.0407189	1.13069	0.0126648	1.14959	-0.0557233	0.939591	-0.176405	1.0627	0.080043	1.2973	0.0263608	1.26733	4.133328e+00	1.678485e+02	1.719818e+02
627	0.0651923	1.17991	-0.0694592	1.16421	0.167856	1.43249	-0.0986659	1.11209	0.23078	1.28621	0.0407189	1.13069	0.0172702	1.14959	-0.0557233	0.940237	-0.176405	1.06515	0.116291	1.2973	0.0197059	1.26733	3.931457e+00	1.669488e+02	1.708802e+02
628	0.0651923	1.17991	-0.0694592	1.16655	0.16433	1.43249	-0.0986659	1.11209	0.23078	1.28621	0.0407189	1.13069	0.0172702	1.15126	-0.0557233	0.940237	-0.176405	1.06515	0.116291	1.29377	0.0465882	1.26733	4.065469e+00	1.677153e+02	1.717808e+02
629	0.0651923	1.17991	-0.0635116	1.16655	0.16433	1.43249	-0.117722	1.11209	0.235365	1.2918	0.0182301	1.13069	0.0172702	1.15126	-0.0557233	0.938327	-0.176405	1.06515	0.116291	1.29277	0.0465882	1.25789	3.651712e+00	1.667569e+02	1.704086e+02
630	0.0651923	1.17991	-0.0635116	1.16655	0.16433	1.43249	-0.117722	1.11482	0.212996	1.29269	0.0182301	1.1271	0.0185366	1.15126	-0.0557233	0.939222	-0.176405	1.06515	0.116291	1.28973	0.0597663	1.25789	4.040483e+00	1.652487e+02	1.692892e+02
631	0.0651923	1.17991	-0.0504101	1.16655	0.16433	1.43249	-0.117722	1.11482	0.212996	1.29269	0.0182301	1.13938	0.0185366	1.15126	-0.0557233	0.939222	-0.176405	1.06515	0.116291	1.29047	0.0486146	1.25789	4.200533e+00	1.637401e+02	1.679406e+02
632	0.0651923	1.17991	-0.0504101	1.16557	0.16433	1.43249	-0.117722	1.11482	0.229089	1.29269	0.0182301	1.13938	-0.00346172	1.15126	-0.0557233	0.939222	-0.176405	1.06715	0.116291	1.29641	0.0423959	1.25789	3.799166e+00	1.626938e+02	1.664929e+02
633	0.0651923	1.17991	-0.0504101	1.16557	0.16433	1.43249	-0.117722	1.11482	0.221005	1.29269	-0.0155098	1.13938	-0.00346172	1.15134	-0.0557233	0.939222	-0.176405	1.06715	0.116291	1.29741	0.0423959	1.25789	3.710137e+00	1.642676e+02	1.679777e+02
634	0.0651923	1.17991	-0.0504101	1.16278	0.16433	1.43249	-0.126253	1.11482	0.221668	1.29269	-0.0180775	1.14039	-0.00346172	1.15134	-0.0557233	0.939222	-0.176405	1.06715	0.116291	1.29472	0.0423959	1.26052	3.521555e+00	1.664943e+02	1.700158e+02
635	0.0651923	1.17991	-0.0504101	1.16278	0.16433	1.43249	-0.122114	1.11482	0.205514	1.29269	-0.0180775	1.14039	-0.0244954	1.15134	-0.0557233	0.939222	-0.176405	1.06715	0.116291	1.29489	0.0423959	1.26109	3.671504e+00	1.656223e+02	1.692938e+02
636	-0.0454135	1.17991	-0.0504101	1.16278	0.16433	1.43249	-0.122114	1.11482	0.216571	1.29269	-0.0180775	1.14039	-0.0176966	1.15272	-0.0557233	0.939222	-0.176405	1.06561	0.0885057	1.29684	0.0423959	1.26109	3.967575e+00	1.669112e+02	1.708788e+02
637	-0.0454135	1.17991	-0.0530081	1.16278	0.172165	1.43249	-0.124018	1.11482	0.216571	1.29276	-0.0180775	1.14039	-0.0176966	1.15272	-0.0557233	0.939222	-0.176405	1.06367	0.0807971	1.29602	0.0423959	1.26109	3.880636e+00	1.659206e+02	1.698013e+02
638	-0.0454135	1.17579	-0.0530081	1.16278	0.172165	1.42839	-0.124018	1.11482	0.216571	1.29276	-0.0180775	1.13622	-0.0176966	1.15272	-0.0557233	0.938402	-0.132346	1.06167	0.0807971	1.29602	0.0423959	1.26109	4.364412e+00	1.638609e+02	1.682253e+02
639	-0.0454135	1.17579	-0.0530081	1.16373	0.163787	1.42839	-0.112353	1.11482	0.216571	1.29276	0.0254277	1.13622	-0.0176966	1.14857	-0.0557233	0.943355	-0.168736	1.05982	0.0807971	1.29602	0.0423959	1.26109	4.053403e+00	1.609998e+02	1.650532e+02
640	-0.0255209	1.17579	-0.0530081	1.16373	0.163787	1.42839	-0.112353	1.11482	0.216571	1.28905	0.0254277	1.13622	-0.0176966	1.14857	-0.0978383	0.943355	-0.150832	1.05982	0.0807971	1.29354	0.0423959	1.26539	5.033682e+00	1.606134e+02	1.656471e+02
641	-0.0449482	1.17579	-0.0530081	1.16373	0.163787	1.42839	-0.112353	1.11482	0.216571	1.28905	0.0254277	1.12541	-0.0176966	1.14857	-0.0978383	0.943355	-0.150832	1.05982	0.139009	1.29354	0.0423959	1.26239	3.253256e+00	1.595699e+02	1.628232e+02
642	-0.0449482	1.17579	-0.0530081	1.16328	0.173731	1.42927	-0.133465	1.11482	0.216571	1.28905	0.0878682	1.12541	-0.0069627	1.14857	-0.0978383	0.943355	-0.151054	1.06803	0.139009	1.29354	0.0423959	1.26239	2.221741e+00	1.600669e+02	1.622886e+02
643	-0.0449482	1.17579	-0.0530081	1.16328	0.173731	1.42927	-0.133465	1.11482	0.216575	1.28825	0.0878682	1.12541	-0.0069627	1.15751	-0.0978383	0.943102	-0.151054	1.06803	0.139009	1.29057	0.0423959	1.26239	2.236142e+00	1.602910e+02	1.625272e+02
644	-0.0558065	1.15419	-0.0530081	1.16572	0.173731	1.42927	-0.133465	1.11482	0.216575	1.2848	0.0878682	1.12541	-0.0069627	1.15015	-0.0978383	0.943102	-0.222673	1.06803	0.139009	1.29241	0.0527389	1.26239	3.080474e-01	1.602533e+02	1.605613e+02
645	-0.0558065	1.15419	-0.0530081	1.16572	0.173731	1.42927	-0.133465	1.11482	0.216575	1.2848	0.0878682	1.12541	-0.0069627	1.15015	-0.0978383	0.943102	-0.150105	1.05721	0.10742	1.29226	0.0527389	1.26345	1.794072e+00	1.607247e+02	1.625188e+02
646	-0.0558065	1.15419	-0.0530081	1.16572	0.173731	1.42927	-0.133465	1.11482	0.216575	1.28441	0.0878682	1.12541	-0.0069627	1.15015	-0.0978383	0.942528	-0.150105	1.05721	0.10742	1.29226	0.0527389	1.26345	1.792315e+00	1.600408e+02	1.618331e+02
647	-0.00294451	1.15419	-0.0530081	1.16572	0.173731	1.42927	-0.133465	1.11482	0.216575	1.28441	0.0563619	1.129	-0.0069627	1.15015	-0.0978383	0.941456	-0.150105	1.05721	0.10742	1.2947	0.0527389	1.26345	4.611014e+00	1.613616e+02	1.659726e+02
648	-0.00294451	1.15419	-0.0530081	1.16572	0.173731	1.43485	-0.133465	1.11482	0.219113	1.28441	0.0563619	1.129	-0.0069627	1.15469	-0.0555415	0.940705	-0.115883	1.05721	0.10742	1.29336	0.0421532	1.26607	5.320123e+00	1.620455e+02	1.673656e+02
649	-0.00294451	1.15419	-0.0530081	1.16743	0.173731	1.42815	-0.133465	1.11482	0.219113	1.28441	0.0563619	1.129	-0.0069627	1.15469	-0.0555415	0.940705	-0.115883	1.05721	0.116696	1.29088	0.0421532	1.26607	5.267913e+00	1.623853e+02	1.676532e+02
650	-0.00294451	1.15419	-0.0530081	1.16743	0.199191	1.42815	-0.133465	1.11482	0.219113	1.28441	0.0563619	1.129	-0.0069627	1.15469	-0.0555415	0.940928	-0.115883	1.05721	0.116696	1.29047	0.0487544	1.26199	4.767521e+00	1.630558e+02	1.678233e+02
651	-0.00294451	1.15419	-0.0530081	1.16743	0.199191	1.42815	-0.133465	1.11482	0.219113	1.28441	0.0563619	1.129	-0.0069627	1.15469	-0.0555415	0.94285	-0.115883	1.05721	0.116696	1.29047	0.0487544	1.26199	4.777724e+00	1.625675e+02	1.673452e+02
652	-0.00294451	1.16496	-0.0530081	1.16743	0.199191	1.42815	-0.109694	1.11482	0.219113	1.28979	0.0563619	1.129	-0.0069627	1.15469	-0.0555415	0.942129	-0.115883	1.05721	0.116696	1.28911	0.0487544	1.26199	5.106882e+00	1.649712e+02	1.700780e+02
653	-0.00294451	1.16496	-0.0530081	1.16743	0.199191	1.42815	-0.109694	1.11482	0.228758	1.28979	0.0563619	1.129	-0.0069627	1.15469	-0.0555415	0.942129	-0.115883	1.05721	0.12287	1.28875	0.0487544	1.26199	4.813407e+00	1.653212e+02	1.701346e+02
654	-0.00294451	1.16496	-0.0530081	1.16642	0.199191	1.42815	-0.109694	1.11482	0.223023	1.28979	0.0563619	1.129	-0.000452061	1.15469	-0.0555415	0.938476	-0.115883	1.05721	0.12287	1.2953	0.0461653	1.26199	4.916910e+00	1.647879e+02	1.697048e+02
655	-0.00294451	1.16496	-0.0530081	1.16642	0.199191	1.42815	-0.109694	1.11482	0.223023	1.28979	0.0563619	1.129	-0.00354293	1.15011	-0.0555415	0.937384	-0.115883	1.05721	0.0820593	1.2953	0.0364289	1.26276	5.380962e+00	1.648233e+02	1.702043e+02
656	-0.00294451	1.16496	-0.0530081	1.16642	0.199191	1.42815	-0.109694	1.11257	0.223023	1.28979	0.0563619	1.129	0.0088824	1.15011	-0.0555415	0.937384	-0.115883	1.05337	0.0820593	1.2953	0.0762279	1.26276	5.124691e+00	1.624200e+02	1.675447e+02
657	-0.00294451	1.16496	-0.0530081	1.16301	0.199191	1.42815	-0.109694	1.11257	0.223023	1.28979	0.0563619	1.129	0.0088824	1.15467	-0.0555415	0.937384	-0.115883	1.05337	0.0820593	1.29635	0.0762279	1.256	5.138656e+00	1.616650e+02	1.668036e+02
658	-0.00294451	1.16496	-0.0530081	1.16301	0.199191	1.42815	-0.109694	1.11257	0.223023	1.28979	0.0563619	1.129	0.0088824	1.14844	-0.0555415	0.937384	-0.118435	1.05337	0.0820593	1.2998	0.0765469	1.256	5.093404e+00	1.625533e+02	1.676467e+02
659	-0.00294451	1.16496	-0.0530081	1.16301	0.199191	1.42815	-0.109694	1.11257	0.223023	1.28591	0.0684195	1.12191	0.0088824	1.15031	-0.0557319	0.936606	-0.118435	1.05337	0.0820593	1.29799	0.0614443	1.25663	5.128054e+00	1.600774e+02	1.652055e+02
660	-0.00294451	1.16496	-0.0530081	1.16301	0.173286	1.42914	-0.0910742	1.11257	0.223023	1.28389	0.0684195	1.12191	0.0238488	1.15031	-0.0557319	0.93413	-0.118435	1.05337	0.0820593	1.29974	0.0614443	1.25663	5.750131e+00	1.545083e+02	1.602584e+02
661	-0.00294451	1.16496	-0.0298912	1.16301	0.173286	1.42914	-0.101671	1.11257	0.228695	1.28389	0.0684195	1.12013	0.0177989	1.15031	-0.0557319	0.93413	-0.118435	1.05337	0.0820593	1.29974	0.0614443	1.25663	5.622782e+00	1.550723e+02	1.606951e+02
662	-0.00294451	1.21136	-0.0403729	1.16301	0.178355	1.42914	-0.101671	1.11257	0.228695	1.28389	0.0684195	1.12013	0.0177989	1.15031	-0.0505254	0.943721	-0.108678	1.05524	0.0820593	1.29974	0.0614443	1.25663	5.613792e+00	1.573800e+02	1.629938e+02
663	-0.00294451	1.13384	-0.0403729	1.16301	0.178355	1.42914	-0.115181	1.11257	0.228695	1.28389	0.0684195	1.12061	0.0177989	1.14872	-0.0415831	0.937118	-0.128905	1.05853	0.0820593	1.29974	0.072648	1.25977	4.991390e+00	1.615366e+02	1.665280e+02
664	0.0404316	1.18834	-0.0403729	1.16301	0.178355	1.42898	-0.11703	1.11665	0.280306	1.28389	0.0684195	1.12528	0.0177989	1.14872	-0.0415831	0.937118	-0.128905	1.05853	0.0820593	1.29796	0.072648	1.25977	4.737434e+00	1.630997e+02	1.678372e+02
665	0.0404316	1.18834	-0.0403729	1.16733	0.175521	1.42898	-0.125598	1.11665	0.236935	1.28248	0.0684195	1.12528	0.0177989	1.14872	-0.0415831	0.937118	-0.148571	1.05853	0.0820593	1.29796	0.072648	1.25977	5.237358e+00	1.621654e+02	1.674027e+02
666	0.0404316	1.18834	-0.0480846	1.16733	0.175521	1.42898	-0.131175	1.11598	0.236935	1.28248	0.0684195	1.12528	0.0177989	1.14872	-0.0295619	0.939124	-0.124241	1.05745	0.0820593	1.29796	0.072648	1.25977	5.607344e+00	1.613529e+02	1.669603e+02
667	0.0404316	1.18834	-0.0480846	1.16733	0.175521	1.42898	-0.131175	1.11598	0.242909	1.28414	0.0406447	1.13523	0.0177989	1.14872	-0.0577921	0.939124	-0.129406	1.05943	0.0820593	1.29796	0.072648	1.25977	5.220435e+00	1.630600e+02	1.682804e+02
668	0.0404316	1.18834	-0.0480846	1.16733	0.175521	1.42898	-0.131175	1.11598	0.242909	1.28414	0.0435947	1.13523	0.0177989	1.14872	-0.0577921	0.939124	-0.129406	1.06095	0.0994894	1.29562	0.072648	1.25977	5.143417e+00	1.628351e+02	1.679785e+02
669	0.0404316	1.18834	-0.0480846	1.16733	0.211259	1.42512	-0.112208	1.11598	0.25862	1.28414	0.00775391	1.13523	0.0177989	1.1473	-0.0577921	0.939124	-0.171601	1.06308	0.0920201	1.29734	0.0648942	1.25977	3.802301e+00	1.664784e+02	1.702807e+02
670	0.0404316	1.14971	-0.0480846	1.16247	0.212169	1.42613	-0.142295	1.11598	0.25862	1.28414	0.00775391	1.13523	0.0177989	1.1473	-0.0577921	0.945656	-0.171601	1.06659	0.079945	1.29734	0.0648942	1.25977	3.234154e+00	1.644589e+02	1.676931e+02
671	-0.0272287	1.14971	-0.0480846	1.16247	0.212169	1.42613	-0.147039	1.11598	0.25862	1.28414	0.00775391	1.12995	0.0259669	1.1473	-0.0577921	0.945656	-0.172047	1.06753	0.079945	1.30027	0.0648942	1.25632	2.078549e+00	1.608436e+02	1.629222e+02
672	-0.0272287	1.14971	-0.0483861	1.16247	0.213825	1.4287	-0.147039	1.11598	0.25862	1.28414	0.0483886	1.12995	0.0259669	1.1473	-0.0835521	0.945669	-0.170146	1.06753	0.0534839	1.30283	0.0648942	1.25632	1.949992e+00	1.618668e+02	1.638168e+02
673	-0.0272287	1.20109	-0.0398163	1.16247	0.211686	1.4287	-0.121786	1.11598	0.25862	1.28414	0.0187287	1.12995	0.0259669	1.1473	-0.0835521	0.945669	-0.170146	1.06864	0.0534839	1.30283	0.0648942	1.25632	2.581958e+00	1.620198e+02	1.646017e+02
674	-0.0272287	1.20109	-0.00478716	1.15486	0.211686	1.42535	-0.119439	1.11598	0.25862	1.28414	0.0424423	1.13001	0.0259669	1.1473	-0.0835521	0.945669	-0.173426	1.06864	0.0534839	1.30283	0.0798793	1.25632	2.263768e+00	1.611701e+02	1.634339e+02
675	0.029784	1.22997	-0.00821341	1.16051	0.191489	1.42588	-0.141501	1.11139	0.25862	1.28414	0.0424423	1.12845	0.0259669	1.1473	-0.073332	0.945669	-0.201195	1.06864	0.0631772	1.30516	0.0798793	1.25632	3.062261e+00	1.597630e+02	1.628252e+02
676	0.029784	1.22549	-0.00821341	1.15395	0.191489	1.43168	-0.141501	1.11551	0.25862	1.28414	0.0489163	1.12845	0.0259669	1.1473	-0.073332	0.945669	-0.175783	1.06864	0.0631772	1.30827	0.0798793	1.25632	3.620951e+00	1.552590e+02	1.588800e+02
677	0.029784	1.22549	-0.00821341	1.15694	0.160894	1.43168	-0.105331	1.11551	0.259309	1.28414	0.0489163	1.13034	0.0151414	1.1473	-0.073332	0.943087	-0.194696	1.06864	0.0631772	1.30827	0.0798793	1.25632	4.182203e+00	1.583338e+02	1.625160e+02
678	0.029784	1.22549	-0.00821341	1.15694	0.160894	1.43168	-0.105331	1.11514	0.259309	1.28512	0.0420252	1.13034	0.0151414	1.1473	-0.073332	0.943087	-0.209496	1.06864	0.0631772	1.3066	0.0798793	1.25632	3.850774e+00	1.602194e+02	1.640702e+02
679	0.0248422	1.17294	-0.00821341	1.15694	0.160894	1.43107	-0.0805686	1.11486	0.262216	1.28512	0.0420252	1.13034	0.0151414	1.1473	-0.073332	0.943087	-0.206654	1.06864	0.0631772	1.3066	0.0798793	1.25632	4.366328e+00	1.570905e+02	1.614569e+02
680	0.0248422	1.17294	-0.00821341	1.15604	0.160894	1.43107	-0.0805686	1.11486	0.262216	1.28512	0.0332573	1.13034	0.0151414	1.1473	-0.073332	0.943087	-0.206654	1.06864	0.0631772	1.30513	0.0798793	1.25632	4.382064e+00	1.580929e+02	1.624749e+02
681	0.0248422	1.17294	-0.00821341	1.15604	0.173095	1.43107	-0.0805686	1.10991	0.262216	1.2827	0.0332573	1.13469	-0.0059683	1.1473	-0.073332	0.943087	-0.206654	1.06966	0.0423519	1.30254	0.0798793	1.25872	4.233693e+00	1.600357e+02	1.642694e+02
682	0.0326249	1.17294	-0.00821341	1.15464	0.173095	1.43107	-0.101416	1.10991	0.262216	1.2827	0.0332573	1.13486	-0.0059683	1.1473	-0.073332	0.943087	-0.188963	1.06966	0.0528719	1.30254	0.0798793	1.25872	4.311941e+00	1.604995e+02	1.648114e+02
683	0.0326249	1.27054	-0.00821341	1.15464	0.173095	1.43107	-0.0810177	1.10692	0.259376	1.2827	0.0332573	1.13568	0.00973311	1.1473	-0.073332	0.943087	-0.188963	1.06966	0.104604	1.29854	0.0798793	1.25842	3.498063e+00	1.617062e+02	1.652043e+02
684	0.0487979	1.27054	-0.00936677	1.15464	0.157357	1.43107	-0.0810177	1.10354	0.259376	1.27979	-0.00271157	1.13568	0.00973311	1.1473	-0.073332	0.943087	-0.188963	1.0658	0.104604	1.29854	0.0798793	1.25842	3.361692e+00	1.594660e+02	1.628277e+02
685	0.0487979	1.27054	0.0166234	1.15464	0.157357	1.43121	-0.077505	1.10354	0.259376	1.27979	-0.00271157	1.14203	0.00973311	1.14987	-0.073332	0.943087	-0.19316	1.0658	0.104326	1.29854	0.0798793	1.25842	3.453118e+00	1.566424e+02	1.600956e+02
686	0.0487979	1.27054	0.0016006	1.15464	0.159683	1.43121	-0.0954702	1.10354	0.259376	1.27979	-0.00271157	1.13964	0.00973311	1.14987	-0.073332	0.943087	-0.169167	1.06318	0.104326	1.29555	0.0798793	1.25842	3.657443e+00	1.590333e+02	1.626907e+02
687	0.0487979	1.27054	-0.0222105	1.15464	0.173222	1.43121	-0.0990865	1.11244	0.245736	1.28791	-0.00271157	1.13964	0.00973311	1.14987	-0.073332	0.94357	-0.169167	1.06286	0.104326	1.29555	0.0798793	1.25842	3.618287e+00	1.629655e+02	1.665837e+02
688	0.0487979	1.28475	-0.0222105	1.16108	0.173686	1.43121	-0.0926107	1.11244	0.211912	1.28898	0.00206627	1.13759	0.00973311	1.14987	-0.0721408	0.94357	-0.169167	1.06286	0.104326	1.29555	0.0798793	1.25842	4.031717e+00	1.661144e+02	1.701461e+02
689	0.0487979	1.29946	-0.0222105	1.16108	0.173686	1.4261	-0.0926107	1.11227	0.211912	1.28898	0.00206627	1.13759	0.00973311	1.14987	-0.055467	0.94357	-0.169167	1.06286	0.104326	1.29555	0.0798793	1.25771	3.837532e+00	1.635851e+02	1.674226e+02
690	0.0814782	1.29946	-0.0222105	1.16108	0.177683	1.4261	-0.0926107	1.11227	0.211912	1.28898	0.00872279	1.13759	0.00973311	1.14987	-0.055467	0.94357	-0.151778	1.0648	0.104326	1.29555	0.0580269	1.25771	2.917851e+00	1.629563e+02	1.658742e+02
691	0.0983066	1.29946	-0.0344426	1.16488	0.202959	1.4261	-0.110288	1.11227	0.211912	1.28898	0.00872279	1.13759	0.00973311	1.14987	-0.055467	0.94357	-0.174482	1.06552	0.104326	1.29338	0.0408585	1.25771	4.219056e-01	1.645621e+02	1.649840e+02
692	0.0983066	1.29946	-0.0189634	1.16156	0.189616	1.4261	-0.110288	1.11126	0.211912	1.28898	0.0141827	1.13516	0.00973311	1.14987	-0.055467	0.94357	-0.157836	1.06306	0.104326	1.29484	0.0408585	1.25771	1.193561e+00	1.643495e+02	1.655430e+02
693	0.0983066	1.29946	-0.0427523	1.16156	0.189616	1.4261	-0.122428	1.1097	0.211912	1.28898	0.0117416	1.13516	0.00973311	1.14987	-0.0871651	0.940334	-0.141171	1.05884	0.104326	1.29484	0.0408585	1.25771	4.187704e-01	1.618625e+02	1.622813e+02
694	0.00987095	1.21416	-0.0427523	1.16156	0.186276	1.4261	-0.123695	1.1097	0.211912	1.28898	0.0117416	1.13516	0.00973311	1.14987	-0.0255642	0.940334	-0.138102	1.05909	0.104326	1.29484	0.0408585	1.25771	5.743912e+00	1.603206e+02	1.660645e+02
695	0.0371429	1.21416	-0.0427523	1.16156	0.186276	1.4261	-0.123695	1.1097	0.211912	1.29296	0.0117416	1.13516	-4.64266e-06	1.14987	-0.0255642	0.940334	-0.138102	1.05729	0.104326	1.29484	0.0408585	1.25771	5.696875e+00	1.600647e+02	1.657615e+02
696	0.0564287	1.21416	-0.0427523	1.16224	0.228252	1.4261	-0.123695	1.11552	0.211912	1.29296	0.0117416	1.13516	0.00833774	1.14987	-0.0255642	0.9341	-0.138102	1.05729	0.104326	1.29484	0.0798955	1.25771	4.596011e+00	1.626999e+02	1.672959e+02
697	0.0565146	1.21416	-0.0483488	1.16224	0.228252	1.42638	-0.123695	1.11253	0.211912	1.29296	0.0117416	1.13516	0.00833774	1.14987	-0.0255642	0.9341	-0.146444	1.06097	0.112094	1.29484	0.0634383	1.25771	4.360956e+00	1.636879e+02	1.680488e+02
698	0.0565146	1.21416	-0.0483488	1.16224	0.232237	1.42638	-0.123695	1.10915	0.202478	1.29296	0.0117416	1.13838	0.00833774	1.14987	-0.0255642	0.9341	-0.148167	1.06097	0.112094	1.29484	0.0677386	1.25771	4.392359e+00	1.600685e+02	1.644608e+02
699	0.0565146	1.21416	-0.0598029	1.16224	0.232237	1.42356	-0.109515	1.11228	0.202478	1.29296	0.0117416	1.13838	0.00833774	1.14987	-0.0255642	0.9341	-0.157774	1.06277	0.100836	1.29484	0.0677386	1.25771	4.395996e+00	1.628223e+02	1.672183e+02
700	0.026555	1.21416	-0.0496502	1.16224	0.232237	1.42356	-0.0992683	1.11228	0.202478	1.29296	-0.0169352	1.13726	0.00833774	1.14987	-0.0255642	0.9341	-0.139679	1.06238	0.100836	1.29196	0.0677386	1.25771	5.281682e+00	1.619211e+02	1.672028e+02
