Results of Simulation 1

Time	theta_1	theta_2
0	3	0
0.2	3.15423	0.345765
0.4	3.26502	0.734979
0.6	3.32327	1.17673
0.8	3.33681	1.66319
1	3.34088	2.15912
1.2	3.37809	2.62191
1.4	3.46785	3.03215
1.6	3.60574	3.39426
1.8	3.77975	3.72025
2	3.97874	4.02126
2.2	4.19453	4.30547
2.4	4.42154	4.57846
2.6	4.65605	4.84395
2.8	4.89559	5.10441
3	5.13852	5.36148
3.2	5.38374	5.61626
3.4	5.6305	5.8695
3.6	5.8783	6.1217
3.8	6.12681	6.37319
4	6.37579	6.62421
4.2	6.6251	6.8749
4.4	6.87463	7.12537
4.6	7.12432	7.37568
4.8	7.37411	7.62589
5	7.62396	7.87604
5.2	7.87386	8.12614
5.4	8.1238	8.3762
5.6	8.37375	8.62625
5.8	8.62372	8.87628
6	8.8737	9.1263
6.2	9.12369	9.37631
6.4	9.37368	9.62632
6.6	9.62368	9.87632
6.8	9.87367	10.1263
7	10.1237	10.3763
7.2	10.3737	10.6263
7.4	10.6237	10.8763
7.6	10.8737	11.1263
7.8	11.1237	11.3763
8	11.3737	11.6263
8.2	11.6237	11.8763
8.4	11.8737	12.1263
8.6	12.1237	12.3763
8.8	12.3737	12.6263
9	12.6237	12.8763
9.2	12.8737	13.1263
9.4	13.1237	13.3763
9.6	13.3737	13.6263
9.8	13.6237	13.8763
10	13.8737	14.1263
10.2	14.1237	14.3763
10.4	14.3737	14.6263
10.6	14.6237	14.8763
10.8	14.8737	15.1263
11	15.1237	15.3763
11.2	15.3737	15.6263
11.4	15.6237	15.8763
11.6	15.8737	16.1263
11.8	16.1237	16.3763
12	16.3737	16.6263
12.2	16.6237	16.8763
12.4	16.8737	17.1263
12.6	17.1237	17.3763
12.8	17.3737	17.6263
13	17.6237	17.8763
13.2	17.8737	18.1263
13.4	18.1237	18.3763
13.6	18.3737	18.6263
13.8	18.6237	18.8763
14	18.8737	19.1263
14.2	19.1237	19.3763
14.4	19.3737	19.6263
14.6	19.6237	19.8763
14.8	19.8737	20.1263
15	20.1237	20.3763
15.2	20.3737	20.6263
15.4	20.6237	20.8763
15.6	20.8737	21.1263
15.8	21.1237	21.3763
16	21.3737	21.6263
16.2	21.6237	21.8763
16.4	21.8737	22.1263
16.6	22.1237	22.3763
16.8	22.3737	22.6263
17	22.6237	22.8763
17.2	22.8737	23.1263
17.4	23.1237	23.3763
17.6	23.3737	23.6263
17.8	23.6237	23.8763
18	23.8737	24.1263
18.2	24.1237	24.3763
18.4	24.3737	24.6263
18.6	24.6237	24.8763
18.8	24.8737	25.1263
19	25.1237	25.3763
19.2	25.3737	25.6263
19.4	25.6237	25.8763
19.6	25.8737	26.1263
19.8	26.1237	26.3763
20	26.3737	26.6263
20.2	26.6237	26.8763
20.4	26.8737	27.1263
20.6	27.1237	27.3763
20.8	27.3737	27.6263
21	27.6237	27.8763
21.2	27.8737	28.1263
21.4	28.1237	28.3763
21.6	28.3737	28.6263
21.8	28.6237	28.8763
22	28.8737	29.1263
22.2	29.1237	29.3763
22.4	29.3737	29.6263
22.6	29.6237	29.8763
22.8	29.8737	30.1263
23	30.1237	30.3763
23.2	30.3737	30.6263
23.4	30.6237	30.8763
23.6	30.8737	31.1263
23.8	31.1237	31.3763
24	31.3737	31.6263
24.2	31.6237	31.8763
24.4	31.8737	32.1263
24.6	32.1237	32.3763
24.8	32.3737	32.6263
25	32.6237	32.8763
25.2	32.8737	33.1263
25.4	33.1237	33.3763
25.6	33.3737	33.6263
25.8	33.6237	33.8763
26	33.8737	34.1263
26.2	34.1237	34.3763
26.4	34.3737	34.6263
26.6	34.6237	34.8763
26.8	34.8737	35.1263
27	35.1237	35.3763
27.2	35.3737	35.6263
27.4	35.6237	35.8763
27.6	35.8737	36.1263
27.8	36.1237	36.3763
28	36.3737	36.6263
28.2	36.6237	36.8763
28.4	36.8737	37.1263
28.6	37.1237	37.3763
28.8	37.3737	37.6263
29	37.6237	37.8763
29.2	37.8737	38.1263
29.4	38.1237	38.3763
29.6	38.3737	38.6263
29.8	38.6237	38.8763
30	38.8737	39.1263
30.2	39.1237	39.3763
30.4	39.3737	39.6263
30.6	39.6237	39.8763
30.8	39.8737	40.1263
31	40.1237	40.3763
31.2	40.3737	40.6263
31.4	40.6237	40.8763
31.6	40.8737	41.1263
31.8	41.1237	41.3763
32	41.3737	41.6263
32.2	41.6237	41.8763
32.4	41.8737	42.1263
32.6	42.1237	42.3763
32.8	42.3737	42.6263
33	42.6237	42.8763
33.2	42.8737	43.1263
33.4	43.1237	43.3763
33.6	43.3737	43.6263
33.8	43.6237	43.8763
34	43.8737	44.1263
34.2	44.1237	44.3763
34.4	44.3737	44.6263
34.6	44.6237	44.8763
34.8	44.8737	45.1263
35	45.1237	45.3763
35.2	45.3737	45.6263
35.4	45.6237	45.8763
35.6	45.8737	46.1263
35.8	46.1237	46.3763
36	46.3737	46.6263
36.2	46.6237	46.8763
36.4	46.8737	47.1263
36.6	47.1237	47.3763
36.8	47.3737	47.6263
37	47.6237	47.8763
37.2	47.8737	48.1263
37.4	48.1237	48.3763
37.6	48.3737	48.6263
37.8	48.6237	48.8763
38	48.8737	49.1263
38.2	49.1237	49.3763
38.4	49.3737	49.6263
38.6	49.6237	49.8763
38.8	49.8737	50.1263
39	50.1237	50.3763
39.2	50.3737	50.6263
39.4	50.6237	50.8763
39.6	50.8737	51.1263
39.8	51.1237	51.3763
40	51.3737	51.6263
40.2	51.6237	51.8763
40.4	51.8737	52.1263
40.6	52.1237	52.3763
40.8	52.3737	52.6263
41	52.6237	52.8763
41.2	52.8737	53.1263
41.4	53.1237	53.3763
41.6	53.3737	53.6263
41.8	53.6237	53.8763
42	53.8737	54.1263
42.2	54.1237	54.3763
42.4	54.3737	54.6263
42.6	54.6237	54.8763
42.8	54.8737	55.1263
43	55.1237	55.3763
43.2	55.3737	55.6263
43.4	55.6237	55.8763
43.6	55.8737	56.1263
43.8	56.1237	56.3763
44	56.3737	56.6263
44.2	56.6237	56.8763
44.4	56.8737	57.1263
44.6	57.1237	57.3763
44.8	57.3737	57.6263
45	57.6237	57.8763
45.2	57.8737	58.1263
45.4	58.1237	58.3763
45.6	58.3737	58.6263
45.8	58.6237	58.8763
46	58.8737	59.1263
46.2	59.1237	59.3763
46.4	59.3737	59.6263
46.6	59.6237	59.8763
46.8	59.8737	60.1263
47	60.1237	60.3763
47.2	60.3737	60.6263
47.4	60.6237	60.8763
47.6	60.8737	61.1263
47.8	61.1237	61.3763
48	61.3737	61.6263
48.2	61.6237	61.8763
48.4	61.8737	62.1263
48.6	62.1237	62.3763
48.8	62.3737	62.6263
49	62.6237	62.8763
49.2	62.8737	63.1263
49.4	63.1237	63.3763
49.6	63.3737	63.6263
49.8	63.6237	63.8763
50	63.8737	64.1263
50.2	64.1237	64.3763
50.4	64.3737	64.6263
50.6	64.6237	64.8763
50.8	64.8737	65.1263
51	65.1237	65.3763
51.2	65.3737	65.6263
51.4	65.6237	65.8763
51.6	65.8737	66.1263
51.8	66.1237	66.3763
52	66.3737	66.6263
52.2	66.6237	66.8763
52.4	66.8737	67.1263
52.6	67.1237	67.3763
52.8	67.3737	67.6263
53	67.6237	67.8763
53.2	67.8737	68.1263
53.4	68.1237	68.3763
53.6	68.3737	68.6263
53.8	68.6237	68.8763
54	68.8737	69.1263
54.2	69.1237	69.3763
54.4	69.3737	69.6263
54.6	69.6237	69.8763
54.8	69.8737	70.1263
55	70.1237	70.3763
55.2	70.3737	70.6263
55.4	70.6237	70.8763
55.6	70.8737	71.1263
55.8	71.1237	71.3763
56	71.3737	71.6263
56.2	71.6237	71.8763
56.4	71.8737	72.1263
56.6	72.1237	72.3763
56.8	72.3737	72.6263
57	72.6237	72.8763
57.2	72.8737	73.1263
57.4	73.1237	73.3763
57.6	73.3737	73.6263
57.8	73.6237	73.8763
58	73.8737	74.1263
58.2	74.1237	74.3763
58.4	74.3737	74.6263
58.6	74.6237	74.8763
58.8	74.8737	75.1263
59	75.1237	75.3763
59.2	75.3737	75.6263
59.4	75.6237	75.8763
59.6	75.8737	76.1263
59.8	76.1237	76.3763
60	76.3737	76.6263
60.2	76.6237	76.8763
60.4	76.8737	77.1263
60.6	77.1237	77.3763
60.8	77.3737	77.6263
61	77.6237	77.8763
61.2	77.8737	78.1263
61.4	78.1237	78.3763
61.6	78.3737	78.6263
61.8	78.6237	78.8763
62	78.8737	79.1263
62.2	79.1237	79.3763
62.4	79.3737	79.6263
62.6	79.6237	79.8763
62.8	79.8737	80.1263
63	80.1237	80.3763
63.2	80.3737	80.6263
63.4	80.6237	80.8763
63.6	80.8737	81.1263
63.8	81.1237	81.3763
64	81.3737	81.6263
64.2	81.6237	81.8763
64.4	81.8737	82.1263
64.6	82.1237	82.3763
64.8	82.3737	82.6263
65	82.6237	82.8763
65.2	82.8737	83.1263
65.4	83.1237	83.3763
65.6	83.3737	83.6263
65.8	83.6237	83.8763
66	83.8737	84.1263
66.2	84.1237	84.3763
66.4	84.3737	84.6263
66.6	84.6237	84.8763
66.8	84.8737	85.1263
67	85.1237	85.3763
67.2	85.3737	85.6263
67.4	85.6237	85.8763
67.6	85.8737	86.1263
67.8	86.1237	86.3763
68	86.3737	86.6263
68.2	86.6237	86.8763
68.4	86.8737	87.1263
68.6	87.1237	87.3763
68.8	87.3737	87.6263
69	87.6237	87.8763
69.2	87.8737	88.1263
69.4	88.1237	88.3763
69.6	88.3737	88.6263
69.8	88.6237	88.8763
70	88.8737	89.1263
70.2	89.1237	89.3763
70.4	89.3737	89.6263
70.6	89.6237	89.8763
70.8	89.8737	90.1263
71	90.1237	90.3763
71.2	90.3737	90.6263
71.4	90.6237	90.8763
71.6	90.8737	91.1263
71.8	91.1237	91.3763
72	91.3737	91.6263
72.2	91.6237	91.8763
72.4	91.8737	92.1263
72.6	92.1237	92.3763
72.8	92.3737	92.6263
73	92.6237	92.8763
73.2	92.8737	93.1263
73.4	93.1237	93.3763
73.6	93.3737	93.6263
73.8	93.6237	93.8763
74	93.8737	94.1263
74.2	94.1237	94.3763
74.4	94.3737	94.6263
74.6	94.6237	94.8763
74.8	94.8737	95.1263
75	95.1237	95.3763
75.2	95.3737	95.6263
75.4	95.6237	95.8763
75.6	95.8737	96.1263
75.8	96.1237	96.3763
76	96.3737	96.6263
76.2	96.6237	96.8763
76.4	96.8737	97.1263
76.6	97.1237	97.3763
76.8	97.3737	97.6263
77	97.6237	97.8763
77.2	97.8737	98.1263
77.4	98.1237	98.3763
77.6	98.3737	98.6263
77.8	98.6237	98.8763
78	98.8737	99.1263
78.2	99.1237	99.3763
78.4	99.3737	99.6263
78.6	99.6237	99.8763
78.8	99.8737	100.126
79	100.124	100.376
79.2	100.374	100.626
79.4	100.624	100.876
79.6	100.874	101.126
79.8	101.124	101.376
80	101.374	101.626
80.2	101.624	101.876
80.4	101.874	102.126
80.6	102.124	102.376
80.8	102.374	102.626
81	102.624	102.876
81.2	102.874	103.126
81.4	103.124	103.376
81.6	103.374	103.626
81.8	103.624	103.876
82	103.874	104.126
82.2	104.124	104.376
82.4	104.374	104.626
82.6	104.624	104.876
82.8	104.874	105.126
83	105.124	105.376
83.2	105.374	105.626
83.4	105.624	105.876
83.6	105.874	106.126
83.8	106.124	106.376
84	106.374	106.626
84.2	106.624	106.876
84.4	106.874	107.126
84.6	107.124	107.376
84.8	107.374	107.626
85	107.624	107.876
85.2	107.874	108.126
85.4	108.124	108.376
85.6	108.374	108.626
85.8	108.624	108.876
86	108.874	109.126
86.2	109.124	109.376
86.4	109.374	109.626
86.6	109.624	109.876
86.8	109.874	110.126
87	110.124	110.376
87.2	110.374	110.626
87.4	110.624	110.876
87.6	110.874	111.126
87.8	111.124	111.376
88	111.374	111.626
88.2	111.624	111.876
88.4	111.874	112.126
88.6	112.124	112.376
88.8	112.374	112.626
89	112.624	112.876
89.2	112.874	113.126
89.4	113.124	113.376
89.6	113.374	113.626
89.8	113.624	113.876
90	113.874	114.126
90.2	114.124	114.376
90.4	114.374	114.626
90.6	114.624	114.876
90.8	114.874	115.126
91	115.124	115.376
91.2	115.374	115.626
91.4	115.624	115.876
91.6	115.874	116.126
91.8	116.124	116.376
92	116.374	116.626
92.2	116.624	116.876
92.4	116.874	117.126
92.6	117.124	117.376
92.8	117.374	117.626
93	117.624	117.876
93.2	117.874	118.126
93.4	118.124	118.376
93.6	118.374	118.626
93.8	118.624	118.876
94	118.874	119.126
94.2	119.124	119.376
94.4	119.374	119.626
94.6	119.624	119.876
94.8	119.874	120.126
95	120.124	120.376
95.2	120.374	120.626
95.4	120.624	120.876
95.6	120.874	121.126
95.8	121.124	121.376
96	121.374	121.626
96.2	121.624	121.876
96.4	121.874	122.126
96.6	122.124	122.376
96.8	122.374	122.626
97	122.624	122.876
97.2	122.874	123.126
97.4	123.124	123.376
97.6	123.374	123.626
97.8	123.624	123.876
98	123.874	124.126
98.2	124.124	124.376
98.4	124.374	124.626
98.6	124.624	124.876
98.8	124.874	125.126
99	125.124	125.376
99.2	125.374	125.626
99.4	125.624	125.876
99.6	125.874	126.126
99.8	126.124	126.376
100	126.374	126.626
100.2	126.624	126.876
100.4	126.874	127.126
100.6	127.124	127.376
100.8	127.374	127.626
101	127.624	127.876
101.2	127.874	128.126
101.4	128.124	128.376
101.6	128.374	128.626
101.8	128.624	128.876
102	128.874	129.126
102.2	129.124	129.376
102.4	129.374	129.626
102.6	129.624	129.876
102.8	129.874	130.126
103	130.124	130.376
103.2	130.374	130.626
103.4	130.624	130.876
103.6	130.874	131.126
103.8	131.124	131.376
104	131.374	131.626
104.2	131.624	131.876
104.4	131.874	132.126
104.6	132.124	132.376
104.8	132.374	132.626
105	132.624	132.876
105.2	132.874	133.126
105.4	133.124	133.376
105.6	133.374	133.626
105.8	133.624	133.876
106	133.874	134.126
106.2	134.124	134.376
106.4	134.374	134.626
106.6	134.624	134.876
106.8	134.874	135.126
107	135.124	135.376
107.2	135.374	135.626
107.4	135.624	135.876
107.6	135.874	136.126
107.8	136.124	136.376
108	136.374	136.626
108.2	136.624	136.876
108.4	136.874	137.126
108.6	137.124	137.376
108.8	137.374	137.626
109	137.624	137.876
109.2	137.874	138.126
109.4	138.124	138.376
109.6	138.374	138.626
109.8	138.624	138.876
110	138.874	139.126
110.2	139.124	139.376
110.4	139.374	139.626
110.6	139.624	139.876
110.8	139.874	140.126
111	140.124	140.376
111.2	140.374	140.626
111.4	140.624	140.876
111.6	140.874	141.126
111.8	141.124	141.376
112	141.374	141.626
112.2	141.624	141.876
112.4	141.874	142.126
112.6	142.124	142.376
112.8	142.374	142.626
113	142.624	142.876
113.2	142.874	143.126
113.4	143.124	143.376
113.6	143.374	143.626
113.8	143.624	143.876
114	143.874	144.126
114.2	144.124	144.376
114.4	144.374	144.626
114.6	144.624	144.876
114.8	144.874	145.126
115	145.124	145.376
115.2	145.374	145.626
115.4	145.624	145.876
115.6	145.874	146.126
115.8	146.124	146.376
116	146.374	146.626
116.2	146.624	146.876
116.4	146.874	147.126
116.6	147.124	147.376
116.8	147.374	147.626
117	147.624	147.876
117.2	147.874	148.126
117.4	148.124	148.376
117.6	148.374	148.626
117.8	148.624	148.876
118	148.874	149.126
118.2	149.124	149.376
118.4	149.374	149.626
118.6	149.624	149.876
118.8	149.874	150.126
119	150.124	150.376
119.2	150.374	150.626
119.4	150.624	150.876
119.6	150.874	151.126
119.8	151.124	151.376
120	151.374	151.626
120.2	151.624	151.876
120.4	151.874	152.126
120.6	152.124	152.376
120.8	152.374	152.626
121	152.624	152.876
121.2	152.874	153.126
121.4	153.124	153.376
121.6	153.374	153.626
121.8	153.624	153.876
122	153.874	154.126
122.2	154.124	154.376
122.4	154.374	154.626
122.6	154.624	154.876
122.8	154.874	155.126
123	155.124	155.376
123.2	155.374	155.626
123.4	155.624	155.876
123.6	155.874	156.126
123.8	156.124	156.376
124	156.374	156.626
124.2	156.624	156.876
124.4	156.874	157.126
124.6	157.124	157.376
124.8	157.374	157.626
125	157.624	157.876
125.2	157.874	158.126
125.4	158.124	158.376
125.6	158.374	158.626
125.8	158.624	158.876
126	158.874	159.126
126.2	159.124	159.376
126.4	159.374	159.626
126.6	159.624	159.876
126.8	159.874	160.126
127	160.124	160.376
127.2	160.374	160.626
127.4	160.624	160.876
127.6	160.874	161.126
127.8	161.124	161.376
128	161.374	161.626
128.2	161.624	161.876
128.4	161.874	162.126
128.6	162.124	162.376
128.8	162.374	162.626
129	162.624	162.876
129.2	162.874	163.126
129.4	163.124	163.376
129.6	163.374	163.626
129.8	163.624	163.876
130	163.874	164.126
130.2	164.124	164.376
130.4	164.374	164.626
130.6	164.624	164.876
130.8	164.874	165.126
131	165.124	165.376
131.2	165.374	165.626
131.4	165.624	165.876
131.6	165.874	166.126
131.8	166.124	166.376
132	166.374	166.626
132.2	166.624	166.876
132.4	166.874	167.126
132.6	167.124	167.376
132.8	167.374	167.626
133	167.624	167.876
133.2	167.874	168.126
133.4	168.124	168.376
133.6	168.374	168.626
133.8	168.624	168.876
134	168.874	169.126
134.2	169.124	169.376
134.4	169.374	169.626
134.6	169.624	169.876
134.8	169.874	170.126
135	170.124	170.376
135.2	170.374	170.626
135.4	170.624	170.876
135.6	170.874	171.126
135.8	171.124	171.376
136	171.374	171.626
136.2	171.624	171.876
136.4	171.874	172.126
136.6	172.124	172.376
136.8	172.374	172.626
137	172.624	172.876
137.2	172.874	173.126
137.4	173.124	173.376
137.6	173.374	173.626
137.8	173.624	173.876
138	173.874	174.126
138.2	174.124	174.376
138.4	174.374	174.626
138.6	174.624	174.876
138.8	174.874	175.126
139	175.124	175.376
139.2	175.374	175.626
139.4	175.624	175.876
139.6	175.874	176.126
139.8	176.124	176.376
140	176.374	176.626
140.2	176.624	176.876
140.4	176.874	177.126
140.6	177.124	177.376
140.8	177.374	177.626
141	177.624	177.876
141.2	177.874	178.126
141.4	178.124	178.376
141.6	178.374	178.626
141.8	178.624	178.876
142	178.874	179.126
142.2	179.124	179.376
142.4	179.374	179.626
142.6	179.624	179.876
142.8	179.874	180.126
143	180.124	180.376
143.2	180.374	180.626
143.4	180.624	180.876
143.6	180.874	181.126
143.8	181.124	181.376
144	181.374	181.626
144.2	181.624	181.876
144.4	181.874	182.126
144.6	182.124	182.376
144.8	182.374	182.626
145	182.624	182.876
145.2	182.874	183.126
145.4	183.124	183.376
145.6	183.374	183.626
145.8	183.624	183.876
146	183.874	184.126
146.2	184.124	184.376
146.4	184.374	184.626
146.6	184.624	184.876
146.8	184.874	185.126
147	185.124	185.376
147.2	185.374	185.626
147.4	185.624	185.876
147.6	185.874	186.126
147.8	186.124	186.376
148	186.374	186.626
148.2	186.624	186.876
148.4	186.874	187.126
148.6	187.124	187.376
148.8	187.374	187.626
149	187.624	187.876
149.2	187.874	188.126
149.4	188.124	188.376
149.6	188.374	188.626
149.8	188.624	188.876
150	188.874	189.126
150.2	189.124	189.376
150.4	189.374	189.626
150.6	189.624	189.876
150.8	189.874	190.126
151	190.124	190.376
151.2	190.374	190.626
151.4	190.624	190.876
151.6	190.874	191.126
151.8	191.124	191.376
152	191.374	191.626
152.2	191.624	191.876
152.4	191.874	192.126
152.6	192.124	192.376
152.8	192.374	192.626
153	192.624	192.876
153.2	192.874	193.126
153.4	193.124	193.376
153.6	193.374	193.626
153.8	193.624	193.876
154	193.874	194.126
154.2	194.124	194.376
154.4	194.374	194.626
154.6	194.624	194.876
154.8	194.874	195.126
155	195.124	195.376
155.2	195.374	195.626
155.4	195.624	195.876
155.6	195.874	196.126
155.8	196.124	196.376
156	196.374	196.626
156.2	196.624	196.876
156.4	196.874	197.126
156.6	197.124	197.376
156.8	197.374	197.626
157	197.624	197.876
157.2	197.874	198.126
157.4	198.124	198.376
157.6	198.374	198.626
157.8	198.624	198.876
158	198.874	199.126
158.2	199.124	199.376
158.4	199.374	199.626
158.6	199.624	199.876
158.8	199.874	200.126
159	200.124	200.376
159.2	200.374	200.626
159.4	200.624	200.876
159.6	200.874	201.126
159.8	201.124	201.376
160	201.374	201.626
160.2	201.624	201.876
160.4	201.874	202.126
160.6	202.124	202.376
160.8	202.374	202.626
161	202.624	202.876
161.2	202.874	203.126
161.4	203.124	203.376
161.6	203.374	203.626
161.8	203.624	203.876
162	203.874	204.126
162.2	204.124	204.376
162.4	204.374	204.626
162.6	204.624	204.876
162.8	204.874	205.126
163	205.124	205.376
163.2	205.374	205.626
163.4	205.624	205.876
163.6	205.874	206.126
163.8	206.124	206.376
164	206.374	206.626
164.2	206.624	206.876
164.4	206.874	207.126
164.6	207.124	207.376
164.8	207.374	207.626
165	207.624	207.876
165.2	207.874	208.126
165.4	208.124	208.376
165.6	208.374	208.626
165.8	208.624	208.876
166	208.874	209.126
166.2	209.124	209.376
166.4	209.374	209.626
166.6	209.624	209.876
166.8	209.874	210.126
167	210.124	210.376
167.2	210.374	210.626
167.4	210.624	210.876
167.6	210.874	211.126
167.8	211.124	211.376
168	211.374	211.626
168.2	211.624	211.876
168.4	211.874	212.126
168.6	212.124	212.376
168.8	212.374	212.626
169	212.624	212.876
169.2	212.874	213.126
169.4	213.124	213.376
169.6	213.374	213.626
169.8	213.624	213.876
170	213.874	214.126
170.2	214.124	214.376
170.4	214.374	214.626
170.6	214.624	214.876
170.8	214.874	215.126
171	215.124	215.376
171.2	215.374	215.626
171.4	215.624	215.876
171.6	215.874	216.126
171.8	216.124	216.376
172	216.374	216.626
172.2	216.624	216.876
172.4	216.874	217.126
172.6	217.124	217.376
172.8	217.374	217.626
173	217.624	217.876
173.2	217.874	218.126
173.4	218.124	218.376
173.6	218.374	218.626
173.8	218.624	218.876
174	218.874	219.126
174.2	219.124	219.376
174.4	219.374	219.626
174.6	219.624	219.876
174.8	219.874	220.126
175	220.124	220.376
175.2	220.374	220.626
175.4	220.624	220.876
175.6	220.874	221.126
175.8	221.124	221.376
176	221.374	221.626
176.2	221.624	221.876
176.4	221.874	222.126
176.6	222.124	222.376
176.8	222.374	222.626
177	222.624	222.876
177.2	222.874	223.126
177.4	223.124	223.376
177.6	223.374	223.626
177.8	223.624	223.876
178	223.874	224.126
178.2	224.124	224.376
178.4	224.374	224.626
178.6	224.624	224.876
178.8	224.874	225.126
179	225.124	225.376
179.2	225.374	225.626
179.4	225.624	225.876
179.6	225.874	226.126
179.8	226.124	226.376
180	226.374	226.626
180.2	226.624	226.876
180.4	226.874	227.126
180.6	227.124	227.376
180.8	227.374	227.626
181	227.624	227.876
181.2	227.874	228.126
181.4	228.124	228.376
181.6	228.374	228.626
181.8	228.624	228.876
182	228.874	229.126
182.2	229.124	229.376
182.4	229.374	229.626
182.6	229.624	229.876
182.8	229.874	230.126
183	230.124	230.376
183.2	230.374	230.626
183.4	230.624	230.876
183.6	230.874	231.126
183.8	231.124	231.376
184	231.374	231.626
184.2	231.624	231.876
184.4	231.874	232.126
184.6	232.124	232.376
184.8	232.374	232.626
185	232.624	232.876
185.2	232.874	233.126
185.4	233.124	233.376
185.6	233.374	233.626
185.8	233.624	233.876
186	233.874	234.126
186.2	234.124	234.376
186.4	234.374	234.626
186.6	234.624	234.876
186.8	234.874	235.126
187	235.124	235.376
187.2	235.374	235.626
187.4	235.624	235.876
187.6	235.874	236.126
187.8	236.124	236.376
188	236.374	236.626
188.2	236.624	236.876
188.4	236.874	237.126
188.6	237.124	237.376
188.8	237.374	237.626
189	237.624	237.876
189.2	237.874	238.126
189.4	238.124	238.376
189.6	238.374	238.626
189.8	238.624	238.876
190	238.874	239.126
190.2	239.124	239.376
190.4	239.374	239.626
190.6	239.624	239.876
190.8	239.874	240.126
191	240.124	240.376
191.2	240.374	240.626
191.4	240.624	240.876
191.6	240.874	241.126
191.8	241.124	241.376
192	241.374	241.626
192.2	241.624	241.876
192.4	241.874	242.126
192.6	242.124	242.376
192.8	242.374	242.626
193	242.624	242.876
193.2	242.874	243.126
193.4	243.124	243.376
193.6	243.374	243.626
193.8	243.624	243.876
194	243.874	244.126
194.2	244.124	244.376
194.4	244.374	244.626
194.6	244.624	244.876
194.8	244.874	245.126
195	245.124	245.376
195.2	245.374	245.626
195.4	245.624	245.876
195.6	245.874	246.126
195.8	246.124	246.376
196	246.374	246.626
196.2	246.624	246.876
196.4	246.874	247.126
196.6	247.124	247.376
196.8	247.374	247.626
197	247.624	247.876
197.2	247.874	248.126
197.4	248.124	248.376
197.6	248.374	248.626
197.8	248.624	248.876
198	248.874	249.126
198.2	249.124	249.376
198.4	249.374	249.626
198.6	249.624	249.876
198.8	249.874	250.126
199	250.124	250.376
199.2	250.374	250.626
199.4	250.624	250.876
199.6	250.874	251.126
199.8	251.124	251.376
200	251.374	251.626

