iter	t1(1)	t2(1)	t3(1)	LnPrior	LnData	LnPosterior
0	1.4721	5.06801	6.34239	-1.049697e+00	-4.953591e+01	-5.058561e+01
5005	2.14691	4.8541	6.90859	-8.530263e-01	1.768159e+01	1.682856e+01
5010	2.08654	4.92035	7.04629	-1.057938e+00	2.126132e+01	2.020338e+01
5015	2.08322	4.90669	6.97006	-9.065814e-01	2.119241e+01	2.028583e+01
5020	2.08808	4.90669	6.94706	-8.660622e-01	2.091971e+01	2.005365e+01
5025	2.08738	5.06496	6.99365	-9.444838e-01	2.167968e+01	2.073519e+01
5030	1.99683	5.02996	6.94118	-8.244956e-01	2.242409e+01	2.159959e+01
5035	1.97989	5.02996	6.88847	-7.378164e-01	2.147033e+01	2.073252e+01
5040	1.92665	5.02996	6.98894	-9.240790e-01	2.221697e+01	2.129290e+01
5045	1.9067	5.02996	6.92212	-8.089805e-01	2.127233e+01	2.046335e+01
5050	1.94147	5.02996	6.89001	-7.462649e-01	2.119623e+01	2.044997e+01
5055	1.94216	4.94917	6.90501	-7.733344e-01	2.133416e+01	2.056083e+01
5060	1.95708	4.94917	6.99224	-9.268621e-01	2.240385e+01	2.147699e+01
5065	2.02878	4.94917	6.99224	-9.248345e-01	2.251318e+01	2.158835e+01
5070	1.91705	4.9677	7.03766	-1.027411e+00	2.191771e+01	2.089029e+01
5075	2.02112	5.0161	6.93681	-8.164097e-01	2.238910e+01	2.157269e+01
5080	2.04599	5.01976	6.8399	-6.694802e-01	2.001269e+01	1.934321e+01
5085	2.04599	5.0512	6.9146	-7.866576e-01	2.165490e+01	2.086824e+01
5090	1.88944	5.1994	7.05921	-1.162805e+00	1.728431e+01	1.612150e+01
5095	1.98771	5.12695	7.13412	-1.270146e+00	1.943496e+01	1.816482e+01
5100	1.98771	5.01722	6.93821	-8.183455e-01	2.242991e+01	2.161156e+01
5105	1.92159	4.98949	7.03024	-1.008239e+00	2.213861e+01	2.113037e+01
5110	1.92159	4.91804	7.03024	-1.021451e+00	2.146325e+01	2.044180e+01
5115	1.92159	5.02133	7.03024	-1.008928e+00	2.210748e+01	2.109855e+01
5120	1.85751	5.06845	7.04742	-1.082715e+00	2.011597e+01	1.903326e+01
5125	1.85197	4.87513	7.04742	-1.107751e+00	1.883053e+01	1.772278e+01
5130	2.1537	4.99991	7.04742	-1.079981e+00	2.027310e+01	1.919312e+01
5135	1.92216	4.97562	6.91161	-7.855564e-01	2.138531e+01	2.059975e+01
5140	1.95745	4.92006	7.01216	-9.744119e-01	2.201308e+01	2.103867e+01
5145	1.99515	5.01789	7.01216	-9.586970e-01	2.282140e+01	2.186270e+01
5150	1.99515	5.106	7.02312	-1.003223e+00	2.169051e+01	2.068728e+01
5155	1.99515	4.91884	7.02312	-9.939232e-01	2.213962e+01	2.114570e+01
5160	1.99515	5.05834	7.02312	-9.875567e-01	2.247607e+01	2.148851e+01
5165	1.92178	5.02794	6.91716	-7.952428e-01	2.146539e+01	2.067014e+01
5170	2.08003	5.02794	7.01762	-9.836246e-01	2.212358e+01	2.113996e+01
5175	2.08003	4.97267	6.96526	-8.806367e-01	2.202404e+01	2.114341e+01
5180	2.02877	4.86682	7.02268	-1.016911e+00	2.093164e+01	1.991472e+01
5185	1.95344	4.97314	6.98063	-9.011995e-01	2.252811e+01	2.162691e+01
5190	2.04959	5.03438	7.13956	-1.258746e+00	2.055337e+01	1.929462e+01
5195	2.04959	4.84926	6.95975	-9.065048e-01	2.014355e+01	1.923705e+01
5200	1.96877	4.99822	6.94926	-8.390299e-01	2.249934e+01	2.166031e+01
5205	1.96877	5.06389	6.8462	-6.832287e-01	1.995713e+01	1.927390e+01
5210	1.96877	5.02938	6.91242	-7.772652e-01	2.189917e+01	2.112190e+01
5215	2.13712	4.93638	7.03183	-1.044790e+00	2.046931e+01	1.942452e+01
5220	2.13712	5.07048	6.99657	-9.741117e-01	2.048602e+01	1.951191e+01
5225	1.90351	5.06046	7.05615	-1.077951e+00	2.124259e+01	2.016464e+01
5230	1.90351	4.95648	6.95483	-8.695454e-01	2.151007e+01	2.064053e+01
5235	2.08874	4.95899	 6.92	-8.053177e-01	2.125532e+01	2.045000e+01
5240	1.85393	4.99927	7.01565	-1.007878e+00	2.067632e+01	1.966844e+01
5245	1.87695	5.16353	7.04854	-1.118952e+00	1.841327e+01	1.729431e+01
5250	2.0795	5.02793	7.01587	-9.798516e-01	2.213797e+01	2.115812e+01
5255	2.0795	4.90344	7.11683	-1.225642e+00	1.992165e+01	1.869600e+01
5260	2.0795	5.0199	7.02459	-9.972176e-01	2.214181e+01	2.114459e+01
5265	2.02685	5.09839	7.01816	-9.911827e-01	2.179937e+01	2.080819e+01
5270	2.02685	5.09252	7.01816	-9.889413e-01	2.191258e+01	2.092364e+01
5275	2.02685	5.04908	6.98695	-9.139051e-01	2.254161e+01	2.162770e+01
5280	2.02685	4.91106	6.98695	-9.249085e-01	2.196981e+01	2.104490e+01
5285	2.02685	5.03126	6.89753	-7.528537e-01	2.163177e+01	2.087891e+01
5290	2.03471	5.07045	7.00837	-9.626125e-01	2.225001e+01	2.128740e+01
5295	2.03471	5.07045	7.00837	-9.626125e-01	2.225001e+01	2.128740e+01
5300	2.00062	4.98493	6.98184	-8.981954e-01	2.280763e+01	2.190943e+01
5305	2.00062	4.92062	6.98184	-9.103435e-01	2.218685e+01	2.127651e+01
5310	2.0317	4.96624	6.98355	-9.053251e-01	2.262111e+01	2.171579e+01
5315	2.0317	5.13647	6.96241	-9.002981e-01	2.075747e+01	1.985717e+01
5320	2.0317	5.03563	7.08666	-1.126284e+00	2.189459e+01	2.076830e+01
5325	2.0317	5.0014	6.9641	-8.662004e-01	2.263472e+01	2.176852e+01
5330	1.93556	4.99751	6.9856	-9.133388e-01	2.241865e+01	2.150531e+01
5335	2.05187	4.94505	6.9856	-9.164411e-01	2.226728e+01	2.135084e+01
5340	1.9574	4.84562	7.05473	-1.100136e+00	1.996067e+01	1.886053e+01
5345	1.9574	5.03445	7.02363	-9.877907e-01	2.251058e+01	2.152279e+01
5350	2.0224	5.06906	6.91054	-7.810268e-01	2.152864e+01	2.074761e+01
5355	2.01882	4.88831	6.93597	-8.392077e-01	2.113910e+01	2.029989e+01
5360	2.11579	5.02333	6.96353	-8.910321e-01	2.133462e+01	2.044359e+01
5365	2.05078	4.94628	6.94316	-8.371143e-01	2.198137e+01	2.114425e+01
5370	2.05078	5.0435	6.86867	-7.141712e-01	2.067121e+01	1.995704e+01
5375	1.94615	5.04952	6.8625	-7.069118e-01	2.040447e+01	1.969756e+01
5380	1.94615	4.9857	6.96504	-8.721337e-01	2.241969e+01	2.154756e+01
5385	2.04015	4.89561	6.98316	-9.253178e-01	2.156572e+01	2.064040e+01
5390	2.04015	5.05382	7.02815	-1.000305e+00	2.234497e+01	2.134466e+01
5395	2.04015	4.9643	7.02815	-9.970601e-01	2.249978e+01	2.150272e+01
5400	2.02637	5.0222	7.03187	-1.001549e+00	2.265444e+01	2.165289e+01
5405	 1.89	4.97965	6.8464	-6.984173e-01	1.918855e+01	1.849014e+01
5410	 1.89	4.93832	7.07979	-1.137529e+00	2.061158e+01	1.947405e+01
5415	2.04215	5.0124	7.07979	-1.109582e+00	2.204555e+01	2.093597e+01
5420	2.04215	4.95835	6.92641	-8.040702e-01	2.195617e+01	2.115210e+01
5425	2.04215	4.98072	7.01389	-9.658734e-01	2.263507e+01	2.166920e+01
5430	1.92401	5.00769	7.01389	-9.732431e-01	2.225470e+01	2.128146e+01
5435	1.86431	5.03187	6.94318	-8.650696e-01	2.056477e+01	1.969970e+01
5440	1.82802	4.95461	6.94318	-8.894858e-01	1.931763e+01	1.842814e+01
5445	2.00725	4.99087	6.94318	-8.264857e-01	2.252044e+01	2.169396e+01
5450	2.00725	4.92116	7.01239	-9.710188e-01	2.221260e+01	2.124158e+01
5455	2.02569	4.80885	6.99876	-1.005323e+00	1.909173e+01	1.808640e+01
5460	2.02569	5.0485	6.99876	-9.369532e-01	2.257144e+01	2.163449e+01
5465	2.02569	4.96259	7.05482	-1.053166e+00	2.236166e+01	2.130849e+01
5470	1.9115	5.15457	6.8623	-7.593648e-01	1.774283e+01	1.698347e+01
5475	1.88186	5.04252	7.01542	-9.962511e-01	2.124701e+01	2.025075e+01
5480	1.97051	4.90507	7.11569	-1.211307e+00	2.051972e+01	1.930841e+01
5485	1.91629	4.87558	7.17906	-1.400627e+00	1.736010e+01	1.595948e+01
5490	1.96917	4.95201	7.01518	-9.707321e-01	2.250950e+01	2.153877e+01
5495	1.96917	4.88109	7.08285	-1.143005e+00	2.064502e+01	1.950201e+01
5500	1.96917	4.98407	7.00185	-9.395201e-01	2.274135e+01	2.180183e+01
5505	1.96917	5.04397	7.00185	-9.428788e-01	2.257860e+01	2.163572e+01
5510	1.96917	4.94973	7.07595	-1.103791e+00	2.193525e+01	2.083146e+01
5515	1.96917	5.08353	7.07595	-1.112691e+00	2.149958e+01	2.038689e+01
5520	1.96917	4.99611	7.01601	-9.678744e-01	2.274311e+01	2.177524e+01
5525	1.96917	5.03151	7.01601	-9.698302e-01	2.264793e+01	2.167810e+01
5530	1.9538	4.95355	7.01601	-9.745265e-01	2.240086e+01	2.142633e+01
5535	2.09306	5.01862	7.04679	-1.049367e+00	2.175192e+01	2.070255e+01
5540	2.09306	5.04324	7.1089	-1.195970e+00	2.062403e+01	1.942806e+01
5545	2.05754	5.05822	7.0517	-1.055546e+00	2.193778e+01	2.088223e+01
5550	1.99695	5.16746	7.11813	-1.253670e+00	1.865793e+01	1.740426e+01
5555	1.99695	4.97766	6.97246	-8.808455e-01	2.273355e+01	2.185271e+01
5560	1.99695	5.0755	7.07998	-1.117578e+00	2.166037e+01	2.054279e+01
5565	1.99695	4.92851	7.01374	-9.714943e-01	2.232505e+01	2.135356e+01
5570	1.84188	5.04163	7.01374	-1.014724e+00	2.014019e+01	1.912546e+01
5575	1.84188	4.98222	7.01903	-1.022820e+00	2.025985e+01	1.923703e+01
5580	1.90435	4.98198	7.01903	-9.911299e-01	2.186592e+01	2.087479e+01
5585	1.97566	4.98697	7.0235	-9.830374e-01	2.273430e+01	2.175126e+01
5590	2.00871	4.98697	7.02334	-9.816584e-01	2.279042e+01	2.180876e+01
5595	2.00871	5.00611	7.07368	-1.091853e+00	2.231911e+01	2.122726e+01
5600	2.11393	4.99551	6.89624	-7.734174e-01	2.046935e+01	1.969594e+01
5605	2.11393	5.04076	7.08785	-1.153810e+00	2.062865e+01	1.947484e+01
5610	2.11393	5.14584	6.99549	-9.929254e-01	1.942931e+01	1.843638e+01
5615	1.97902	5.15992	6.95632	-9.018776e-01	2.005931e+01	1.915743e+01
5620	1.97902	5.02734	7.04423	-1.028153e+00	2.255571e+01	2.152756e+01
5625	1.97902	5.01017	7.05019	-1.039911e+00	2.256415e+01	2.152424e+01
5630	2.02035	4.92607	7.03849	-1.025098e+00	2.212307e+01	2.109797e+01
5635	2.00675	5.07124	7.00724	-9.582359e-01	2.235482e+01	2.139658e+01
5640	1.93736	5.04549	6.93507	-8.239654e-01	2.182976e+01	2.100580e+01
5645	1.98146	4.94568	7.14293	-1.266701e+00	2.048258e+01	1.921588e+01
5650	1.98146	5.03397	7.05503	-1.052510e+00	2.241805e+01	2.136554e+01
5655	1.98146	4.96472	6.9449	-8.324434e-01	2.238786e+01	2.155541e+01
5660	2.06564	5.09803	6.90379	-7.873294e-01	2.053633e+01	1.974900e+01
5665	2.06564	5.01647	6.96422	-8.735649e-01	2.227976e+01	2.140620e+01
5670	2.00981	5.02692	6.96422	-8.660458e-01	2.265618e+01	2.179013e+01
5675	2.00981	4.95005	6.96422	-8.695873e-01	2.246752e+01	2.159794e+01
5680	2.006	4.93674	6.96113	-8.667558e-01	2.229591e+01	2.142916e+01
5685	2.006	5.11024	6.99904	-9.558527e-01	2.164998e+01	2.069413e+01
5690	2.006	5.00926	6.97875	-8.920401e-01	2.280886e+01	2.191682e+01
5695	1.95914	4.93352	6.92917	-8.139509e-01	2.172537e+01	2.091142e+01
5700	1.95914	5.08241	6.92917	-8.186936e-01	2.150457e+01	2.068588e+01
5705	2.10295	5.07225	7.0265	-1.019438e+00	2.121642e+01	2.019698e+01
5710	2.10295	5.08472	6.91537	-8.140196e-01	2.035990e+01	1.954588e+01
5715	1.91554	4.9288	7.05516	-1.074214e+00	2.131910e+01	2.024489e+01
5720	1.97619	4.98649	7.01835	-9.722672e-01	2.275676e+01	2.178449e+01
5725	1.90411	4.96267	7.08391	-1.136484e+00	2.108492e+01	1.994844e+01
5730	1.93756	5.11079	6.87812	-7.516964e-01	1.972934e+01	1.897764e+01
5735	1.93756	5.03541	7.05737	-1.065037e+00	2.201860e+01	2.095356e+01
5740	1.94828	4.91623	7.00025	-9.532806e-01	2.187447e+01	2.092118e+01
5745	2.00057	4.99389	7.05712	-1.054241e+00	2.254127e+01	2.148703e+01
5750	2.00057	4.9603	7.02654	-9.910476e-01	2.263645e+01	2.164541e+01
5755	2.00057	4.90369	6.9305	-8.226063e-01	2.142340e+01	2.060080e+01
5760	2.00057	5.03634	6.9398	-8.228965e-01	2.236673e+01	2.154383e+01
5765	2.00057	5.00749	6.9398	-8.203671e-01	2.248941e+01	2.166904e+01
5770	2.00057	5.07828	6.9398	-8.325118e-01	2.188621e+01	2.105370e+01
5775	2.03194	5.09487	7.00479	-9.630642e-01	2.186795e+01	2.090489e+01
5780	2.06208	5.07434	7.00479	-9.617842e-01	2.193305e+01	2.097127e+01
5785	2.06208	5.00298	7.07099	-1.093187e+00	2.198421e+01	2.089102e+01
5790	2.06208	5.00298	7.07322	-1.098286e+00	2.195204e+01	2.085376e+01
5795	2.06208	5.02021	7.04633	-1.038887e+00	2.223481e+01	2.119592e+01
5800	2.06208	5.01942	6.92786	-8.079932e-01	2.191402e+01	2.110603e+01
5805	2.06208	5.0704	7.03104	-1.015029e+00	2.189745e+01	2.088242e+01
5810	2.05579	5.04472	6.98555	-9.151501e-01	2.233971e+01	2.142456e+01
5815	1.99885	4.9288	7.00588	-9.553725e-01	2.234487e+01	2.138949e+01
5820	1.96526	5.04631	7.10188	-1.164624e+00	2.149177e+01	2.032714e+01
5825	2.05168	5.06956	6.83658	-6.749893e-01	1.940906e+01	1.873407e+01
5830	2.04982	4.96339	6.93084	-8.122922e-01	2.199075e+01	2.117845e+01
5835	2.01618	4.95839	6.93084	-8.086357e-01	2.217146e+01	2.136282e+01
5840	2.13796	5.11052	6.93084	-8.671471e-01	1.924804e+01	1.838090e+01
5845	2.13796	4.93165	7.13486	-1.286900e+00	1.865902e+01	1.737212e+01
5850	1.91464	4.9943	7.00426	-9.565983e-01	2.211871e+01	2.116211e+01
5855	1.91464	4.89541	6.93629	-8.505456e-01	2.058880e+01	1.973825e+01
5860	1.91883	4.87967	6.97426	-9.253813e-01	2.064829e+01	1.972291e+01
5865	1.91883	4.95144	7.06597	-1.091941e+00	2.152015e+01	2.042821e+01
5870	1.91301	4.95548	6.99034	-9.333706e-01	2.187941e+01	2.094604e+01
5875	1.91301	5.02318	6.99034	-9.304814e-01	2.203314e+01	2.110266e+01
5880	1.87834	5.08108	7.04264	-1.065061e+00	2.052811e+01	1.946305e+01
5885	2.02891	5.12131	6.9854	-9.357245e-01	2.129086e+01	2.035513e+01
5890	2.02891	5.0602	6.95488	-8.561510e-01	2.221731e+01	2.136116e+01
5895	1.92117	5.07624	6.9444	-8.524344e-01	2.133715e+01	2.048472e+01
5900	1.92117	4.87707	6.8148	-6.742554e-01	1.720462e+01	1.653036e+01
5905	2.08909	4.96489	7.01465	-9.814660e-01	2.192775e+01	2.094628e+01
5910	2.04417	4.95766	6.95791	-8.602519e-01	2.230503e+01	2.144478e+01
5915	1.95913	5.01141	6.83402	-6.601435e-01	1.987970e+01	1.921956e+01
5920	1.98341	5.04162	6.81168	-6.317092e-01	1.906772e+01	1.843601e+01
5925	2.16983	5.08294	6.89452	-8.161398e-01	1.815180e+01	1.733566e+01
5930	2.17059	4.96593	6.91088	-8.315611e-01	1.901242e+01	1.818086e+01
5935	1.86425	5.00832	6.9872	-9.451229e-01	2.096983e+01	2.002471e+01
5940	2.04971	5.11422	6.9872	-9.391669e-01	2.130073e+01	2.036156e+01
5945	1.93734	5.02497	6.9872	-9.172320e-01	2.238702e+01	2.146979e+01
5950	1.89298	5.04541	6.9872	-9.351625e-01	2.148027e+01	2.054510e+01
5955	1.89298	5.05376	6.99252	-9.472501e-01	2.140906e+01	2.046181e+01
5960	1.98075	5.09799	7.02248	-9.993212e-01	2.182089e+01	2.082157e+01
5965	2.06853	4.97624	7.01524	-9.748577e-01	2.231917e+01	2.134431e+01
5970	1.84465	4.91456	7.04469	-1.089640e+00	1.947272e+01	1.838308e+01
5975	2.08162	5.00041	7.09279	-1.149533e+00	2.134547e+01	2.019594e+01
5980	2.08162	5.02029	7.03353	-1.016855e+00	2.205464e+01	2.103779e+01
5985	1.99894	5.06886	7.16382	-1.324211e+00	1.969995e+01	1.837574e+01
5990	1.97984	5.05828	7.02029	-9.824049e-01	2.244876e+01	2.146635e+01
5995	2.0574	4.88182	7.05414	-1.082059e+00	2.082786e+01	1.974580e+01
6000	1.94406	4.90718	7.02183	-1.001496e+00	2.162053e+01	2.061903e+01
6005	2.0693	5.01084	7.02183	-9.878469e-01	2.233371e+01	2.134586e+01
6010	2.0693	5.05775	7.03593	-1.024112e+00	2.193213e+01	2.090802e+01
6015	1.87892	5.02446	7.01413	-9.925829e-01	2.130007e+01	2.030749e+01
6020	2.05942	5.01917	7.01413	-9.698638e-01	2.246381e+01	2.149394e+01
6025	2.06624	5.03905	6.80418	-6.302755e-01	1.838910e+01	1.775882e+01
6030	1.96023	4.97765	7.02632	-9.915950e-01	2.258475e+01	2.159316e+01
6035	1.96023	4.97831	6.87563	-7.197041e-01	2.107611e+01	2.035640e+01
6040	1.96023	5.08479	7.04979	-1.055491e+00	2.174319e+01	2.068770e+01
6045	1.96023	5.02807	7.16351	-1.318635e+00	1.994156e+01	1.862293e+01
6050	1.96023	5.03657	7.15681	-1.302034e+00	2.010334e+01	1.880130e+01
6055	1.96023	5.07944	6.98504	-9.197245e-01	2.205205e+01	2.113232e+01
6060	1.88492	4.93398	6.98504	-9.391397e-01	2.104715e+01	2.010801e+01
6065	1.91626	4.96607	7.12261	-1.225020e+00	2.052920e+01	1.930418e+01
6070	2.16118	4.99073	7.11813	-1.249713e+00	1.885610e+01	1.760639e+01
6075	1.96126	4.85305	6.91785	-8.287857e-01	1.982281e+01	1.899402e+01
6080	1.96126	5.01008	6.91785	-7.858031e-01	2.201130e+01	2.122550e+01
6085	1.96126	4.94353	6.91785	-7.919769e-01	2.169184e+01	2.089986e+01
6090	1.90413	4.95607	6.9716	-9.004455e-01	2.164547e+01	2.074503e+01
6095	2.06493	4.96186	7.10087	-1.166827e+00	2.128266e+01	2.011583e+01
6100	1.97727	5.1147	7.0006	-9.619500e-01	2.149798e+01	2.053602e+01
6105	2.10015	4.99663	7.03285	-1.021353e+00	2.175737e+01	2.073602e+01
6110	2.07146	4.91975	7.02757	-1.013164e+00	2.162650e+01	2.061333e+01
6115	2.01811	4.97849	7.06326	-1.069512e+00	2.239126e+01	2.132175e+01
6120	2.05031	5.04437	6.93211	-8.158332e-01	2.195121e+01	2.113538e+01
6125	2.05031	4.93477	6.94479	-8.426445e-01	2.186508e+01	2.102244e+01
6130	1.96362	4.93477	6.9356	-8.240554e-01	2.186627e+01	2.104222e+01
6135	2.03722	4.93477	6.92551	-8.068009e-01	2.172451e+01	2.091771e+01
6140	2.03722	4.99951	7.07125	-1.088821e+00	2.222796e+01	2.113914e+01
6145	2.03722	5.01654	6.96028	-8.604358e-01	2.254144e+01	2.168100e+01
6150	1.94743	5.02949	6.96028	-8.643841e-01	2.233605e+01	2.147166e+01
6155	2.09945	4.99145	6.96028	-8.770454e-01	2.170800e+01	2.083096e+01
6160	1.92554	4.95128	6.96028	-8.729550e-01	2.189098e+01	2.101803e+01
6165	1.9197	4.9279	7.01597	-9.891378e-01	2.165214e+01	2.066300e+01
6170	1.89451	5.036	7.01597	-9.906932e-01	2.158322e+01	2.059253e+01
6175	2.03537	5.10605	7.01597	-9.908428e-01	2.159680e+01	2.060596e+01
6180	2.03537	4.99477	6.9838	-9.040873e-01	2.271304e+01	2.180896e+01
6185	1.87984	5.02528	6.98892	-9.416413e-01	2.132283e+01	2.038119e+01
6190	2.00596	4.98062	6.96305	-8.630512e-01	2.268211e+01	2.181906e+01
6195	2.00596	5.03986	7.18202	-1.366958e+00	1.937781e+01	1.801085e+01
6200	2.10788	4.97476	7.04439	-1.050669e+00	2.144200e+01	2.039133e+01
6205	2.10788	4.98235	7.04439	-1.050018e+00	2.147546e+01	2.042544e+01
6210	1.86294	4.99554	6.92511	-8.324572e-01	2.037886e+01	1.954640e+01
6215	2.1783	5.06955	6.92511	-8.680994e-01	1.862108e+01	1.775298e+01
6220	2.16196	4.99849	6.90821	-8.191469e-01	1.937796e+01	1.855882e+01
6225	2.04884	4.99033	6.95044	-8.441601e-01	2.236688e+01	2.152272e+01
6230	1.92502	5.07753	7.06271	-1.089948e+00	2.130374e+01	2.021379e+01
6235	1.92502	5.00222	6.89821	-7.618028e-01	2.123331e+01	2.047150e+01
6240	1.92429	4.9892	7.02697	-1.000487e+00	2.219877e+01	2.119829e+01
6245	1.97022	4.90876	6.87681	-7.357973e-01	2.037565e+01	1.963985e+01
6250	2.10967	4.96609	7.08024	-1.133106e+00	2.090251e+01	1.976940e+01
6255	2.09929	5.02715	6.95161	-8.624963e-01	2.157033e+01	2.070783e+01
6260	2.11588	5.09747	6.92546	-8.412837e-01	2.000642e+01	1.916514e+01
6265	2.11588	5.10598	6.99531	-9.733754e-01	2.039484e+01	1.942147e+01
6270	2.00418	4.91127	6.95532	-8.638069e-01	2.185393e+01	2.099012e+01
6275	2.00418	5.10236	7.07227	-1.109375e+00	2.129913e+01	2.018975e+01
6280	1.96054	4.90316	6.95294	-8.655713e-01	2.151887e+01	2.065330e+01
6285	1.96054	4.99775	7.10615	-1.171373e+00	2.158183e+01	2.041046e+01
6290	2.00525	5.01332	6.96459	-8.655005e-01	2.271805e+01	2.185255e+01
6295	2.0283	4.8858	6.97927	-9.204912e-01	2.141357e+01	2.049308e+01
6300	2.0283	4.99866	6.95002	-8.400406e-01	2.253072e+01	2.169068e+01
6305	2.0283	5.04182	6.95002	-8.435342e-01	2.236074e+01	2.151721e+01
6310	2.0283	5.04085	6.9435	-8.317319e-01	2.229799e+01	2.146626e+01
6315	1.98891	5.03241	6.9435	-8.291399e-01	2.242405e+01	2.159491e+01
6320	1.98891	5.041	7.20295	-1.425289e+00	1.854622e+01	1.712093e+01
6325	1.98891	5.02738	7.01475	-9.650865e-01	2.276126e+01	2.179617e+01
6330	1.88752	4.83728	6.89027	-8.162876e-01	1.765588e+01	1.683960e+01
6335	2.04945	4.98691	7.10363	-1.167370e+00	2.153565e+01	2.036828e+01
6340	2.15685	4.98422	7.10363	-1.211835e+00	1.929495e+01	1.808311e+01
6345	1.95328	5.10225	6.84308	-6.940795e-01	1.909622e+01	1.840214e+01
6350	1.95328	5.08326	7.13677	-1.262590e+00	2.007804e+01	1.881545e+01
6355	2.04795	4.9955	6.91595	-7.840618e-01	2.191359e+01	2.112952e+01
6360	2.01308	4.99605	7.03005	-9.956768e-01	2.276251e+01	2.176683e+01
6365	2.02872	4.88546	7.03005	-1.023192e+00	2.136209e+01	2.033889e+01
6370	1.93343	4.94983	7.0772	-1.113630e+00	2.156206e+01	2.044843e+01
6375	1.93343	4.8977	6.99293	-9.491600e-01	2.133946e+01	2.039030e+01
6380	1.9181	4.9934	6.94915	-8.503756e-01	2.190982e+01	2.105945e+01
6385	2.05986	5.08616	6.98029	-9.167631e-01	2.173042e+01	2.081366e+01
6390	2.05986	5.06361	6.98029	-9.100096e-01	2.206934e+01	2.115933e+01
6395	2.05986	5.09639	6.9665	-8.943952e-01	2.146831e+01	2.057392e+01
6400	2.10339	4.98845	6.89094	-7.607162e-01	2.057335e+01	1.981264e+01
6405	1.98045	4.94887	7.07698	-1.105202e+00	2.196907e+01	2.086387e+01
6410	1.93755	4.94114	7.01838	-9.855743e-01	2.207965e+01	2.109408e+01
6415	1.93755	4.91318	7.00274	-9.617826e-01	2.169636e+01	2.073458e+01
6420	2.05354	4.97998	7.0409	-1.025071e+00	2.237720e+01	2.135213e+01
6425	2.05295	5.02625	7.00889	-9.583231e-01	2.251619e+01	2.155787e+01
6430	2.05295	4.97286	7.00889	-9.584177e-01	2.250564e+01	2.154722e+01
6435	2.05295	5.07503	6.99115	-9.327201e-01	2.202118e+01	2.108846e+01
6440	2.05295	5.04038	7.05812	-1.065264e+00	2.209393e+01	2.102866e+01
6445	1.94564	5.04038	6.93505	-8.211139e-01	2.197174e+01	2.115063e+01
6450	1.98122	4.97175	6.99007	-9.160330e-01	2.273539e+01	2.181935e+01
6455	1.93416	5.05496	7.02863	-1.007000e+00	2.204506e+01	2.103806e+01
6460	1.92452	5.10347	6.88905	-7.689335e-01	1.995994e+01	1.919101e+01
6465	2.01524	5.02758	6.88905	-7.381140e-01	2.151796e+01	2.077985e+01
6470	2.01524	5.06075	6.95339	-8.523754e-01	2.225631e+01	2.140393e+01
6475	2.08083	4.98397	6.95339	-8.581101e-01	2.196290e+01	2.110479e+01
6480	2.01172	4.94956	7.06853	-1.085224e+00	2.212696e+01	2.104173e+01
6485	2.02792	4.96682	7.0219	-9.819140e-01	2.263124e+01	2.164933e+01
6490	2.02792	5.10077	6.95768	-8.742072e-01	2.159335e+01	2.071914e+01
6495	2.03867	5.00204	6.96608	-8.708628e-01	2.259993e+01	2.172906e+01
6500	2.0012	5.0352	6.96608	-8.703449e-01	2.262722e+01	2.175688e+01
6505	2.0012	5.0352	6.96608	-8.703449e-01	2.262722e+01	2.175688e+01
6510	2.0012	5.04888	6.93453	-8.158226e-01	2.219293e+01	2.137711e+01
6515	2.01941	5.02845	6.93453	-8.134137e-01	2.231386e+01	2.150045e+01
6520	2.07145	5.00458	6.93453	-8.212937e-01	2.191658e+01	2.109528e+01
6525	2.07145	4.87941	7.03651	-1.048377e+00	2.074711e+01	1.969873e+01
6530	2.07145	5.04989	7.03651	-1.024269e+00	2.198231e+01	2.095804e+01
6535	2.07145	4.96843	6.97407	-8.950910e-01	2.218392e+01	2.128883e+01
6540	2.21182	5.05697	6.99469	-1.019071e+00	1.803353e+01	1.701446e+01
6545	1.95311	5.04685	7.01507	-9.727850e-01	2.240362e+01	2.143083e+01
6550	1.95311	5.02343	7.02496	-9.900652e-01	2.252898e+01	2.153891e+01
6555	1.99609	4.8932	6.99897	-9.541785e-01	2.170166e+01	2.074748e+01
6560	1.99609	4.95358	6.90434	-7.647224e-01	2.170652e+01	2.094180e+01
6565	1.99609	5.04845	7.05945	-1.064091e+00	2.228266e+01	2.121857e+01
6570	1.98383	4.95273	6.9744	-8.885073e-01	2.253935e+01	2.165085e+01
6575	1.98383	4.98818	7.04251	-1.022847e+00	2.264739e+01	2.162454e+01
6580	1.95691	5.03404	7.04251	-1.028074e+00	2.238473e+01	2.135666e+01
6585	1.94336	4.98297	6.95562	-8.555822e-01	2.230257e+01	2.144699e+01
6590	1.94336	5.00226	6.91823	-7.896642e-01	2.185238e+01	2.106272e+01
6595	1.94336	5.039	7.0474	-1.042161e+00	2.216686e+01	2.112470e+01
6600	1.9995	4.97908	7.0527	-1.045224e+00	2.254754e+01	2.150232e+01
6605	2.04287	5.01106	6.93219	-8.108972e-01	2.220230e+01	2.139140e+01
6610	1.97276	5.18311	7.06301	-1.135897e+00	1.903186e+01	1.789596e+01
6615	1.97276	5.10637	7.02596	-1.010786e+00	2.159425e+01	2.058346e+01
6620	1.97276	4.9864	7.02596	-9.885279e-01	2.270538e+01	2.171685e+01
6625	2.07259	5.02181	7.02596	-9.981643e-01	2.223250e+01	2.123433e+01
6630	2.02126	4.99599	6.9154	-7.794601e-01	2.208862e+01	2.130916e+01
6635	2.02126	4.93634	7.00895	-9.604743e-01	2.240087e+01	2.144040e+01
6640	1.89399	5.03846	7.00895	-9.769023e-01	2.157068e+01	2.059378e+01
6645	1.94037	4.96412	6.98846	-9.202650e-01	2.235401e+01	2.143374e+01
6650	2.07409	5.11083	6.98846	-9.461259e-01	2.107827e+01	2.013215e+01
6655	2.07409	4.96524	7.01721	-9.818160e-01	2.216707e+01	2.118526e+01
6660	2.07507	4.94439	7.02076	-9.932439e-01	2.194667e+01	2.095343e+01
6665	2.07507	4.88362	7.0237	-1.020274e+00	2.087148e+01	1.985121e+01
6670	1.93583	4.99377	7.0237	-9.902282e-01	2.238766e+01	2.139743e+01
6675	2.08519	5.13436	7.00853	-1.001222e+00	2.032929e+01	1.932807e+01
6680	1.99984	5.00003	6.94902	-8.366426e-01	2.259888e+01	2.176224e+01
6685	2.03885	5.01915	6.94902	-8.403952e-01	2.241538e+01	2.157499e+01
6690	2.0902	4.9995	6.97141	-8.941365e-01	2.196996e+01	2.107582e+01
6695	1.8935	4.95313	6.97507	-9.118691e-01	2.141880e+01	2.050693e+01
6700	2.03911	4.96255	6.9887	-9.169118e-01	2.255698e+01	2.164006e+01
6705	2.01613	4.99429	7.05402	-1.047856e+00	2.255148e+01	2.150363e+01
6710	1.83113	5.05998	6.96987	-9.391785e-01	1.952115e+01	1.858198e+01
6715	1.82146	5.12318	6.96987	-9.690512e-01	1.801930e+01	1.705025e+01
6720	2.20407	5.01257	6.96401	-9.476272e-01	1.853224e+01	1.758461e+01
6725	1.79938	4.83053	7.00783	-1.087119e+00	1.585833e+01	1.477121e+01
6730	2.0004	4.93679	6.92181	-7.972395e-01	2.182967e+01	2.103243e+01
6735	1.9194	4.95985	7.03061	-1.012703e+00	2.194615e+01	2.093344e+01
6740	1.84045	5.01029	7.06037	-1.112555e+00	1.991245e+01	1.879989e+01
6745	2.11971	5.02759	7.10024	-1.184170e+00	2.034817e+01	1.916400e+01
6750	2.09866	4.91202	7.10024	-1.188935e+00	2.010050e+01	1.891156e+01
6755	2.07591	5.08018	7.09338	-1.161990e+00	2.078194e+01	1.961995e+01
6760	2.07591	5.00086	7.0954	-1.153919e+00	2.138659e+01	2.023267e+01
6765	2.07591	4.97449	6.92747	-8.116894e-01	2.168435e+01	2.087266e+01
6770	2.07591	4.95425	6.92747	-8.145751e-01	2.153631e+01	2.072173e+01
6775	1.90448	5.05164	7.00979	-9.767619e-01	2.166524e+01	2.068848e+01
6780	2.1266	4.91825	7.00979	-9.986018e-01	2.057178e+01	1.957318e+01
6785	2.12804	4.97474	7.01473	-9.973666e-01	2.113809e+01	2.014072e+01
6790	1.99374	4.95353	6.87563	-7.199885e-01	2.106165e+01	2.034166e+01
6795	1.97375	5.07648	6.87563	-7.286688e-01	2.063925e+01	1.991058e+01
6800	1.97375	4.92295	6.9939	-9.345213e-01	2.218278e+01	2.124826e+01
6805	1.97375	4.90872	6.9939	-9.393107e-01	2.193931e+01	2.100000e+01
6810	1.97375	4.98667	6.97279	-8.821990e-01	2.269805e+01	2.181585e+01
6815	1.94685	4.99887	6.9266	-8.030366e-01	2.202369e+01	2.122065e+01
6820	1.94685	5.06966	6.9266	-8.127397e-01	2.154435e+01	2.073161e+01
6825	1.94391	5.05245	7.09308	-1.148672e+00	2.140608e+01	2.025741e+01
6830	1.94391	5.00061	6.9368	-8.212900e-01	2.213335e+01	2.131206e+01
6835	2.00482	5.05702	7.06549	-1.079519e+00	2.211640e+01	2.103688e+01
6840	2.00637	4.92108	7.0889	-1.139554e+00	2.143973e+01	2.030017e+01
6845	2.00637	4.95019	7.00438	-9.472398e-01	2.260681e+01	2.165957e+01
6850	1.8738	4.92541	6.94431	-8.712007e-01	2.035620e+01	1.948499e+01
6855	1.86283	5.03254	6.94431	-8.679701e-01	2.053255e+01	1.966458e+01
6860	1.87372	5.06715	6.95295	-8.846401e-01	2.057000e+01	1.968536e+01
6865	2.08882	4.97814	6.97003	-8.919985e-01	2.193684e+01	2.104485e+01
6870	2.14953	5.06248	7.02233	-1.031579e+00	2.018905e+01	1.915747e+01
6875	2.15254	5.07158	6.91312	-8.315124e-01	1.925336e+01	1.842185e+01
6880	2.15239	4.97627	6.91312	-8.223010e-01	1.970483e+01	1.888252e+01
6885	2.15239	4.91502	6.91312	-8.356162e-01	1.902549e+01	1.818988e+01
6890	2.05115	5.0306	6.91312	-7.818373e-01	2.174648e+01	2.096465e+01
6895	1.92792	5.02152	7.02278	-9.913131e-01	2.224256e+01	2.125125e+01
6900	1.92792	4.88136	7.01617	-1.004802e+00	2.087683e+01	1.987203e+01
6905	1.92792	5.07295	7.03246	-1.021460e+00	2.170377e+01	2.068231e+01
6910	1.92792	4.99795	7.00483	-9.535172e-01	2.233393e+01	2.138041e+01
6915	2.10517	5.06884	6.99562	-9.562745e-01	2.128581e+01	2.032954e+01
6920	1.98493	5.03298	6.89978	-7.556723e-01	2.171290e+01	2.095723e+01
6925	1.98493	4.99547	6.98862	-9.113899e-01	2.282635e+01	2.191496e+01
6930	2.01324	5.01357	7.02261	-9.803688e-01	2.278565e+01	2.180528e+01
6935	2.07535	4.98377	6.96639	-8.803159e-01	2.215506e+01	2.127474e+01
6940	2.00267	5.00598	6.96113	-8.587720e-01	2.270693e+01	2.184816e+01
6945	2.00267	5.00107	7.05551	-1.050600e+00	2.256335e+01	2.151275e+01
6950	2.00267	4.88832	7.05518	-1.074812e+00	2.129478e+01	2.021997e+01
6955	1.83436	4.97296	7.07857	-1.159219e+00	1.939142e+01	1.823220e+01
6960	1.98884	4.97296	7.0111	-9.575586e-01	2.276626e+01	2.180870e+01
6965	2.03565	5.09094	7.09525	-1.161129e+00	2.101321e+01	1.985209e+01
6970	2.03565	5.03621	7.01798	-9.751661e-01	2.258374e+01	2.160857e+01
6975	2.04107	4.9225	7.04003	-1.032050e+00	2.192960e+01	2.089755e+01
6980	1.97563	5.06581	7.05681	-1.063318e+00	2.205463e+01	2.099132e+01
6985	1.97563	5.06392	6.93228	-8.164990e-01	2.193074e+01	2.111424e+01
6990	1.97563	5.18581	6.95472	-9.171825e-01	1.912741e+01	1.821023e+01
6995	1.97563	5.16866	7.01545	-1.022865e+00	1.992965e+01	1.890679e+01
7000	1.97563	5.03633	7.10781	-1.176096e+00	2.151191e+01	2.033581e+01
7005	1.97563	5.01204	7.0036	-9.421130e-01	2.279146e+01	2.184934e+01
7010	1.97563	5.0694	7.0036	-9.514559e-01	2.232613e+01	2.137467e+01
7015	1.97563	4.90431	6.92306	-8.108627e-01	2.126193e+01	2.045106e+01
7020	1.97563	4.94988	7.06269	-1.072851e+00	2.215733e+01	2.108448e+01
7025	1.97563	4.98833	6.9769	-8.897281e-01	2.273359e+01	2.184387e+01
7030	1.83473	5.0651	7.04535	-1.091330e+00	1.946977e+01	1.837844e+01
7035	2.16644	5.10069	7.01271	-1.034824e+00	1.905778e+01	1.802296e+01
7040	1.95646	5.04449	7.03982	-1.023967e+00	2.232114e+01	2.129717e+01
7045	1.95646	5.04294	7.01946	-9.805486e-01	2.245468e+01	2.147413e+01
7050	1.95646	4.9937	7.01946	-9.769400e-01	2.263186e+01	2.165492e+01
7055	1.95646	4.91905	7.05169	-1.059011e+00	2.173822e+01	2.067921e+01
7060	1.95646	5.11962	7.05169	-1.074525e+00	2.097623e+01	1.990170e+01
7065	1.91929	4.93481	6.92675	-8.191666e-01	2.121424e+01	2.039507e+01
7070	1.91929	5.05184	7.14236	-1.277057e+00	1.990213e+01	1.862508e+01
7075	2.17648	5.06248	7.12178	-1.276715e+00	1.786619e+01	1.658948e+01
7080	1.88519	4.9433	7.08681	-1.154876e+00	2.044503e+01	1.929015e+01
7085	2.01968	5.02736	7.03032	-9.981481e-01	2.266829e+01	2.167015e+01
7090	2.01968	5.06254	6.96742	-8.789703e-01	2.233256e+01	2.145359e+01
7095	1.92933	4.97859	7.00692	-9.582407e-01	2.230411e+01	2.134587e+01
7100	1.95654	5.02699	6.94774	-8.395807e-01	2.232150e+01	2.148192e+01
7105	1.95654	5.14324	6.97594	-9.312482e-01	2.055631e+01	1.962507e+01
7110	2.03643	4.96544	6.97594	-8.914783e-01	2.255126e+01	2.165978e+01
7115	1.99342	5.05609	6.92594	-8.026321e-01	2.199041e+01	2.118778e+01
7120	1.99342	4.97415	6.99792	-9.306726e-01	2.279177e+01	2.186109e+01
7125	1.99342	5.06915	6.95892	-8.642695e-01	2.221370e+01	2.134943e+01
7130	1.99342	4.92947	6.93219	-8.170198e-01	2.187944e+01	2.106242e+01
7135	1.99342	4.9006	6.93524	-8.321170e-01	2.142169e+01	2.058957e+01
7140	1.99342	5.05311	6.93524	-8.179968e-01	2.215420e+01	2.133620e+01
7145	2.08686	5.10652	6.94514	-8.674800e-01	2.066980e+01	1.980232e+01
7150	2.15216	4.98303	7.00769	-9.957780e-01	2.050895e+01	1.951317e+01
7155	2.02139	5.02608	7.06929	-1.083851e+00	2.227969e+01	2.119584e+01
7160	2.02139	5.02092	6.96829	-8.737850e-01	2.267633e+01	2.180255e+01
7165	2.02139	5.02092	6.9755	-8.873863e-01	2.271816e+01	2.183077e+01
7170	2.02139	5.0472	6.93258	-8.130283e-01	2.213852e+01	2.132550e+01
7175	2.02139	5.00443	6.93874	-8.193335e-01	2.243536e+01	2.161603e+01
7180	2.15017	5.00097	6.96905	-9.185292e-01	2.050464e+01	1.958611e+01
7185	2.15017	4.96935	7.06398	-1.116536e+00	2.010164e+01	1.898510e+01
7190	2.17085	4.93832	6.96709	-9.357455e-01	1.943286e+01	1.849712e+01
7195	2.17085	5.0051	7.17219	-1.395516e+00	1.696077e+01	1.556525e+01
7200	1.95867	5.10991	6.9908	-9.427532e-01	2.147473e+01	2.053198e+01
7205	2.0696	4.87141	6.97657	-9.304078e-01	2.064242e+01	1.971201e+01
7210	2.0696	4.9296	6.97657	-9.072493e-01	2.181842e+01	2.091117e+01
7215	2.01398	5.05856	6.92397	-8.001558e-01	2.191876e+01	2.111860e+01
7220	2.00473	5.11524	7.1349	-1.266195e+00	1.971281e+01	1.844662e+01
7225	1.94563	5.00021	6.95575	-8.547210e-01	2.236067e+01	2.150595e+01
7230	1.94563	4.85523	7.07286	-1.137568e+00	1.990446e+01	1.876690e+01
7235	1.98964	4.91194	7.00542	-9.600196e-01	2.206066e+01	2.110064e+01
7240	2.04851	5.00671	6.9477	-8.390612e-01	2.234825e+01	2.150919e+01
7245	1.98705	5.00671	6.83995	-6.649587e-01	2.023841e+01	1.957345e+01
7250	1.98705	5.03437	6.94251	-8.277362e-01	2.239487e+01	2.156713e+01
7255	1.98705	5.02913	7.03029	-9.978471e-01	2.267762e+01	2.167977e+01
7260	1.96402	5.01561	6.88058	-7.261649e-01	2.125524e+01	2.052907e+01
7265	1.94729	4.99405	7.08836	-1.131371e+00	2.180093e+01	2.066956e+01
7270	2.01321	5.01402	7.10156	-1.157902e+00	2.180452e+01	2.064662e+01
7275	2.01321	4.98089	6.98374	-9.024961e-01	2.278370e+01	2.188120e+01
7280	1.89879	4.90948	6.97873	-9.286352e-01	2.093711e+01	2.000848e+01
7285	1.98846	4.92684	7.01592	-9.767214e-01	2.228081e+01	2.130409e+01
7290	1.98846	5.07341	6.94803	-8.459006e-01	2.203984e+01	2.119393e+01
7295	1.94625	4.99307	6.9828	-9.054748e-01	2.253319e+01	2.162772e+01
7300	1.94625	5.00251	6.88821	-7.406011e-01	2.129396e+01	2.055336e+01
7305	1.99705	5.01918	6.99111	-9.165380e-01	2.282264e+01	2.190610e+01
7310	1.9069	5.01609	6.99111	-9.336360e-01	2.195036e+01	2.101673e+01
7315	1.90936	4.97179	6.93369	-8.275916e-01	2.149317e+01	2.066558e+01
7320	2.12501	4.95758	6.92392	-8.276689e-01	2.052570e+01	1.969803e+01
7325	2.01254	5.11728	6.96017	-8.847388e-01	2.131340e+01	2.042867e+01
7330	2.01254	5.04877	6.97793	-8.953011e-01	2.256726e+01	2.167196e+01
7335	2.05461	5.10292	7.09376	-1.165651e+00	2.063587e+01	1.947022e+01
7340	1.94084	5.02063	6.9526	-8.509511e-01	2.223515e+01	2.138420e+01
7345	2.00586	5.04547	6.9526	-8.473039e-01	2.242985e+01	2.158255e+01
7350	2.00586	4.97396	7.07064	-1.086075e+00	2.229873e+01	2.121265e+01
7355	2.00586	5.08101	7.02075	-9.889606e-01	2.217013e+01	2.118117e+01
7360	2.00586	5.02411	7.01134	-9.575664e-01	2.279746e+01	2.183990e+01
7365	2.00586	4.94262	6.95562	-8.552314e-01	2.232123e+01	2.146600e+01
7370	2.00586	5.00037	6.95562	-8.486457e-01	2.266040e+01	2.181175e+01
7375	2.0384	5.04501	7.04837	-1.041830e+00	2.229123e+01	2.124940e+01
7380	2.0384	4.91851	6.86717	-7.192603e-01	2.024396e+01	1.952470e+01
7385	2.0384	5.01088	6.98977	-9.163335e-01	2.270012e+01	2.178378e+01
7390	2.0384	5.0559	6.84464	-6.801469e-01	1.996026e+01	1.928011e+01
7395	2.0384	5.05451	7.00231	-9.469159e-01	2.242851e+01	2.148159e+01
7400	1.88194	5.02337	6.97358	-9.109175e-01	2.132264e+01	2.041172e+01
7405	2.04693	5.07609	6.95152	-8.571263e-01	2.183223e+01	2.097511e+01
7410	2.08439	5.07577	6.97597	-9.122323e-01	2.152537e+01	2.061314e+01
7415	2.08439	4.92214	7.02071	-1.002048e+00	2.149528e+01	2.049323e+01
7420	2.05416	4.95149	6.992	-9.281090e-01	2.232633e+01	2.139822e+01
7425	1.86813	4.98806	6.96844	-9.073465e-01	2.097866e+01	2.007131e+01
7430	1.89374	4.98806	6.96844	-8.951486e-01	2.159709e+01	2.070194e+01
7435	1.89374	4.93313	6.96844	-9.038060e-01	2.115347e+01	2.024966e+01
7440	2.05955	5.02562	6.96089	-8.666387e-01	2.229376e+01	2.142713e+01
7445	1.86498	5.0122	6.96089	-8.949909e-01	2.084069e+01	1.994570e+01
7450	2.08579	4.95492	7.0121	-9.766751e-01	2.190946e+01	2.093278e+01
7455	1.9393	5.07281	6.88431	-7.467551e-01	2.059989e+01	1.985314e+01
7460	1.99392	5.00983	6.973	-8.811236e-01	2.277783e+01	2.189670e+01
7465	1.92633	5.03317	7.08093	-1.121424e+00	2.155138e+01	2.042995e+01
7470	1.92521	4.89064	6.97082	-9.118540e-01	2.098555e+01	2.007369e+01
7475	1.97097	5.02955	6.9771	-8.920730e-01	2.263995e+01	2.174788e+01
7480	1.98835	4.84264	6.99061	-9.645884e-01	2.032413e+01	1.935954e+01
7485	1.97946	4.81226	6.94474	-9.003348e-01	1.892657e+01	1.802623e+01
7490	1.97946	5.07321	6.95943	-8.671120e-01	2.212049e+01	2.125338e+01
7495	1.97946	4.98463	7.03698	-1.011418e+00	2.266432e+01	2.165290e+01
7500	1.97946	4.98023	6.94826	-8.369050e-01	2.250453e+01	2.166763e+01
7505	2.00431	5.12491	7.12583	-1.247969e+00	1.971834e+01	1.847037e+01
7510	1.97231	4.91674	6.89751	-7.648201e-01	2.100392e+01	2.023910e+01
7515	1.88092	4.97405	6.96861	-9.022962e-01	2.124990e+01	2.034760e+01
7520	2.01553	4.93384	6.96861	-8.818284e-01	2.229183e+01	2.141000e+01
7525	2.01553	4.99064	7.06371	-1.069603e+00	2.243333e+01	2.136373e+01
7530	1.97794	5.13727	7.12216	-1.246220e+00	1.943481e+01	1.818859e+01
7535	1.97794	4.97147	7.06858	-1.082569e+00	2.226501e+01	2.118244e+01
7540	1.97794	4.95219	6.85871	-6.962915e-01	2.054597e+01	1.984968e+01
7545	1.97794	5.02097	6.88107	-7.256767e-01	2.133077e+01	2.060509e+01
7550	1.97794	4.93032	6.87914	-7.315828e-01	2.082742e+01	2.009584e+01
7555	2.07337	4.94843	7.12748	-1.236954e+00	2.043207e+01	1.919512e+01
7560	1.91291	4.94991	7.02216	-9.988876e-01	2.178777e+01	2.078888e+01
7565	1.91291	4.94006	7.05903	-1.080785e+00	2.137971e+01	2.029892e+01
7570	1.91291	5.01917	6.96766	-8.867169e-01	2.194898e+01	2.106226e+01
7575	1.91291	5.0005	7.08857	-1.141402e+00	2.131296e+01	2.017156e+01
7580	1.91291	4.96846	6.95256	-8.601793e-01	2.175613e+01	2.089595e+01
7585	1.91291	5.08253	6.98021	-9.233961e-01	2.137375e+01	2.045036e+01
7590	1.91566	5.11038	6.92073	-8.260288e-01	2.028154e+01	1.945551e+01
7595	2.00098	4.91716	6.95837	-8.673413e-01	2.198507e+01	2.111773e+01
7600	2.00098	5.09756	6.95837	-8.726520e-01	2.173943e+01	2.086677e+01
7605	1.98107	5.07235	7.07054	-1.095613e+00	2.181305e+01	2.071744e+01
7610	1.89276	5.01266	6.96307	-8.855835e-01	2.153900e+01	2.065342e+01
7615	2.10212	4.95386	7.10669	-1.194654e+00	2.046655e+01	1.927189e+01
7620	2.10212	5.01806	6.97562	-9.073340e-01	2.173115e+01	2.082382e+01
7625	1.99647	5.05445	7.06231	-1.071733e+00	2.218630e+01	2.111457e+01
7630	2.03943	5.05445	6.87632	-7.256793e-01	2.086448e+01	2.013880e+01
7635	1.90076	5.12293	6.87632	-7.665607e-01	1.879461e+01	1.802805e+01
7640	2.04458	5.0368	6.87632	-7.233242e-01	2.098181e+01	2.025848e+01
7645	1.96348	4.91899	6.96706	-8.854911e-01	2.194385e+01	2.105835e+01
7650	1.8744	4.9595	6.96706	-9.045290e-01	2.097855e+01	2.007402e+01
7655	1.93042	4.94774	6.92699	-8.131965e-01	2.154269e+01	2.072949e+01
7660	2.16781	5.01859	6.92699	-8.550638e-01	1.946073e+01	1.860566e+01
7665	2.06064	5.01918	6.99187	-9.253724e-01	2.245977e+01	2.153439e+01
7670	2.04486	5.01918	6.99187	-9.220422e-01	2.262636e+01	2.170432e+01
7675	2.11812	5.0597	6.9619	-8.951354e-01	2.096636e+01	2.007123e+01
7680	2.08123	5.11075	7.10507	-1.203337e+00	1.987819e+01	1.867486e+01
7685	2.08123	5.0154	6.86068	-7.072453e-01	2.020916e+01	1.950191e+01
7690	2.04337	4.94852	6.92332	-8.008580e-01	2.180502e+01	2.100416e+01
7695	2.04812	5.05841	6.97852	-9.028249e-01	2.225226e+01	2.134944e+01
7700	1.95744	5.0067	6.98361	-9.048803e-01	2.264787e+01	2.174299e+01
7705	2.0453	5.0067	6.98361	-9.053623e-01	2.263204e+01	2.172667e+01
7710	1.97768	4.97024	6.99229	-9.208613e-01	2.271557e+01	2.179471e+01
7715	2.04453	4.97024	7.09824	-1.154916e+00	2.161704e+01	2.046213e+01
7720	2.01381	4.92832	6.9933	-9.307492e-01	2.231744e+01	2.138669e+01
7725	2.06868	4.93122	6.96725	-8.889467e-01	2.180015e+01	2.091120e+01
7730	2.06868	5.05944	7.05568	-1.067469e+00	2.173958e+01	2.067211e+01
7735	1.96291	4.8985	6.9764	-9.106753e-01	2.161403e+01	2.070335e+01
7740	1.98621	5.08855	7.00096	-9.513907e-01	2.206559e+01	2.111420e+01
7745	2.05289	5.11949	6.94723	-8.675785e-01	2.087577e+01	2.000819e+01
7750	1.89099	5.15718	6.96025	-9.302391e-01	1.901649e+01	1.808625e+01
7755	1.91923	5.0014	6.96025	-8.701090e-01	2.203664e+01	2.116653e+01
7760	1.91923	5.0014	6.96025	-8.701090e-01	2.203664e+01	2.116653e+01
7765	2.10535	4.98328	6.96025	-8.798144e-01	2.156489e+01	2.068508e+01
7770	1.91169	5.03633	6.88616	-7.498727e-01	2.062221e+01	1.987234e+01
7775	2.00709	4.96775	6.87596	-7.182719e-01	2.118500e+01	2.046673e+01
7780	2.00709	5.00427	6.92652	-7.973830e-01	2.230750e+01	2.151011e+01
7785	2.10835	5.00427	7.05873	-1.081269e+00	2.134856e+01	2.026729e+01
7790	2.07028	5.09227	6.94687	-8.596931e-01	2.123511e+01	2.037541e+01
7795	1.98495	5.10217	6.9125	-7.950401e-01	2.101956e+01	2.022452e+01
7800	1.89804	5.20997	6.92207	-8.986610e-01	1.675701e+01	1.585834e+01
7805	1.91294	4.90186	6.92207	-8.241184e-01	2.048650e+01	1.966238e+01
7810	1.90793	5.16554	6.97398	-9.544780e-01	1.918343e+01	1.822895e+01
7815	1.93886	5.07461	6.97398	-9.013269e-01	2.186033e+01	2.095900e+01
7820	2.09279	5.07461	6.94176	-8.520602e-01	2.110541e+01	2.025335e+01
7825	1.86081	4.90411	6.94176	-8.808467e-01	1.960795e+01	1.872710e+01
7830	2.06661	4.90411	6.94176	-8.509716e-01	2.113683e+01	2.028586e+01
7835	2.02748	5.05568	6.99131	-9.238863e-01	2.247910e+01	2.155522e+01
7840	2.03346	5.01779	7.00356	-9.434216e-01	2.272730e+01	2.178388e+01
7845	2.10742	5.17789	6.95616	-9.359355e-01	1.833355e+01	1.739761e+01
7850	1.97473	4.80377	6.95616	-9.278591e-01	1.868993e+01	1.776207e+01
7855	1.8737	4.94808	6.98556	-9.422279e-01	2.094352e+01	2.000129e+01
7860	1.99513	4.90066	6.98718	-9.278681e-01	2.183877e+01	2.091090e+01
7865	1.97298	5.07635	6.98718	-9.212039e-01	2.219380e+01	2.127260e+01
7870	2.04371	5.0728	6.90219	-7.713371e-01	2.117667e+01	2.040533e+01
7875	2.01271	4.94776	6.96244	-8.668816e-01	2.242393e+01	2.155705e+01
7880	1.93075	4.9683	7.00109	-9.471759e-01	2.227185e+01	2.132468e+01
7885	2.01365	5.02747	7.00109	-9.374569e-01	2.277730e+01	2.183984e+01
7890	2.12643	5.05231	7.00534	-9.815878e-01	2.099123e+01	2.000964e+01
7895	1.94263	4.96195	7.00534	-9.536206e-01	2.237730e+01	2.142368e+01
7900	1.84684	4.91281	7.14379	-1.324461e+00	1.763738e+01	1.631292e+01
7905	2.03696	4.99974	6.83241	-6.571277e-01	1.987566e+01	1.921853e+01
7910	1.98823	5.00259	7.04514	-1.028054e+00	2.265237e+01	2.162431e+01
7915	2.06011	4.94726	7.04514	-1.040554e+00	2.202190e+01	2.098135e+01
7920	1.94857	4.88764	7.04846	-1.065551e+00	2.107708e+01	2.001153e+01
7925	1.94857	5.03395	6.98684	-9.150144e-01	2.246461e+01	2.154959e+01
7930	1.94857	4.99121	6.9718	-8.840349e-01	2.250309e+01	2.161906e+01
7935	1.92417	4.89176	6.90037	-7.889328e-01	2.006876e+01	1.927982e+01
7940	1.93654	4.87642	7.00577	-9.836001e-01	2.089612e+01	1.991252e+01
7945	1.94832	4.93231	7.03722	-1.025107e+00	2.198771e+01	2.096260e+01
7950	1.86355	4.93231	7.03722	-1.057000e+00	2.036920e+01	1.931220e+01
7955	1.88654	5.05411	6.84195	-6.988668e-01	1.872872e+01	1.802985e+01
7960	2.14703	5.06353	6.84195	-7.185738e-01	1.776072e+01	1.704215e+01
7965	2.00954	4.86363	6.91348	-8.127064e-01	2.019882e+01	1.938611e+01
7970	1.95795	4.86363	6.9661	-9.086335e-01	2.067115e+01	1.976252e+01
7975	1.94915	4.89002	6.9661	-8.972700e-01	2.124714e+01	2.034987e+01
7980	2.09571	5.09598	6.93155	-8.426085e-01	2.055221e+01	1.970960e+01
7985	2.097	5.05184	7.00594	-9.695388e-01	2.165669e+01	2.068715e+01
7990	1.90133	5.10203	7.02325	-1.021277e+00	2.078328e+01	1.976200e+01
7995	2.08015	5.05948	7.02498	-1.004538e+00	2.181563e+01	2.081110e+01
8000	2.08015	5.05327	6.95438	-8.648433e-01	2.173190e+01	2.086706e+01
8005	2.0054	4.97063	6.95438	-8.481033e-01	2.255892e+01	2.171082e+01
8010	1.87179	4.97234	7.17231	-1.371817e+00	1.813939e+01	1.676757e+01
8015	2.0558	5.07039	6.9568	-8.668746e-01	2.187418e+01	2.100730e+01
8020	2.04038	4.98673	7.06533	-1.076201e+00	2.226522e+01	2.118902e+01
8025	1.93778	5.07378	7.06533	-1.091217e+00	2.150450e+01	2.041329e+01
8030	1.93667	4.91364	7.04183	-1.043494e+00	2.152248e+01	2.047899e+01
8035	1.93873	4.91364	7.04183	-1.042979e+00	2.154869e+01	2.050571e+01
8040	1.95473	4.97897	6.91514	-7.830723e-01	2.187134e+01	2.108827e+01
8045	1.98645	4.97897	6.9346	-8.124120e-01	2.236064e+01	2.154823e+01
8050	1.98198	4.97897	6.94877	-8.377273e-01	2.251464e+01	2.167691e+01
8055	2.03476	4.97496	7.05323	-1.049197e+00	2.240377e+01	2.135457e+01
8060	2.00776	5.04286	6.95942	-8.593275e-01	2.251168e+01	2.165235e+01
8065	1.90981	4.97428	7.09825	-1.166802e+00	2.100588e+01	1.983908e+01
8070	2.0211	5.08838	7.08461	-1.133458e+00	2.133295e+01	2.019949e+01
8075	2.04347	4.94049	7.07368	-1.102488e+00	2.177807e+01	2.067558e+01
8080	1.96033	4.90705	7.00886	-9.717013e-01	2.181511e+01	2.084341e+01
8085	1.90751	4.87063	7.0419	-1.071307e+00	2.011796e+01	1.904665e+01
8090	1.98438	5.07317	7.0419	-1.031919e+00	2.213561e+01	2.110370e+01
8095	1.96193	5.06882	7.0419	-1.033094e+00	2.207372e+01	2.104063e+01
8100	1.96708	5.09919	7.0144	-9.844552e-01	2.175343e+01	2.076897e+01
8105	2.00406	5.09087	6.95812	-8.696910e-01	2.186099e+01	2.099130e+01
8110	2.03082	5.07764	7.04762	-1.047138e+00	2.195031e+01	2.090317e+01
8115	2.02811	5.14072	6.93935	-8.606410e-01	2.042916e+01	1.956852e+01
8120	2.00084	5.08284	6.93935	-8.331839e-01	2.180631e+01	2.097313e+01
8125	2.0206	5.08284	6.95535	-8.626550e-01	2.193728e+01	2.107462e+01
8130	2.12557	5.04428	6.98561	-9.404893e-01	2.107160e+01	2.013112e+01
8135	1.92478	4.926	6.80812	-6.455433e-01	1.798429e+01	1.733875e+01
8140	1.92478	4.99018	6.85741	-7.003913e-01	2.020648e+01	1.950608e+01
8145	1.98498	4.95841	6.97775	-8.938037e-01	2.261132e+01	2.171752e+01
8150	1.96464	4.89207	6.95407	-8.715579e-01	2.133032e+01	2.045876e+01
8155	1.96464	4.98184	6.95407	-8.489190e-01	2.248377e+01	2.163485e+01
8160	1.92081	5.00508	6.9665	-8.812388e-01	2.210725e+01	2.122601e+01
8165	1.92081	4.99731	7.00295	-9.518725e-01	2.222542e+01	2.127355e+01
8170	1.93712	4.99731	6.90956	-7.767950e-01	2.162377e+01	2.084698e+01
8175	1.9594	4.99731	7.01626	-9.697690e-01	2.267188e+01	2.170211e+01
8180	2.1363	5.04915	7.01451	-1.004825e+00	2.074540e+01	1.974057e+01
8185	2.08311	5.12546	6.8952	-7.910719e-01	1.948343e+01	1.869236e+01
8190	1.96048	5.04788	7.03576	-1.015188e+00	2.235451e+01	2.133933e+01
8195	2.1492	5.00106	7.03576	-1.052004e+00	2.050995e+01	1.945794e+01
8200	2.13641	5.01669	7.03576	-1.045254e+00	2.084997e+01	1.980472e+01
8205	1.9307	5.0365	6.90075	-7.668696e-01	2.124097e+01	2.047410e+01
8210	2.05167	5.00354	6.86418	-7.040149e-01	2.072202e+01	2.001800e+01
8215	2.00682	4.97909	7.02698	-9.897917e-01	2.274725e+01	2.175746e+01
8220	2.00518	5.04614	7.05413	-1.051843e+00	2.236481e+01	2.131297e+01
8225	2.0274	5.07146	7.05413	-1.059247e+00	2.199570e+01	2.093645e+01
8230	2.10133	4.97899	6.9552	-8.692280e-01	2.158817e+01	2.071894e+01
8235	2.10133	4.89027	7.01463	-1.007706e+00	2.059680e+01	1.958910e+01
8240	1.94679	4.84921	6.94631	-8.829285e-01	1.996500e+01	1.908207e+01
8245	1.99576	4.87738	7.05738	-1.084855e+00	2.100807e+01	1.992322e+01
8250	1.93166	5.05924	6.99174	-9.333727e-01	2.203448e+01	2.110111e+01
8255	1.93166	4.9406	6.99174	-9.334108e-01	2.201856e+01	2.108515e+01
8260	1.94942	5.00985	6.9976	-9.339206e-01	2.259511e+01	2.166119e+01
8265	2.04826	5.01285	7.02134	-9.819913e-01	2.257880e+01	2.159681e+01
8270	2.08237	4.88671	7.02134	-1.016240e+00	2.083851e+01	1.982227e+01
8275	1.99622	5.01587	7.02134	-9.775344e-01	2.279916e+01	2.182162e+01
8280	1.99622	5.00901	6.88985	-7.375579e-01	2.161946e+01	2.088190e+01
8285	1.99087	5.00901	6.88985	-7.376960e-01	2.161196e+01	2.087426e+01
8290	2.02294	5.00526	6.94221	-8.256096e-01	2.247008e+01	2.164447e+01
8295	2.08493	5.00526	7.06659	-1.089933e+00	2.170625e+01	2.061631e+01
8300	2.05628	4.92223	7.15731	-1.315933e+00	1.945508e+01	1.813915e+01
8305	2.06169	4.91103	6.85917	-7.148542e-01	1.965911e+01	1.894426e+01
8310	2.00682	4.87742	6.85917	-7.215580e-01	1.931118e+01	1.858962e+01
8315	1.97884	5.11138	6.95843	-8.794332e-01	2.140210e+01	2.052267e+01
8320	1.98776	5.10973	6.95843	-8.781061e-01	2.146979e+01	2.059168e+01
8325	1.90861	4.9881	6.95843	-8.707122e-01	2.182019e+01	2.094948e+01
8330	1.97091	5.12103	6.95419	-8.769615e-01	2.109762e+01	2.022066e+01
8335	2.12599	5.00784	6.95419	-8.778408e-01	2.105562e+01	2.017778e+01
8340	1.90769	5.00784	6.95419	-8.631371e-01	2.177528e+01	2.091214e+01
8345	2.08205	5.03245	7.03606	-1.023702e+00	2.196540e+01	2.094170e+01
8350	1.98918	5.07467	7.03606	-1.019516e+00	2.217218e+01	2.115267e+01
8355	2.10699	5.02465	6.95582	-8.730570e-01	2.146194e+01	2.058888e+01
8360	1.97823	5.00432	7.12627	-1.218821e+00	2.122250e+01	2.000367e+01
8365	1.9315	5.00432	6.96205	-8.698094e-01	2.223578e+01	2.136597e+01
8370	2.09359	4.98231	6.86642	-7.200727e-01	2.014596e+01	1.942588e+01
8375	2.03077	4.98231	7.07261	-1.091689e+00	2.221846e+01	2.112678e+01
8380	1.96772	5.06356	6.90113	-7.653786e-01	2.136200e+01	2.059662e+01
8385	1.86155	5.06053	6.90113	-8.008801e-01	1.955878e+01	1.875790e+01
8390	2.0301	5.06053	6.93839	-8.269052e-01	2.202694e+01	2.120004e+01
8395	1.94757	4.88944	7.10437	-1.193868e+00	2.025169e+01	1.905783e+01
8400	2.1704	5.0177	7.10437	-1.222623e+00	1.883485e+01	1.761222e+01
8405	2.03314	4.89119	7.08612	-1.146343e+00	2.081424e+01	1.966790e+01
8410	2.05321	5.05595	7.01808	-9.821299e-01	2.224597e+01	2.126384e+01
8415	2.10124	5.01607	7.01808	-9.912225e-01	2.178661e+01	2.079539e+01
8420	1.89885	4.98982	7.04952	-1.058021e+00	2.157216e+01	2.051414e+01
8425	1.89885	4.93297	6.94312	-8.555528e-01	2.102916e+01	2.017360e+01
8430	2.046	4.96353	6.98739	-9.153855e-01	2.250254e+01	2.158716e+01
8435	2.2028	5.07189	6.96161	-9.521647e-01	1.806875e+01	1.711658e+01
8440	2.00312	5.00208	7.04678	-1.031365e+00	2.265199e+01	2.162063e+01
8445	1.9867	5.02269	7.04678	-1.032719e+00	2.258435e+01	2.155163e+01
8450	1.94653	4.92423	7.07499	-1.111841e+00	2.142725e+01	2.031541e+01
8455	2.09589	5.05089	7.05141	-1.065070e+00	2.142672e+01	2.036165e+01
8460	2.02839	4.92653	6.99361	-9.331148e-01	2.223081e+01	2.129769e+01
8465	2.02366	5.01302	6.99361	-9.221660e-01	2.279307e+01	2.187091e+01
8470	1.94707	4.8798	7.08625	-1.155273e+00	2.036691e+01	1.921164e+01
8475	1.95232	5.04356	7.08625	-1.129114e+00	2.170347e+01	2.057435e+01
8480	1.97759	5.04356	7.08625	-1.125572e+00	2.188453e+01	2.075896e+01
8485	2.05842	5.04356	7.08625	-1.131394e+00	2.159824e+01	2.046684e+01
8490	2.05296	5.17383	7.08625	-1.186815e+00	1.881655e+01	1.762974e+01
8495	1.99845	4.91321	7.08646	-1.136348e+00	2.135304e+01	2.021670e+01
8500	2.12271	5.01502	6.85295	-7.131199e-01	1.914059e+01	1.842747e+01
8505	2.06148	4.99001	6.99736	-9.358945e-01	2.247987e+01	2.154398e+01
8510	2.01193	4.88015	6.94958	-8.666631e-01	2.112721e+01	2.026054e+01
8515	2.01193	4.85663	6.94958	-8.790470e-01	2.049917e+01	1.962012e+01
8520	2.05095	5.04751	6.94958	-8.473587e-01	2.212648e+01	2.127913e+01
8525	2.00756	5.01865	7.12869	-1.224702e+00	2.117384e+01	1.994914e+01
8530	2.0516	5.03056	7.12869	-1.231085e+00	2.085158e+01	1.962049e+01
8535	2.08521	4.96964	6.91265	-7.903201e-01	2.126464e+01	2.047432e+01
8540	1.97883	5.04144	7.10276	-1.164361e+00	2.159428e+01	2.042992e+01
8545	2.01065	5.04144	7.14952	-1.280809e+00	2.044336e+01	1.916255e+01
8550	1.9878	4.95378	6.89127	-7.441606e-01	2.142266e+01	2.067850e+01
8555	1.90383	5.01982	6.95532	-8.673192e-01	2.167998e+01	2.081266e+01
8560	2.04562	5.02069	7.08091	-1.113342e+00	2.197033e+01	2.085698e+01
8565	2.05834	5.02069	6.95005	-8.461592e-01	2.223060e+01	2.138444e+01
8570	1.9686	4.92362	7.03332	-1.015897e+00	2.205958e+01	2.104368e+01
8575	1.9686	4.92362	7.01091	-9.691040e-01	2.215674e+01	2.118763e+01
8580	1.96912	5.07522	6.8787	-7.334504e-01	2.070793e+01	1.997448e+01
8585	2.01582	5.14153	6.97458	-9.244191e-01	2.076931e+01	1.984489e+01
8590	2.04265	5.14153	6.97458	-9.275565e-01	2.061340e+01	1.968585e+01
8595	2.02791	5.14153	6.97458	-9.254762e-01	2.071705e+01	1.979157e+01
8600	2.02791	5.14153	6.98765	-9.506178e-01	2.076827e+01	1.981765e+01
8605	1.96069	4.93105	6.88337	-7.399447e-01	2.083111e+01	2.009116e+01
8610	1.96403	4.93105	6.86029	-7.051111e-01	2.025622e+01	1.955111e+01
8615	1.90151	5.07309	6.91121	-8.016661e-01	2.054311e+01	1.974145e+01
8620	1.9745	4.97278	6.91121	-7.743663e-01	2.191407e+01	2.113970e+01
8625	2.1008	4.88068	6.91121	-8.203798e-01	1.960148e+01	1.878110e+01
8630	1.99351	5.00615	6.92624	-7.969152e-01	2.230093e+01	2.150402e+01
8635	1.96022	5.00615	7.21462	-1.457994e+00	1.807731e+01	1.661932e+01
8640	1.96022	5.0478	7.04043	-1.025263e+00	2.231766e+01	2.129240e+01
8645	1.99086	4.99727	6.85522	-6.859454e-01	2.072203e+01	2.003609e+01
8650	1.94539	4.99727	6.93976	-8.261590e-01	2.218618e+01	2.136002e+01
8655	2.08784	4.99727	6.96612	-8.833808e-01	2.197746e+01	2.109408e+01
8660	1.98238	4.92154	6.96612	-8.808651e-01	2.208386e+01	2.120299e+01
8665	1.98238	4.92154	6.99416	-9.347277e-01	2.220000e+01	2.126527e+01
8670	1.88129	4.86891	6.91624	-8.424691e-01	1.896301e+01	1.812055e+01
8675	2.16098	4.98277	6.929	-8.539051e-01	1.971679e+01	1.886288e+01
8680	2.01667	5.09829	6.929	-8.213599e-01	2.136188e+01	2.054052e+01
8685	1.97617	4.85297	6.97356	-9.262970e-01	2.053421e+01	1.960791e+01
8690	1.92047	4.78632	6.98031	-9.987605e-01	1.754394e+01	1.654518e+01
8695	2.01311	5.02862	6.98031	-8.967763e-01	2.273121e+01	2.183444e+01
8700	1.91896	5.03209	6.98031	-9.099877e-01	2.205555e+01	2.114556e+01
8705	2.02641	5.03209	6.98031	-8.982475e-01	2.265862e+01	2.176037e+01
8710	1.91145	5.03209	6.95368	-8.627908e-01	2.174597e+01	2.088318e+01
8715	1.97782	4.96764	6.95368	-8.481280e-01	2.248390e+01	2.163577e+01
8720	1.92641	4.96764	6.95368	-8.579737e-01	2.198183e+01	2.112386e+01
8725	1.92641	5.03841	6.99473	-9.366885e-01	2.216618e+01	2.122949e+01
8730	2.06339	5.07525	6.9984	-9.495790e-01	2.190450e+01	2.095492e+01
8735	2.14425	4.95017	7.091	-1.178556e+00	1.969944e+01	1.852088e+01
8740	1.95791	5.04405	7.07921	-1.111796e+00	2.186735e+01	2.075555e+01
8745	1.97679	5.04405	6.97479	-8.892125e-01	2.255373e+01	2.166452e+01
8750	2.07661	4.88607	6.97479	-9.219553e-01	2.089134e+01	1.996939e+01
8755	2.04663	5.08551	6.97479	-9.032266e-01	2.185710e+01	2.095387e+01
8760	1.99153	4.84548	6.9825	-9.469215e-01	2.039753e+01	1.945060e+01
8765	1.88868	4.96849	6.9825	-9.257931e-01	2.146866e+01	2.054287e+01
8770	2.01876	4.95061	7.00667	-9.524211e-01	2.257856e+01	2.162614e+01
8775	1.9592	4.95061	6.97284	-8.887667e-01	2.236581e+01	2.147704e+01
8780	1.99617	4.89102	6.94129	-8.466537e-01	2.129854e+01	2.045189e+01
8785	1.97694	4.97813	7.05513	-1.051750e+00	2.246134e+01	2.140959e+01
8790	2.00205	5.09881	6.94084	-8.416230e-01	2.153456e+01	2.069294e+01
8795	1.99707	5.09881	6.81253	-6.482893e-01	1.832393e+01	1.767564e+01
8800	2.13212	4.95532	7.09913	-1.190218e+00	1.992994e+01	1.873972e+01
8805	1.83233	4.94721	6.97538	-9.471737e-01	1.966069e+01	1.871351e+01
8810	1.96103	4.9421	7.0094	-9.621218e-01	2.235785e+01	2.139572e+01
8815	2.05851	5.11581	6.98514	-9.377920e-01	2.116288e+01	2.022509e+01
8820	2.08046	4.97765	6.98514	-9.180711e-01	2.214476e+01	2.122668e+01
8825	1.9667	4.97765	7.12046	-1.206565e+00	2.124982e+01	2.004326e+01
8830	1.93932	5.00184	6.92431	-8.008437e-01	2.190174e+01	2.110089e+01
8835	1.95535	4.98981	7.09138	-1.137046e+00	2.181926e+01	2.068222e+01
8840	2.11364	4.98981	7.09949	-1.178222e+00	2.057303e+01	1.939481e+01
8845	2.04369	5.09731	6.99138	-9.390751e-01	2.172584e+01	2.078676e+01
8850	1.87088	5.03432	7.05947	-1.095119e+00	2.070550e+01	1.961038e+01
8855	1.8743	4.94517	6.94645	-8.696498e-01	2.065338e+01	1.978373e+01
8860	1.9461	4.94517	7.08286	-1.124669e+00	2.157687e+01	2.045220e+01
8865	2.0665	4.90756	7.08286	-1.138779e+00	2.087184e+01	1.973306e+01
8870	2.03263	5.01638	6.9913	-9.188264e-01	2.272955e+01	2.181073e+01
8875	1.98999	5.01638	6.9913	-9.168975e-01	2.282283e+01	2.190593e+01
8880	2.03169	5.01638	6.97674	-8.905170e-01	2.268675e+01	2.179623e+01
8885	1.98775	5.01638	7.0083	-9.509773e-01	2.282044e+01	2.186946e+01
8890	1.98775	5.01638	7.03914	-1.015591e+00	2.267660e+01	2.166101e+01
8895	2.12935	5.16971	7.03914	-1.105821e+00	1.814424e+01	1.703842e+01
8900	2.14129	5.0115	6.95297	-8.839500e-01	2.062488e+01	1.974093e+01
8905	1.90734	5.0075	6.9342	-8.277473e-01	2.154128e+01	2.071353e+01
8910	2.08368	4.99694	7.06552	-1.087053e+00	2.174256e+01	2.065551e+01
8915	2.06572	4.8914	7.06294	-1.099436e+00	2.084276e+01	1.974332e+01
8920	2.06425	5.11486	7.07025	-1.118408e+00	2.064605e+01	1.952764e+01
8925	2.06425	5.10008	6.96304	-8.904993e-01	2.131620e+01	2.042570e+01
8930	2.06425	5.07111	6.96304	-8.805826e-01	2.181341e+01	2.093282e+01
8935	2.06425	5.04303	7.01591	-9.776934e-01	2.225108e+01	2.127338e+01
8940	1.78963	4.99583	6.8923	-8.297536e-01	1.719048e+01	1.636073e+01
8945	1.89919	4.99583	6.8923	-7.615689e-01	2.064428e+01	1.988271e+01
8950	1.94895	4.99583	7.00551	-9.497208e-01	2.259526e+01	2.164554e+01
8955	1.86323	5.06698	7.00551	-9.908607e-01	2.051803e+01	1.952717e+01
8960	1.79797	5.04045	7.04685	-1.116390e+00	1.834922e+01	1.723283e+01
8965	1.96692	4.87814	7.04685	-1.063372e+00	2.102503e+01	1.996166e+01
8970	1.91672	4.89799	7.04685	-1.066169e+00	2.088127e+01	1.981510e+01
8975	1.91033	5.08774	7.04685	-1.062962e+00	2.106387e+01	2.000091e+01
8980	1.85519	5.04729	7.10112	-1.202505e+00	1.949228e+01	1.828978e+01
8985	2.00987	4.8727	7.00855	-9.832586e-01	2.120171e+01	2.021845e+01
8990	2.01045	4.97363	6.98487	-9.052081e-01	2.275958e+01	2.185437e+01
8995	2.00284	5.02284	7.11853	-1.199619e+00	2.141353e+01	2.021391e+01
9000	2.02953	4.94663	6.91353	-7.828632e-01	2.172265e+01	2.093979e+01
9005	1.95118	4.94663	6.99169	-9.273896e-01	2.232068e+01	2.139329e+01
9010	1.84742	4.94663	6.94594	-8.833891e-01	1.990600e+01	1.902261e+01
9015	1.93109	5.04891	6.89733	-7.634275e-01	2.107083e+01	2.030741e+01
9020	2.06461	4.93596	6.92801	-8.163429e-01	2.149871e+01	2.068236e+01
9025	2.09427	4.93596	6.9204	-8.128403e-01	2.091411e+01	2.010127e+01
9030	1.89767	4.95774	7.10715	-1.195171e+00	2.046996e+01	1.927478e+01
9035	2.01187	4.85613	7.10715	-1.212333e+00	1.960263e+01	1.839030e+01
9040	1.97855	4.86302	7.10165	-1.195818e+00	1.987845e+01	1.868263e+01
9045	1.97855	4.86302	7.10165	-1.195818e+00	1.987845e+01	1.868263e+01
9050	2.06338	5.01258	7.07245	-1.097149e+00	2.193293e+01	2.083578e+01
9055	2.06338	5.02297	7.0921	-1.143666e+00	2.157265e+01	2.042899e+01
9060	2.09375	5.02297	6.93457	-8.297377e-01	2.149998e+01	2.067024e+01
9065	2.02921	5.16803	6.93457	-8.692829e-01	1.951226e+01	1.864298e+01
9070	2.02921	5.09978	6.9457	-8.523152e-01	2.148814e+01	2.063583e+01
9075	1.98416	5.01174	6.93702	-8.161504e-01	2.241979e+01	2.160364e+01
9080	2.00597	4.96226	7.00418	-9.447148e-01	2.271546e+01	2.177075e+01
9085	2.00105	4.97223	7.14689	-1.271874e+00	2.062671e+01	1.935484e+01
9090	1.97478	4.97223	6.91503	-7.807126e-01	2.197994e+01	2.119923e+01
9095	2.09742	4.9151	7.02207	-1.011921e+00	2.113777e+01	2.012585e+01
9100	1.86856	5.092	7.14899	-1.327264e+00	1.804361e+01	1.671634e+01
9105	1.95697	4.99173	6.8611	-6.980220e-01	2.070237e+01	2.000435e+01
9110	2.17423	5.0608	7.05234	-1.111667e+00	1.918002e+01	1.806836e+01
9115	1.96519	4.88698	6.86883	-7.334387e-01	1.968464e+01	1.895120e+01
9120	1.98192	5.09018	6.86883	-7.223896e-01	2.026881e+01	1.954642e+01
9125	2.01839	5.14805	6.83738	-7.055581e-01	1.795004e+01	1.724448e+01
9130	2.01914	4.98314	6.99609	-9.269221e-01	2.280007e+01	2.187314e+01
9135	1.93632	4.89523	7.04045	-1.047632e+00	2.117165e+01	2.012402e+01
9140	2.00207	5.08223	7.04045	-1.031098e+00	2.203323e+01	2.100214e+01
9145	2.00207	5.08223	7.02336	-9.947395e-01	2.214155e+01	2.114681e+01
9150	2.06701	5.02354	7.09898	-1.161054e+00	2.139070e+01	2.022965e+01
9155	1.89947	5.14749	6.95921	-9.188749e-01	1.948554e+01	1.856666e+01
9160	1.89026	5.01762	6.95083	-8.645978e-01	2.136143e+01	2.049683e+01
9165	2.01509	4.98411	7.08213	-1.112121e+00	2.214829e+01	2.103617e+01
9170	2.03677	4.98411	6.98098	-8.992865e-01	2.266859e+01	2.176931e+01
9175	1.87317	5.00158	7.01415	-9.942774e-01	2.121291e+01	2.021864e+01
9180	2.01441	5.00158	7.01415	-9.625209e-01	2.282982e+01	2.186730e+01
9185	2.06717	5.00158	7.01161	-9.659249e-01	2.240666e+01	2.144073e+01
9190	2.0075	5.00158	6.94483	-8.292653e-01	2.254838e+01	2.171912e+01
9195	1.99857	5.08698	6.85385	-6.989560e-01	1.993924e+01	1.924028e+01
9200	1.99857	5.03416	7.10753	-1.173930e+00	2.159513e+01	2.042120e+01
9205	1.91543	5.03405	6.83778	-6.782195e-01	1.935023e+01	1.867201e+01
9210	2.16975	5.0535	6.95846	-9.171329e-01	1.951326e+01	1.859613e+01
9215	1.87966	5.02852	6.96612	-8.985308e-01	2.119567e+01	2.029714e+01
9220	2.10496	4.88233	6.90613	-8.130114e-01	1.946078e+01	1.864777e+01
9225	1.88179	4.88233	6.88994	-7.931499e-01	1.879519e+01	1.800204e+01
9230	2.02526	5.19824	7.04399	-1.105122e+00	1.866932e+01	1.756420e+01
9235	2.02526	5.04778	7.04415	-1.031440e+00	2.238789e+01	2.135645e+01
9240	2.00112	4.91341	7.04415	-1.040596e+00	2.190966e+01	2.086906e+01
9245	1.9806	5.06986	7.01406	-9.724301e-01	2.232433e+01	2.135190e+01
9250	1.9806	4.94724	6.95059	-8.457861e-01	2.228785e+01	2.144206e+01
9255	2.07276	5.04344	6.95059	-8.538286e-01	2.190334e+01	2.104951e+01
9260	2.09069	5.13624	6.95059	-8.930392e-01	1.993207e+01	1.903903e+01
9265	2.09069	5.02994	6.95059	-8.577071e-01	2.170849e+01	2.085078e+01
9270	2.03647	5.06502	6.95059	-8.505800e-01	2.206643e+01	2.121585e+01
9275	1.87985	4.95436	6.86669	-7.353550e-01	1.937037e+01	1.863502e+01
9280	1.92191	4.91005	7.03748	-1.039543e+00	2.128002e+01	2.024048e+01
9285	1.92574	5.10321	7.03748	-1.043493e+00	2.110253e+01	2.005903e+01
9290	1.97098	5.19905	7.07241	-1.169631e+00	1.828099e+01	1.711136e+01
9295	2.03047	5.03753	7.07241	-1.093378e+00	2.211601e+01	2.102263e+01
9300	2.03071	5.01747	6.87623	-7.190007e-01	2.118398e+01	2.046498e+01
9305	2.04447	4.97684	6.88551	-7.356657e-01	2.127727e+01	2.054161e+01
9310	2.04447	4.95364	6.88551	-7.388921e-01	2.111165e+01	2.037275e+01
9315	2.16619	4.95364	7.01392	-1.021164e+00	1.985529e+01	1.883412e+01
9320	1.99683	5.0814	7.01392	-9.748971e-01	2.218864e+01	2.121374e+01
9325	1.91305	4.90998	7.00443	-9.736347e-01	2.126586e+01	2.029222e+01
9330	1.93841	4.97292	6.9311	-8.141561e-01	2.191348e+01	2.109933e+01
9335	2.1664	5.03095	6.93065	-8.616157e-01	1.950254e+01	1.864092e+01
9340	2.12083	5.11909	6.99741	-9.857973e-01	1.998155e+01	1.899575e+01
9345	2.06078	4.96216	7.04769	-1.043587e+00	2.212822e+01	2.108463e+01
9350	2.05463	4.9687	7.04769	-1.041262e+00	2.224574e+01	2.120448e+01
9355	1.8889	4.95214	7.04769	-1.062604e+00	2.115033e+01	2.008773e+01
9360	1.88536	4.95214	7.04769	-1.064199e+00	2.106947e+01	2.000527e+01
9365	2.01425	5.06342	7.04769	-1.041785e+00	2.222412e+01	2.118233e+01
9370	2.14629	4.89873	7.0748	-1.157496e+00	1.911864e+01	1.796114e+01
9375	2.09337	4.85362	7.04906	-1.096637e+00	1.958358e+01	1.848694e+01
9380	1.99298	5.11546	6.8893	-7.632644e-01	2.028065e+01	1.951738e+01
9385	1.99298	4.94236	6.8893	-7.432463e-01	2.126816e+01	2.052492e+01
9390	1.99298	4.87819	6.96623	-8.979146e-01	2.123029e+01	2.033237e+01
9395	1.98759	4.81112	6.81033	-6.976659e-01	1.556859e+01	1.487092e+01
9400	1.95484	5.00538	7.05103	-1.044811e+00	2.239887e+01	2.135406e+01
9405	1.88587	4.97567	6.9862	-9.334151e-01	2.145798e+01	2.052456e+01
9410	2.01111	4.94205	6.88945	-7.437007e-01	2.126222e+01	2.051852e+01
9415	1.85896	4.93435	7.16174	-1.357605e+00	1.778221e+01	1.642461e+01
9420	1.80638	4.93435	6.81341	-7.134598e-01	1.507942e+01	1.436596e+01
9425	1.93066	4.9893	6.9312	-8.151082e-01	2.187593e+01	2.106082e+01
9430	2.10325	5.06587	6.97393	-9.126267e-01	2.129837e+01	2.038574e+01
9435	1.90457	4.91928	6.98792	-9.407710e-01	2.125542e+01	2.031465e+01
9440	1.94596	4.92606	6.9797	-9.104008e-01	2.196293e+01	2.105253e+01
9445	1.86215	5.02974	6.94772	-8.740831e-01	2.056860e+01	1.969451e+01
9450	2.06766	5.02974	6.96454	-8.759275e-01	2.219579e+01	2.131986e+01
9455	1.90332	5.12256	7.02147	-1.025994e+00	2.036765e+01	1.934166e+01
9460	2.06999	5.05518	7.03477	-1.021248e+00	2.195963e+01	2.093838e+01
9465	2.09268	4.87333	6.9629	-9.112277e-01	2.023819e+01	1.932696e+01
9470	1.99586	4.99908	6.9629	-8.619938e-01	2.272182e+01	2.185982e+01
9475	1.99586	4.8987	6.9629	-8.825168e-01	2.167399e+01	2.079147e+01
9480	2.08515	4.8987	6.94676	-8.676164e-01	2.080293e+01	1.993532e+01
9485	2.13977	5.11691	7.01677	-1.033913e+00	1.951324e+01	1.847932e+01
9490	1.99777	5.06427	7.01677	-9.757797e-01	2.243034e+01	2.145456e+01
9495	2.08037	5.02556	7.01677	-9.817329e-01	2.213360e+01	2.115187e+01
9500	2.06051	5.0769	7.01677	-9.866576e-01	2.188860e+01	2.090195e+01
9505	1.95686	5.06492	7.01677	-9.796576e-01	2.223081e+01	2.125115e+01
9510	1.89124	5.04612	6.95526	-8.758380e-01	2.124702e+01	2.037118e+01
9515	2.00582	5.02666	6.99277	-9.205254e-01	2.279029e+01	2.186977e+01
9520	1.9623	5.02666	6.93538	-8.167701e-01	2.222374e+01	2.140697e+01
9525	2.04272	5.02666	6.94325	-8.314126e-01	2.228806e+01	2.145665e+01
9530	2.06597	5.05259	6.94325	-8.405760e-01	2.183077e+01	2.099020e+01
9535	1.95801	5.05259	7.04828	-1.043670e+00	2.218152e+01	2.113786e+01
9540	2.00313	5.05259	7.08297	-1.118666e+00	2.190555e+01	2.078688e+01
9545	2.00313	4.99668	7.01574	-9.654105e-01	2.284271e+01	2.187730e+01
9550	2.01492	4.95059	6.92243	-7.956194e-01	2.197697e+01	2.118135e+01
9555	1.95055	5.08859	6.95946	-8.761994e-01	2.166323e+01	2.078703e+01
9560	2.0779	4.98697	6.95946	-8.680906e-01	2.207294e+01	2.120485e+01
9565	1.87371	5.05872	6.8398	-7.031157e-01	1.829520e+01	1.759209e+01
9570	1.94321	4.95976	7.04464	-1.036355e+00	2.217313e+01	2.113678e+01
9575	1.94321	4.95976	7.00735	-9.579066e-01	2.236409e+01	2.140618e+01
9580	2.11536	5.05684	6.98392	-9.348440e-01	2.118653e+01	2.025169e+01
9585	2.09859	4.85794	7.09733	-1.206814e+00	1.889982e+01	1.769301e+01
9590	2.01271	5.12699	7.05295	-1.077488e+00	2.096068e+01	1.988320e+01
9595	2.02494	5.07168	6.98303	-9.115575e-01	2.226614e+01	2.135458e+01
9600	2.02494	4.94043	6.98303	-9.083789e-01	2.241098e+01	2.150260e+01
9605	1.9127	4.96975	6.92838	-8.174861e-01	2.146656e+01	2.064907e+01
9610	1.99049	5.06028	6.9931	-9.271492e-01	2.249235e+01	2.156520e+01
9615	1.99049	5.06028	6.95732	-8.591355e-01	2.230980e+01	2.145066e+01
9620	2.06709	4.986	6.99882	-9.404403e-01	2.239816e+01	2.145772e+01
9625	2.11016	5.01821	7.03465	-1.030030e+00	2.150320e+01	2.047317e+01
9630	2.02284	5.0636	7.15511	-1.300879e+00	1.999922e+01	1.869834e+01
9635	1.9385	5.01463	7.1164	-1.201297e+00	2.110679e+01	1.990549e+01
9640	2.06047	5.06085	7.02015	-9.892368e-01	2.209818e+01	2.110895e+01
9645	2.06088	5.06085	6.90644	-7.786025e-01	2.123932e+01	2.046072e+01
9650	2.03826	4.94423	7.02489	-9.935719e-01	2.234392e+01	2.135035e+01
9655	1.99439	4.98344	7.02489	-9.850346e-01	2.277520e+01	2.179017e+01
9660	1.99439	4.95315	7.14622	-1.273068e+00	2.049659e+01	1.922352e+01
9665	1.99439	5.05721	7.14228	-1.265047e+00	2.050760e+01	1.924255e+01
9670	1.98153	5.04128	7.00418	-9.458818e-01	2.266294e+01	2.171706e+01
9675	1.95581	4.93874	7.00418	-9.532023e-01	2.227921e+01	2.132600e+01
9680	2.00431	4.90079	6.97346	-9.014449e-01	2.178651e+01	2.088507e+01
9685	2.04549	5.11478	7.07768	-1.131330e+00	2.074343e+01	1.961210e+01
9690	2.02676	5.12027	7.07768	-1.131202e+00	2.074900e+01	1.961779e+01
9695	1.94818	5.00412	7.07768	-1.106247e+00	2.199103e+01	2.088478e+01
9700	1.98352	5.05419	7.04473	-1.033286e+00	2.235032e+01	2.131704e+01
9705	2.1301	4.96014	7.0531	-1.082260e+00	2.072816e+01	1.964590e+01
9710	1.88808	4.96014	7.0205	-1.003467e+00	2.138745e+01	2.038398e+01
9715	2.09043	4.96014	6.96379	-8.831433e-01	2.175212e+01	2.086897e+01
9720	1.88899	5.04377	6.96379	-8.920897e-01	2.128839e+01	2.039630e+01
9725	2.01883	4.93311	7.07969	-1.115143e+00	2.174335e+01	2.062821e+01
9730	1.91992	4.93184	7.07969	-1.127600e+00	2.110473e+01	1.997713e+01
9735	1.93463	5.10209	6.96152	-8.888022e-01	2.123637e+01	2.034757e+01
9740	1.93005	5.15754	6.96157	-9.189274e-01	1.972540e+01	1.880648e+01
9745	2.1152	5.1501	6.96157	-9.311031e-01	1.912359e+01	1.819249e+01
9750	1.89479	4.94367	6.96157	-8.879866e-01	2.125885e+01	2.037086e+01
9755	2.06531	4.94367	6.99028	-9.290291e-01	2.210592e+01	2.117689e+01
9760	2.00188	4.98697	7.09283	-1.136650e+00	2.199066e+01	2.085400e+01
9765	1.84082	4.96132	6.96208	-9.141056e-01	1.998798e+01	1.907388e+01
9770	1.96107	5.075	7.0804	-1.121414e+00	2.150584e+01	2.038442e+01
9775	1.95117	5.12232	7.0888	-1.161470e+00	2.033779e+01	1.917632e+01
9780	2.03793	5.02058	6.93381	-8.135004e-01	2.223483e+01	2.142133e+01
9785	1.90102	4.87793	6.93579	-8.626132e-01	1.992523e+01	1.906262e+01
9790	1.90102	4.96199	6.96154	-8.819288e-01	2.156441e+01	2.068248e+01
9795	2.01362	4.96199	6.94824	-8.384970e-01	2.242301e+01	2.158451e+01
9800	2.01362	4.96199	7.01567	-9.684828e-01	2.267746e+01	2.170898e+01
9805	2.00925	4.82743	6.96797	-9.311211e-01	1.972530e+01	1.879417e+01
9810	2.00925	4.91906	6.98939	-9.256803e-01	2.217658e+01	2.125090e+01
9815	1.93188	4.96535	6.98512	-9.157628e-01	2.224318e+01	2.132741e+01
9820	2.02735	5.12734	6.78593	-6.308370e-01	1.652145e+01	1.589061e+01
9825	2.06953	5.12734	6.98575	-9.474049e-01	2.074126e+01	1.979385e+01
9830	2.11201	5.02605	6.98575	-9.317516e-01	2.152415e+01	2.059240e+01
9835	2.13773	5.04091	6.98575	-9.465900e-01	2.077902e+01	1.983243e+01
9840	2.11427	5.08093	6.8599	-7.316716e-01	1.891387e+01	1.818219e+01
9845	2.04978	5.02517	7.01074	-9.613337e-01	2.255103e+01	2.158970e+01
9850	1.98179	5.07141	7.04109	-1.029825e+00	2.215873e+01	2.112890e+01
9855	2.0107	5.09269	6.96882	-8.904035e-01	2.189841e+01	2.100800e+01
9860	2.0107	5.10644	6.96882	-8.958789e-01	2.162444e+01	2.072857e+01
9865	2.00285	4.99332	6.96882	-8.730986e-01	2.275992e+01	2.188682e+01
9870	1.94979	4.9454	6.96882	-8.839981e-01	2.219890e+01	2.131490e+01
9875	2.00956	5.0919	7.00498	-9.604799e-01	2.201533e+01	2.105485e+01
9880	1.96184	5.07706	6.99119	-9.307262e-01	2.211767e+01	2.118695e+01
9885	2.09145	4.85749	6.99119	-9.732792e-01	1.996297e+01	1.898969e+01
9890	2.09073	4.97619	7.04073	-1.035785e+00	2.182252e+01	2.078673e+01
9895	2.06807	5.00192	7.021	-9.855620e-01	2.236452e+01	2.137896e+01
9900	2.06331	5.00192	7.04213	-1.029239e+00	2.229521e+01	2.126597e+01
9905	2.06331	4.91634	6.99098	-9.375395e-01	2.174356e+01	2.080602e+01
9910	1.91179	4.96934	6.97441	-9.009813e-01	2.190578e+01	2.100480e+01
9915	2.01412	4.97838	7.01597	-9.671826e-01	2.277571e+01	2.180853e+01
9920	2.01412	4.98692	7.01597	-9.665895e-01	2.280664e+01	2.184005e+01
9925	2.10145	5.05456	7.01597	-9.923878e-01	2.151708e+01	2.052469e+01
9930	2.02652	5.02316	7.01597	-9.683281e-01	2.272417e+01	2.175584e+01
9935	1.97765	4.83697	6.89116	-7.935758e-01	1.890185e+01	1.810827e+01
9940	1.96055	4.85124	6.89116	-7.867892e-01	1.924460e+01	1.845781e+01
9945	2.00485	4.91965	6.97379	-8.953167e-01	2.213200e+01	2.123669e+01
9950	1.96421	4.8766	6.98281	-9.326346e-01	2.115116e+01	2.021853e+01
9955	2.05812	5.14567	7.01144	-1.005734e+00	2.039389e+01	1.938815e+01
9960	2.01132	5.11748	7.01144	-9.843971e-01	2.146352e+01	2.047913e+01
9965	1.89768	    5	6.9608	-8.790136e-01	2.164060e+01	2.076158e+01
9970	1.97577	    5	7.09763	-1.148897e+00	2.185626e+01	2.070736e+01
9975	1.95875	4.89268	7.09763	-1.174162e+00	2.056673e+01	1.939257e+01
9980	1.96186	4.91057	7.06196	-1.083899e+00	2.151967e+01	2.043577e+01
9985	1.98631	4.9041	7.06196	-1.083761e+00	2.152825e+01	2.044449e+01
9990	2.07084	5.01772	7.032	-1.010112e+00	2.223900e+01	2.122889e+01
9995	1.87555	5.05486	7.032	-1.036442e+00	2.089403e+01	1.985759e+01
10000	2.01612	5.02125	6.92216	-7.912556e-01	2.217809e+01	2.138683e+01
